===========================================
/home/swaggoner/eDNA
grtx-1.cluster
Sun Mar 24 15:23:03 EDT 2024
===========================================
13:4: not a valid test operator: (
13:4: not a valid test operator: 525.85.12

=============
== PyTorch ==
=============

NVIDIA Release 23.09 (build 69180607)
PyTorch Version 2.1.0a0+32f93b1

Container image Copyright (c) 2023, NVIDIA CORPORATION & AFFILIATES. All rights reserved.

Copyright (c) 2014-2023 Facebook Inc.
Copyright (c) 2011-2014 Idiap Research Institute (Ronan Collobert)
Copyright (c) 2012-2014 Deepmind Technologies    (Koray Kavukcuoglu)
Copyright (c) 2011-2012 NEC Laboratories America (Koray Kavukcuoglu)
Copyright (c) 2011-2013 NYU                      (Clement Farabet)
Copyright (c) 2006-2010 NEC Laboratories America (Ronan Collobert, Leon Bottou, Iain Melvin, Jason Weston)
Copyright (c) 2006      Idiap Research Institute (Samy Bengio)
Copyright (c) 2001-2004 Idiap Research Institute (Ronan Collobert, Samy Bengio, Johnny Mariethoz)
Copyright (c) 2015      Google Inc.
Copyright (c) 2015      Yangqing Jia
Copyright (c) 2013-2016 The Caffe contributors
All rights reserved.

Various files include modifications (c) NVIDIA CORPORATION & AFFILIATES.  All rights reserved.

This container image and its contents are governed by the NVIDIA Deep Learning Container License.
By pulling and using the container, you accept the terms and conditions of this license:
https://developer.nvidia.com/ngc/nvidia-deep-learning-container-license

WARNING: CUDA Minor Version Compatibility mode ENABLED.
  Using driver version 525.85.12 which has support for CUDA 12.0.  This container
  was built with CUDA 12.2 and will be run in Minor Version Compatibility mode.
  CUDA Forward Compatibility is preferred over Minor Version Compatibility for use
  with this container but was unavailable:
  [[]]
  See https://docs.nvidia.com/deploy/cuda-compatibility/ for details.

NOTE: Mellanox network driver detected, but NVIDIA peer memory driver not
      detected.  Multi-node communication performance may be reduced.

2024-03-24 15:23:15.996212: I tensorflow/tsl/cuda/cudart_stub.cc:28] Could not find cuda drivers on your machine, GPU will not be used.
2024-03-24 15:23:16.567296: E tensorflow/compiler/xla/stream_executor/cuda/cuda_dnn.cc:9342] Unable to register cuDNN factory: Attempting to register factory for plugin cuDNN when one has already been registered
2024-03-24 15:23:16.567350: E tensorflow/compiler/xla/stream_executor/cuda/cuda_fft.cc:609] Unable to register cuFFT factory: Attempting to register factory for plugin cuFFT when one has already been registered
2024-03-24 15:23:16.570361: E tensorflow/compiler/xla/stream_executor/cuda/cuda_blas.cc:1518] Unable to register cuBLAS factory: Attempting to register factory for plugin cuBLAS when one has already been registered
2024-03-24 15:23:16.927314: I tensorflow/core/platform/cpu_feature_guard.cc:182] This TensorFlow binary is optimized to use available CPU instructions in performance-critical operations.
To enable the following instructions: AVX2 FMA, in other operations, rebuild TensorFlow with the appropriate compiler flags.
0
Oversampled shape: (748, 2)


Trial 1

training set size: 780
push set size: 748
test set size: 175
train batch size: 156
test batch size: 94

Attempting combination 0/1:
prototype_shape: (468, 520, 29)
latent_weight: 0.8
joint_weight_decay: -1
gamma: 0.2
warm_lr_step_size: 5000000
crs_ent_weight: 1
clst_weight: -9.600000000000001
sep_weight: 2.4
l1_weight: 0.001
warm_ptype_lr: 0.1
last_layer_lr: 0.001
num_warm_epochs: 1000000
push_gap: 300
push_start: 15
num_pushes: 1
last_layer_epochs: 50
joint_lr_step_size: -1
joint_optimizer_lrs: {'features': -1, 'prototype_vectors': -1}



End epoch: 315
Val acc before epoch 0: 0.0
Warm optimizer lr: 0.1
Val acc before epoch 1: 0.39361702127659576
Warm optimizer lr: 0.1
Val acc before epoch 2: 0.6595744680851063
Warm optimizer lr: 0.1
Val acc before epoch 3: 0.776595744680851
Warm optimizer lr: 0.1
Val acc before epoch 4: 0.8404255319148937
Warm optimizer lr: 0.1
Val acc before epoch 5: 0.8617021276595744
Warm optimizer lr: 0.1
Val acc before epoch 6: 0.8936170212765957
Warm optimizer lr: 0.1
Val acc before epoch 7: 0.9042553191489362
Warm optimizer lr: 0.1
Val acc before epoch 8: 0.9148936170212766
Warm optimizer lr: 0.1
Val acc before epoch 9: 0.8829787234042553
Warm optimizer lr: 0.1
Val acc before epoch 10: 0.9468085106382979
Warm optimizer lr: 0.1
Val acc before epoch 11: 0.9042553191489362
Warm optimizer lr: 0.1
Val acc before epoch 12: 0.9148936170212766
Warm optimizer lr: 0.1
Val acc before epoch 13: 0.9468085106382979
Warm optimizer lr: 0.1
Val acc before epoch 14: 0.9574468085106383
Warm optimizer lr: 0.1
Val acc before epoch 15: 0.9361702127659575
Push epoch
After push, before retraining last layer:
	Train acc: 0.8092948717948718
	Cluster: 0.6448078989982605
	Separation: 0.5184707164764404
Retraining last layer: 
	Val acc at iteration 0: 0.6702127659574468
	Val acc at iteration 1: 0.6808510638297872
	Val acc at iteration 2: 0.6808510638297872
	Val acc at iteration 3: 0.6702127659574468
	Val acc at iteration 4: 0.723404255319149
	Val acc at iteration 5: 0.6276595744680851
	Val acc at iteration 6: 0.6914893617021277
	Val acc at iteration 7: 0.7021276595744681
	Val acc at iteration 8: 0.6063829787234043
	Val acc at iteration 9: 0.6595744680851063
	Val acc at iteration 10: 0.648936170212766
	Val acc at iteration 11: 0.7021276595744681
	Val acc at iteration 12: 0.7340425531914894
	Val acc at iteration 13: 0.7340425531914894
	Val acc at iteration 14: 0.7553191489361702
	Val acc at iteration 15: 0.7340425531914894
	Val acc at iteration 16: 0.7446808510638298
	Val acc at iteration 17: 0.7021276595744681
	Val acc at iteration 18: 0.6382978723404256
	Val acc at iteration 19: 0.6702127659574468
	Val acc at iteration 20: 0.6914893617021277
	Val acc at iteration 21: 0.7553191489361702
	Val acc at iteration 22: 0.7127659574468085
	Val acc at iteration 23: 0.7127659574468085
	Val acc at iteration 24: 0.7021276595744681
	Val acc at iteration 25: 0.7978723404255319
	Val acc at iteration 26: 0.7021276595744681
	Val acc at iteration 27: 0.723404255319149
	Val acc at iteration 28: 0.7553191489361702
	Val acc at iteration 29: 0.7446808510638298
	Val acc at iteration 30: 0.6914893617021277
	Val acc at iteration 31: 0.6914893617021277
	Val acc at iteration 32: 0.7021276595744681
	Val acc at iteration 33: 0.7553191489361702
	Val acc at iteration 34: 0.7127659574468085
	Val acc at iteration 35: 0.6914893617021277
	Val acc at iteration 36: 0.7659574468085106
	Val acc at iteration 37: 0.6595744680851063
	Val acc at iteration 38: 0.7340425531914894
	Val acc at iteration 39: 0.7021276595744681
	Val acc at iteration 40: 0.7340425531914894
	Val acc at iteration 41: 0.6914893617021277
	Val acc at iteration 42: 0.7021276595744681
	Val acc at iteration 43: 0.7340425531914894
	Val acc at iteration 44: 0.7553191489361702
	Val acc at iteration 45: 0.6808510638297872
	Val acc at iteration 46: 0.7021276595744681
	Val acc at iteration 47: 0.7021276595744681
	Val acc at iteration 48: 0.723404255319149
	Val acc at iteration 49: 0.6595744680851063
Val acc before epoch 16: 0.7127659574468085
Warm optimizer lr: 0.1
Val acc before epoch 17: 0.851063829787234
Warm optimizer lr: 0.1
Val acc before epoch 18: 0.9042553191489362
Warm optimizer lr: 0.1
Val acc before epoch 19: 0.8936170212765957
Warm optimizer lr: 0.1
Val acc before epoch 20: 0.9042553191489362
Warm optimizer lr: 0.1
Val acc before epoch 21: 0.9361702127659575
Warm optimizer lr: 0.1
Val acc before epoch 22: 0.9042553191489362
Warm optimizer lr: 0.1
Val acc before epoch 23: 0.9148936170212766
Warm optimizer lr: 0.1
Val acc before epoch 24: 0.9148936170212766
Warm optimizer lr: 0.1
Val acc before epoch 25: 0.9468085106382979
Warm optimizer lr: 0.1
Val acc before epoch 26: 0.925531914893617
Warm optimizer lr: 0.1
Val acc before epoch 27: 0.9574468085106383
Warm optimizer lr: 0.1
Val acc before epoch 28: 0.9042553191489362
Warm optimizer lr: 0.1
Val acc before epoch 29: 0.925531914893617
Warm optimizer lr: 0.1
Val acc before epoch 30: 0.925531914893617
Warm optimizer lr: 0.1
Val acc before epoch 31: 0.925531914893617
Warm optimizer lr: 0.1
Val acc before epoch 32: 0.925531914893617
Warm optimizer lr: 0.1
Val acc before epoch 33: 0.8936170212765957
Warm optimizer lr: 0.1
Val acc before epoch 34: 0.9468085106382979
Warm optimizer lr: 0.1
Val acc before epoch 35: 0.925531914893617
Warm optimizer lr: 0.1
Val acc before epoch 36: 0.925531914893617
Warm optimizer lr: 0.1
Val acc before epoch 37: 0.8936170212765957
Warm optimizer lr: 0.1
Val acc before epoch 38: 0.9468085106382979
Warm optimizer lr: 0.1
Val acc before epoch 39: 0.9468085106382979
Warm optimizer lr: 0.1
Val acc before epoch 40: 0.9468085106382979
Warm optimizer lr: 0.1
Val acc before epoch 41: 0.9148936170212766
Warm optimizer lr: 0.1
Val acc before epoch 42: 0.9468085106382979
Warm optimizer lr: 0.1
Val acc before epoch 43: 0.9574468085106383
Warm optimizer lr: 0.1
Val acc before epoch 44: 0.9148936170212766
Warm optimizer lr: 0.1
Val acc before epoch 45: 0.9148936170212766
Warm optimizer lr: 0.1
Val acc before epoch 46: 0.925531914893617
Warm optimizer lr: 0.1
Val acc before epoch 47: 0.925531914893617
Warm optimizer lr: 0.1
Val acc before epoch 48: 0.9148936170212766
Warm optimizer lr: 0.1
Val acc before epoch 49: 0.9042553191489362
Warm optimizer lr: 0.1
Val acc before epoch 50: 0.9042553191489362
Warm optimizer lr: 0.1
Val acc before epoch 51: 0.925531914893617
Warm optimizer lr: 0.1
Val acc before epoch 52: 0.9148936170212766
Warm optimizer lr: 0.1
Val acc before epoch 53: 0.925531914893617
Warm optimizer lr: 0.1
Val acc before epoch 54: 0.9468085106382979
Warm optimizer lr: 0.1
Val acc before epoch 55: 0.9361702127659575
Warm optimizer lr: 0.1
Val acc before epoch 56: 0.9361702127659575
Warm optimizer lr: 0.1
Val acc before epoch 57: 0.9361702127659575
Warm optimizer lr: 0.1
Val acc before epoch 58: 0.9468085106382979
Warm optimizer lr: 0.1
Val acc before epoch 59: 0.9042553191489362
Warm optimizer lr: 0.1
Val acc before epoch 60: 0.9468085106382979
Warm optimizer lr: 0.1
Val acc before epoch 61: 0.9574468085106383
Warm optimizer lr: 0.1
Val acc before epoch 62: 0.9361702127659575
Warm optimizer lr: 0.1
Val acc before epoch 63: 0.9148936170212766
Warm optimizer lr: 0.1
Val acc before epoch 64: 0.925531914893617
Warm optimizer lr: 0.1
Val acc before epoch 65: 0.8936170212765957
Warm optimizer lr: 0.1
Val acc before epoch 66: 0.9680851063829787
Warm optimizer lr: 0.1
Val acc before epoch 67: 0.9148936170212766
Warm optimizer lr: 0.1
Val acc before epoch 68: 0.925531914893617
Warm optimizer lr: 0.1
Val acc before epoch 69: 0.9574468085106383
Warm optimizer lr: 0.1
Val acc before epoch 70: 0.9148936170212766
Warm optimizer lr: 0.1
Val acc before epoch 71: 0.925531914893617
Warm optimizer lr: 0.1
Val acc before epoch 72: 0.9361702127659575
Warm optimizer lr: 0.1
Val acc before epoch 73: 0.925531914893617
Warm optimizer lr: 0.1
Val acc before epoch 74: 0.925531914893617
Warm optimizer lr: 0.1
Val acc before epoch 75: 0.925531914893617
Warm optimizer lr: 0.1
Val acc before epoch 76: 0.9468085106382979
Warm optimizer lr: 0.1
Val acc before epoch 77: 0.9574468085106383
Warm optimizer lr: 0.1
Val acc before epoch 78: 0.925531914893617
Warm optimizer lr: 0.1
Val acc before epoch 79: 0.9574468085106383
Warm optimizer lr: 0.1
Val acc before epoch 80: 0.9148936170212766
Warm optimizer lr: 0.1
Val acc before epoch 81: 0.925531914893617
Warm optimizer lr: 0.1
Val acc before epoch 82: 0.9787234042553191
Warm optimizer lr: 0.1
Val acc before epoch 83: 0.9361702127659575
Warm optimizer lr: 0.1
Val acc before epoch 84: 0.9042553191489362
Warm optimizer lr: 0.1
Val acc before epoch 85: 0.9361702127659575
Warm optimizer lr: 0.1
Val acc before epoch 86: 0.9361702127659575
Warm optimizer lr: 0.1
Val acc before epoch 87: 0.9361702127659575
Warm optimizer lr: 0.1
Val acc before epoch 88: 0.925531914893617
Warm optimizer lr: 0.1
Val acc before epoch 89: 0.9468085106382979
Warm optimizer lr: 0.1
Val acc before epoch 90: 0.925531914893617
Warm optimizer lr: 0.1
Val acc before epoch 91: 0.9468085106382979
Warm optimizer lr: 0.1
Val acc before epoch 92: 0.9361702127659575
Warm optimizer lr: 0.1
Val acc before epoch 93: 0.9574468085106383
Warm optimizer lr: 0.1
Val acc before epoch 94: 0.9468085106382979
Warm optimizer lr: 0.1
Val acc before epoch 95: 0.925531914893617
Warm optimizer lr: 0.1
Val acc before epoch 96: 0.9787234042553191
Warm optimizer lr: 0.1
Val acc before epoch 97: 0.9148936170212766
Warm optimizer lr: 0.1
Val acc before epoch 98: 0.9148936170212766
Warm optimizer lr: 0.1
Val acc before epoch 99: 0.925531914893617
Warm optimizer lr: 0.1
Val acc before epoch 100: 0.9361702127659575
Warm optimizer lr: 0.1
Val acc before epoch 101: 0.925531914893617
Warm optimizer lr: 0.1
Val acc before epoch 102: 0.925531914893617
Warm optimizer lr: 0.1
Val acc before epoch 103: 0.9468085106382979
Warm optimizer lr: 0.1
Val acc before epoch 104: 0.9468085106382979
Warm optimizer lr: 0.1
Val acc before epoch 105: 0.8936170212765957
Warm optimizer lr: 0.1
Val acc before epoch 106: 0.9361702127659575
Warm optimizer lr: 0.1
Val acc before epoch 107: 0.9361702127659575
Warm optimizer lr: 0.1
Val acc before epoch 108: 0.9468085106382979
Warm optimizer lr: 0.1
Val acc before epoch 109: 0.9468085106382979
Warm optimizer lr: 0.1
Val acc before epoch 110: 0.8936170212765957
Warm optimizer lr: 0.1
Val acc before epoch 111: 0.9148936170212766
Warm optimizer lr: 0.1
Val acc before epoch 112: 0.9468085106382979
Warm optimizer lr: 0.1
Val acc before epoch 113: 0.9361702127659575
Warm optimizer lr: 0.1
Val acc before epoch 114: 0.8936170212765957
Warm optimizer lr: 0.1
Val acc before epoch 115: 0.9361702127659575
Warm optimizer lr: 0.1
Val acc before epoch 116: 0.9468085106382979
Warm optimizer lr: 0.1
Val acc before epoch 117: 0.9361702127659575
Warm optimizer lr: 0.1
Val acc before epoch 118: 0.9468085106382979
Warm optimizer lr: 0.1
Val acc before epoch 119: 0.9361702127659575
Warm optimizer lr: 0.1
Val acc before epoch 120: 0.9042553191489362
Warm optimizer lr: 0.1
Val acc before epoch 121: 0.9042553191489362
Warm optimizer lr: 0.1
Val acc before epoch 122: 0.9361702127659575
Warm optimizer lr: 0.1
Val acc before epoch 123: 0.9361702127659575
Warm optimizer lr: 0.1
Val acc before epoch 124: 0.9148936170212766
Warm optimizer lr: 0.1
Val acc before epoch 125: 0.9148936170212766
Warm optimizer lr: 0.1
Val acc before epoch 126: 0.9361702127659575
Warm optimizer lr: 0.1
Val acc before epoch 127: 0.9042553191489362
Warm optimizer lr: 0.1
Val acc before epoch 128: 0.9361702127659575
Warm optimizer lr: 0.1
Val acc before epoch 129: 0.9042553191489362
Warm optimizer lr: 0.1
Val acc before epoch 130: 0.9361702127659575
Warm optimizer lr: 0.1
Val acc before epoch 131: 0.925531914893617
Warm optimizer lr: 0.1
Val acc before epoch 132: 0.9468085106382979
Warm optimizer lr: 0.1
Val acc before epoch 133: 0.9148936170212766
Warm optimizer lr: 0.1
Val acc before epoch 134: 0.9468085106382979
Warm optimizer lr: 0.1
Val acc before epoch 135: 0.9361702127659575
Warm optimizer lr: 0.1
Val acc before epoch 136: 0.9361702127659575
Warm optimizer lr: 0.1
Val acc before epoch 137: 0.9042553191489362
Warm optimizer lr: 0.1
Val acc before epoch 138: 0.9361702127659575
Warm optimizer lr: 0.1
Val acc before epoch 139: 0.9574468085106383
Warm optimizer lr: 0.1
Val acc before epoch 140: 0.9361702127659575
Warm optimizer lr: 0.1
Val acc before epoch 141: 0.8723404255319149
Warm optimizer lr: 0.1
Val acc before epoch 142: 0.9148936170212766
Warm optimizer lr: 0.1
Val acc before epoch 143: 0.9574468085106383
Warm optimizer lr: 0.1
Val acc before epoch 144: 0.9468085106382979
Warm optimizer lr: 0.1
Val acc before epoch 145: 0.9574468085106383
Warm optimizer lr: 0.1
Val acc before epoch 146: 0.9361702127659575
Warm optimizer lr: 0.1
Val acc before epoch 147: 0.9468085106382979
Warm optimizer lr: 0.1
Val acc before epoch 148: 0.9148936170212766
Warm optimizer lr: 0.1
Val acc before epoch 149: 0.9042553191489362
Warm optimizer lr: 0.1
Val acc before epoch 150: 0.9680851063829787
Warm optimizer lr: 0.1
Val acc before epoch 151: 0.9468085106382979
Warm optimizer lr: 0.1
Val acc before epoch 152: 0.9468085106382979
Warm optimizer lr: 0.1
Val acc before epoch 153: 0.9361702127659575
Warm optimizer lr: 0.1
Val acc before epoch 154: 0.9148936170212766
Warm optimizer lr: 0.1
Val acc before epoch 155: 0.9148936170212766
Warm optimizer lr: 0.1
Val acc before epoch 156: 0.9361702127659575
Warm optimizer lr: 0.1
Val acc before epoch 157: 0.9361702127659575
Warm optimizer lr: 0.1
Val acc before epoch 158: 0.925531914893617
Warm optimizer lr: 0.1
Val acc before epoch 159: 0.9361702127659575
Warm optimizer lr: 0.1
Val acc before epoch 160: 0.9361702127659575
Warm optimizer lr: 0.1
Val acc before epoch 161: 0.9468085106382979
Warm optimizer lr: 0.1
Val acc before epoch 162: 0.9361702127659575
Warm optimizer lr: 0.1
Val acc before epoch 163: 0.9574468085106383
Warm optimizer lr: 0.1
Val acc before epoch 164: 0.9468085106382979
Warm optimizer lr: 0.1
Val acc before epoch 165: 0.925531914893617
Warm optimizer lr: 0.1
Val acc before epoch 166: 0.9361702127659575
Warm optimizer lr: 0.1
Val acc before epoch 167: 0.9148936170212766
Warm optimizer lr: 0.1
Val acc before epoch 168: 0.9361702127659575
Warm optimizer lr: 0.1
Val acc before epoch 169: 0.9361702127659575
Warm optimizer lr: 0.1
Val acc before epoch 170: 0.9361702127659575
Warm optimizer lr: 0.1
Val acc before epoch 171: 0.9574468085106383
Warm optimizer lr: 0.1
Val acc before epoch 172: 0.925531914893617
Warm optimizer lr: 0.1
Val acc before epoch 173: 0.9468085106382979
Warm optimizer lr: 0.1
Val acc before epoch 174: 0.9148936170212766
Warm optimizer lr: 0.1
Val acc before epoch 175: 0.9148936170212766
Warm optimizer lr: 0.1
Val acc before epoch 176: 0.9468085106382979
Warm optimizer lr: 0.1
Val acc before epoch 177: 0.9787234042553191
Warm optimizer lr: 0.1
Val acc before epoch 178: 0.9680851063829787
Warm optimizer lr: 0.1
Val acc before epoch 179: 0.9680851063829787
Warm optimizer lr: 0.1
Val acc before epoch 180: 0.9574468085106383
Warm optimizer lr: 0.1
Val acc before epoch 181: 0.9574468085106383
Warm optimizer lr: 0.1
Val acc before epoch 182: 0.8936170212765957
Warm optimizer lr: 0.1
Val acc before epoch 183: 0.9468085106382979
Warm optimizer lr: 0.1
Val acc before epoch 184: 0.9361702127659575
Warm optimizer lr: 0.1
Val acc before epoch 185: 0.9468085106382979
Warm optimizer lr: 0.1
Val acc before epoch 186: 0.9574468085106383
Warm optimizer lr: 0.1
Val acc before epoch 187: 0.9042553191489362
Warm optimizer lr: 0.1
Val acc before epoch 188: 0.9148936170212766
Warm optimizer lr: 0.1
Val acc before epoch 189: 0.9574468085106383
Warm optimizer lr: 0.1
Val acc before epoch 190: 0.9148936170212766
Warm optimizer lr: 0.1
Val acc before epoch 191: 0.9574468085106383
Warm optimizer lr: 0.1
Val acc before epoch 192: 0.925531914893617
Warm optimizer lr: 0.1
Val acc before epoch 193: 0.9361702127659575
Warm optimizer lr: 0.1
Val acc before epoch 194: 0.9148936170212766
Warm optimizer lr: 0.1
Val acc before epoch 195: 0.925531914893617
Warm optimizer lr: 0.1
Val acc before epoch 196: 0.9148936170212766
Warm optimizer lr: 0.1
Val acc before epoch 197: 0.925531914893617
Warm optimizer lr: 0.1
Val acc before epoch 198: 0.9574468085106383
Warm optimizer lr: 0.1
Val acc before epoch 199: 0.925531914893617
Warm optimizer lr: 0.1
Val acc before epoch 200: 0.9361702127659575
Warm optimizer lr: 0.1
Val acc before epoch 201: 0.9148936170212766
Warm optimizer lr: 0.1
Val acc before epoch 202: 0.9468085106382979
Warm optimizer lr: 0.1
Val acc before epoch 203: 0.9574468085106383
Warm optimizer lr: 0.1
Val acc before epoch 204: 0.925531914893617
Warm optimizer lr: 0.1
Val acc before epoch 205: 0.9574468085106383
Warm optimizer lr: 0.1
Val acc before epoch 206: 0.9574468085106383
Warm optimizer lr: 0.1
Val acc before epoch 207: 0.9148936170212766
Warm optimizer lr: 0.1
Val acc before epoch 208: 0.9680851063829787
Warm optimizer lr: 0.1
Val acc before epoch 209: 0.925531914893617
Warm optimizer lr: 0.1
Val acc before epoch 210: 0.9468085106382979
Warm optimizer lr: 0.1
Val acc before epoch 211: 0.9148936170212766
Warm optimizer lr: 0.1
Val acc before epoch 212: 0.9148936170212766
Warm optimizer lr: 0.1
Val acc before epoch 213: 0.9361702127659575
Warm optimizer lr: 0.1
Val acc before epoch 214: 0.925531914893617
Warm optimizer lr: 0.1
Val acc before epoch 215: 0.9574468085106383
Warm optimizer lr: 0.1
Val acc before epoch 216: 0.9361702127659575
Warm optimizer lr: 0.1
Val acc before epoch 217: 0.9468085106382979
Warm optimizer lr: 0.1
Val acc before epoch 218: 0.925531914893617
Warm optimizer lr: 0.1
Val acc before epoch 219: 0.9042553191489362
Warm optimizer lr: 0.1
Val acc before epoch 220: 0.925531914893617
Warm optimizer lr: 0.1
Val acc before epoch 221: 0.9361702127659575
Warm optimizer lr: 0.1
Val acc before epoch 222: 0.8936170212765957
Warm optimizer lr: 0.1
Val acc before epoch 223: 0.9042553191489362
Warm optimizer lr: 0.1
Val acc before epoch 224: 0.9574468085106383
Warm optimizer lr: 0.1
Val acc before epoch 225: 0.9468085106382979
Warm optimizer lr: 0.1
Val acc before epoch 226: 0.9148936170212766
Warm optimizer lr: 0.1
Val acc before epoch 227: 0.9574468085106383
Warm optimizer lr: 0.1
Val acc before epoch 228: 0.925531914893617
Warm optimizer lr: 0.1
Val acc before epoch 229: 0.9574468085106383
Warm optimizer lr: 0.1
Val acc before epoch 230: 0.8936170212765957
Warm optimizer lr: 0.1
Val acc before epoch 231: 0.9574468085106383
Warm optimizer lr: 0.1
Val acc before epoch 232: 0.925531914893617
Warm optimizer lr: 0.1
Val acc before epoch 233: 0.9680851063829787
Warm optimizer lr: 0.1
Val acc before epoch 234: 0.9361702127659575
Warm optimizer lr: 0.1
Val acc before epoch 235: 0.9574468085106383
Warm optimizer lr: 0.1
Val acc before epoch 236: 0.9574468085106383
Warm optimizer lr: 0.1
Val acc before epoch 237: 0.9361702127659575
Warm optimizer lr: 0.1
Val acc before epoch 238: 0.9680851063829787
Warm optimizer lr: 0.1
Val acc before epoch 239: 0.9574468085106383
Warm optimizer lr: 0.1
Val acc before epoch 240: 0.9574468085106383
Warm optimizer lr: 0.1
Val acc before epoch 241: 0.9574468085106383
Warm optimizer lr: 0.1
Val acc before epoch 242: 0.9574468085106383
Warm optimizer lr: 0.1
Val acc before epoch 243: 0.9574468085106383
Warm optimizer lr: 0.1
Val acc before epoch 244: 0.9574468085106383
Warm optimizer lr: 0.1
Val acc before epoch 245: 0.9361702127659575
Warm optimizer lr: 0.1
Val acc before epoch 246: 0.9574468085106383
Warm optimizer lr: 0.1
Val acc before epoch 247: 0.9468085106382979
Warm optimizer lr: 0.1
Val acc before epoch 248: 0.9361702127659575
Warm optimizer lr: 0.1
Val acc before epoch 249: 0.9361702127659575
Warm optimizer lr: 0.1
Val acc before epoch 250: 0.925531914893617
Warm optimizer lr: 0.1
Val acc before epoch 251: 0.9361702127659575
Warm optimizer lr: 0.1
Val acc before epoch 252: 0.9361702127659575
Warm optimizer lr: 0.1
Val acc before epoch 253: 0.9787234042553191
Warm optimizer lr: 0.1
Val acc before epoch 254: 0.9042553191489362
Warm optimizer lr: 0.1
Val acc before epoch 255: 0.9787234042553191
Warm optimizer lr: 0.1
Val acc before epoch 256: 0.925531914893617
Warm optimizer lr: 0.1
Val acc before epoch 257: 0.9574468085106383
Warm optimizer lr: 0.1
Val acc before epoch 258: 0.9468085106382979
Warm optimizer lr: 0.1
Val acc before epoch 259: 0.8936170212765957
Warm optimizer lr: 0.1
Val acc before epoch 260: 0.9574468085106383
Warm optimizer lr: 0.1
Val acc before epoch 261: 0.9680851063829787
Warm optimizer lr: 0.1
Val acc before epoch 262: 0.9361702127659575
Warm optimizer lr: 0.1
Val acc before epoch 263: 0.9361702127659575
Warm optimizer lr: 0.1
Val acc before epoch 264: 0.9574468085106383
Warm optimizer lr: 0.1
Val acc before epoch 265: 0.9468085106382979
Warm optimizer lr: 0.1
Val acc before epoch 266: 0.9787234042553191
Warm optimizer lr: 0.1
Val acc before epoch 267: 0.9468085106382979
Warm optimizer lr: 0.1
Val acc before epoch 268: 0.9468085106382979
Warm optimizer lr: 0.1
Val acc before epoch 269: 0.9468085106382979
Warm optimizer lr: 0.1
Val acc before epoch 270: 0.9148936170212766
Warm optimizer lr: 0.1
Val acc before epoch 271: 0.9574468085106383
Warm optimizer lr: 0.1
Val acc before epoch 272: 0.9042553191489362
Warm optimizer lr: 0.1
Val acc before epoch 273: 0.9361702127659575
Warm optimizer lr: 0.1
Val acc before epoch 274: 0.9148936170212766
Warm optimizer lr: 0.1
Val acc before epoch 275: 0.925531914893617
Warm optimizer lr: 0.1
Val acc before epoch 276: 0.9574468085106383
Warm optimizer lr: 0.1
Val acc before epoch 277: 0.9468085106382979
Warm optimizer lr: 0.1
Val acc before epoch 278: 0.9361702127659575
Warm optimizer lr: 0.1
Val acc before epoch 279: 0.9574468085106383
Warm optimizer lr: 0.1
Val acc before epoch 280: 0.9361702127659575
Warm optimizer lr: 0.1
Val acc before epoch 281: 0.925531914893617
Warm optimizer lr: 0.1
Val acc before epoch 282: 0.9361702127659575
Warm optimizer lr: 0.1
Val acc before epoch 283: 0.9574468085106383
Warm optimizer lr: 0.1
Val acc before epoch 284: 0.9148936170212766
Warm optimizer lr: 0.1
Val acc before epoch 285: 0.9574468085106383
Warm optimizer lr: 0.1
Val acc before epoch 286: 0.9361702127659575
Warm optimizer lr: 0.1
Val acc before epoch 287: 0.9468085106382979
Warm optimizer lr: 0.1
Val acc before epoch 288: 0.9468085106382979
Warm optimizer lr: 0.1
Val acc before epoch 289: 0.9361702127659575
Warm optimizer lr: 0.1
Val acc before epoch 290: 0.9361702127659575
Warm optimizer lr: 0.1
Val acc before epoch 291: 0.9361702127659575
Warm optimizer lr: 0.1
Val acc before epoch 292: 0.9361702127659575
Warm optimizer lr: 0.1
Val acc before epoch 293: 0.9361702127659575
Warm optimizer lr: 0.1
Val acc before epoch 294: 0.925531914893617
Warm optimizer lr: 0.1
Val acc before epoch 295: 0.9468085106382979
Warm optimizer lr: 0.1
Val acc before epoch 296: 0.9148936170212766
Warm optimizer lr: 0.1
Val acc before epoch 297: 0.9148936170212766
Warm optimizer lr: 0.1
Val acc before epoch 298: 0.9468085106382979
Warm optimizer lr: 0.1
Val acc before epoch 299: 0.9361702127659575
Warm optimizer lr: 0.1
Val acc before epoch 300: 0.8936170212765957
Warm optimizer lr: 0.1
Val acc before epoch 301: 0.9148936170212766
Warm optimizer lr: 0.1
Val acc before epoch 302: 0.9574468085106383
Warm optimizer lr: 0.1
Val acc before epoch 303: 0.9787234042553191
Warm optimizer lr: 0.1
Val acc before epoch 304: 0.9468085106382979
Warm optimizer lr: 0.1
Val acc before epoch 305: 0.9574468085106383
Warm optimizer lr: 0.1
Val acc before epoch 306: 0.9361702127659575
Warm optimizer lr: 0.1
Val acc before epoch 307: 0.9574468085106383
Warm optimizer lr: 0.1
Val acc before epoch 308: 0.9574468085106383
Warm optimizer lr: 0.1
Val acc before epoch 309: 0.9468085106382979
Warm optimizer lr: 0.1
Val acc before epoch 310: 0.9361702127659575
Warm optimizer lr: 0.1
Val acc before epoch 311: 0.9574468085106383
Warm optimizer lr: 0.1
Val acc before epoch 312: 0.9680851063829787
Warm optimizer lr: 0.1
Val acc before epoch 313: 0.9361702127659575
Warm optimizer lr: 0.1
Val acc before epoch 314: 0.9361702127659575
Warm optimizer lr: 0.1
Val acc before epoch 315: 0.925531914893617
Stopping after epoch 316.
Final validation accuracy before push: 92.5531914893617%
Pushing prototypes since finished training
Retraining last layer
	Train acc at iteration 0: 0.7772435897435898
	Val acc at iteration 0: 0.7872340425531915
	Train acc at iteration 1: 0.8173076923076923
	Val acc at iteration 1: 0.7553191489361702
	Train acc at iteration 2: 0.8157051282051282
	Val acc at iteration 2: 0.7021276595744681
	Train acc at iteration 3: 0.8141025641025641
	Val acc at iteration 3: 0.7872340425531915
	Train acc at iteration 4: 0.7948717948717948
	Val acc at iteration 4: 0.6595744680851063
	Train acc at iteration 5: 0.7980769230769231
	Val acc at iteration 5: 0.7659574468085106
	Train acc at iteration 6: 0.7932692307692307
	Val acc at iteration 6: 0.7872340425531915
	Train acc at iteration 7: 0.7788461538461539
	Val acc at iteration 7: 0.7446808510638298
	Train acc at iteration 8: 0.7996794871794872
	Val acc at iteration 8: 0.7021276595744681
	Train acc at iteration 9: 0.8076923076923077
	Val acc at iteration 9: 0.7127659574468085
	Train acc at iteration 10: 0.8285256410256411
	Val acc at iteration 10: 0.7659574468085106
	Train acc at iteration 11: 0.8221153846153846
	Val acc at iteration 11: 0.7659574468085106
	Train acc at iteration 12: 0.8333333333333334
	Val acc at iteration 12: 0.7340425531914894
	Train acc at iteration 13: 0.8157051282051282
	Val acc at iteration 13: 0.7872340425531915
	Train acc at iteration 14: 0.8301282051282052
	Val acc at iteration 14: 0.7553191489361702
	Train acc at iteration 15: 0.8076923076923077
	Val acc at iteration 15: 0.7659574468085106
	Train acc at iteration 16: 0.8269230769230769
	Val acc at iteration 16: 0.7340425531914894
	Train acc at iteration 17: 0.8012820512820513
	Val acc at iteration 17: 0.7021276595744681
	Train acc at iteration 18: 0.7964743589743589
	Val acc at iteration 18: 0.7340425531914894
	Train acc at iteration 19: 0.8012820512820513
	Val acc at iteration 19: 0.7446808510638298
	Train acc at iteration 20: 0.8060897435897436
	Val acc at iteration 20: 0.7021276595744681
	Train acc at iteration 21: 0.8301282051282052
	Val acc at iteration 21: 0.776595744680851
	Train acc at iteration 22: 0.8092948717948718
	Val acc at iteration 22: 0.776595744680851
	Train acc at iteration 23: 0.7884615384615384
	Val acc at iteration 23: 0.7021276595744681
	Train acc at iteration 24: 0.8221153846153846
	Val acc at iteration 24: 0.7872340425531915
	Train acc at iteration 25: 0.8269230769230769
	Val acc at iteration 25: 0.7021276595744681
	Train acc at iteration 26: 0.8285256410256411
	Val acc at iteration 26: 0.7446808510638298
	Train acc at iteration 27: 0.8108974358974359
	Val acc at iteration 27: 0.7021276595744681
	Train acc at iteration 28: 0.8060897435897436
	Val acc at iteration 28: 0.7446808510638298
	Train acc at iteration 29: 0.8381410256410257
	Val acc at iteration 29: 0.7340425531914894
	Train acc at iteration 30: 0.8317307692307693
	Val acc at iteration 30: 0.7553191489361702
	Train acc at iteration 31: 0.8044871794871795
	Val acc at iteration 31: 0.6382978723404256
	Train acc at iteration 32: 0.8317307692307693
	Val acc at iteration 32: 0.7021276595744681
	Train acc at iteration 33: 0.8060897435897436
	Val acc at iteration 33: 0.7446808510638298
	Train acc at iteration 34: 0.8076923076923077
	Val acc at iteration 34: 0.7446808510638298
	Train acc at iteration 35: 0.8189102564102564
	Val acc at iteration 35: 0.6914893617021277
	Train acc at iteration 36: 0.8333333333333334
	Val acc at iteration 36: 0.7446808510638298
	Train acc at iteration 37: 0.8285256410256411
	Val acc at iteration 37: 0.7659574468085106
	Train acc at iteration 38: 0.8157051282051282
	Val acc at iteration 38: 0.7659574468085106
	Train acc at iteration 39: 0.8076923076923077
	Val acc at iteration 39: 0.7127659574468085
	Train acc at iteration 40: 0.8173076923076923
	Val acc at iteration 40: 0.7446808510638298
	Train acc at iteration 41: 0.8092948717948718
	Val acc at iteration 41: 0.723404255319149
	Train acc at iteration 42: 0.8333333333333334
	Val acc at iteration 42: 0.6914893617021277
	Train acc at iteration 43: 0.8349358974358975
	Val acc at iteration 43: 0.7872340425531915
	Train acc at iteration 44: 0.8221153846153846
	Val acc at iteration 44: 0.723404255319149
	Train acc at iteration 45: 0.8173076923076923
	Val acc at iteration 45: 0.7340425531914894
	Train acc at iteration 46: 0.8060897435897436
	Val acc at iteration 46: 0.723404255319149
	Train acc at iteration 47: 0.8205128205128205
	Val acc at iteration 47: 0.7021276595744681
	Train acc at iteration 48: 0.8044871794871795
	Val acc at iteration 48: 0.7659574468085106
	Train acc at iteration 49: 0.8317307692307693
	Val acc at iteration 49: 0.7553191489361702
Getting final validation and test accuracy after training.
Computing and storing results metrics
Final val macro f1-score: 0.5737373737373737
Final val micro accuracy: 0.6914893617021277
Final test macro f1-score: 0.5841450216450216
Final test micro accuracy: 0.6808510638297872
Final validation:
	Cluster: 0.6281596422195435
	Separation: 0.5406500101089478
Final test:
	Cluster: 0.6052578687667847
	Separation: 0.5457910001277924
Saved Results
Finished search.
