===========================================
/home/swaggoner/eDNA
grtx-1.cluster
Tue Mar 19 09:08:57 EDT 2024
===========================================
13:4: not a valid test operator: (
13:4: not a valid test operator: 525.85.12

=============
== PyTorch ==
=============

NVIDIA Release 23.09 (build 69180607)
PyTorch Version 2.1.0a0+32f93b1

Container image Copyright (c) 2023, NVIDIA CORPORATION & AFFILIATES. All rights reserved.

Copyright (c) 2014-2023 Facebook Inc.
Copyright (c) 2011-2014 Idiap Research Institute (Ronan Collobert)
Copyright (c) 2012-2014 Deepmind Technologies    (Koray Kavukcuoglu)
Copyright (c) 2011-2012 NEC Laboratories America (Koray Kavukcuoglu)
Copyright (c) 2011-2013 NYU                      (Clement Farabet)
Copyright (c) 2006-2010 NEC Laboratories America (Ronan Collobert, Leon Bottou, Iain Melvin, Jason Weston)
Copyright (c) 2006      Idiap Research Institute (Samy Bengio)
Copyright (c) 2001-2004 Idiap Research Institute (Ronan Collobert, Samy Bengio, Johnny Mariethoz)
Copyright (c) 2015      Google Inc.
Copyright (c) 2015      Yangqing Jia
Copyright (c) 2013-2016 The Caffe contributors
All rights reserved.

Various files include modifications (c) NVIDIA CORPORATION & AFFILIATES.  All rights reserved.

This container image and its contents are governed by the NVIDIA Deep Learning Container License.
By pulling and using the container, you accept the terms and conditions of this license:
https://developer.nvidia.com/ngc/nvidia-deep-learning-container-license

WARNING: CUDA Minor Version Compatibility mode ENABLED.
  Using driver version 525.85.12 which has support for CUDA 12.0.  This container
  was built with CUDA 12.2 and will be run in Minor Version Compatibility mode.
  CUDA Forward Compatibility is preferred over Minor Version Compatibility for use
  with this container but was unavailable:
  [[]]
  See https://docs.nvidia.com/deploy/cuda-compatibility/ for details.

NOTE: Mellanox network driver detected, but NVIDIA peer memory driver not
      detected.  Multi-node communication performance may be reduced.

2024-03-19 09:09:10.008850: I tensorflow/tsl/cuda/cudart_stub.cc:28] Could not find cuda drivers on your machine, GPU will not be used.
2024-03-19 09:09:10.703993: E tensorflow/compiler/xla/stream_executor/cuda/cuda_dnn.cc:9342] Unable to register cuDNN factory: Attempting to register factory for plugin cuDNN when one has already been registered
2024-03-19 09:09:10.743497: E tensorflow/compiler/xla/stream_executor/cuda/cuda_fft.cc:609] Unable to register cuFFT factory: Attempting to register factory for plugin cuFFT when one has already been registered
2024-03-19 09:09:10.746559: E tensorflow/compiler/xla/stream_executor/cuda/cuda_blas.cc:1518] Unable to register cuBLAS factory: Attempting to register factory for plugin cuBLAS when one has already been registered
2024-03-19 09:09:11.101188: I tensorflow/core/platform/cpu_feature_guard.cc:182] This TensorFlow binary is optimized to use available CPU instructions in performance-critical operations.
To enable the following instructions: AVX2 FMA, in other operations, rebuild TensorFlow with the appropriate compiler flags.
0
Oversampled shape: (748, 2)


Trial 1

training set size: 780
push set size: 748
test set size: 175
train batch size: 156
test batch size: 94

Attempting combination 0/1:
prototype_shape: (468, 520, 29)
latent_weight: 0.9
joint_weight_decay: 0
gamma: 0.8
warm_lr_step_size: 100
crs_ent_weight: 1
clst_weight: -9.600000000000001
sep_weight: 2.4
l1_weight: 0.001
warm_ptype_lr: 0.1
last_layer_lr: 0.05
num_warm_epochs: 1000000
push_gap: 150
push_start: 50
num_pushes: 1
last_layer_epochs: 50
joint_lr_step_size: -1
joint_optimizer_lrs: {'features': -1, 'prototype_vectors': -1}



End epoch: 200
Val acc before epoch 0: 0.010638297872340425
Warm optimizer lr: 0.1
Val acc before epoch 1: 0.02127659574468085
Warm optimizer lr: 0.1
Val acc before epoch 2: 0.05319148936170213
Warm optimizer lr: 0.1
Val acc before epoch 3: 0.0425531914893617
Warm optimizer lr: 0.1
Val acc before epoch 4: 0.05319148936170213
Warm optimizer lr: 0.1
Val acc before epoch 5: 0.09574468085106383
Warm optimizer lr: 0.1
Val acc before epoch 6: 0.10638297872340426
Warm optimizer lr: 0.1
Val acc before epoch 7: 0.1595744680851064
Warm optimizer lr: 0.1
Val acc before epoch 8: 0.1702127659574468
Warm optimizer lr: 0.1
Val acc before epoch 9: 0.20212765957446807
Warm optimizer lr: 0.1
Val acc before epoch 10: 0.19148936170212766
Warm optimizer lr: 0.1
Val acc before epoch 11: 0.26595744680851063
Warm optimizer lr: 0.1
Val acc before epoch 12: 0.2765957446808511
Warm optimizer lr: 0.1
Val acc before epoch 13: 0.3191489361702128
Warm optimizer lr: 0.1
Val acc before epoch 14: 0.2978723404255319
Warm optimizer lr: 0.1
Val acc before epoch 15: 0.35106382978723405
Warm optimizer lr: 0.1
Val acc before epoch 16: 0.3617021276595745
Warm optimizer lr: 0.1
Val acc before epoch 17: 0.3723404255319149
Warm optimizer lr: 0.1
Val acc before epoch 18: 0.3723404255319149
Warm optimizer lr: 0.1
Val acc before epoch 19: 0.3617021276595745
Warm optimizer lr: 0.08000000000000002
Val acc before epoch 20: 0.3723404255319149
Warm optimizer lr: 0.08000000000000002
Val acc before epoch 21: 0.4148936170212766
Warm optimizer lr: 0.08000000000000002
Val acc before epoch 22: 0.39361702127659576
Warm optimizer lr: 0.08000000000000002
Val acc before epoch 23: 0.4574468085106383
Warm optimizer lr: 0.08000000000000002
Val acc before epoch 24: 0.43617021276595747
Warm optimizer lr: 0.08000000000000002
Val acc before epoch 25: 0.44680851063829785
Warm optimizer lr: 0.08000000000000002
Val acc before epoch 26: 0.43617021276595747
Warm optimizer lr: 0.08000000000000002
Val acc before epoch 27: 0.44680851063829785
Warm optimizer lr: 0.08000000000000002
Val acc before epoch 28: 0.4787234042553192
Warm optimizer lr: 0.08000000000000002
Val acc before epoch 29: 0.43617021276595747
Warm optimizer lr: 0.08000000000000002
Val acc before epoch 30: 0.48936170212765956
Warm optimizer lr: 0.08000000000000002
Val acc before epoch 31: 0.43617021276595747
Warm optimizer lr: 0.08000000000000002
Val acc before epoch 32: 0.4787234042553192
Warm optimizer lr: 0.08000000000000002
Val acc before epoch 33: 0.48936170212765956
Warm optimizer lr: 0.08000000000000002
Val acc before epoch 34: 0.46808510638297873
Warm optimizer lr: 0.08000000000000002
Val acc before epoch 35: 0.425531914893617
Warm optimizer lr: 0.08000000000000002
Val acc before epoch 36: 0.44680851063829785
Warm optimizer lr: 0.08000000000000002
Val acc before epoch 37: 0.4574468085106383
Warm optimizer lr: 0.08000000000000002
Val acc before epoch 38: 0.48936170212765956
Warm optimizer lr: 0.08000000000000002
Val acc before epoch 39: 0.4787234042553192
Warm optimizer lr: 0.06400000000000002
Val acc before epoch 40: 0.48936170212765956
Warm optimizer lr: 0.06400000000000002
Val acc before epoch 41: 0.5
Warm optimizer lr: 0.06400000000000002
Val acc before epoch 42: 0.5
Warm optimizer lr: 0.06400000000000002
Val acc before epoch 43: 0.5212765957446809
Warm optimizer lr: 0.06400000000000002
Val acc before epoch 44: 0.48936170212765956
Warm optimizer lr: 0.06400000000000002
Val acc before epoch 45: 0.5
Warm optimizer lr: 0.06400000000000002
Val acc before epoch 46: 0.44680851063829785
Warm optimizer lr: 0.06400000000000002
Val acc before epoch 47: 0.48936170212765956
Warm optimizer lr: 0.06400000000000002
Val acc before epoch 48: 0.5212765957446809
Warm optimizer lr: 0.06400000000000002
Val acc before epoch 49: 0.48936170212765956
Warm optimizer lr: 0.06400000000000002
Val acc before epoch 50: 0.5106382978723404
Push epoch
After push, before retraining last layer:
	Train acc: 0.00641025641025641
	Cluster: 0.6553802132606507
	Separation: 0.5003561735153198
Retraining last layer: 
	Train acc at iteration 0: 0.004807692307692308
	Train acc at iteration 1: 0.003205128205128205
	Train acc at iteration 2: 0.020833333333333332
	Train acc at iteration 3: 0.03365384615384615
	Train acc at iteration 4: 0.057692307692307696
	Train acc at iteration 5: 0.05128205128205128
	Train acc at iteration 6: 0.08012820512820513
	Train acc at iteration 7: 0.1282051282051282
	Train acc at iteration 8: 0.125
	Train acc at iteration 9: 0.13141025641025642
	Train acc at iteration 10: 0.17307692307692307
	Train acc at iteration 11: 0.28205128205128205
	Train acc at iteration 12: 0.22756410256410256
	Train acc at iteration 13: 0.1858974358974359
	Train acc at iteration 14: 0.24358974358974358
	Train acc at iteration 15: 0.30288461538461536
	Train acc at iteration 16: 0.34935897435897434
	Train acc at iteration 17: 0.32211538461538464
	Train acc at iteration 18: 0.41185897435897434
	Train acc at iteration 19: 0.4375
	Train acc at iteration 20: 0.4551282051282051
	Train acc at iteration 21: 0.42628205128205127
	Train acc at iteration 22: 0.453525641025641
	Train acc at iteration 23: 0.4599358974358974
	Train acc at iteration 24: 0.5272435897435898
	Train acc at iteration 25: 0.6298076923076923
	Train acc at iteration 26: 0.782051282051282
	Train acc at iteration 27: 0.7259615384615384
	Train acc at iteration 28: 0.782051282051282
	Train acc at iteration 29: 0.7772435897435898
	Train acc at iteration 30: 0.8044871794871795
	Train acc at iteration 31: 0.8044871794871795
	Train acc at iteration 32: 0.7884615384615384
	Train acc at iteration 33: 0.8092948717948718
	Train acc at iteration 34: 0.8189102564102564
	Train acc at iteration 35: 0.8157051282051282
	Train acc at iteration 36: 0.8301282051282052
	Train acc at iteration 37: 0.8269230769230769
	Train acc at iteration 38: 0.8269230769230769
	Train acc at iteration 39: 0.8461538461538461
	Train acc at iteration 40: 0.8269230769230769
	Train acc at iteration 41: 0.8141025641025641
	Train acc at iteration 42: 0.8365384615384616
	Train acc at iteration 43: 0.8253205128205128
	Train acc at iteration 44: 0.8397435897435898
	Train acc at iteration 45: 0.8349358974358975
	Train acc at iteration 46: 0.842948717948718
	Train acc at iteration 47: 0.8413461538461539
	Train acc at iteration 48: 0.8301282051282052
	Train acc at iteration 49: 0.8413461538461539
Val acc before epoch 51: 0.8085106382978723
Warm optimizer lr: 100
Val acc before epoch 52: 0.20212765957446807
Warm optimizer lr: 100
Val acc before epoch 53: 0.14893617021276595
Warm optimizer lr: 100
Val acc before epoch 54: 0.22340425531914893
Warm optimizer lr: 100
Val acc before epoch 55: 0.2872340425531915
Warm optimizer lr: 100
Val acc before epoch 56: 0.23404255319148937
Warm optimizer lr: 100
Val acc before epoch 57: 0.2978723404255319
Warm optimizer lr: 100
Val acc before epoch 58: 0.26595744680851063
Warm optimizer lr: 100
Val acc before epoch 59: 0.30851063829787234
Warm optimizer lr: 100
Val acc before epoch 60: 0.32978723404255317
Warm optimizer lr: 80.0
Val acc before epoch 61: 0.30851063829787234
Warm optimizer lr: 80.0
Val acc before epoch 62: 0.30851063829787234
Warm optimizer lr: 80.0
Val acc before epoch 63: 0.3404255319148936
Warm optimizer lr: 80.0
Val acc before epoch 64: 0.32978723404255317
Warm optimizer lr: 80.0
Val acc before epoch 65: 0.30851063829787234
Warm optimizer lr: 80.0
Val acc before epoch 66: 0.425531914893617
Warm optimizer lr: 80.0
Val acc before epoch 67: 0.3829787234042553
Warm optimizer lr: 80.0
Val acc before epoch 68: 0.425531914893617
Warm optimizer lr: 80.0
Val acc before epoch 69: 0.40425531914893614
Warm optimizer lr: 80.0
Val acc before epoch 70: 0.4787234042553192
Warm optimizer lr: 80.0
Val acc before epoch 71: 0.39361702127659576
Warm optimizer lr: 80.0
Val acc before epoch 72: 0.4148936170212766
Warm optimizer lr: 80.0
Val acc before epoch 73: 0.48936170212765956
Warm optimizer lr: 80.0
Val acc before epoch 74: 0.46808510638297873
Warm optimizer lr: 80.0
Val acc before epoch 75: 0.4787234042553192
Warm optimizer lr: 80.0
Val acc before epoch 76: 0.5
Warm optimizer lr: 80.0
Val acc before epoch 77: 0.48936170212765956
Warm optimizer lr: 80.0
Val acc before epoch 78: 0.4787234042553192
Warm optimizer lr: 80.0
Val acc before epoch 79: 0.5425531914893617
Warm optimizer lr: 80.0
Val acc before epoch 80: 0.5106382978723404
Warm optimizer lr: 64.0
Val acc before epoch 81: 0.5106382978723404
Warm optimizer lr: 64.0
Val acc before epoch 82: 0.5212765957446809
Warm optimizer lr: 64.0
Val acc before epoch 83: 0.5212765957446809
Warm optimizer lr: 64.0
Val acc before epoch 84: 0.5212765957446809
Warm optimizer lr: 64.0
Val acc before epoch 85: 0.574468085106383
Warm optimizer lr: 64.0
Val acc before epoch 86: 0.5531914893617021
Warm optimizer lr: 64.0
Val acc before epoch 87: 0.5638297872340425
Warm optimizer lr: 64.0
Val acc before epoch 88: 0.5638297872340425
Warm optimizer lr: 64.0
Val acc before epoch 89: 0.5638297872340425
Warm optimizer lr: 64.0
Val acc before epoch 90: 0.5957446808510638
Warm optimizer lr: 64.0
Val acc before epoch 91: 0.5638297872340425
Warm optimizer lr: 64.0
Val acc before epoch 92: 0.5851063829787234
Warm optimizer lr: 64.0
Val acc before epoch 93: 0.5106382978723404
Warm optimizer lr: 64.0
Val acc before epoch 94: 0.5851063829787234
Warm optimizer lr: 64.0
Val acc before epoch 95: 0.5851063829787234
Warm optimizer lr: 64.0
Val acc before epoch 96: 0.6382978723404256
Warm optimizer lr: 64.0
Val acc before epoch 97: 0.6595744680851063
Warm optimizer lr: 64.0
Val acc before epoch 98: 0.6702127659574468
Warm optimizer lr: 64.0
Val acc before epoch 99: 0.6276595744680851
Warm optimizer lr: 64.0
Val acc before epoch 100: 0.5319148936170213
Warm optimizer lr: 51.2
Val acc before epoch 101: 0.6382978723404256
Warm optimizer lr: 51.2
Val acc before epoch 102: 0.6276595744680851
Warm optimizer lr: 51.2
Val acc before epoch 103: 0.7659574468085106
Warm optimizer lr: 51.2
Val acc before epoch 104: 0.6702127659574468
Warm optimizer lr: 51.2
Val acc before epoch 105: 0.648936170212766
Warm optimizer lr: 51.2
Val acc before epoch 106: 0.723404255319149
Warm optimizer lr: 51.2
Val acc before epoch 107: 0.7127659574468085
Warm optimizer lr: 51.2
Val acc before epoch 108: 0.6808510638297872
Warm optimizer lr: 51.2
Val acc before epoch 109: 0.6702127659574468
Warm optimizer lr: 51.2
Val acc before epoch 110: 0.7127659574468085
Warm optimizer lr: 51.2
Val acc before epoch 111: 0.7127659574468085
Warm optimizer lr: 51.2
Val acc before epoch 112: 0.6808510638297872
Warm optimizer lr: 51.2
Val acc before epoch 113: 0.6276595744680851
Warm optimizer lr: 51.2
Val acc before epoch 114: 0.6808510638297872
Warm optimizer lr: 51.2
Val acc before epoch 115: 0.6702127659574468
Warm optimizer lr: 51.2
Val acc before epoch 116: 0.6702127659574468
Warm optimizer lr: 51.2
Val acc before epoch 117: 0.7446808510638298
Warm optimizer lr: 51.2
Val acc before epoch 118: 0.7340425531914894
Warm optimizer lr: 51.2
Val acc before epoch 119: 0.6702127659574468
Warm optimizer lr: 51.2
Val acc before epoch 120: 0.7446808510638298
Warm optimizer lr: 40.96000000000001
Val acc before epoch 121: 0.6702127659574468
Warm optimizer lr: 40.96000000000001
Val acc before epoch 122: 0.7553191489361702
Warm optimizer lr: 40.96000000000001
Val acc before epoch 123: 0.7021276595744681
Warm optimizer lr: 40.96000000000001
Val acc before epoch 124: 0.7127659574468085
Warm optimizer lr: 40.96000000000001
Val acc before epoch 125: 0.7659574468085106
Warm optimizer lr: 40.96000000000001
Val acc before epoch 126: 0.7127659574468085
Warm optimizer lr: 40.96000000000001
Val acc before epoch 127: 0.8404255319148937
Warm optimizer lr: 40.96000000000001
Val acc before epoch 128: 0.7659574468085106
Warm optimizer lr: 40.96000000000001
Val acc before epoch 129: 0.7340425531914894
Warm optimizer lr: 40.96000000000001
Val acc before epoch 130: 0.7127659574468085
Warm optimizer lr: 40.96000000000001
Val acc before epoch 131: 0.8085106382978723
Warm optimizer lr: 40.96000000000001
Val acc before epoch 132: 0.8191489361702128
Warm optimizer lr: 40.96000000000001
Val acc before epoch 133: 0.6914893617021277
Warm optimizer lr: 40.96000000000001
Val acc before epoch 134: 0.7659574468085106
Warm optimizer lr: 40.96000000000001
Val acc before epoch 135: 0.7978723404255319
Warm optimizer lr: 40.96000000000001
Val acc before epoch 136: 0.8191489361702128
Warm optimizer lr: 40.96000000000001
Val acc before epoch 137: 0.7872340425531915
Warm optimizer lr: 40.96000000000001
Val acc before epoch 138: 0.776595744680851
Warm optimizer lr: 40.96000000000001
Val acc before epoch 139: 0.8191489361702128
Warm optimizer lr: 40.96000000000001
Val acc before epoch 140: 0.7872340425531915
Warm optimizer lr: 32.76800000000001
Val acc before epoch 141: 0.723404255319149
Warm optimizer lr: 32.76800000000001
Val acc before epoch 142: 0.8297872340425532
Warm optimizer lr: 32.76800000000001
Val acc before epoch 143: 0.7340425531914894
Warm optimizer lr: 32.76800000000001
Val acc before epoch 144: 0.8297872340425532
Warm optimizer lr: 32.76800000000001
Val acc before epoch 145: 0.776595744680851
Warm optimizer lr: 32.76800000000001
Val acc before epoch 146: 0.8297872340425532
Warm optimizer lr: 32.76800000000001
Val acc before epoch 147: 0.7872340425531915
Warm optimizer lr: 32.76800000000001
Val acc before epoch 148: 0.7872340425531915
Warm optimizer lr: 32.76800000000001
Val acc before epoch 149: 0.776595744680851
Warm optimizer lr: 32.76800000000001
Val acc before epoch 150: 0.7553191489361702
Warm optimizer lr: 32.76800000000001
Val acc before epoch 151: 0.8404255319148937
Warm optimizer lr: 32.76800000000001
Val acc before epoch 152: 0.7553191489361702
Warm optimizer lr: 32.76800000000001
Val acc before epoch 153: 0.723404255319149
Warm optimizer lr: 32.76800000000001
Val acc before epoch 154: 0.776595744680851
Warm optimizer lr: 32.76800000000001
Val acc before epoch 155: 0.7872340425531915
Warm optimizer lr: 32.76800000000001
Val acc before epoch 156: 0.7872340425531915
Warm optimizer lr: 32.76800000000001
Val acc before epoch 157: 0.8404255319148937
Warm optimizer lr: 32.76800000000001
Val acc before epoch 158: 0.7872340425531915
Warm optimizer lr: 32.76800000000001
Val acc before epoch 159: 0.8085106382978723
Warm optimizer lr: 32.76800000000001
Val acc before epoch 160: 0.8297872340425532
Warm optimizer lr: 26.21440000000001
Val acc before epoch 161: 0.7978723404255319
Warm optimizer lr: 26.21440000000001
Val acc before epoch 162: 0.8297872340425532
Warm optimizer lr: 26.21440000000001
Val acc before epoch 163: 0.7978723404255319
Warm optimizer lr: 26.21440000000001
Val acc before epoch 164: 0.7872340425531915
Warm optimizer lr: 26.21440000000001
Val acc before epoch 165: 0.8297872340425532
Warm optimizer lr: 26.21440000000001
Val acc before epoch 166: 0.8617021276595744
Warm optimizer lr: 26.21440000000001
Val acc before epoch 167: 0.7872340425531915
Warm optimizer lr: 26.21440000000001
Val acc before epoch 168: 0.7553191489361702
Warm optimizer lr: 26.21440000000001
Val acc before epoch 169: 0.8085106382978723
Warm optimizer lr: 26.21440000000001
Val acc before epoch 170: 0.851063829787234
Warm optimizer lr: 26.21440000000001
Val acc before epoch 171: 0.8191489361702128
Warm optimizer lr: 26.21440000000001
Val acc before epoch 172: 0.7446808510638298
Warm optimizer lr: 26.21440000000001
Val acc before epoch 173: 0.776595744680851
Warm optimizer lr: 26.21440000000001
Val acc before epoch 174: 0.8297872340425532
Warm optimizer lr: 26.21440000000001
Val acc before epoch 175: 0.7978723404255319
Warm optimizer lr: 26.21440000000001
Val acc before epoch 176: 0.8297872340425532
Warm optimizer lr: 26.21440000000001
Val acc before epoch 177: 0.8085106382978723
Warm optimizer lr: 26.21440000000001
Val acc before epoch 178: 0.8191489361702128
Warm optimizer lr: 26.21440000000001
Val acc before epoch 179: 0.8617021276595744
Warm optimizer lr: 26.21440000000001
Val acc before epoch 180: 0.8085106382978723
Warm optimizer lr: 20.97152000000001
Val acc before epoch 181: 0.8191489361702128
Warm optimizer lr: 20.97152000000001
Val acc before epoch 182: 0.8297872340425532
Warm optimizer lr: 20.97152000000001
Val acc before epoch 183: 0.851063829787234
Warm optimizer lr: 20.97152000000001
Val acc before epoch 184: 0.8085106382978723
Warm optimizer lr: 20.97152000000001
Val acc before epoch 185: 0.851063829787234
Warm optimizer lr: 20.97152000000001
Val acc before epoch 186: 0.851063829787234
Warm optimizer lr: 20.97152000000001
Val acc before epoch 187: 0.8297872340425532
Warm optimizer lr: 20.97152000000001
Val acc before epoch 188: 0.7978723404255319
Warm optimizer lr: 20.97152000000001
Val acc before epoch 189: 0.8191489361702128
Warm optimizer lr: 20.97152000000001
Val acc before epoch 190: 0.8404255319148937
Warm optimizer lr: 20.97152000000001
Val acc before epoch 191: 0.8085106382978723
Warm optimizer lr: 20.97152000000001
Val acc before epoch 192: 0.776595744680851
Warm optimizer lr: 20.97152000000001
Val acc before epoch 193: 0.8191489361702128
Warm optimizer lr: 20.97152000000001
Val acc before epoch 194: 0.7978723404255319
Warm optimizer lr: 20.97152000000001
Val acc before epoch 195: 0.8297872340425532
Warm optimizer lr: 20.97152000000001
Val acc before epoch 196: 0.8297872340425532
Warm optimizer lr: 20.97152000000001
Val acc before epoch 197: 0.8085106382978723
Warm optimizer lr: 20.97152000000001
Val acc before epoch 198: 0.8617021276595744
Warm optimizer lr: 20.97152000000001
Val acc before epoch 199: 0.8085106382978723
Warm optimizer lr: 20.97152000000001
Val acc before epoch 200: 0.8617021276595744
Getting final validation and test accuracy after training.
Computing and storing results metrics
Final val macro f1-score: 0.705263157894737
Final val micro accuracy: 0.7978723404255319
Final test macro f1-score: 0.6929166666666667
Final test micro accuracy: 0.776595744680851
Final validation:
	Cluster: 0.34178392589092255
	Separation: 0.2479502260684967
Final test:
	Cluster: 0.3282143175601959
	Separation: 0.24859226495027542
Saved Results
Finished search.
