SLURM_JOB_ID: 1997547
SLURM_ARRAY_JOB_ID: 1997515
SLURM_ARRAY_TASK_ID: 11
SLURM_ARRAY_TASK_COUNT: 18
SLURM_ARRAY_TASK_MAX: 18
SLURM_ARRAY_TASK_MIN: 1
===========================================
/home/swaggoner/eDNA/protopnet
grtx-1.cluster
Sun Aug  4 23:37:29 EDT 2024
===========================================
13:4: not a valid test operator: (
13:4: not a valid test operator: 525.85.12

=============
== PyTorch ==
=============

NVIDIA Release 23.09 (build 69180607)
PyTorch Version 2.1.0a0+32f93b1

Container image Copyright (c) 2023, NVIDIA CORPORATION & AFFILIATES. All rights reserved.

Copyright (c) 2014-2023 Facebook Inc.
Copyright (c) 2011-2014 Idiap Research Institute (Ronan Collobert)
Copyright (c) 2012-2014 Deepmind Technologies    (Koray Kavukcuoglu)
Copyright (c) 2011-2012 NEC Laboratories America (Koray Kavukcuoglu)
Copyright (c) 2011-2013 NYU                      (Clement Farabet)
Copyright (c) 2006-2010 NEC Laboratories America (Ronan Collobert, Leon Bottou, Iain Melvin, Jason Weston)
Copyright (c) 2006      Idiap Research Institute (Samy Bengio)
Copyright (c) 2001-2004 Idiap Research Institute (Ronan Collobert, Samy Bengio, Johnny Mariethoz)
Copyright (c) 2015      Google Inc.
Copyright (c) 2015      Yangqing Jia
Copyright (c) 2013-2016 The Caffe contributors
All rights reserved.

Various files include modifications (c) NVIDIA CORPORATION & AFFILIATES.  All rights reserved.

This container image and its contents are governed by the NVIDIA Deep Learning Container License.
By pulling and using the container, you accept the terms and conditions of this license:
https://developer.nvidia.com/ngc/nvidia-deep-learning-container-license

WARNING: CUDA Minor Version Compatibility mode ENABLED.
  Using driver version 525.85.12 which has support for CUDA 12.0.  This container
  was built with CUDA 12.2 and will be run in Minor Version Compatibility mode.
  CUDA Forward Compatibility is preferred over Minor Version Compatibility for use
  with this container but was unavailable:
  [[]]
  See https://docs.nvidia.com/deploy/cuda-compatibility/ for details.

NOTE: Mellanox network driver detected, but NVIDIA peer memory driver not
      detected.  Multi-node communication performance may be reduced.

2024-08-04 23:37:43.669447: I tensorflow/tsl/cuda/cudart_stub.cc:28] Could not find cuda drivers on your machine, GPU will not be used.
2024-08-04 23:37:44.265297: E tensorflow/compiler/xla/stream_executor/cuda/cuda_dnn.cc:9342] Unable to register cuDNN factory: Attempting to register factory for plugin cuDNN when one has already been registered
2024-08-04 23:37:44.265395: E tensorflow/compiler/xla/stream_executor/cuda/cuda_fft.cc:609] Unable to register cuFFT factory: Attempting to register factory for plugin cuFFT when one has already been registered
2024-08-04 23:37:44.268646: E tensorflow/compiler/xla/stream_executor/cuda/cuda_blas.cc:1518] Unable to register cuBLAS factory: Attempting to register factory for plugin cuBLAS when one has already been registered
2024-08-04 23:37:44.653252: I tensorflow/core/platform/cpu_feature_guard.cc:182] This TensorFlow binary is optimized to use available CPU instructions in performance-critical operations.
To enable the following instructions: AVX2 FMA, in other operations, rebuild TensorFlow with the appropriate compiler flags.
Available CUDA devices: 0
comb_num: 11
arr_job_id: 1997515
job_id: -1

Training on train_noise 1 and test_noise 1

All classes in the test set are present in the training set.
Before oversampling:
------------------------------------------------------------
Number of sequences:                                      936
Number of distinct species_cat                            156
Average number of sequences per species_cat             6.00
Range in the number of sequences per species_cat           0
------------------------------------------------------------
Oversampled shape: (936, 10)


Trial 1

training set size: 936
push set size: 936
test set size: 175
train batch size: 156
test batch size: 35
Hyperparameters: {'prototype_shape': [(468, 520, 1), (468, 520, 3), (468, 520, 5), (468, 520, 7), (468, 520, 9), (468, 520, 11), (468, 520, 13), (468, 520, 15), (468, 520, 17), (468, 520, 19), (468, 520, 21), (468, 520, 23), (468, 520, 25), (468, 520, 27), (468, 520, 29), (468, 520, 31), (468, 520, 33), (468, 520, 35)], 'latent_weight': [0.7], 'num_warm_epochs': [215], 'push_start': [35], 'push_gap': [45], 'num_pushes': [4], 'crs_ent_weight': [1], 'clst_weight': [-1], 'sep_weight': [0.3], 'l1_weight': [0], 'p0_warm_ptype_lr': [0.05], 'p0_warm_ptype_gamma': [0.75], 'p0_warm_ptype_step_size': [150], 'p1_last_layer_lr': [0.001], 'p1_last_layer_iterations': [80], 'p1_warm_ptype_lr': [0.05], 'p1_warm_ptype_gamma': [0.9], 'p1_warm_ptype_step_size': [60], 'p2_last_layer_lr': [0.008], 'p2_last_layer_iterations': [80], 'p2_warm_ptype_lr': [0.05], 'p2_warm_ptype_gamma': [0.9], 'p2_warm_ptype_step_size': [60], 'p3_last_layer_lr': [0.01], 'p3_last_layer_iterations': [80], 'p3_warm_ptype_lr': [0.025], 'p3_warm_ptype_gamma': [0.9], 'p3_warm_ptype_step_size': [60], 'p4_last_layer_lr': [0.0005], 'p4_last_layer_iterations': [80], 'p4_warm_ptype_lr': [0.02], 'p4_warm_ptype_gamma': [0.9], 'p4_warm_ptype_step_size': [60], 'p5_last_layer_lr': [0.0001], 'p5_last_layer_iterations': [80], 'joint_weight_decay': [5e-06], 'joint_lr_step_size': [10], 'joint_gamma': [0.7], 'joint_feature_lr': [0.0001], 'joint_ptype_lr': [0.02]}


Checking hyperparameters: {'prototype_shape': [(468, 520, 1), (468, 520, 3), (468, 520, 5), (468, 520, 7), (468, 520, 9), (468, 520, 11), (468, 520, 13), (468, 520, 15), (468, 520, 17), (468, 520, 19), (468, 520, 21), (468, 520, 23), (468, 520, 25), (468, 520, 27), (468, 520, 29), (468, 520, 31), (468, 520, 33), (468, 520, 35)]}


Performing combination number 11 trial 0


Exploring 18 hyperparameter combination(s) for grid search.


Attempting combination 11/18:
prototype_shape: (468, 520, 21)
latent_weight: 0.7
num_warm_epochs: 215
push_start: 35
push_gap: 45
num_pushes: 4
crs_ent_weight: 1
clst_weight: -1
sep_weight: 0.3
l1_weight: 0
p0_warm_ptype_lr: 0.05
p0_warm_ptype_gamma: 0.75
p0_warm_ptype_step_size: 150
p1_last_layer_lr: 0.001
p1_last_layer_iterations: 80
p1_warm_ptype_lr: 0.05
p1_warm_ptype_gamma: 0.9
p1_warm_ptype_step_size: 60
p2_last_layer_lr: 0.008
p2_last_layer_iterations: 80
p2_warm_ptype_lr: 0.05
p2_warm_ptype_gamma: 0.9
p2_warm_ptype_step_size: 60
p3_last_layer_lr: 0.01
p3_last_layer_iterations: 80
p3_warm_ptype_lr: 0.025
p3_warm_ptype_gamma: 0.9
p3_warm_ptype_step_size: 60
p4_last_layer_lr: 0.0005
p4_last_layer_iterations: 80
p4_warm_ptype_lr: 0.02
p4_warm_ptype_gamma: 0.9
p4_warm_ptype_step_size: 60
p5_last_layer_lr: 0.0001
p5_last_layer_iterations: 80
joint_weight_decay: 5e-06
joint_lr_step_size: 10
joint_gamma: 0.7
joint_feature_lr: 0.0001
joint_ptype_lr: 0.02



End epoch: 214
Val acc before epoch 0: 0.0
Warm optimizer lr: 0.05
Val acc before epoch 1: 0.5657142857142857
Warm optimizer lr: 0.05
Val acc before epoch 2: 0.7542857142857143
Warm optimizer lr: 0.05
Val acc before epoch 3: 0.8571428571428571
Warm optimizer lr: 0.05
Val acc before epoch 4: 0.8742857142857143
Warm optimizer lr: 0.05
Val acc before epoch 5: 0.9142857142857143
Warm optimizer lr: 0.05
Val acc before epoch 6: 0.9142857142857143
Warm optimizer lr: 0.05
Val acc before epoch 7: 0.92
Warm optimizer lr: 0.05
Val acc before epoch 8: 0.92
Warm optimizer lr: 0.05
Val acc before epoch 9: 0.92
Warm optimizer lr: 0.05
Val acc before epoch 10: 0.92
Warm optimizer lr: 0.05
Val acc before epoch 11: 0.9314285714285714
Warm optimizer lr: 0.05
Val acc before epoch 12: 0.9485714285714286
Warm optimizer lr: 0.05
Val acc before epoch 13: 0.9485714285714286
Warm optimizer lr: 0.05
Val acc before epoch 14: 0.9485714285714286
Warm optimizer lr: 0.05
Val acc before epoch 15: 0.9485714285714286
Warm optimizer lr: 0.05
Val acc before epoch 16: 0.9657142857142857
Warm optimizer lr: 0.05
Val acc before epoch 17: 0.9657142857142857
Warm optimizer lr: 0.05
Val acc before epoch 18: 0.9657142857142857
Warm optimizer lr: 0.05
Val acc before epoch 19: 0.9657142857142857
Warm optimizer lr: 0.05
Val acc before epoch 20: 0.9657142857142857
Warm optimizer lr: 0.05
Val acc before epoch 21: 0.9657142857142857
Warm optimizer lr: 0.05
Val acc before epoch 22: 0.9657142857142857
Warm optimizer lr: 0.05
Val acc before epoch 23: 0.9657142857142857
Warm optimizer lr: 0.05
Val acc before epoch 24: 0.9657142857142857
Warm optimizer lr: 0.037500000000000006
Val acc before epoch 25: 0.9657142857142857
Warm optimizer lr: 0.05
Val acc before epoch 26: 0.9657142857142857
Warm optimizer lr: 0.05
Val acc before epoch 27: 0.9657142857142857
Warm optimizer lr: 0.05
Val acc before epoch 28: 0.9657142857142857
Warm optimizer lr: 0.05
Val acc before epoch 29: 0.96
Warm optimizer lr: 0.05
Val acc before epoch 30: 0.96
Warm optimizer lr: 0.05
Val acc before epoch 31: 0.9657142857142857
Warm optimizer lr: 0.05
Val acc before epoch 32: 0.9657142857142857
Warm optimizer lr: 0.05
Val acc before epoch 33: 0.9657142857142857
Warm optimizer lr: 0.05
Val acc before epoch 34: 0.9657142857142857
Warm optimizer lr: 0.05
Val acc before epoch 35: 0.9657142857142857
Push epoch at epoch 36.
Final validation accuracy before push 1: 0.9657142857142857
Push number 1












After push, before retraining last layer:
	Train acc: 0.7923076923076923
	Train Cluster: 0.6997614204883575
	Train Separation: 0.5598313907782236
(Directly after push 1) Val acc at iteration 0: 0.9028571428571428
Retraining last layer: 
Last layer lr: 0.001
	Val acc at iteration 0: 0.9028571428571428
	Val acc at iteration 1: 0.9142857142857143
	Val acc at iteration 2: 0.9142857142857143
	Val acc at iteration 3: 0.92
	Val acc at iteration 4: 0.92
	Val acc at iteration 5: 0.9142857142857143
	Val acc at iteration 6: 0.9257142857142857
	Val acc at iteration 7: 0.92
	Val acc at iteration 8: 0.92
	Val acc at iteration 9: 0.92
	Val acc at iteration 10: 0.9142857142857143
	Val acc at iteration 11: 0.92
	Val acc at iteration 12: 0.9257142857142857
	Val acc at iteration 13: 0.9142857142857143
	Val acc at iteration 14: 0.9257142857142857
	Val acc at iteration 15: 0.9142857142857143
	Val acc at iteration 16: 0.9085714285714286
	Val acc at iteration 17: 0.92
	Val acc at iteration 18: 0.9257142857142857
	Val acc at iteration 19: 0.9257142857142857
	Val acc at iteration 20: 0.92
	Val acc at iteration 21: 0.9314285714285714
	Val acc at iteration 22: 0.9314285714285714
	Val acc at iteration 23: 0.9257142857142857
	Val acc at iteration 24: 0.9142857142857143
	Val acc at iteration 25: 0.9142857142857143
	Val acc at iteration 26: 0.9257142857142857
	Val acc at iteration 27: 0.9257142857142857
	Val acc at iteration 28: 0.92
	Val acc at iteration 29: 0.92
	Val acc at iteration 30: 0.92
	Val acc at iteration 31: 0.9142857142857143
	Val acc at iteration 32: 0.9314285714285714
	Val acc at iteration 33: 0.92
	Val acc at iteration 34: 0.9257142857142857
	Val acc at iteration 35: 0.9257142857142857
	Val acc at iteration 36: 0.92
	Val acc at iteration 37: 0.92
	Val acc at iteration 38: 0.9257142857142857
	Val acc at iteration 39: 0.9314285714285714
	Val acc at iteration 40: 0.9314285714285714
	Val acc at iteration 41: 0.9257142857142857
	Val acc at iteration 42: 0.9314285714285714
	Val acc at iteration 43: 0.9257142857142857
	Val acc at iteration 44: 0.9257142857142857
	Val acc at iteration 45: 0.9257142857142857
	Val acc at iteration 46: 0.9314285714285714
	Val acc at iteration 47: 0.9257142857142857
	Val acc at iteration 48: 0.9257142857142857
	Val acc at iteration 49: 0.9314285714285714
	Val acc at iteration 50: 0.9257142857142857
	Val acc at iteration 51: 0.9314285714285714
	Val acc at iteration 52: 0.9314285714285714
	Val acc at iteration 53: 0.9257142857142857
	Val acc at iteration 54: 0.9257142857142857
	Val acc at iteration 55: 0.9314285714285714
	Val acc at iteration 56: 0.9314285714285714
	Val acc at iteration 57: 0.9314285714285714
	Val acc at iteration 58: 0.9371428571428572
	Val acc at iteration 59: 0.9314285714285714
	Val acc at iteration 60: 0.9257142857142857
	Val acc at iteration 61: 0.92
	Val acc at iteration 62: 0.9257142857142857
	Val acc at iteration 63: 0.9314285714285714
	Val acc at iteration 64: 0.9257142857142857
	Val acc at iteration 65: 0.9314285714285714
	Val acc at iteration 66: 0.9371428571428572
	Val acc at iteration 67: 0.9371428571428572
	Val acc at iteration 68: 0.9371428571428572
	Val acc at iteration 69: 0.92
	Val acc at iteration 70: 0.9314285714285714
	Val acc at iteration 71: 0.9314285714285714
	Val acc at iteration 72: 0.9314285714285714
	Val acc at iteration 73: 0.9371428571428572
	Val acc at iteration 74: 0.9371428571428572
	Val acc at iteration 75: 0.9371428571428572
	Val acc at iteration 76: 0.9314285714285714
	Val acc at iteration 77: 0.9314285714285714
	Val acc at iteration 78: 0.9314285714285714
	Val acc at iteration 79: 0.9371428571428572
Val acc before epoch 36: 0.9371428571428572
Warm optimizer lr: 0.05
Val acc before epoch 37: 0.9428571428571428
Warm optimizer lr: 0.05
Val acc before epoch 38: 0.9714285714285714
Warm optimizer lr: 0.05
Val acc before epoch 39: 0.9542857142857143
Warm optimizer lr: 0.05
Val acc before epoch 40: 0.9714285714285714
Warm optimizer lr: 0.05
Val acc before epoch 41: 0.9714285714285714
Warm optimizer lr: 0.05
Val acc before epoch 42: 0.9657142857142857
Warm optimizer lr: 0.05
Val acc before epoch 43: 0.9657142857142857
Warm optimizer lr: 0.05
Val acc before epoch 44: 0.9657142857142857
Warm optimizer lr: 0.05
Val acc before epoch 45: 0.96
Warm optimizer lr: 0.05
Val acc before epoch 46: 0.9542857142857143
Warm optimizer lr: 0.05
Val acc before epoch 47: 0.9542857142857143
Warm optimizer lr: 0.05
Val acc before epoch 48: 0.96
Warm optimizer lr: 0.05
Val acc before epoch 49: 0.96
Warm optimizer lr: 0.05
Val acc before epoch 50: 0.9657142857142857
Warm optimizer lr: 0.037500000000000006
Val acc before epoch 51: 0.9657142857142857
Warm optimizer lr: 0.05
Val acc before epoch 52: 0.9657142857142857
Warm optimizer lr: 0.05
Val acc before epoch 53: 0.9657142857142857
Warm optimizer lr: 0.05
Val acc before epoch 54: 0.9657142857142857
Warm optimizer lr: 0.05
Val acc before epoch 55: 0.9657142857142857
Warm optimizer lr: 0.05
Val acc before epoch 56: 0.9542857142857143
Warm optimizer lr: 0.05
Val acc before epoch 57: 0.9542857142857143
Warm optimizer lr: 0.05
Val acc before epoch 58: 0.9542857142857143
Warm optimizer lr: 0.05
Val acc before epoch 59: 0.9542857142857143
Warm optimizer lr: 0.05
Val acc before epoch 60: 0.9542857142857143
Warm optimizer lr: 0.05
Val acc before epoch 61: 0.9542857142857143
Warm optimizer lr: 0.05
Val acc before epoch 62: 0.9771428571428571
Warm optimizer lr: 0.05
Val acc before epoch 63: 0.9771428571428571
Warm optimizer lr: 0.05
Val acc before epoch 64: 0.9771428571428571
Warm optimizer lr: 0.05
Val acc before epoch 65: 0.9771428571428571
Warm optimizer lr: 0.05
Val acc before epoch 66: 0.9771428571428571
Warm optimizer lr: 0.05
Val acc before epoch 67: 0.9771428571428571
Warm optimizer lr: 0.05
Val acc before epoch 68: 0.9771428571428571
Warm optimizer lr: 0.05
Val acc before epoch 69: 0.9771428571428571
Warm optimizer lr: 0.05
Val acc before epoch 70: 0.9714285714285714
Warm optimizer lr: 0.05
Val acc before epoch 71: 0.9714285714285714
Warm optimizer lr: 0.05
Val acc before epoch 72: 0.9771428571428571
Warm optimizer lr: 0.05
Val acc before epoch 73: 0.9771428571428571
Warm optimizer lr: 0.05
Val acc before epoch 74: 0.9771428571428571
Warm optimizer lr: 0.05
Val acc before epoch 75: 0.9771428571428571
Warm optimizer lr: 0.037500000000000006
Val acc before epoch 76: 0.9771428571428571
Warm optimizer lr: 0.05
Val acc before epoch 77: 0.9771428571428571
Warm optimizer lr: 0.05
Val acc before epoch 78: 0.9657142857142857
Warm optimizer lr: 0.05
Val acc before epoch 79: 0.9771428571428571
Warm optimizer lr: 0.05
Val acc before epoch 80: 0.9771428571428571
Push epoch at epoch 81.
Final validation accuracy before push 2: 0.9771428571428571
Push number 2












After push, before retraining last layer:
	Train acc: 0.8461538461538461
	Train Cluster: 0.7042098442713419
	Train Separation: 0.5638252397378286
(Directly after push 2) Val acc at iteration 0: 0.9485714285714286
Retraining last layer: 
Last layer lr: 0.008
	Val acc at iteration 0: 0.9371428571428572
	Val acc at iteration 1: 0.9257142857142857
	Val acc at iteration 2: 0.9085714285714286
	Val acc at iteration 3: 0.92
	Val acc at iteration 4: 0.9371428571428572
	Val acc at iteration 5: 0.8971428571428571
	Val acc at iteration 6: 0.9142857142857143
	Val acc at iteration 7: 0.9428571428571428
	Val acc at iteration 8: 0.9142857142857143
	Val acc at iteration 9: 0.9257142857142857
	Val acc at iteration 10: 0.9257142857142857
	Val acc at iteration 11: 0.9028571428571428
	Val acc at iteration 12: 0.9485714285714286
	Val acc at iteration 13: 0.9257142857142857
	Val acc at iteration 14: 0.9257142857142857
	Val acc at iteration 15: 0.9542857142857143
	Saved, since above 95.00%
	Val acc at iteration 16: 0.9085714285714286
	Val acc at iteration 17: 0.9428571428571428
	Val acc at iteration 18: 0.9371428571428572
	Val acc at iteration 19: 0.9428571428571428
	Val acc at iteration 20: 0.9485714285714286
	Val acc at iteration 21: 0.9485714285714286
	Val acc at iteration 22: 0.9542857142857143
	Val acc at iteration 23: 0.9314285714285714
	Val acc at iteration 24: 0.9485714285714286
	Val acc at iteration 25: 0.9485714285714286
	Val acc at iteration 26: 0.9314285714285714
	Val acc at iteration 27: 0.9485714285714286
	Val acc at iteration 28: 0.9257142857142857
	Val acc at iteration 29: 0.9142857142857143
	Val acc at iteration 30: 0.9485714285714286
	Val acc at iteration 31: 0.9542857142857143
	Val acc at iteration 32: 0.9257142857142857
	Val acc at iteration 33: 0.9485714285714286
	Val acc at iteration 34: 0.96
	Saved, since accuracy 96.00% is higher than existing accuracy 95.43%
	Val acc at iteration 35: 0.9714285714285714
	Saved, since accuracy 97.14% is higher than existing accuracy 96.00%
	Val acc at iteration 36: 0.9485714285714286
	Val acc at iteration 37: 0.96
	Val acc at iteration 38: 0.9485714285714286
	Val acc at iteration 39: 0.96
	Val acc at iteration 40: 0.96
	Val acc at iteration 41: 0.9428571428571428
	Val acc at iteration 42: 0.9428571428571428
	Val acc at iteration 43: 0.9485714285714286
	Val acc at iteration 44: 0.96
	Val acc at iteration 45: 0.9371428571428572
	Val acc at iteration 46: 0.96
	Val acc at iteration 47: 0.9314285714285714
	Val acc at iteration 48: 0.96
	Val acc at iteration 49: 0.9542857142857143
	Val acc at iteration 50: 0.9657142857142857
	Val acc at iteration 51: 0.9714285714285714
	Saved, since accuracy 97.14% is higher than existing accuracy 97.14%
	Val acc at iteration 52: 0.9657142857142857
	Val acc at iteration 53: 0.9714285714285714
	Saved, since accuracy 97.14% is higher than existing accuracy 97.14%
	Val acc at iteration 54: 0.9714285714285714
	Saved, since accuracy 97.14% is higher than existing accuracy 97.14%
	Val acc at iteration 55: 0.96
	Val acc at iteration 56: 0.96
	Val acc at iteration 57: 0.96
	Val acc at iteration 58: 0.96
	Val acc at iteration 59: 0.96
	Val acc at iteration 60: 0.9714285714285714
	Saved, since accuracy 97.14% is higher than existing accuracy 97.14%
	Val acc at iteration 61: 0.9485714285714286
	Val acc at iteration 62: 0.9657142857142857
	Val acc at iteration 63: 0.9771428571428571
	Saved, since accuracy 97.71% is higher than existing accuracy 97.14%
	Val acc at iteration 64: 0.9771428571428571
	Saved, since accuracy 97.71% is higher than existing accuracy 97.71%
	Val acc at iteration 65: 0.9828571428571429
	Saved, since accuracy 98.29% is higher than existing accuracy 97.71%
	Val acc at iteration 66: 0.9714285714285714
	Val acc at iteration 67: 0.9828571428571429
	Val acc at iteration 68: 0.9657142857142857
	Val acc at iteration 69: 0.9771428571428571
	Val acc at iteration 70: 0.9828571428571429
	Val acc at iteration 71: 0.9828571428571429
	Val acc at iteration 72: 0.9771428571428571
	Val acc at iteration 73: 0.9714285714285714
	Val acc at iteration 74: 0.9771428571428571
	Val acc at iteration 75: 0.9657142857142857
	Val acc at iteration 76: 0.9657142857142857
	Val acc at iteration 77: 0.9714285714285714
	Val acc at iteration 78: 0.9771428571428571
	Val acc at iteration 79: 0.9771428571428571
Val acc before epoch 81: 0.9771428571428571
Warm optimizer lr: 0.05
Val acc before epoch 82: 0.9828571428571429
Warm optimizer lr: 0.05
Val acc before epoch 83: 0.9828571428571429
Warm optimizer lr: 0.05
Val acc before epoch 84: 0.9714285714285714
Warm optimizer lr: 0.05
Val acc before epoch 85: 0.9714285714285714
Warm optimizer lr: 0.05
Val acc before epoch 86: 0.9714285714285714
Warm optimizer lr: 0.05
Val acc before epoch 87: 0.9828571428571429
Warm optimizer lr: 0.05
Val acc before epoch 88: 0.9828571428571429
Warm optimizer lr: 0.05
Val acc before epoch 89: 0.9828571428571429
Warm optimizer lr: 0.05
Val acc before epoch 90: 0.9714285714285714
Warm optimizer lr: 0.05
Val acc before epoch 91: 0.9828571428571429
Warm optimizer lr: 0.05
Val acc before epoch 92: 0.9828571428571429
Warm optimizer lr: 0.05
Val acc before epoch 93: 0.9828571428571429
Warm optimizer lr: 0.05
Val acc before epoch 94: 0.9828571428571429
Warm optimizer lr: 0.05
Val acc before epoch 95: 0.9828571428571429
Warm optimizer lr: 0.05
Val acc before epoch 96: 0.9828571428571429
Warm optimizer lr: 0.05
Val acc before epoch 97: 0.9828571428571429
Warm optimizer lr: 0.05
Val acc before epoch 98: 0.9828571428571429
Warm optimizer lr: 0.05
Val acc before epoch 99: 0.9828571428571429
Warm optimizer lr: 0.05
Val acc before epoch 100: 0.9828571428571429
Warm optimizer lr: 0.05
Val acc before epoch 101: 0.9828571428571429
Warm optimizer lr: 0.037500000000000006
Val acc before epoch 102: 0.9828571428571429
Warm optimizer lr: 0.05
Val acc before epoch 103: 0.9828571428571429
Warm optimizer lr: 0.05
Val acc before epoch 104: 0.9828571428571429
Warm optimizer lr: 0.05
Val acc before epoch 105: 0.9828571428571429
Warm optimizer lr: 0.05
Val acc before epoch 106: 0.9828571428571429
Warm optimizer lr: 0.05
Val acc before epoch 107: 0.9828571428571429
Warm optimizer lr: 0.05
Val acc before epoch 108: 0.9828571428571429
Warm optimizer lr: 0.05
Val acc before epoch 109: 0.9828571428571429
Warm optimizer lr: 0.05
Val acc before epoch 110: 0.9828571428571429
Warm optimizer lr: 0.05
Val acc before epoch 111: 0.9828571428571429
Warm optimizer lr: 0.05
Val acc before epoch 112: 0.9828571428571429
Warm optimizer lr: 0.05
Val acc before epoch 113: 0.9828571428571429
Warm optimizer lr: 0.05
Val acc before epoch 114: 0.9828571428571429
Warm optimizer lr: 0.05
Val acc before epoch 115: 0.9828571428571429
Warm optimizer lr: 0.05
Val acc before epoch 116: 0.9828571428571429
Warm optimizer lr: 0.05
Val acc before epoch 117: 0.9828571428571429
Warm optimizer lr: 0.05
Val acc before epoch 118: 0.9828571428571429
Warm optimizer lr: 0.05
Val acc before epoch 119: 0.9828571428571429
Warm optimizer lr: 0.05
Val acc before epoch 120: 0.9828571428571429
Warm optimizer lr: 0.05
Val acc before epoch 121: 0.9828571428571429
Warm optimizer lr: 0.05
Val acc before epoch 122: 0.9828571428571429
Warm optimizer lr: 0.05
Val acc before epoch 123: 0.9828571428571429
Warm optimizer lr: 0.05
Val acc before epoch 124: 0.9828571428571429
Warm optimizer lr: 0.05
Val acc before epoch 125: 0.9828571428571429
Push epoch at epoch 126.
Final validation accuracy before push 3: 0.9828571428571429
Push number 3












After push, before retraining last layer:
	Train acc: 0.9230769230769231
	Train Cluster: 0.7059344450632731
	Train Separation: 0.5643328825632731
(Directly after push 3) Val acc at iteration 0: 0.9771428571428571
Retraining last layer: 
Last layer lr: 0.01
	Val acc at iteration 0: 0.9714285714285714
	Val acc at iteration 1: 0.96
	Val acc at iteration 2: 0.9771428571428571
	Val acc at iteration 3: 0.9714285714285714
	Val acc at iteration 4: 0.9657142857142857
	Val acc at iteration 5: 0.9657142857142857
	Val acc at iteration 6: 0.9771428571428571
	Val acc at iteration 7: 0.9771428571428571
	Val acc at iteration 8: 0.9657142857142857
	Val acc at iteration 9: 0.9714285714285714
	Val acc at iteration 10: 0.9714285714285714
	Val acc at iteration 11: 0.9714285714285714
	Val acc at iteration 12: 0.9771428571428571
	Val acc at iteration 13: 0.9828571428571429
	Val acc at iteration 14: 0.9714285714285714
	Val acc at iteration 15: 0.9771428571428571
	Val acc at iteration 16: 0.9828571428571429
	Val acc at iteration 17: 0.9714285714285714
	Val acc at iteration 18: 0.9771428571428571
	Val acc at iteration 19: 0.9714285714285714
	Val acc at iteration 20: 0.9714285714285714
	Val acc at iteration 21: 0.9657142857142857
	Val acc at iteration 22: 0.9771428571428571
	Val acc at iteration 23: 0.9714285714285714
	Val acc at iteration 24: 0.96
	Val acc at iteration 25: 0.9828571428571429
	Val acc at iteration 26: 0.9657142857142857
	Val acc at iteration 27: 0.9714285714285714
	Val acc at iteration 28: 0.9714285714285714
	Val acc at iteration 29: 0.9828571428571429
	Val acc at iteration 30: 0.96
	Val acc at iteration 31: 0.9657142857142857
	Val acc at iteration 32: 0.9828571428571429
	Val acc at iteration 33: 0.9714285714285714
	Val acc at iteration 34: 0.9714285714285714
	Val acc at iteration 35: 0.9771428571428571
	Val acc at iteration 36: 0.9771428571428571
	Val acc at iteration 37: 0.9714285714285714
	Val acc at iteration 38: 0.9771428571428571
	Val acc at iteration 39: 0.9714285714285714
	Val acc at iteration 40: 0.9657142857142857
	Val acc at iteration 41: 0.9828571428571429
	Val acc at iteration 42: 0.9714285714285714
	Val acc at iteration 43: 0.9771428571428571
	Val acc at iteration 44: 0.9657142857142857
	Val acc at iteration 45: 0.9828571428571429
	Val acc at iteration 46: 0.9657142857142857
	Val acc at iteration 47: 0.9714285714285714
	Val acc at iteration 48: 0.9714285714285714
	Val acc at iteration 49: 0.9771428571428571
	Val acc at iteration 50: 0.9828571428571429
	Val acc at iteration 51: 0.9828571428571429
	Val acc at iteration 52: 0.9771428571428571
	Val acc at iteration 53: 0.9714285714285714
	Val acc at iteration 54: 0.9657142857142857
	Val acc at iteration 55: 0.9771428571428571
	Val acc at iteration 56: 0.9714285714285714
	Val acc at iteration 57: 0.96
	Val acc at iteration 58: 0.9771428571428571
	Val acc at iteration 59: 0.9714285714285714
	Val acc at iteration 60: 0.9771428571428571
	Val acc at iteration 61: 0.9828571428571429
	Val acc at iteration 62: 0.9828571428571429
	Val acc at iteration 63: 0.9828571428571429
	Val acc at iteration 64: 0.9828571428571429
	Val acc at iteration 65: 0.9771428571428571
	Val acc at iteration 66: 0.9714285714285714
	Val acc at iteration 67: 0.9771428571428571
	Val acc at iteration 68: 0.9714285714285714
	Val acc at iteration 69: 0.9657142857142857
	Val acc at iteration 70: 0.9714285714285714
	Val acc at iteration 71: 0.9828571428571429
	Val acc at iteration 72: 0.9657142857142857
	Val acc at iteration 73: 0.9657142857142857
	Val acc at iteration 74: 0.9657142857142857
	Val acc at iteration 75: 0.9828571428571429
	Val acc at iteration 76: 0.9828571428571429
	Val acc at iteration 77: 0.9828571428571429
	Val acc at iteration 78: 0.9828571428571429
	Val acc at iteration 79: 0.9771428571428571
Val acc before epoch 126: 0.9771428571428571
Warm optimizer lr: 0.025
Val acc before epoch 127: 0.9828571428571429
Warm optimizer lr: 0.018750000000000003
Val acc before epoch 128: 0.9828571428571429
Warm optimizer lr: 0.025
Val acc before epoch 129: 0.9828571428571429
Warm optimizer lr: 0.025
Val acc before epoch 130: 0.9828571428571429
Warm optimizer lr: 0.025
Val acc before epoch 131: 0.9828571428571429
Warm optimizer lr: 0.025
Val acc before epoch 132: 0.9828571428571429
Warm optimizer lr: 0.025
Val acc before epoch 133: 0.9828571428571429
Warm optimizer lr: 0.025
Val acc before epoch 134: 0.9828571428571429
Warm optimizer lr: 0.025
Val acc before epoch 135: 0.9885714285714285
Warm optimizer lr: 0.025
Val acc before epoch 136: 0.9885714285714285
Warm optimizer lr: 0.025
Val acc before epoch 137: 0.9885714285714285
Warm optimizer lr: 0.025
Val acc before epoch 138: 0.9885714285714285
Warm optimizer lr: 0.025
Val acc before epoch 139: 0.9885714285714285
Warm optimizer lr: 0.025
Val acc before epoch 140: 0.9828571428571429
Warm optimizer lr: 0.025
Val acc before epoch 141: 0.9828571428571429
Warm optimizer lr: 0.025
Val acc before epoch 142: 0.9828571428571429
Warm optimizer lr: 0.025
Val acc before epoch 143: 0.9828571428571429
Warm optimizer lr: 0.025
Val acc before epoch 144: 0.9885714285714285
Warm optimizer lr: 0.025
Val acc before epoch 145: 0.9885714285714285
Warm optimizer lr: 0.025
Val acc before epoch 146: 0.9885714285714285
Warm optimizer lr: 0.025
Val acc before epoch 147: 0.9885714285714285
Warm optimizer lr: 0.025
Val acc before epoch 148: 0.9885714285714285
Warm optimizer lr: 0.025
Val acc before epoch 149: 0.9885714285714285
Warm optimizer lr: 0.025
Val acc before epoch 150: 0.9885714285714285
Warm optimizer lr: 0.025
Val acc before epoch 151: 0.9885714285714285
Warm optimizer lr: 0.025
Val acc before epoch 152: 0.9885714285714285
Warm optimizer lr: 0.018750000000000003
Val acc before epoch 153: 0.9885714285714285
Warm optimizer lr: 0.025
Val acc before epoch 154: 0.9885714285714285
Warm optimizer lr: 0.025
Val acc before epoch 155: 0.9885714285714285
Warm optimizer lr: 0.025
Val acc before epoch 156: 0.9828571428571429
Warm optimizer lr: 0.025
Val acc before epoch 157: 0.9885714285714285
Warm optimizer lr: 0.025
Val acc before epoch 158: 0.9885714285714285
Warm optimizer lr: 0.025
Val acc before epoch 159: 0.9885714285714285
Warm optimizer lr: 0.025
Val acc before epoch 160: 0.9885714285714285
Warm optimizer lr: 0.025
Val acc before epoch 161: 0.9885714285714285
Warm optimizer lr: 0.025
Val acc before epoch 162: 0.9885714285714285
Warm optimizer lr: 0.025
Val acc before epoch 163: 0.9885714285714285
Warm optimizer lr: 0.025
Val acc before epoch 164: 0.9885714285714285
Warm optimizer lr: 0.025
Val acc before epoch 165: 0.9885714285714285
Warm optimizer lr: 0.025
Val acc before epoch 166: 0.9885714285714285
Warm optimizer lr: 0.025
Val acc before epoch 167: 0.9885714285714285
Warm optimizer lr: 0.025
Val acc before epoch 168: 0.9885714285714285
Warm optimizer lr: 0.025
Val acc before epoch 169: 0.9885714285714285
Warm optimizer lr: 0.025
Val acc before epoch 170: 0.9885714285714285
Push epoch at epoch 171.
Final validation accuracy before push 4: 0.9885714285714285
Push number 4












After push, before retraining last layer:
	Train acc: 0.95
	Train Cluster: 0.7082849641640981
	Train Separation: 0.5614167352517446
(Directly after push 4) Val acc at iteration 0: 0.9771428571428571
Retraining last layer: 
Last layer lr: 0.0005
	Val acc at iteration 0: 0.9771428571428571
	Val acc at iteration 1: 0.9771428571428571
	Val acc at iteration 2: 0.9828571428571429
	Val acc at iteration 3: 0.9828571428571429
	Val acc at iteration 4: 0.9828571428571429
	Val acc at iteration 5: 0.9828571428571429
	Val acc at iteration 6: 0.9828571428571429
	Val acc at iteration 7: 0.9828571428571429
	Val acc at iteration 8: 0.9828571428571429
	Val acc at iteration 9: 0.9828571428571429
	Val acc at iteration 10: 0.9828571428571429
	Val acc at iteration 11: 0.9828571428571429
	Val acc at iteration 12: 0.9828571428571429
	Val acc at iteration 13: 0.9828571428571429
	Val acc at iteration 14: 0.9828571428571429
	Val acc at iteration 15: 0.9828571428571429
	Val acc at iteration 16: 0.9828571428571429
	Val acc at iteration 17: 0.9828571428571429
	Val acc at iteration 18: 0.9828571428571429
	Val acc at iteration 19: 0.9828571428571429
	Val acc at iteration 20: 0.9828571428571429
	Val acc at iteration 21: 0.9828571428571429
	Val acc at iteration 22: 0.9828571428571429
	Val acc at iteration 23: 0.9828571428571429
	Val acc at iteration 24: 0.9828571428571429
	Val acc at iteration 25: 0.9828571428571429
	Val acc at iteration 26: 0.9828571428571429
	Val acc at iteration 27: 0.9828571428571429
	Val acc at iteration 28: 0.9828571428571429
	Val acc at iteration 29: 0.9828571428571429
	Val acc at iteration 30: 0.9828571428571429
	Val acc at iteration 31: 0.9828571428571429
	Val acc at iteration 32: 0.9828571428571429
	Val acc at iteration 33: 0.9828571428571429
	Val acc at iteration 34: 0.9828571428571429
	Val acc at iteration 35: 0.9828571428571429
	Val acc at iteration 36: 0.9828571428571429
	Val acc at iteration 37: 0.9828571428571429
	Val acc at iteration 38: 0.9828571428571429
	Val acc at iteration 39: 0.9828571428571429
	Val acc at iteration 40: 0.9828571428571429
	Val acc at iteration 41: 0.9828571428571429
	Val acc at iteration 42: 0.9828571428571429
	Val acc at iteration 43: 0.9828571428571429
	Val acc at iteration 44: 0.9828571428571429
	Val acc at iteration 45: 0.9828571428571429
	Val acc at iteration 46: 0.9828571428571429
	Val acc at iteration 47: 0.9828571428571429
	Val acc at iteration 48: 0.9828571428571429
	Val acc at iteration 49: 0.9828571428571429
	Val acc at iteration 50: 0.9828571428571429
	Val acc at iteration 51: 0.9828571428571429
	Val acc at iteration 52: 0.9828571428571429
	Val acc at iteration 53: 0.9828571428571429
	Val acc at iteration 54: 0.9828571428571429
	Val acc at iteration 55: 0.9828571428571429
	Val acc at iteration 56: 0.9828571428571429
	Val acc at iteration 57: 0.9828571428571429
	Val acc at iteration 58: 0.9828571428571429
	Val acc at iteration 59: 0.9828571428571429
	Val acc at iteration 60: 0.9828571428571429
	Val acc at iteration 61: 0.9828571428571429
	Val acc at iteration 62: 0.9828571428571429
	Val acc at iteration 63: 0.9828571428571429
	Val acc at iteration 64: 0.9828571428571429
	Val acc at iteration 65: 0.9828571428571429
	Val acc at iteration 66: 0.9828571428571429
	Val acc at iteration 67: 0.9828571428571429
	Val acc at iteration 68: 0.9828571428571429
	Val acc at iteration 69: 0.9828571428571429
	Val acc at iteration 70: 0.9828571428571429
	Val acc at iteration 71: 0.9828571428571429
	Val acc at iteration 72: 0.9828571428571429
	Val acc at iteration 73: 0.9828571428571429
	Val acc at iteration 74: 0.9828571428571429
	Val acc at iteration 75: 0.9828571428571429
	Val acc at iteration 76: 0.9828571428571429
	Val acc at iteration 77: 0.9828571428571429
	Val acc at iteration 78: 0.9828571428571429
	Val acc at iteration 79: 0.9828571428571429
Val acc before epoch 171: 0.9828571428571429
Warm optimizer lr: 0.025
Val acc before epoch 172: 0.9828571428571429
Warm optimizer lr: 0.025
Val acc before epoch 173: 0.9828571428571429
Warm optimizer lr: 0.025
Val acc before epoch 174: 0.9828571428571429
Warm optimizer lr: 0.025
Val acc before epoch 175: 0.9828571428571429
Warm optimizer lr: 0.025
Val acc before epoch 176: 0.9828571428571429
Warm optimizer lr: 0.025
Val acc before epoch 177: 0.9885714285714285
Warm optimizer lr: 0.025
Val acc before epoch 178: 0.9885714285714285
Warm optimizer lr: 0.018750000000000003
Val acc before epoch 179: 0.9828571428571429
Warm optimizer lr: 0.018750000000000003
Val acc before epoch 180: 0.9828571428571429
Warm optimizer lr: 0.018750000000000003
Val acc before epoch 181: 0.9828571428571429
Warm optimizer lr: 0.018750000000000003
Val acc before epoch 182: 0.9828571428571429
Warm optimizer lr: 0.018750000000000003
Val acc before epoch 183: 0.9885714285714285
Warm optimizer lr: 0.018750000000000003
Val acc before epoch 184: 0.9885714285714285
Warm optimizer lr: 0.018750000000000003
Val acc before epoch 185: 0.9885714285714285
Warm optimizer lr: 0.018750000000000003
Val acc before epoch 186: 0.9885714285714285
Warm optimizer lr: 0.018750000000000003
Val acc before epoch 187: 0.9885714285714285
Warm optimizer lr: 0.018750000000000003
Val acc before epoch 188: 0.9885714285714285
Warm optimizer lr: 0.018750000000000003
Val acc before epoch 189: 0.9885714285714285
Warm optimizer lr: 0.018750000000000003
Val acc before epoch 190: 0.9885714285714285
Warm optimizer lr: 0.018750000000000003
Val acc before epoch 191: 0.9885714285714285
Warm optimizer lr: 0.018750000000000003
Val acc before epoch 192: 0.9885714285714285
Warm optimizer lr: 0.018750000000000003
Val acc before epoch 193: 0.9885714285714285
Warm optimizer lr: 0.018750000000000003
Val acc before epoch 194: 0.9885714285714285
Warm optimizer lr: 0.018750000000000003
Val acc before epoch 195: 0.9885714285714285
Warm optimizer lr: 0.018750000000000003
Val acc before epoch 196: 0.9885714285714285
Warm optimizer lr: 0.018750000000000003
Val acc before epoch 197: 0.9885714285714285
Warm optimizer lr: 0.018750000000000003
Val acc before epoch 198: 0.9885714285714285
Warm optimizer lr: 0.018750000000000003
Val acc before epoch 199: 0.9885714285714285
Warm optimizer lr: 0.018750000000000003
Val acc before epoch 200: 0.9885714285714285
Warm optimizer lr: 0.018750000000000003
Val acc before epoch 201: 0.9885714285714285
Warm optimizer lr: 0.018750000000000003
Val acc before epoch 202: 0.9885714285714285
Warm optimizer lr: 0.018750000000000003
Val acc before epoch 203: 0.9885714285714285
Warm optimizer lr: 0.014062500000000002
Val acc before epoch 204: 0.9885714285714285
Warm optimizer lr: 0.014062500000000002
Val acc before epoch 205: 0.9885714285714285
Warm optimizer lr: 0.014062500000000002
Val acc before epoch 206: 0.9885714285714285
Warm optimizer lr: 0.014062500000000002
Val acc before epoch 207: 0.9885714285714285
Warm optimizer lr: 0.014062500000000002
Val acc before epoch 208: 0.9885714285714285
Warm optimizer lr: 0.014062500000000002
Val acc before epoch 209: 0.9885714285714285
Warm optimizer lr: 0.014062500000000002
Val acc before epoch 210: 0.9885714285714285
Warm optimizer lr: 0.014062500000000002
Val acc before epoch 211: 0.9885714285714285
Warm optimizer lr: 0.014062500000000002
Val acc before epoch 212: 0.9885714285714285
Warm optimizer lr: 0.014062500000000002
Val acc before epoch 213: 0.9885714285714285
Warm optimizer lr: 0.014062500000000002
Val acc before epoch 214: 0.9885714285714285
Stopping after epoch 215.
Final validation accuracy before push 5: 0.9885714285714285






After push, before retraining last layer:
	Train acc: 0.9641025641025641
	Train Cluster: 0.6918353736400604
	TrainSeparation: 0.5640099843343099
(Directly after push 5) Val acc at iteration 0: 0.9828571428571429
Retraining last layer
Last layer lr: 0.0001
	Train acc at iteration 1: 0.958974358974359
	Val acc at iteration 0: 0.9828571428571429
	Train acc at iteration 2: 0.9730769230769231
	Val acc at iteration 1: 0.9828571428571429
	Train acc at iteration 3: 0.9487179487179487
	Val acc at iteration 2: 0.9828571428571429
	Train acc at iteration 4: 0.9615384615384616
	Val acc at iteration 3: 0.9828571428571429
	Train acc at iteration 5: 0.9628205128205128
	Val acc at iteration 4: 0.9828571428571429
	Train acc at iteration 6: 0.9628205128205128
	Val acc at iteration 5: 0.9828571428571429
	Train acc at iteration 7: 0.9717948717948718
	Val acc at iteration 6: 0.9828571428571429
	Train acc at iteration 8: 0.9576923076923077
	Val acc at iteration 7: 0.9828571428571429
	Train acc at iteration 9: 0.9576923076923077
	Val acc at iteration 8: 0.9828571428571429
	Train acc at iteration 10: 0.9641025641025641
	Val acc at iteration 9: 0.9828571428571429
	Train acc at iteration 11: 0.9641025641025641
	Val acc at iteration 10: 0.9828571428571429
	Train acc at iteration 12: 0.9564102564102565
	Val acc at iteration 11: 0.9828571428571429
	Train acc at iteration 13: 0.9666666666666667
	Val acc at iteration 12: 0.9828571428571429
	Train acc at iteration 14: 0.9666666666666667
	Val acc at iteration 13: 0.9828571428571429
	Train acc at iteration 15: 0.958974358974359
	Val acc at iteration 14: 0.9828571428571429
	Train acc at iteration 16: 0.9615384615384616
	Val acc at iteration 15: 0.9828571428571429
	Train acc at iteration 17: 0.9641025641025641
	Val acc at iteration 16: 0.9828571428571429
	Train acc at iteration 18: 0.9705128205128205
	Val acc at iteration 17: 0.9828571428571429
	Train acc at iteration 19: 0.9653846153846154
	Val acc at iteration 18: 0.9828571428571429
	Train acc at iteration 20: 0.9769230769230769
	Val acc at iteration 19: 0.9828571428571429
	Train acc at iteration 21: 0.9717948717948718
	Val acc at iteration 20: 0.9828571428571429
	Train acc at iteration 22: 0.9743589743589743
	Val acc at iteration 21: 0.9828571428571429
	Train acc at iteration 23: 0.9628205128205128
	Val acc at iteration 22: 0.9828571428571429
	Train acc at iteration 24: 0.9692307692307692
	Val acc at iteration 23: 0.9828571428571429
	Train acc at iteration 25: 0.967948717948718
	Val acc at iteration 24: 0.9828571428571429
	Train acc at iteration 26: 0.9692307692307692
	Val acc at iteration 25: 0.9828571428571429
	Train acc at iteration 27: 0.9576923076923077
	Val acc at iteration 26: 0.9828571428571429
	Train acc at iteration 28: 0.9692307692307692
	Val acc at iteration 27: 0.9828571428571429
	Train acc at iteration 29: 0.9576923076923077
	Val acc at iteration 28: 0.9828571428571429
	Train acc at iteration 30: 0.958974358974359
	Val acc at iteration 29: 0.9828571428571429
	Train acc at iteration 31: 0.9628205128205128
	Val acc at iteration 30: 0.9828571428571429
	Train acc at iteration 32: 0.9743589743589743
	Val acc at iteration 31: 0.9828571428571429
	Train acc at iteration 33: 0.9564102564102565
	Val acc at iteration 32: 0.9828571428571429
	Train acc at iteration 34: 0.9692307692307692
	Val acc at iteration 33: 0.9828571428571429
	Train acc at iteration 35: 0.967948717948718
	Val acc at iteration 34: 0.9828571428571429
	Train acc at iteration 36: 0.9705128205128205
	Val acc at iteration 35: 0.9828571428571429
	Train acc at iteration 37: 0.967948717948718
	Val acc at iteration 36: 0.9828571428571429
	Train acc at iteration 38: 0.9653846153846154
	Val acc at iteration 37: 0.9828571428571429
	Train acc at iteration 39: 0.9717948717948718
	Val acc at iteration 38: 0.9828571428571429
	Train acc at iteration 40: 0.9666666666666667
	Val acc at iteration 39: 0.9828571428571429
	Train acc at iteration 41: 0.958974358974359
	Val acc at iteration 40: 0.9828571428571429
	Train acc at iteration 42: 0.9717948717948718
	Val acc at iteration 41: 0.9828571428571429
	Train acc at iteration 43: 0.9666666666666667
	Val acc at iteration 42: 0.9828571428571429
	Train acc at iteration 44: 0.9551282051282052
	Val acc at iteration 43: 0.9828571428571429
	Train acc at iteration 45: 0.9666666666666667
	Val acc at iteration 44: 0.9828571428571429
	Train acc at iteration 46: 0.9641025641025641
	Val acc at iteration 45: 0.9828571428571429
	Train acc at iteration 47: 0.9705128205128205
	Val acc at iteration 46: 0.9828571428571429
	Train acc at iteration 48: 0.9666666666666667
	Val acc at iteration 47: 0.9828571428571429
	Train acc at iteration 49: 0.9730769230769231
	Val acc at iteration 48: 0.9828571428571429
	Train acc at iteration 50: 0.9628205128205128
	Val acc at iteration 49: 0.9828571428571429
	Train acc at iteration 51: 0.9641025641025641
	Val acc at iteration 50: 0.9828571428571429
	Train acc at iteration 52: 0.9705128205128205
	Val acc at iteration 51: 0.9828571428571429
	Train acc at iteration 53: 0.9730769230769231
	Val acc at iteration 52: 0.9828571428571429
	Train acc at iteration 54: 0.9615384615384616
	Val acc at iteration 53: 0.9828571428571429
	Train acc at iteration 55: 0.9602564102564103
	Val acc at iteration 54: 0.9828571428571429
	Train acc at iteration 56: 0.9512820512820512
	Val acc at iteration 55: 0.9828571428571429
	Train acc at iteration 57: 0.9743589743589743
	Val acc at iteration 56: 0.9828571428571429
	Train acc at iteration 58: 0.9666666666666667
	Val acc at iteration 57: 0.9828571428571429
	Train acc at iteration 59: 0.9576923076923077
	Val acc at iteration 58: 0.9828571428571429
	Train acc at iteration 60: 0.9615384615384616
	Val acc at iteration 59: 0.9828571428571429
	Train acc at iteration 61: 0.9576923076923077
	Val acc at iteration 60: 0.9828571428571429
	Train acc at iteration 62: 0.9628205128205128
	Val acc at iteration 61: 0.9828571428571429
	Train acc at iteration 63: 0.9551282051282052
	Val acc at iteration 62: 0.9828571428571429
	Train acc at iteration 64: 0.9628205128205128
	Val acc at iteration 63: 0.9828571428571429
	Train acc at iteration 65: 0.9564102564102565
	Val acc at iteration 64: 0.9828571428571429
	Train acc at iteration 66: 0.9576923076923077
	Val acc at iteration 65: 0.9828571428571429
	Train acc at iteration 67: 0.958974358974359
	Val acc at iteration 66: 0.9828571428571429
	Train acc at iteration 68: 0.9641025641025641
	Val acc at iteration 67: 0.9828571428571429
	Train acc at iteration 69: 0.9628205128205128
	Val acc at iteration 68: 0.9828571428571429
	Train acc at iteration 70: 0.967948717948718
	Val acc at iteration 69: 0.9828571428571429
	Train acc at iteration 71: 0.9602564102564103
	Val acc at iteration 70: 0.9828571428571429
	Train acc at iteration 72: 0.9641025641025641
	Val acc at iteration 71: 0.9828571428571429
	Train acc at iteration 73: 0.9653846153846154
	Val acc at iteration 72: 0.9828571428571429
	Train acc at iteration 74: 0.958974358974359
	Val acc at iteration 73: 0.9828571428571429
	Train acc at iteration 75: 0.9717948717948718
	Val acc at iteration 74: 0.9828571428571429
	Train acc at iteration 76: 0.967948717948718
	Val acc at iteration 75: 0.9828571428571429
	Train acc at iteration 77: 0.958974358974359
	Val acc at iteration 76: 0.9828571428571429
	Train acc at iteration 78: 0.9692307692307692
	Val acc at iteration 77: 0.9828571428571429
	Train acc at iteration 79: 0.9653846153846154
	Val acc at iteration 78: 0.9828571428571429
	Train acc at iteration 80: 0.9551282051282052
	Val acc at iteration 79: 0.9828571428571429
/usr/local/lib/python3.10/dist-packages/sklearn/metrics/_classification.py:1344: UndefinedMetricWarning: Precision is ill-defined and being set to 0.0 in labels with no predicted samples. Use `zero_division` parameter to control this behavior.
  _warn_prf(average, modifier, msg_start, len(result))
/usr/local/lib/python3.10/dist-packages/sklearn/metrics/_classification.py:1344: UndefinedMetricWarning: Precision is ill-defined and being set to 0.0 in labels with no predicted samples. Use `zero_division` parameter to control this behavior.
  _warn_prf(average, modifier, msg_start, len(result))
Getting final train, validation, and test accuracy after training.
Calculating metrics

Train Accuracy: 0.967948717948718
 Train Precision: 0.9712301587301587
 Train Recall: 0.967948717948718
 Train F1: 0.9674274443505212

Validation Accuracy: 0.9840425531914894
 Validation Precision: 0.9775641025641025
 Validation Recall: 0.9839743589743589
 Validation F1: 0.9786324786324787

Test Accuracy: 0.96
 Test Precision: 0.9455128205128205
 Test Recall: 0.9615384615384616
 Test F1: 0.9508547008547007
Over 1 trials for all models evaluated in the grid search (could be >1 model), got average testing accuracy: 0.96, standard deviation: 0.0
Finished search.
