SLURM_JOB_ID: 1857329
SLURM_ARRAY_JOB_ID: 1857326
SLURM_ARRAY_TASK_ID: 2
SLURM_ARRAY_TASK_COUNT: 25
SLURM_ARRAY_TASK_MAX: 24
SLURM_ARRAY_TASK_MIN: 0
===========================================
/home/swaggoner/eDNA/protopnet
grtx-1.cluster
Sat Apr  6 02:02:05 EDT 2024
===========================================
13:4: not a valid test operator: (
13:4: not a valid test operator: 525.85.12

=============
== PyTorch ==
=============

NVIDIA Release 23.09 (build 69180607)
PyTorch Version 2.1.0a0+32f93b1

Container image Copyright (c) 2023, NVIDIA CORPORATION & AFFILIATES. All rights reserved.

Copyright (c) 2014-2023 Facebook Inc.
Copyright (c) 2011-2014 Idiap Research Institute (Ronan Collobert)
Copyright (c) 2012-2014 Deepmind Technologies    (Koray Kavukcuoglu)
Copyright (c) 2011-2012 NEC Laboratories America (Koray Kavukcuoglu)
Copyright (c) 2011-2013 NYU                      (Clement Farabet)
Copyright (c) 2006-2010 NEC Laboratories America (Ronan Collobert, Leon Bottou, Iain Melvin, Jason Weston)
Copyright (c) 2006      Idiap Research Institute (Samy Bengio)
Copyright (c) 2001-2004 Idiap Research Institute (Ronan Collobert, Samy Bengio, Johnny Mariethoz)
Copyright (c) 2015      Google Inc.
Copyright (c) 2015      Yangqing Jia
Copyright (c) 2013-2016 The Caffe contributors
All rights reserved.

Various files include modifications (c) NVIDIA CORPORATION & AFFILIATES.  All rights reserved.

This container image and its contents are governed by the NVIDIA Deep Learning Container License.
By pulling and using the container, you accept the terms and conditions of this license:
https://developer.nvidia.com/ngc/nvidia-deep-learning-container-license

WARNING: CUDA Minor Version Compatibility mode ENABLED.
  Using driver version 525.85.12 which has support for CUDA 12.0.  This container
  was built with CUDA 12.2 and will be run in Minor Version Compatibility mode.
  CUDA Forward Compatibility is preferred over Minor Version Compatibility for use
  with this container but was unavailable:
  [[]]
  See https://docs.nvidia.com/deploy/cuda-compatibility/ for details.

NOTE: Mellanox network driver detected, but NVIDIA peer memory driver not
      detected.  Multi-node communication performance may be reduced.

2024-04-06 02:02:30.306638: I tensorflow/tsl/cuda/cudart_stub.cc:28] Could not find cuda drivers on your machine, GPU will not be used.
2024-04-06 02:02:30.870958: E tensorflow/compiler/xla/stream_executor/cuda/cuda_dnn.cc:9342] Unable to register cuDNN factory: Attempting to register factory for plugin cuDNN when one has already been registered
2024-04-06 02:02:30.871008: E tensorflow/compiler/xla/stream_executor/cuda/cuda_fft.cc:609] Unable to register cuFFT factory: Attempting to register factory for plugin cuFFT when one has already been registered
2024-04-06 02:02:30.873975: E tensorflow/compiler/xla/stream_executor/cuda/cuda_blas.cc:1518] Unable to register cuBLAS factory: Attempting to register factory for plugin cuBLAS when one has already been registered
2024-04-06 02:02:31.228567: I tensorflow/core/platform/cpu_feature_guard.cc:182] This TensorFlow binary is optimized to use available CPU instructions in performance-critical operations.
To enable the following instructions: AVX2 FMA, in other operations, rebuild TensorFlow with the appropriate compiler flags.
0
comb_num: 2
arr_job_id: 1857326
job_id: -1
Oversampled shape: (748, 2)


Trial 1

training set size: 780
push set size: 748
test set size: 175
train batch size: 156
test batch size: 94
Hyperparameters: {'prototype_shape': [(468, 520, 29)], 'latent_weight': [0.95], 'num_warm_epochs': [35], 'push_start': [35], 'push_gap': [45], 'num_pushes': [3], 'crs_ent_weight': [1], 'clst_weight': [-1], 'sep_weight': [0.01], 'l1_weight': [5e-05], 'p0_warm_ptype_lr': [0.05], 'p0_warm_ptype_gamma': [0.75], 'p0_warm_ptype_step_size': [125], 'p1_last_layer_lr': [0.001], 'p1_last_layer_iterations': [80], 'p1_warm_ptype_lr': [0.05], 'p1_warm_ptype_gamma': [1], 'p1_warm_ptype_step_size': [25], 'p2_last_layer_lr': [0.001], 'p2_last_layer_iterations': [80], 'p2_warm_ptype_lr': [0.05], 'p2_warm_ptype_gamma': [0.9], 'p2_warm_ptype_step_size': [50], 'p3_last_layer_lr': [0.01], 'p3_last_layer_iterations': [80], 'p3_warm_ptype_lr': [0.025], 'p3_warm_ptype_gamma': [0.9], 'p3_warm_ptype_step_size': [50], 'p4_last_layer_lr': [0.007], 'p4_last_layer_iterations': [80], 'p4_warm_ptype_lr': [0.02], 'p4_warm_ptype_gamma': [0.9], 'p4_warm_ptype_step_size': [50], 'p5_last_layer_lr': [0.007], 'p5_last_layer_iterations': [80], 'joint_weight_decay': [0.0001], 'joint_lr_step_size': [25], 'joint_gamma': [0.7], 'joint_feature_lr': [0.1, 0.01, 0.001, 0.0001, 1e-05], 'joint_ptype_lr': [0.1, 0.01, 0.001, 0.0001, 1e-05]}


Checking hyperparameters: {'joint_feature_lr': [0.1, 0.01, 0.001, 0.0001, 1e-05], 'joint_ptype_lr': [0.1, 0.01, 0.001, 0.0001, 1e-05]}


Performing combination number 2


Exploring 25 hyperparameter combinations for grid search.


Attempting combination 3/25:
prototype_shape: (468, 520, 29)
latent_weight: 0.95
num_warm_epochs: 35
push_start: 35
push_gap: 45
num_pushes: 3
crs_ent_weight: 1
clst_weight: -1
sep_weight: 0.01
l1_weight: 5e-05
p0_warm_ptype_lr: 0.05
p0_warm_ptype_gamma: 0.75
p0_warm_ptype_step_size: 125
p1_last_layer_lr: 0.001
p1_last_layer_iterations: 80
p1_warm_ptype_lr: 0.05
p1_warm_ptype_gamma: 1
p1_warm_ptype_step_size: 25
p2_last_layer_lr: 0.001
p2_last_layer_iterations: 80
p2_warm_ptype_lr: 0.05
p2_warm_ptype_gamma: 0.9
p2_warm_ptype_step_size: 50
p3_last_layer_lr: 0.01
p3_last_layer_iterations: 80
p3_warm_ptype_lr: 0.025
p3_warm_ptype_gamma: 0.9
p3_warm_ptype_step_size: 50
p4_last_layer_lr: 0.007
p4_last_layer_iterations: 80
p4_warm_ptype_lr: 0.02
p4_warm_ptype_gamma: 0.9
p4_warm_ptype_step_size: 50
p5_last_layer_lr: 0.007
p5_last_layer_iterations: 80
joint_weight_decay: 0.0001
joint_lr_step_size: 25
joint_gamma: 0.7
joint_feature_lr: 0.1
joint_ptype_lr: 0.001



End epoch: 169
Val acc before epoch 0: 0.0
Warm optimizer lr: 0.05
Val acc before epoch 1: 0.30851063829787234
Warm optimizer lr: 0.05
Val acc before epoch 2: 0.5638297872340425
Warm optimizer lr: 0.05
Val acc before epoch 3: 0.7978723404255319
Warm optimizer lr: 0.05
Val acc before epoch 4: 0.8617021276595744
Warm optimizer lr: 0.05
Val acc before epoch 5: 0.8829787234042553
Warm optimizer lr: 0.05
Val acc before epoch 6: 0.8936170212765957
Warm optimizer lr: 0.05
Val acc before epoch 7: 0.9148936170212766
Warm optimizer lr: 0.05
Val acc before epoch 8: 0.9042553191489362
Warm optimizer lr: 0.05
Val acc before epoch 9: 0.925531914893617
Warm optimizer lr: 0.05
Val acc before epoch 10: 0.925531914893617
Warm optimizer lr: 0.05
Val acc before epoch 11: 0.925531914893617
Warm optimizer lr: 0.05
Val acc before epoch 12: 0.9361702127659575
Warm optimizer lr: 0.05
Val acc before epoch 13: 0.9574468085106383
Warm optimizer lr: 0.05
Val acc before epoch 14: 0.9468085106382979
Warm optimizer lr: 0.05
Val acc before epoch 15: 0.9361702127659575
Warm optimizer lr: 0.05
Val acc before epoch 16: 0.9361702127659575
Warm optimizer lr: 0.05
Val acc before epoch 17: 0.9574468085106383
Warm optimizer lr: 0.05
Val acc before epoch 18: 0.9148936170212766
Warm optimizer lr: 0.05
Val acc before epoch 19: 0.9787234042553191
Warm optimizer lr: 0.05
Val acc before epoch 20: 0.9574468085106383
Warm optimizer lr: 0.05
Val acc before epoch 21: 0.9574468085106383
Warm optimizer lr: 0.05
Val acc before epoch 22: 0.9148936170212766
Warm optimizer lr: 0.05
Val acc before epoch 23: 0.9468085106382979
Warm optimizer lr: 0.05
Val acc before epoch 24: 0.9574468085106383
Warm optimizer lr: 0.037500000000000006
Val acc before epoch 25: 0.9468085106382979
Warm optimizer lr: 0.05
Val acc before epoch 26: 0.9468085106382979
Warm optimizer lr: 0.05
Val acc before epoch 27: 0.9680851063829787
Warm optimizer lr: 0.05
Val acc before epoch 28: 0.9680851063829787
Warm optimizer lr: 0.05
Val acc before epoch 29: 0.9787234042553191
Warm optimizer lr: 0.05
Val acc before epoch 30: 0.9361702127659575
Warm optimizer lr: 0.05
Val acc before epoch 31: 0.9574468085106383
Warm optimizer lr: 0.05
Val acc before epoch 32: 0.9361702127659575
Warm optimizer lr: 0.05
Val acc before epoch 33: 0.9680851063829787
Warm optimizer lr: 0.05
Val acc before epoch 34: 0.9680851063829787
Warm optimizer lr: 0.05
Val acc before epoch 35: 0.9574468085106383
Push epoch at epoch 36.
Final validation accuracy before push 1: 0.9574468085106383
Push number 1





After push, before retraining last layer:
	Train acc: 0.8349358974358975
	Train Cluster: 0.6560692906379699
	Train Separation: 0.5067979991436005
(Directly after push 1) Val acc at iteration 0: 0.7446808510638298
Retraining last layer: 
Last layer lr: 0.001
	Val acc at iteration 0: 0.7872340425531915
	Val acc at iteration 1: 0.776595744680851
	Val acc at iteration 2: 0.8297872340425532
	Val acc at iteration 3: 0.7446808510638298
	Val acc at iteration 4: 0.723404255319149
	Val acc at iteration 5: 0.7659574468085106
	Val acc at iteration 6: 0.7872340425531915
	Val acc at iteration 7: 0.723404255319149
	Val acc at iteration 8: 0.7021276595744681
	Val acc at iteration 9: 0.776595744680851
	Val acc at iteration 10: 0.7446808510638298
	Val acc at iteration 11: 0.7446808510638298
	Val acc at iteration 12: 0.8191489361702128
	Val acc at iteration 13: 0.8191489361702128
	Val acc at iteration 14: 0.7978723404255319
	Val acc at iteration 15: 0.7659574468085106
	Val acc at iteration 16: 0.7659574468085106
	Val acc at iteration 17: 0.7872340425531915
	Val acc at iteration 18: 0.7446808510638298
	Val acc at iteration 19: 0.776595744680851
	Val acc at iteration 20: 0.8723404255319149
	Val acc at iteration 21: 0.8191489361702128
	Val acc at iteration 22: 0.7872340425531915
	Val acc at iteration 23: 0.7553191489361702
	Val acc at iteration 24: 0.776595744680851
	Val acc at iteration 25: 0.7872340425531915
	Val acc at iteration 26: 0.7978723404255319
	Val acc at iteration 27: 0.7872340425531915
	Val acc at iteration 28: 0.8404255319148937
	Val acc at iteration 29: 0.7872340425531915
	Val acc at iteration 30: 0.7446808510638298
	Val acc at iteration 31: 0.7872340425531915
	Val acc at iteration 32: 0.851063829787234
	Val acc at iteration 33: 0.776595744680851
	Val acc at iteration 34: 0.776595744680851
	Val acc at iteration 35: 0.7978723404255319
	Val acc at iteration 36: 0.776595744680851
	Val acc at iteration 37: 0.8297872340425532
	Val acc at iteration 38: 0.776595744680851
	Val acc at iteration 39: 0.851063829787234
	Val acc at iteration 40: 0.776595744680851
	Val acc at iteration 41: 0.8297872340425532
	Val acc at iteration 42: 0.7446808510638298
	Val acc at iteration 43: 0.7872340425531915
	Val acc at iteration 44: 0.8617021276595744
	Val acc at iteration 45: 0.7872340425531915
	Val acc at iteration 46: 0.7978723404255319
	Val acc at iteration 47: 0.8723404255319149
	Val acc at iteration 48: 0.8191489361702128
	Val acc at iteration 49: 0.8297872340425532
	Val acc at iteration 50: 0.8404255319148937
	Val acc at iteration 51: 0.8085106382978723
	Val acc at iteration 52: 0.7978723404255319
	Val acc at iteration 53: 0.7978723404255319
	Val acc at iteration 54: 0.776595744680851
	Val acc at iteration 55: 0.8085106382978723
	Val acc at iteration 56: 0.8404255319148937
	Val acc at iteration 57: 0.776595744680851
	Val acc at iteration 58: 0.7340425531914894
	Val acc at iteration 59: 0.8297872340425532
	Val acc at iteration 60: 0.8617021276595744
	Val acc at iteration 61: 0.7978723404255319
	Val acc at iteration 62: 0.7872340425531915
	Val acc at iteration 63: 0.7659574468085106
	Val acc at iteration 64: 0.776595744680851
	Val acc at iteration 65: 0.851063829787234
	Val acc at iteration 66: 0.851063829787234
	Val acc at iteration 67: 0.8297872340425532
	Val acc at iteration 68: 0.8085106382978723
	Val acc at iteration 69: 0.8085106382978723
	Val acc at iteration 70: 0.8404255319148937
	Val acc at iteration 71: 0.851063829787234
	Val acc at iteration 72: 0.8404255319148937
	Val acc at iteration 73: 0.8085106382978723
	Val acc at iteration 74: 0.8085106382978723
	Val acc at iteration 75: 0.851063829787234
	Val acc at iteration 76: 0.8404255319148937
	Val acc at iteration 77: 0.7872340425531915
	Val acc at iteration 78: 0.7978723404255319
	Val acc at iteration 79: 0.8085106382978723
Val acc before epoch 36: 0.8936170212765957
Joint optimizer lr: 0.1
Joint optimizer lr: 0.001
Val acc before epoch 37: 0.8723404255319149
Joint optimizer lr: 0.1
Joint optimizer lr: 0.001
Val acc before epoch 38: 0.8617021276595744
Joint optimizer lr: 0.1
Joint optimizer lr: 0.001
Val acc before epoch 39: 0.9042553191489362
Joint optimizer lr: 0.1
Joint optimizer lr: 0.001
Val acc before epoch 40: 0.8723404255319149
Joint optimizer lr: 0.06999999999999999
Joint optimizer lr: 0.0007
Val acc before epoch 41: 0.851063829787234
Joint optimizer lr: 0.06999999999999999
Joint optimizer lr: 0.0007
Val acc before epoch 42: 0.8723404255319149
Joint optimizer lr: 0.06999999999999999
Joint optimizer lr: 0.0007
Val acc before epoch 43: 0.8617021276595744
Joint optimizer lr: 0.06999999999999999
Joint optimizer lr: 0.0007
Val acc before epoch 44: 0.8829787234042553
Joint optimizer lr: 0.06999999999999999
Joint optimizer lr: 0.0007
Val acc before epoch 45: 0.9042553191489362
Joint optimizer lr: 0.048999999999999995
Joint optimizer lr: 0.00049
Val acc before epoch 46: 0.8617021276595744
Joint optimizer lr: 0.048999999999999995
Joint optimizer lr: 0.00049
Val acc before epoch 47: 0.8617021276595744
Joint optimizer lr: 0.048999999999999995
Joint optimizer lr: 0.00049
Val acc before epoch 48: 0.8723404255319149
Joint optimizer lr: 0.048999999999999995
Joint optimizer lr: 0.00049
Val acc before epoch 49: 0.8829787234042553
Joint optimizer lr: 0.048999999999999995
Joint optimizer lr: 0.00049
Val acc before epoch 50: 0.8723404255319149
Joint optimizer lr: 0.0343
Joint optimizer lr: 0.000343
Val acc before epoch 51: 0.9148936170212766
Joint optimizer lr: 0.0343
Joint optimizer lr: 0.000343
Val acc before epoch 52: 0.8936170212765957
Joint optimizer lr: 0.0343
Joint optimizer lr: 0.000343
Val acc before epoch 53: 0.8936170212765957
Joint optimizer lr: 0.0343
Joint optimizer lr: 0.000343
Val acc before epoch 54: 0.8829787234042553
Joint optimizer lr: 0.0343
Joint optimizer lr: 0.000343
Val acc before epoch 55: 0.925531914893617
Joint optimizer lr: 0.024009999999999997
Joint optimizer lr: 0.00024009999999999998
Val acc before epoch 56: 0.8829787234042553
Joint optimizer lr: 0.024009999999999997
Joint optimizer lr: 0.00024009999999999998
Val acc before epoch 57: 0.9042553191489362
Joint optimizer lr: 0.024009999999999997
Joint optimizer lr: 0.00024009999999999998
Val acc before epoch 58: 0.8936170212765957
Joint optimizer lr: 0.024009999999999997
Joint optimizer lr: 0.00024009999999999998
Val acc before epoch 59: 0.8723404255319149
Joint optimizer lr: 0.024009999999999997
Joint optimizer lr: 0.00024009999999999998
Val acc before epoch 60: 0.8829787234042553
Joint optimizer lr: 0.016806999999999996
Joint optimizer lr: 0.00016806999999999998
Val acc before epoch 61: 0.8404255319148937
Joint optimizer lr: 0.016806999999999996
Joint optimizer lr: 0.00016806999999999998
Val acc before epoch 62: 0.8723404255319149
Joint optimizer lr: 0.016806999999999996
Joint optimizer lr: 0.00016806999999999998
Val acc before epoch 63: 0.8936170212765957
Joint optimizer lr: 0.016806999999999996
Joint optimizer lr: 0.00016806999999999998
Val acc before epoch 64: 0.8936170212765957
Joint optimizer lr: 0.016806999999999996
Joint optimizer lr: 0.00016806999999999998
Val acc before epoch 65: 0.9042553191489362
Joint optimizer lr: 0.011764899999999997
Joint optimizer lr: 0.00011764899999999998
Val acc before epoch 66: 0.9148936170212766
Joint optimizer lr: 0.011764899999999997
Joint optimizer lr: 0.00011764899999999998
Val acc before epoch 67: 0.925531914893617
Joint optimizer lr: 0.011764899999999997
Joint optimizer lr: 0.00011764899999999998
Val acc before epoch 68: 0.8936170212765957
Joint optimizer lr: 0.011764899999999997
Joint optimizer lr: 0.00011764899999999998
Val acc before epoch 69: 0.8829787234042553
Joint optimizer lr: 0.011764899999999997
Joint optimizer lr: 0.00011764899999999998
Val acc before epoch 70: 0.9042553191489362
Joint optimizer lr: 0.008235429999999997
Joint optimizer lr: 8.235429999999999e-05
Val acc before epoch 71: 0.8829787234042553
Joint optimizer lr: 0.008235429999999997
Joint optimizer lr: 8.235429999999999e-05
Val acc before epoch 72: 0.925531914893617
Joint optimizer lr: 0.008235429999999997
Joint optimizer lr: 8.235429999999999e-05
Val acc before epoch 73: 0.8936170212765957
Joint optimizer lr: 0.008235429999999997
Joint optimizer lr: 8.235429999999999e-05
Val acc before epoch 74: 0.8829787234042553
Joint optimizer lr: 0.008235429999999997
Joint optimizer lr: 8.235429999999999e-05
Val acc before epoch 75: 0.9042553191489362
Joint optimizer lr: 0.005764800999999997
Joint optimizer lr: 5.764800999999999e-05
Val acc before epoch 76: 0.925531914893617
Joint optimizer lr: 0.005764800999999997
Joint optimizer lr: 5.764800999999999e-05
Val acc before epoch 77: 0.9042553191489362
Joint optimizer lr: 0.005764800999999997
Joint optimizer lr: 5.764800999999999e-05
Val acc before epoch 78: 0.8829787234042553
Joint optimizer lr: 0.005764800999999997
Joint optimizer lr: 5.764800999999999e-05
Val acc before epoch 79: 0.9148936170212766
Joint optimizer lr: 0.005764800999999997
Joint optimizer lr: 5.764800999999999e-05
Val acc before epoch 80: 0.9042553191489362
Push epoch at epoch 81.
Final validation accuracy before push 2: 0.9042553191489362
Push number 2





After push, before retraining last layer:
	Train acc: 0.8766025641025641
	Train Cluster: 0.6879513025283813
	Train Separation: 0.5485310196876526
(Directly after push 2) Val acc at iteration 0: 0.9148936170212766
Retraining last layer: 
Last layer lr: 0.001
	Val acc at iteration 0: 0.9042553191489362
	Val acc at iteration 1: 0.9042553191489362
	Val acc at iteration 2: 0.8617021276595744
	Val acc at iteration 3: 0.9042553191489362
	Val acc at iteration 4: 0.8723404255319149
	Val acc at iteration 5: 0.9042553191489362
	Val acc at iteration 6: 0.9148936170212766
	Saved, since above 90.00%
	Val acc at iteration 7: 0.8936170212765957
	Val acc at iteration 8: 0.9148936170212766
	Val acc at iteration 9: 0.8723404255319149
	Val acc at iteration 10: 0.8829787234042553
	Val acc at iteration 11: 0.8829787234042553
	Val acc at iteration 12: 0.9042553191489362
	Val acc at iteration 13: 0.8936170212765957
	Val acc at iteration 14: 0.8829787234042553
	Val acc at iteration 15: 0.8829787234042553
	Val acc at iteration 16: 0.8723404255319149
	Val acc at iteration 17: 0.9042553191489362
	Val acc at iteration 18: 0.8829787234042553
	Val acc at iteration 19: 0.8617021276595744
	Val acc at iteration 20: 0.8936170212765957
	Val acc at iteration 21: 0.8617021276595744
	Val acc at iteration 22: 0.8617021276595744
	Val acc at iteration 23: 0.925531914893617
	Saved, since above 90.00%
	Val acc at iteration 24: 0.8936170212765957
	Val acc at iteration 25: 0.8617021276595744
	Val acc at iteration 26: 0.925531914893617
	Saved, since accuracy 92.55% is higher than existing accuracy 92.55%
	Val acc at iteration 27: 0.9148936170212766
	Val acc at iteration 28: 0.8723404255319149
	Val acc at iteration 29: 0.9361702127659575
	Saved, since above 90.00%
	Val acc at iteration 30: 0.9042553191489362
	Val acc at iteration 31: 0.9042553191489362
	Val acc at iteration 32: 0.8617021276595744
	Val acc at iteration 33: 0.8723404255319149
	Val acc at iteration 34: 0.8936170212765957
	Val acc at iteration 35: 0.8617021276595744
	Val acc at iteration 36: 0.8723404255319149
	Val acc at iteration 37: 0.8936170212765957
	Val acc at iteration 38: 0.8617021276595744
	Val acc at iteration 39: 0.8936170212765957
	Val acc at iteration 40: 0.8723404255319149
	Val acc at iteration 41: 0.925531914893617
	Saved, since accuracy 92.55% is higher than existing accuracy 92.55%
	Val acc at iteration 42: 0.8936170212765957
	Val acc at iteration 43: 0.8936170212765957
	Val acc at iteration 44: 0.8829787234042553
	Val acc at iteration 45: 0.9042553191489362
	Val acc at iteration 46: 0.9042553191489362
	Val acc at iteration 47: 0.9042553191489362
	Val acc at iteration 48: 0.9361702127659575
	Val acc at iteration 49: 0.9042553191489362
	Val acc at iteration 50: 0.9361702127659575
	Val acc at iteration 51: 0.8723404255319149
	Val acc at iteration 52: 0.8936170212765957
	Val acc at iteration 53: 0.9468085106382979
	Saved, since above 90.00%
	Val acc at iteration 54: 0.9468085106382979
	Saved, since accuracy 94.68% is higher than existing accuracy 94.68%
	Val acc at iteration 55: 0.9148936170212766
	Val acc at iteration 56: 0.8936170212765957
	Val acc at iteration 57: 0.8936170212765957
	Val acc at iteration 58: 0.925531914893617
	Saved, since accuracy 92.55% is higher than existing accuracy 92.55%
	Val acc at iteration 59: 0.8829787234042553
	Val acc at iteration 60: 0.8829787234042553
	Val acc at iteration 61: 0.9042553191489362
	Val acc at iteration 62: 0.9042553191489362
	Val acc at iteration 63: 0.8617021276595744
	Val acc at iteration 64: 0.8936170212765957
	Val acc at iteration 65: 0.9361702127659575
	Val acc at iteration 66: 0.9148936170212766
	Val acc at iteration 67: 0.8936170212765957
	Val acc at iteration 68: 0.925531914893617
	Saved, since accuracy 92.55% is higher than existing accuracy 92.55%
	Val acc at iteration 69: 0.925531914893617
	Saved, since accuracy 92.55% is higher than existing accuracy 92.55%
	Val acc at iteration 70: 0.8829787234042553
	Val acc at iteration 71: 0.8723404255319149
	Val acc at iteration 72: 0.925531914893617
	Saved, since accuracy 92.55% is higher than existing accuracy 92.55%
	Val acc at iteration 73: 0.9148936170212766
	Val acc at iteration 74: 0.9042553191489362
	Val acc at iteration 75: 0.9042553191489362
	Val acc at iteration 76: 0.8936170212765957
	Val acc at iteration 77: 0.9148936170212766
	Val acc at iteration 78: 0.9148936170212766
	Val acc at iteration 79: 0.8829787234042553
Val acc before epoch 81: 0.9042553191489362
Joint optimizer lr: 0.004035360699999998
Joint optimizer lr: 4.035360699999999e-05
Val acc before epoch 82: 0.9042553191489362
Joint optimizer lr: 0.004035360699999998
Joint optimizer lr: 4.035360699999999e-05
Val acc before epoch 83: 0.9361702127659575
Joint optimizer lr: 0.004035360699999998
Joint optimizer lr: 4.035360699999999e-05
Val acc before epoch 84: 0.8936170212765957
Joint optimizer lr: 0.004035360699999998
Joint optimizer lr: 4.035360699999999e-05
Val acc before epoch 85: 0.9042553191489362
Joint optimizer lr: 0.004035360699999998
Joint optimizer lr: 4.035360699999999e-05
Val acc before epoch 86: 0.8617021276595744
Joint optimizer lr: 0.0028247524899999983
Joint optimizer lr: 2.8247524899999994e-05
Val acc before epoch 87: 0.9042553191489362
Joint optimizer lr: 0.0028247524899999983
Joint optimizer lr: 2.8247524899999994e-05
Val acc before epoch 88: 0.9148936170212766
Joint optimizer lr: 0.0028247524899999983
Joint optimizer lr: 2.8247524899999994e-05
Val acc before epoch 89: 0.8936170212765957
Joint optimizer lr: 0.0028247524899999983
Joint optimizer lr: 2.8247524899999994e-05
Val acc before epoch 90: 0.9042553191489362
Joint optimizer lr: 0.0028247524899999983
Joint optimizer lr: 2.8247524899999994e-05
Val acc before epoch 91: 0.9148936170212766
Joint optimizer lr: 0.0019773267429999985
Joint optimizer lr: 1.9773267429999995e-05
Val acc before epoch 92: 0.9042553191489362
Joint optimizer lr: 0.0019773267429999985
Joint optimizer lr: 1.9773267429999995e-05
Val acc before epoch 93: 0.9574468085106383
Joint optimizer lr: 0.0019773267429999985
Joint optimizer lr: 1.9773267429999995e-05
Val acc before epoch 94: 0.9148936170212766
Joint optimizer lr: 0.0019773267429999985
Joint optimizer lr: 1.9773267429999995e-05
Val acc before epoch 95: 0.9042553191489362
Joint optimizer lr: 0.0019773267429999985
Joint optimizer lr: 1.9773267429999995e-05
Val acc before epoch 96: 0.9042553191489362
Joint optimizer lr: 0.0013841287200999988
Joint optimizer lr: 1.3841287200999995e-05
Val acc before epoch 97: 0.9042553191489362
Joint optimizer lr: 0.0013841287200999988
Joint optimizer lr: 1.3841287200999995e-05
Val acc before epoch 98: 0.9148936170212766
Joint optimizer lr: 0.0013841287200999988
Joint optimizer lr: 1.3841287200999995e-05
Val acc before epoch 99: 0.9148936170212766
Joint optimizer lr: 0.0013841287200999988
Joint optimizer lr: 1.3841287200999995e-05
Val acc before epoch 100: 0.8829787234042553
Joint optimizer lr: 0.0013841287200999988
Joint optimizer lr: 1.3841287200999995e-05
Val acc before epoch 101: 0.9361702127659575
Joint optimizer lr: 0.0009688901040699991
Joint optimizer lr: 9.688901040699997e-06
Val acc before epoch 102: 0.9042553191489362
Joint optimizer lr: 0.0009688901040699991
Joint optimizer lr: 9.688901040699997e-06
Val acc before epoch 103: 0.9148936170212766
Joint optimizer lr: 0.0009688901040699991
Joint optimizer lr: 9.688901040699997e-06
Val acc before epoch 104: 0.9148936170212766
Joint optimizer lr: 0.0009688901040699991
Joint optimizer lr: 9.688901040699997e-06
Val acc before epoch 105: 0.8829787234042553
Joint optimizer lr: 0.0009688901040699991
Joint optimizer lr: 9.688901040699997e-06
Val acc before epoch 106: 0.8617021276595744
Joint optimizer lr: 0.0006782230728489993
Joint optimizer lr: 6.782230728489997e-06
Val acc before epoch 107: 0.8936170212765957
Joint optimizer lr: 0.0006782230728489993
Joint optimizer lr: 6.782230728489997e-06
Val acc before epoch 108: 0.9042553191489362
Joint optimizer lr: 0.0006782230728489993
Joint optimizer lr: 6.782230728489997e-06
Val acc before epoch 109: 0.8936170212765957
Joint optimizer lr: 0.0006782230728489993
Joint optimizer lr: 6.782230728489997e-06
Val acc before epoch 110: 0.9148936170212766
Joint optimizer lr: 0.0006782230728489993
Joint optimizer lr: 6.782230728489997e-06
Val acc before epoch 111: 0.8936170212765957
Joint optimizer lr: 0.0004747561509942995
Joint optimizer lr: 4.747561509942998e-06
Val acc before epoch 112: 0.9042553191489362
Joint optimizer lr: 0.0004747561509942995
Joint optimizer lr: 4.747561509942998e-06
Val acc before epoch 113: 0.9042553191489362
Joint optimizer lr: 0.0004747561509942995
Joint optimizer lr: 4.747561509942998e-06
Val acc before epoch 114: 0.925531914893617
Joint optimizer lr: 0.0004747561509942995
Joint optimizer lr: 4.747561509942998e-06
Val acc before epoch 115: 0.9148936170212766
Joint optimizer lr: 0.0004747561509942995
Joint optimizer lr: 4.747561509942998e-06
Val acc before epoch 116: 0.925531914893617
Joint optimizer lr: 0.0003323293056960096
Joint optimizer lr: 3.323293056960098e-06
Val acc before epoch 117: 0.9148936170212766
Joint optimizer lr: 0.0003323293056960096
Joint optimizer lr: 3.323293056960098e-06
Val acc before epoch 118: 0.8936170212765957
Joint optimizer lr: 0.0003323293056960096
Joint optimizer lr: 3.323293056960098e-06
Val acc before epoch 119: 0.8936170212765957
Joint optimizer lr: 0.0003323293056960096
Joint optimizer lr: 3.323293056960098e-06
Val acc before epoch 120: 0.8829787234042553
Joint optimizer lr: 0.0003323293056960096
Joint optimizer lr: 3.323293056960098e-06
Val acc before epoch 121: 0.9148936170212766
Joint optimizer lr: 0.0002326305139872067
Joint optimizer lr: 2.3263051398720685e-06
Val acc before epoch 122: 0.8723404255319149
Joint optimizer lr: 0.0002326305139872067
Joint optimizer lr: 2.3263051398720685e-06
Val acc before epoch 123: 0.851063829787234
Joint optimizer lr: 0.0002326305139872067
Joint optimizer lr: 2.3263051398720685e-06
Val acc before epoch 124: 0.925531914893617
Joint optimizer lr: 0.0002326305139872067
Joint optimizer lr: 2.3263051398720685e-06
Val acc before epoch 125: 0.9042553191489362
Push epoch at epoch 126.
Final validation accuracy before push 3: 0.9042553191489362
Push number 3





After push, before retraining last layer:
	Train acc: 0.9038461538461539
	Train Cluster: 0.7016074895858765
	Train Separation: 0.571337103843689
(Directly after push 3) Val acc at iteration 0: 0.9042553191489362
Retraining last layer: 
Last layer lr: 0.01
	Val acc at iteration 0: 0.8617021276595744
	Val acc at iteration 1: 0.851063829787234
	Val acc at iteration 2: 0.7872340425531915
	Val acc at iteration 3: 0.8191489361702128
	Val acc at iteration 4: 0.8297872340425532
	Val acc at iteration 5: 0.8723404255319149
	Val acc at iteration 6: 0.851063829787234
	Val acc at iteration 7: 0.8297872340425532
	Val acc at iteration 8: 0.8404255319148937
	Val acc at iteration 9: 0.8404255319148937
	Val acc at iteration 10: 0.9042553191489362
	Val acc at iteration 11: 0.8191489361702128
	Val acc at iteration 12: 0.8936170212765957
	Val acc at iteration 13: 0.9042553191489362
	Val acc at iteration 14: 0.8297872340425532
	Val acc at iteration 15: 0.8829787234042553
	Val acc at iteration 16: 0.8723404255319149
	Val acc at iteration 17: 0.8297872340425532
	Val acc at iteration 18: 0.8404255319148937
	Val acc at iteration 19: 0.8191489361702128
	Val acc at iteration 20: 0.8191489361702128
	Val acc at iteration 21: 0.8191489361702128
	Val acc at iteration 22: 0.8404255319148937
	Val acc at iteration 23: 0.8404255319148937
	Val acc at iteration 24: 0.851063829787234
	Val acc at iteration 25: 0.8085106382978723
	Val acc at iteration 26: 0.851063829787234
	Val acc at iteration 27: 0.8936170212765957
	Val acc at iteration 28: 0.8297872340425532
	Val acc at iteration 29: 0.8404255319148937
	Val acc at iteration 30: 0.9148936170212766
	Val acc at iteration 31: 0.9042553191489362
	Val acc at iteration 32: 0.8723404255319149
	Val acc at iteration 33: 0.8617021276595744
	Val acc at iteration 34: 0.925531914893617
	Saved, since accuracy 92.55% is higher than existing accuracy 92.55%
	Val acc at iteration 35: 0.8617021276595744
	Val acc at iteration 36: 0.8723404255319149
	Val acc at iteration 37: 0.8829787234042553
	Val acc at iteration 38: 0.8723404255319149
	Val acc at iteration 39: 0.9361702127659575
	Val acc at iteration 40: 0.8723404255319149
	Val acc at iteration 41: 0.8723404255319149
	Val acc at iteration 42: 0.8404255319148937
	Val acc at iteration 43: 0.9361702127659575
	Val acc at iteration 44: 0.9042553191489362
	Val acc at iteration 45: 0.8829787234042553
	Val acc at iteration 46: 0.8723404255319149
	Val acc at iteration 47: 0.8936170212765957
	Val acc at iteration 48: 0.9042553191489362
	Val acc at iteration 49: 0.8829787234042553
	Val acc at iteration 50: 0.8829787234042553
	Val acc at iteration 51: 0.9148936170212766
	Val acc at iteration 52: 0.8829787234042553
	Val acc at iteration 53: 0.925531914893617
	Saved, since accuracy 92.55% is higher than existing accuracy 92.55%
	Val acc at iteration 54: 0.851063829787234
	Val acc at iteration 55: 0.9042553191489362
	Val acc at iteration 56: 0.8829787234042553
	Val acc at iteration 57: 0.8617021276595744
	Val acc at iteration 58: 0.925531914893617
	Saved, since accuracy 92.55% is higher than existing accuracy 92.55%
	Val acc at iteration 59: 0.8936170212765957
	Val acc at iteration 60: 0.8936170212765957
	Val acc at iteration 61: 0.9042553191489362
	Val acc at iteration 62: 0.9042553191489362
	Val acc at iteration 63: 0.8829787234042553
	Val acc at iteration 64: 0.9361702127659575
	Val acc at iteration 65: 0.9148936170212766
	Val acc at iteration 66: 0.9042553191489362
	Val acc at iteration 67: 0.8617021276595744
	Val acc at iteration 68: 0.8936170212765957
	Val acc at iteration 69: 0.9148936170212766
	Val acc at iteration 70: 0.8617021276595744
	Val acc at iteration 71: 0.8617021276595744
	Val acc at iteration 72: 0.8617021276595744
	Val acc at iteration 73: 0.9042553191489362
	Val acc at iteration 74: 0.8829787234042553
	Val acc at iteration 75: 0.8936170212765957
	Val acc at iteration 76: 0.9042553191489362
	Val acc at iteration 77: 0.9574468085106383
	Saved, since accuracy 95.74% is higher than existing accuracy 95.74%
	Val acc at iteration 78: 0.9361702127659575
	Val acc at iteration 79: 0.9148936170212766
Val acc before epoch 126: 0.925531914893617
Joint optimizer lr: 0.0002326305139872067
Joint optimizer lr: 2.3263051398720685e-06
Val acc before epoch 127: 0.9468085106382979
Joint optimizer lr: 0.00016284135979104466
Joint optimizer lr: 1.6284135979104478e-06
Val acc before epoch 128: 0.9042553191489362
Joint optimizer lr: 0.00016284135979104466
Joint optimizer lr: 1.6284135979104478e-06
Val acc before epoch 129: 0.925531914893617
Joint optimizer lr: 0.00016284135979104466
Joint optimizer lr: 1.6284135979104478e-06
Val acc before epoch 130: 0.9148936170212766
Joint optimizer lr: 0.00016284135979104466
Joint optimizer lr: 1.6284135979104478e-06
Val acc before epoch 131: 0.9574468085106383
Joint optimizer lr: 0.00016284135979104466
Joint optimizer lr: 1.6284135979104478e-06
Val acc before epoch 132: 0.925531914893617
Joint optimizer lr: 0.00011398895185373126
Joint optimizer lr: 1.1398895185373134e-06
Val acc before epoch 133: 0.9361702127659575
Joint optimizer lr: 0.00011398895185373126
Joint optimizer lr: 1.1398895185373134e-06
Val acc before epoch 134: 0.9042553191489362
Joint optimizer lr: 0.00011398895185373126
Joint optimizer lr: 1.1398895185373134e-06
Val acc before epoch 135: 0.8936170212765957
Joint optimizer lr: 0.00011398895185373126
Joint optimizer lr: 1.1398895185373134e-06
Val acc before epoch 136: 0.8936170212765957
Joint optimizer lr: 0.00011398895185373126
Joint optimizer lr: 1.1398895185373134e-06
Val acc before epoch 137: 0.9148936170212766
Joint optimizer lr: 7.979226629761188e-05
Joint optimizer lr: 7.979226629761193e-07
Val acc before epoch 138: 0.9042553191489362
Joint optimizer lr: 7.979226629761188e-05
Joint optimizer lr: 7.979226629761193e-07
Val acc before epoch 139: 0.9042553191489362
Joint optimizer lr: 7.979226629761188e-05
Joint optimizer lr: 7.979226629761193e-07
Val acc before epoch 140: 0.9361702127659575
Joint optimizer lr: 7.979226629761188e-05
Joint optimizer lr: 7.979226629761193e-07
Val acc before epoch 141: 0.9361702127659575
Joint optimizer lr: 7.979226629761188e-05
Joint optimizer lr: 7.979226629761193e-07
Val acc before epoch 142: 0.9361702127659575
Joint optimizer lr: 5.5854586408328306e-05
Joint optimizer lr: 5.585458640832835e-07
Val acc before epoch 143: 0.9361702127659575
Joint optimizer lr: 5.5854586408328306e-05
Joint optimizer lr: 5.585458640832835e-07
Val acc before epoch 144: 0.925531914893617
Joint optimizer lr: 5.5854586408328306e-05
Joint optimizer lr: 5.585458640832835e-07
Val acc before epoch 145: 0.8936170212765957
Joint optimizer lr: 5.5854586408328306e-05
Joint optimizer lr: 5.585458640832835e-07
Val acc before epoch 146: 0.9148936170212766
Joint optimizer lr: 5.5854586408328306e-05
Joint optimizer lr: 5.585458640832835e-07
Val acc before epoch 147: 0.925531914893617
Joint optimizer lr: 3.909821048582981e-05
Joint optimizer lr: 3.9098210485829847e-07
Val acc before epoch 148: 0.9148936170212766
Joint optimizer lr: 3.909821048582981e-05
Joint optimizer lr: 3.9098210485829847e-07
Val acc before epoch 149: 0.9468085106382979
Joint optimizer lr: 3.909821048582981e-05
Joint optimizer lr: 3.9098210485829847e-07
Val acc before epoch 150: 0.925531914893617
Joint optimizer lr: 3.909821048582981e-05
Joint optimizer lr: 3.9098210485829847e-07
Val acc before epoch 151: 0.9361702127659575
Joint optimizer lr: 3.909821048582981e-05
Joint optimizer lr: 3.9098210485829847e-07
Val acc before epoch 152: 0.9148936170212766
Joint optimizer lr: 2.736874734008087e-05
Joint optimizer lr: 2.736874734008089e-07
Val acc before epoch 153: 0.8936170212765957
Joint optimizer lr: 2.736874734008087e-05
Joint optimizer lr: 2.736874734008089e-07
Val acc before epoch 154: 0.925531914893617
Joint optimizer lr: 2.736874734008087e-05
Joint optimizer lr: 2.736874734008089e-07
Val acc before epoch 155: 0.9042553191489362
Joint optimizer lr: 2.736874734008087e-05
Joint optimizer lr: 2.736874734008089e-07
Val acc before epoch 156: 0.9361702127659575
Joint optimizer lr: 2.736874734008087e-05
Joint optimizer lr: 2.736874734008089e-07
Val acc before epoch 157: 0.9148936170212766
Joint optimizer lr: 1.9158123138056608e-05
Joint optimizer lr: 1.9158123138056623e-07
Val acc before epoch 158: 0.9148936170212766
Joint optimizer lr: 1.9158123138056608e-05
Joint optimizer lr: 1.9158123138056623e-07
Val acc before epoch 159: 0.9680851063829787
Joint optimizer lr: 1.9158123138056608e-05
Joint optimizer lr: 1.9158123138056623e-07
Val acc before epoch 160: 0.9042553191489362
Joint optimizer lr: 1.9158123138056608e-05
Joint optimizer lr: 1.9158123138056623e-07
Val acc before epoch 161: 0.9148936170212766
Joint optimizer lr: 1.9158123138056608e-05
Joint optimizer lr: 1.9158123138056623e-07
Val acc before epoch 162: 0.9468085106382979
Joint optimizer lr: 1.3410686196639624e-05
Joint optimizer lr: 1.3410686196639635e-07
Val acc before epoch 163: 0.9148936170212766
Joint optimizer lr: 1.3410686196639624e-05
Joint optimizer lr: 1.3410686196639635e-07
Val acc before epoch 164: 0.925531914893617
Joint optimizer lr: 1.3410686196639624e-05
Joint optimizer lr: 1.3410686196639635e-07
Val acc before epoch 165: 0.9042553191489362
Joint optimizer lr: 1.3410686196639624e-05
Joint optimizer lr: 1.3410686196639635e-07
Val acc before epoch 166: 0.8936170212765957
Joint optimizer lr: 1.3410686196639624e-05
Joint optimizer lr: 1.3410686196639635e-07
Val acc before epoch 167: 0.925531914893617
Joint optimizer lr: 9.387480337647736e-06
Joint optimizer lr: 9.387480337647744e-08
Val acc before epoch 168: 0.9468085106382979
Joint optimizer lr: 9.387480337647736e-06
Joint optimizer lr: 9.387480337647744e-08
Val acc before epoch 169: 0.925531914893617
Stopping after epoch 170.
Final validation accuracy before push 4: 0.925531914893617





After push, before retraining last layer:
	Train acc: 0.905448717948718
	Train Cluster: 0.7019860029220581
	TrainSeparation: 0.5703758597373962
(Directly after push 4) Val acc at iteration 0: 0.9361702127659575
Retraining last layer
Last layer lr: 0.007
	Train acc at iteration 1: 0.905448717948718
	Val acc at iteration 0: 0.925531914893617
	Saved, since accuracy 92.55% is higher than existing accuracy 92.55%
	Train acc at iteration 2: 0.9086538461538461
	Val acc at iteration 1: 0.8617021276595744
	Train acc at iteration 3: 0.9166666666666666
	Val acc at iteration 2: 0.9468085106382979
	Saved, since accuracy 94.68% is higher than existing accuracy 94.68%
	Train acc at iteration 4: 0.8910256410256411
	Val acc at iteration 3: 0.9361702127659575
	Train acc at iteration 5: 0.9230769230769231
	Val acc at iteration 4: 0.925531914893617
	Saved, since accuracy 92.55% is higher than existing accuracy 92.55%
	Train acc at iteration 6: 0.9278846153846154
	Val acc at iteration 5: 0.9361702127659575
	Train acc at iteration 7: 0.907051282051282
	Val acc at iteration 6: 0.9148936170212766
	Train acc at iteration 8: 0.8990384615384616
	Val acc at iteration 7: 0.9361702127659575
	Train acc at iteration 9: 0.9182692307692307
	Val acc at iteration 8: 0.9468085106382979
	Saved, since accuracy 94.68% is higher than existing accuracy 94.68%
	Train acc at iteration 10: 0.907051282051282
	Val acc at iteration 9: 0.9361702127659575
	Train acc at iteration 11: 0.9214743589743589
	Val acc at iteration 10: 0.9361702127659575
	Train acc at iteration 12: 0.907051282051282
	Val acc at iteration 11: 0.9361702127659575
	Train acc at iteration 13: 0.9150641025641025
	Val acc at iteration 12: 0.9361702127659575
	Train acc at iteration 14: 0.9150641025641025
	Val acc at iteration 13: 0.9361702127659575
	Train acc at iteration 15: 0.9278846153846154
	Val acc at iteration 14: 0.8936170212765957
	Train acc at iteration 16: 0.8974358974358975
	Val acc at iteration 15: 0.9042553191489362
	Train acc at iteration 17: 0.9086538461538461
	Val acc at iteration 16: 0.925531914893617
	Saved, since accuracy 92.55% is higher than existing accuracy 92.55%
	Train acc at iteration 18: 0.9375
	Val acc at iteration 17: 0.925531914893617
	Saved, since accuracy 92.55% is higher than existing accuracy 92.55%
	Train acc at iteration 19: 0.9150641025641025
	Val acc at iteration 18: 0.9042553191489362
	Train acc at iteration 20: 0.8974358974358975
	Val acc at iteration 19: 0.9148936170212766
	Train acc at iteration 21: 0.9198717948717948
	Val acc at iteration 20: 0.9361702127659575
	Train acc at iteration 22: 0.9166666666666666
	Val acc at iteration 21: 0.8936170212765957
	Train acc at iteration 23: 0.9198717948717948
	Val acc at iteration 22: 0.9148936170212766
	Train acc at iteration 24: 0.9118589743589743
	Val acc at iteration 23: 0.9361702127659575
	Train acc at iteration 25: 0.9086538461538461
	Val acc at iteration 24: 0.9148936170212766
	Train acc at iteration 26: 0.9310897435897436
	Val acc at iteration 25: 0.8936170212765957
	Train acc at iteration 27: 0.9246794871794872
	Val acc at iteration 26: 0.8829787234042553
	Train acc at iteration 28: 0.9166666666666666
	Val acc at iteration 27: 0.925531914893617
	Saved, since accuracy 92.55% is higher than existing accuracy 92.55%
	Train acc at iteration 29: 0.9246794871794872
	Val acc at iteration 28: 0.925531914893617
	Saved, since accuracy 92.55% is higher than existing accuracy 92.55%
	Train acc at iteration 30: 0.9118589743589743
	Val acc at iteration 29: 0.9468085106382979
	Saved, since accuracy 94.68% is higher than existing accuracy 94.68%
	Train acc at iteration 31: 0.9118589743589743
	Val acc at iteration 30: 0.8936170212765957
	Train acc at iteration 32: 0.9358974358974359
	Val acc at iteration 31: 0.9148936170212766
	Train acc at iteration 33: 0.9230769230769231
	Val acc at iteration 32: 0.9361702127659575
	Train acc at iteration 34: 0.905448717948718
	Val acc at iteration 33: 0.9361702127659575
	Train acc at iteration 35: 0.9150641025641025
	Val acc at iteration 34: 0.9148936170212766
	Train acc at iteration 36: 0.9246794871794872
	Val acc at iteration 35: 0.9148936170212766
	Train acc at iteration 37: 0.9262820512820513
	Val acc at iteration 36: 0.925531914893617
	Saved, since accuracy 92.55% is higher than existing accuracy 92.55%
	Train acc at iteration 38: 0.907051282051282
	Val acc at iteration 37: 0.9042553191489362
	Train acc at iteration 39: 0.9423076923076923
	Val acc at iteration 38: 0.9361702127659575
	Train acc at iteration 40: 0.9198717948717948
	Val acc at iteration 39: 0.925531914893617
	Saved, since accuracy 92.55% is higher than existing accuracy 92.55%
	Train acc at iteration 41: 0.9166666666666666
	Val acc at iteration 40: 0.9361702127659575
	Train acc at iteration 42: 0.9278846153846154
	Val acc at iteration 41: 0.8723404255319149
	Train acc at iteration 43: 0.9246794871794872
	Val acc at iteration 42: 0.925531914893617
	Saved, since accuracy 92.55% is higher than existing accuracy 92.55%
	Train acc at iteration 44: 0.9294871794871795
	Val acc at iteration 43: 0.8936170212765957
	Train acc at iteration 45: 0.8974358974358975
	Val acc at iteration 44: 0.9468085106382979
	Saved, since accuracy 94.68% is higher than existing accuracy 94.68%
	Train acc at iteration 46: 0.9503205128205128
	Val acc at iteration 45: 0.9468085106382979
	Saved, since accuracy 94.68% is higher than existing accuracy 94.68%
	Train acc at iteration 47: 0.9230769230769231
	Val acc at iteration 46: 0.9574468085106383
	Saved, since accuracy 95.74% is higher than existing accuracy 95.74%
	Train acc at iteration 48: 0.9342948717948718
	Val acc at iteration 47: 0.8936170212765957
	Train acc at iteration 49: 0.9086538461538461
	Val acc at iteration 48: 0.9680851063829787
	Saved, since above 90.00%
	Train acc at iteration 50: 0.9310897435897436
	Val acc at iteration 49: 0.9042553191489362
	Train acc at iteration 51: 0.9166666666666666
	Val acc at iteration 50: 0.9680851063829787
	Train acc at iteration 52: 0.9166666666666666
	Val acc at iteration 51: 0.9042553191489362
	Train acc at iteration 53: 0.9134615384615384
	Val acc at iteration 52: 0.9361702127659575
	Train acc at iteration 54: 0.9198717948717948
	Val acc at iteration 53: 0.9574468085106383
	Saved, since accuracy 95.74% is higher than existing accuracy 95.74%
	Train acc at iteration 55: 0.9358974358974359
	Val acc at iteration 54: 0.925531914893617
	Saved, since accuracy 92.55% is higher than existing accuracy 92.55%
	Train acc at iteration 56: 0.9086538461538461
	Val acc at iteration 55: 0.9361702127659575
	Train acc at iteration 57: 0.9182692307692307
	Val acc at iteration 56: 0.925531914893617
	Saved, since accuracy 92.55% is higher than existing accuracy 92.55%
	Train acc at iteration 58: 0.9439102564102564
	Val acc at iteration 57: 0.9148936170212766
	Train acc at iteration 59: 0.9230769230769231
	Val acc at iteration 58: 0.9361702127659575
	Train acc at iteration 60: 0.9342948717948718
	Val acc at iteration 59: 0.9361702127659575
	Train acc at iteration 61: 0.9230769230769231
	Val acc at iteration 60: 0.925531914893617
	Saved, since accuracy 92.55% is higher than existing accuracy 92.55%
	Train acc at iteration 62: 0.9342948717948718
	Val acc at iteration 61: 0.925531914893617
	Saved, since accuracy 92.55% is higher than existing accuracy 92.55%
	Train acc at iteration 63: 0.9230769230769231
	Val acc at iteration 62: 0.9042553191489362
	Train acc at iteration 64: 0.9198717948717948
	Val acc at iteration 63: 0.9468085106382979
	Saved, since accuracy 94.68% is higher than existing accuracy 94.68%
	Train acc at iteration 65: 0.9230769230769231
	Val acc at iteration 64: 0.925531914893617
	Saved, since accuracy 92.55% is higher than existing accuracy 92.55%
	Train acc at iteration 66: 0.9326923076923077
	Val acc at iteration 65: 0.9042553191489362
	Train acc at iteration 67: 0.9391025641025641
	Val acc at iteration 66: 0.9361702127659575
	Train acc at iteration 68: 0.9342948717948718
	Val acc at iteration 67: 0.925531914893617
	Saved, since accuracy 92.55% is higher than existing accuracy 92.55%
	Train acc at iteration 69: 0.9262820512820513
	Val acc at iteration 68: 0.925531914893617
	Saved, since accuracy 92.55% is higher than existing accuracy 92.55%
	Train acc at iteration 70: 0.9214743589743589
	Val acc at iteration 69: 0.925531914893617
	Saved, since accuracy 92.55% is higher than existing accuracy 92.55%
	Train acc at iteration 71: 0.9214743589743589
	Val acc at iteration 70: 0.9042553191489362
	Train acc at iteration 72: 0.9310897435897436
	Val acc at iteration 71: 0.925531914893617
	Saved, since accuracy 92.55% is higher than existing accuracy 92.55%
	Train acc at iteration 73: 0.9246794871794872
	Val acc at iteration 72: 0.925531914893617
	Saved, since accuracy 92.55% is higher than existing accuracy 92.55%
	Train acc at iteration 74: 0.9342948717948718
	Val acc at iteration 73: 0.9574468085106383
	Saved, since accuracy 95.74% is higher than existing accuracy 95.74%
	Train acc at iteration 75: 0.9262820512820513
	Val acc at iteration 74: 0.925531914893617
	Saved, since accuracy 92.55% is higher than existing accuracy 92.55%
	Train acc at iteration 76: 0.9310897435897436
	Val acc at iteration 75: 0.9468085106382979
	Saved, since accuracy 94.68% is higher than existing accuracy 94.68%
	Train acc at iteration 77: 0.9455128205128205
	Val acc at iteration 76: 0.9148936170212766
	Train acc at iteration 78: 0.9150641025641025
	Val acc at iteration 77: 0.9361702127659575
	Train acc at iteration 79: 0.9150641025641025
	Val acc at iteration 78: 0.9680851063829787
	Train acc at iteration 80: 0.9230769230769231
	Val acc at iteration 79: 0.925531914893617
	Saved, since accuracy 92.55% is higher than existing accuracy 92.55%
Finished search.
