SLURM_JOB_ID: 2041277
SLURM_ARRAY_JOB_ID: 2041209
SLURM_ARRAY_TASK_ID: 20
SLURM_ARRAY_TASK_COUNT: 28
SLURM_ARRAY_TASK_MAX: 28
SLURM_ARRAY_TASK_MIN: 1
===========================================
/home/swaggoner/eDNA/protopnet
grtx-1.cluster
Thu Sep 12 08:17:25 EDT 2024
===========================================
13:4: not a valid test operator: (
13:4: not a valid test operator: 525.85.12

=============
== PyTorch ==
=============

NVIDIA Release 23.09 (build 69180607)
PyTorch Version 2.1.0a0+32f93b1

Container image Copyright (c) 2023, NVIDIA CORPORATION & AFFILIATES. All rights reserved.

Copyright (c) 2014-2023 Facebook Inc.
Copyright (c) 2011-2014 Idiap Research Institute (Ronan Collobert)
Copyright (c) 2012-2014 Deepmind Technologies    (Koray Kavukcuoglu)
Copyright (c) 2011-2012 NEC Laboratories America (Koray Kavukcuoglu)
Copyright (c) 2011-2013 NYU                      (Clement Farabet)
Copyright (c) 2006-2010 NEC Laboratories America (Ronan Collobert, Leon Bottou, Iain Melvin, Jason Weston)
Copyright (c) 2006      Idiap Research Institute (Samy Bengio)
Copyright (c) 2001-2004 Idiap Research Institute (Ronan Collobert, Samy Bengio, Johnny Mariethoz)
Copyright (c) 2015      Google Inc.
Copyright (c) 2015      Yangqing Jia
Copyright (c) 2013-2016 The Caffe contributors
All rights reserved.

Various files include modifications (c) NVIDIA CORPORATION & AFFILIATES.  All rights reserved.

This container image and its contents are governed by the NVIDIA Deep Learning Container License.
By pulling and using the container, you accept the terms and conditions of this license:
https://developer.nvidia.com/ngc/nvidia-deep-learning-container-license

WARNING: CUDA Minor Version Compatibility mode ENABLED.
  Using driver version 525.85.12 which has support for CUDA 12.0.  This container
  was built with CUDA 12.2 and will be run in Minor Version Compatibility mode.
  CUDA Forward Compatibility is preferred over Minor Version Compatibility for use
  with this container but was unavailable:
  [[]]
  See https://docs.nvidia.com/deploy/cuda-compatibility/ for details.

NOTE: Mellanox network driver detected, but NVIDIA peer memory driver not
      detected.  Multi-node communication performance may be reduced.

Available CUDA devices: 0
comb_num: 20
arr_job_id: 2041209
job_id: -1

Training on train_noise 1 and test_noise 0
Training on ../datasets/train_same_as_zurich_oversampled_t70_noise-0_thresh-2.csv
Testing on ../datasets/test_same_as_zurich_t70_noise-0_thresh-2.csv
testRandomInsertions: [0, 0]
testRandomDeletions: [0, 0]
testMutationRate: 0
trainRandomInsertions: [0, 2]
trainRandomDeletions: [0, 2]
trainMutationRate: 0.05
All classes in the test set are present in the training set.
Before oversampling:
------------------------------------------------------------
Number of sequences:                                      780
Number of distinct species_cat                            156
Average number of sequences per species_cat             5.00
Range in the number of sequences per species_cat           0
------------------------------------------------------------
Oversampled shape: (780, 10)


Trial 1

training set size: 780
push set size: 936
test set size: 175
train batch size: 156
test batch size: 35
Hyperparameters: {'prototype_shape': [(468, 520, 5)], 'latent_weight': [0.7], 'num_warm_epochs': [65], 'push_start': [20, 40, 60, 80], 'push_gap': [15, 30, 45, 60, 75, 90, 105], 'num_pushes': [4], 'crs_ent_weight': [1], 'clst_weight': [-1], 'sep_weight': [0.3], 'l1_weight': [1e-05], 'p0_warm_ptype_lr': [0.05], 'p0_warm_ptype_gamma': [0.75], 'p0_warm_ptype_step_size': [125], 'p1_last_layer_lr': [0.001], 'p1_last_layer_iterations': [15], 'p1_warm_ptype_lr': [0.05], 'p1_warm_ptype_gamma': [0.9], 'p1_warm_ptype_step_size': [50], 'p2_last_layer_lr': [0.008], 'p2_last_layer_iterations': [20], 'p2_warm_ptype_lr': [0.05], 'p2_warm_ptype_gamma': [0.9], 'p2_warm_ptype_step_size': [50], 'p3_last_layer_lr': [0.01], 'p3_last_layer_iterations': [20], 'p3_warm_ptype_lr': [0.025], 'p3_warm_ptype_gamma': [0.9], 'p3_warm_ptype_step_size': [50], 'p4_last_layer_lr': [0.0005], 'p4_last_layer_iterations': [20], 'p4_warm_ptype_lr': [0.02], 'p4_warm_ptype_gamma': [0.9], 'p4_warm_ptype_step_size': [50], 'p5_last_layer_lr': [0.0001], 'p5_last_layer_iterations': [15], 'joint_weight_decay': [5e-06], 'joint_lr_step_size': [7], 'joint_gamma': [0.7], 'joint_feature_lr': [0.0005], 'joint_ptype_lr': [0.01]}


Checking hyperparameters: {'push_start': [20, 40, 60, 80], 'push_gap': [15, 30, 45, 60, 75, 90, 105]}


Performing combination number 20 trial 0


Exploring 28 hyperparameter combination(s) for grid search.


Attempting combination 20/28:
prototype_shape: (468, 520, 5)
latent_weight: 0.7
num_warm_epochs: 65
push_start: 60
push_gap: 90
num_pushes: 4
crs_ent_weight: 1
clst_weight: -1
sep_weight: 0.3
l1_weight: 1e-05
p0_warm_ptype_lr: 0.05
p0_warm_ptype_gamma: 0.75
p0_warm_ptype_step_size: 125
p1_last_layer_lr: 0.001
p1_last_layer_iterations: 15
p1_warm_ptype_lr: 0.05
p1_warm_ptype_gamma: 0.9
p1_warm_ptype_step_size: 50
p2_last_layer_lr: 0.008
p2_last_layer_iterations: 20
p2_warm_ptype_lr: 0.05
p2_warm_ptype_gamma: 0.9
p2_warm_ptype_step_size: 50
p3_last_layer_lr: 0.01
p3_last_layer_iterations: 20
p3_warm_ptype_lr: 0.025
p3_warm_ptype_gamma: 0.9
p3_warm_ptype_step_size: 50
p4_last_layer_lr: 0.0005
p4_last_layer_iterations: 20
p4_warm_ptype_lr: 0.02
p4_warm_ptype_gamma: 0.9
p4_warm_ptype_step_size: 50
p5_last_layer_lr: 0.0001
p5_last_layer_iterations: 15
joint_weight_decay: 5e-06
joint_lr_step_size: 7
joint_gamma: 0.7
joint_feature_lr: 0.0005
joint_ptype_lr: 0.01



End epoch: 419
Val acc before epoch 0: 0.014285714285714285
Warm optimizer lr: 0.05
Val acc before epoch 1: 0.07142857142857142
Warm optimizer lr: 0.05
Val acc before epoch 2: 0.22142857142857142
Warm optimizer lr: 0.05
Val acc before epoch 3: 0.2785714285714286
Warm optimizer lr: 0.05
Val acc before epoch 4: 0.2571428571428571
Warm optimizer lr: 0.05
Val acc before epoch 5: 0.2785714285714286
Warm optimizer lr: 0.05
Val acc before epoch 6: 0.35714285714285715
Warm optimizer lr: 0.05
Val acc before epoch 7: 0.42857142857142855
Warm optimizer lr: 0.05
Val acc before epoch 8: 0.45
Warm optimizer lr: 0.05
Val acc before epoch 9: 0.45714285714285713
Warm optimizer lr: 0.05
Val acc before epoch 10: 0.5285714285714286
Warm optimizer lr: 0.05
Val acc before epoch 11: 0.5857142857142857
Warm optimizer lr: 0.05
Val acc before epoch 12: 0.6428571428571429
Warm optimizer lr: 0.05
Val acc before epoch 13: 0.6714285714285714
Warm optimizer lr: 0.05
Val acc before epoch 14: 0.7142857142857143
Warm optimizer lr: 0.05
Val acc before epoch 15: 0.7428571428571429
Warm optimizer lr: 0.05
Val acc before epoch 16: 0.7571428571428571
Warm optimizer lr: 0.05
Val acc before epoch 17: 0.7714285714285715
Warm optimizer lr: 0.05
Val acc before epoch 18: 0.8
Warm optimizer lr: 0.05
Val acc before epoch 19: 0.8357142857142857
Warm optimizer lr: 0.05
Val acc before epoch 20: 0.8428571428571429
Warm optimizer lr: 0.05
Val acc before epoch 21: 0.8428571428571429
Warm optimizer lr: 0.05
Val acc before epoch 22: 0.85
Warm optimizer lr: 0.05
Val acc before epoch 23: 0.85
Warm optimizer lr: 0.05
Val acc before epoch 24: 0.8571428571428571
Warm optimizer lr: 0.037500000000000006
Val acc before epoch 25: 0.85
Warm optimizer lr: 0.05
Val acc before epoch 26: 0.8571428571428571
Warm optimizer lr: 0.05
Val acc before epoch 27: 0.8714285714285714
Warm optimizer lr: 0.05
Val acc before epoch 28: 0.8785714285714286
Warm optimizer lr: 0.05
Val acc before epoch 29: 0.8714285714285714
Warm optimizer lr: 0.05
Val acc before epoch 30: 0.8714285714285714
Warm optimizer lr: 0.05
Val acc before epoch 31: 0.9071428571428571
Warm optimizer lr: 0.05
Val acc before epoch 32: 0.9142857142857143
Warm optimizer lr: 0.05
Val acc before epoch 33: 0.9142857142857143
Warm optimizer lr: 0.05
Val acc before epoch 34: 0.9142857142857143
Warm optimizer lr: 0.05
Val acc before epoch 35: 0.9214285714285714
Warm optimizer lr: 0.05
Val acc before epoch 36: 0.9071428571428571
Warm optimizer lr: 0.05
Val acc before epoch 37: 0.9142857142857143
Warm optimizer lr: 0.05
Val acc before epoch 38: 0.9071428571428571
Warm optimizer lr: 0.05
Val acc before epoch 39: 0.9071428571428571
Warm optimizer lr: 0.05
Val acc before epoch 40: 0.9071428571428571
Warm optimizer lr: 0.05
Val acc before epoch 41: 0.9071428571428571
Warm optimizer lr: 0.05
Val acc before epoch 42: 0.9071428571428571
Warm optimizer lr: 0.05
Val acc before epoch 43: 0.9071428571428571
Warm optimizer lr: 0.05
Val acc before epoch 44: 0.9
Warm optimizer lr: 0.05
Val acc before epoch 45: 0.9071428571428571
Warm optimizer lr: 0.05
Val acc before epoch 46: 0.9142857142857143
Warm optimizer lr: 0.05
Val acc before epoch 47: 0.9142857142857143
Warm optimizer lr: 0.05
Val acc before epoch 48: 0.9071428571428571
Warm optimizer lr: 0.05
Val acc before epoch 49: 0.9071428571428571
Warm optimizer lr: 0.037500000000000006
Val acc before epoch 50: 0.9071428571428571
Warm optimizer lr: 0.05
Val acc before epoch 51: 0.9071428571428571
Warm optimizer lr: 0.05
Val acc before epoch 52: 0.9
Warm optimizer lr: 0.05
Val acc before epoch 53: 0.8928571428571429
Warm optimizer lr: 0.05
Val acc before epoch 54: 0.8928571428571429
Warm optimizer lr: 0.05
Val acc before epoch 55: 0.9
Warm optimizer lr: 0.05
Val acc before epoch 56: 0.8928571428571429
Warm optimizer lr: 0.05
Val acc before epoch 57: 0.9
Warm optimizer lr: 0.05
Val acc before epoch 58: 0.9071428571428571
Warm optimizer lr: 0.05
Val acc before epoch 59: 0.9
Warm optimizer lr: 0.05
Val acc before epoch 60: 0.9142857142857143
Push epoch at epoch 61.
Final validation accuracy before push 1: 0.9142857142857143
Push number 1












After push, before retraining last layer:
	Train acc: 0.5753205128205128
	Train Cluster: 0.8647897481918335
	Train Separation: 0.8858666062355042
(Directly after push 1) Val acc at iteration 0: 0.8785714285714286
Retraining last layer: 
Last layer lr: 0.001
	Val acc at iteration 0: 0.8214285714285714
	Val acc at iteration 1: 0.8857142857142857
	Val acc at iteration 2: 0.8857142857142857
	Val acc at iteration 3: 0.9142857142857143
	Val acc at iteration 4: 0.9214285714285714
	Val acc at iteration 5: 0.9071428571428571
	Val acc at iteration 6: 0.9
	Val acc at iteration 7: 0.9
	Val acc at iteration 8: 0.9142857142857143
	Val acc at iteration 9: 0.9142857142857143
	Val acc at iteration 10: 0.9214285714285714
	Val acc at iteration 11: 0.9071428571428571
	Val acc at iteration 12: 0.9071428571428571
	Val acc at iteration 13: 0.9142857142857143
	Val acc at iteration 14: 0.9071428571428571
Val acc before epoch 61: 0.9071428571428571
Warm optimizer lr: 0.05
Val acc before epoch 62: 0.9357142857142857
Warm optimizer lr: 0.05
Val acc before epoch 63: 0.9142857142857143
Warm optimizer lr: 0.05
Val acc before epoch 64: 0.9071428571428571
Warm optimizer lr: 0.05
Val acc before epoch 65: 0.9142857142857143
Joint optimizer lr: 0.0005
Joint optimizer lr: 0.01
Val acc before epoch 66: 0.9071428571428571
Joint optimizer lr: 0.00035
Joint optimizer lr: 0.006999999999999999
Val acc before epoch 67: 0.9214285714285714
Joint optimizer lr: 0.000245
Joint optimizer lr: 0.004899999999999999
Val acc before epoch 68: 0.9214285714285714
Joint optimizer lr: 0.000245
Joint optimizer lr: 0.004899999999999999
Val acc before epoch 69: 0.9214285714285714
Joint optimizer lr: 0.0001715
Joint optimizer lr: 0.003429999999999999
Val acc before epoch 70: 0.9214285714285714
Joint optimizer lr: 0.00012004999999999999
Joint optimizer lr: 0.002400999999999999
Val acc before epoch 71: 0.9214285714285714
Joint optimizer lr: 8.403499999999999e-05
Joint optimizer lr: 0.0016806999999999992
Val acc before epoch 72: 0.9214285714285714
Joint optimizer lr: 8.403499999999999e-05
Joint optimizer lr: 0.0016806999999999992
Val acc before epoch 73: 0.9214285714285714
Joint optimizer lr: 5.882449999999999e-05
Joint optimizer lr: 0.0011764899999999994
Val acc before epoch 74: 0.9214285714285714
Joint optimizer lr: 4.117714999999999e-05
Joint optimizer lr: 0.0008235429999999996
Val acc before epoch 75: 0.9214285714285714
Joint optimizer lr: 4.117714999999999e-05
Joint optimizer lr: 0.0008235429999999996
Val acc before epoch 76: 0.9214285714285714
Joint optimizer lr: 2.8824004999999994e-05
Joint optimizer lr: 0.0005764800999999997
Val acc before epoch 77: 0.9214285714285714
Joint optimizer lr: 2.0176803499999996e-05
Joint optimizer lr: 0.00040353606999999974
Val acc before epoch 78: 0.9214285714285714
Joint optimizer lr: 1.4123762449999997e-05
Joint optimizer lr: 0.0002824752489999998
Val acc before epoch 79: 0.9214285714285714
Joint optimizer lr: 1.4123762449999997e-05
Joint optimizer lr: 0.0002824752489999998
Val acc before epoch 80: 0.9214285714285714
Joint optimizer lr: 9.886633714999997e-06
Joint optimizer lr: 0.00019773267429999984
Val acc before epoch 81: 0.9214285714285714
Joint optimizer lr: 6.920643600499998e-06
Joint optimizer lr: 0.00013841287200999988
Val acc before epoch 82: 0.9214285714285714
Joint optimizer lr: 6.920643600499998e-06
Joint optimizer lr: 0.00013841287200999988
Val acc before epoch 83: 0.9214285714285714
Joint optimizer lr: 4.844450520349998e-06
Joint optimizer lr: 9.688901040699991e-05
Val acc before epoch 84: 0.9214285714285714
Joint optimizer lr: 3.3911153642449986e-06
Joint optimizer lr: 6.782230728489993e-05
Val acc before epoch 85: 0.9214285714285714
Joint optimizer lr: 2.373780754971499e-06
Joint optimizer lr: 4.747561509942995e-05
Val acc before epoch 86: 0.9214285714285714
Joint optimizer lr: 2.373780754971499e-06
Joint optimizer lr: 4.747561509942995e-05
Val acc before epoch 87: 0.9214285714285714
Joint optimizer lr: 1.661646528480049e-06
Joint optimizer lr: 3.323293056960096e-05
Val acc before epoch 88: 0.9214285714285714
Joint optimizer lr: 1.1631525699360342e-06
Joint optimizer lr: 2.3263051398720672e-05
Val acc before epoch 89: 0.9214285714285714
Joint optimizer lr: 1.1631525699360342e-06
Joint optimizer lr: 2.3263051398720672e-05
Val acc before epoch 90: 0.9214285714285714
Joint optimizer lr: 8.142067989552239e-07
Joint optimizer lr: 1.628413597910447e-05
Val acc before epoch 91: 0.9214285714285714
Joint optimizer lr: 5.699447592686567e-07
Joint optimizer lr: 1.1398895185373128e-05
Val acc before epoch 92: 0.9214285714285714
Joint optimizer lr: 3.989613314880597e-07
Joint optimizer lr: 7.97922662976119e-06
Val acc before epoch 93: 0.9214285714285714
Joint optimizer lr: 3.989613314880597e-07
Joint optimizer lr: 7.97922662976119e-06
Val acc before epoch 94: 0.9214285714285714
Joint optimizer lr: 2.7927293204164176e-07
Joint optimizer lr: 5.5854586408328325e-06
Val acc before epoch 95: 0.9214285714285714
Joint optimizer lr: 1.9549105242914923e-07
Joint optimizer lr: 3.909821048582983e-06
Val acc before epoch 96: 0.9214285714285714
Joint optimizer lr: 1.9549105242914923e-07
Joint optimizer lr: 3.909821048582983e-06
Val acc before epoch 97: 0.9214285714285714
Joint optimizer lr: 1.3684373670040445e-07
Joint optimizer lr: 2.7368747340080875e-06
Val acc before epoch 98: 0.9214285714285714
Joint optimizer lr: 9.579061569028311e-08
Joint optimizer lr: 1.9158123138056613e-06
Val acc before epoch 99: 0.9214285714285714
Joint optimizer lr: 6.705343098319818e-08
Joint optimizer lr: 1.3410686196639628e-06
Val acc before epoch 100: 0.9214285714285714
Joint optimizer lr: 6.705343098319818e-08
Joint optimizer lr: 1.3410686196639628e-06
Val acc before epoch 101: 0.9214285714285714
Joint optimizer lr: 4.693740168823872e-08
Joint optimizer lr: 9.38748033764774e-07
Val acc before epoch 102: 0.9214285714285714
Joint optimizer lr: 3.28561811817671e-08
Joint optimizer lr: 6.571236236353417e-07
Val acc before epoch 103: 0.9214285714285714
Joint optimizer lr: 3.28561811817671e-08
Joint optimizer lr: 6.571236236353417e-07
Val acc before epoch 104: 0.9214285714285714
Joint optimizer lr: 2.2999326827236968e-08
Joint optimizer lr: 4.5998653654473913e-07
Val acc before epoch 105: 0.9214285714285714
Joint optimizer lr: 1.6099528779065876e-08
Joint optimizer lr: 3.219905755813174e-07
Val acc before epoch 106: 0.9214285714285714
Joint optimizer lr: 1.1269670145346112e-08
Joint optimizer lr: 2.2539340290692216e-07
Val acc before epoch 107: 0.9214285714285714
Joint optimizer lr: 1.1269670145346112e-08
Joint optimizer lr: 2.2539340290692216e-07
Val acc before epoch 108: 0.9214285714285714
Joint optimizer lr: 7.888769101742278e-09
Joint optimizer lr: 1.577753820348455e-07
Val acc before epoch 109: 0.9214285714285714
Joint optimizer lr: 5.522138371219595e-09
Joint optimizer lr: 1.1044276742439185e-07
Val acc before epoch 110: 0.9214285714285714
Joint optimizer lr: 5.522138371219595e-09
Joint optimizer lr: 1.1044276742439185e-07
Val acc before epoch 111: 0.9214285714285714
Joint optimizer lr: 3.865496859853716e-09
Joint optimizer lr: 7.730993719707429e-08
Val acc before epoch 112: 0.9214285714285714
Joint optimizer lr: 2.705847801897601e-09
Joint optimizer lr: 5.4116956037952e-08
Val acc before epoch 113: 0.9214285714285714
Joint optimizer lr: 1.8940934613283207e-09
Joint optimizer lr: 3.78818692265664e-08
Val acc before epoch 114: 0.9214285714285714
Joint optimizer lr: 1.8940934613283207e-09
Joint optimizer lr: 3.78818692265664e-08
Val acc before epoch 115: 0.9214285714285714
Joint optimizer lr: 1.3258654229298245e-09
Joint optimizer lr: 2.651730845859648e-08
Val acc before epoch 116: 0.9214285714285714
Joint optimizer lr: 9.28105796050877e-10
Joint optimizer lr: 1.8562115921017534e-08
Val acc before epoch 117: 0.9214285714285714
Joint optimizer lr: 9.28105796050877e-10
Joint optimizer lr: 1.8562115921017534e-08
Val acc before epoch 118: 0.9214285714285714
Joint optimizer lr: 6.496740572356139e-10
Joint optimizer lr: 1.2993481144712274e-08
Val acc before epoch 119: 0.9214285714285714
Joint optimizer lr: 4.547718400649297e-10
Joint optimizer lr: 9.095436801298591e-09
Val acc before epoch 120: 0.9214285714285714
Joint optimizer lr: 3.1834028804545075e-10
Joint optimizer lr: 6.3668057609090136e-09
Val acc before epoch 121: 0.9214285714285714
Joint optimizer lr: 3.1834028804545075e-10
Joint optimizer lr: 6.3668057609090136e-09
Val acc before epoch 122: 0.9214285714285714
Joint optimizer lr: 2.228382016318155e-10
Joint optimizer lr: 4.456764032636309e-09
Val acc before epoch 123: 0.9214285714285714
Joint optimizer lr: 1.5598674114227085e-10
Joint optimizer lr: 3.1197348228454164e-09
Val acc before epoch 124: 0.9214285714285714
Joint optimizer lr: 1.5598674114227085e-10
Joint optimizer lr: 3.1197348228454164e-09
Val acc before epoch 125: 0.9214285714285714
Joint optimizer lr: 1.0919071879958959e-10
Joint optimizer lr: 2.1838143759917915e-09
Val acc before epoch 126: 0.9214285714285714
Joint optimizer lr: 7.64335031597127e-11
Joint optimizer lr: 1.528670063194254e-09
Val acc before epoch 127: 0.9214285714285714
Joint optimizer lr: 5.350345221179889e-11
Joint optimizer lr: 1.0700690442359777e-09
Val acc before epoch 128: 0.9214285714285714
Joint optimizer lr: 5.350345221179889e-11
Joint optimizer lr: 1.0700690442359777e-09
Val acc before epoch 129: 0.9214285714285714
Joint optimizer lr: 3.745241654825922e-11
Joint optimizer lr: 7.490483309651843e-10
Val acc before epoch 130: 0.9214285714285714
Joint optimizer lr: 2.6216691583781454e-11
Joint optimizer lr: 5.24333831675629e-10
Val acc before epoch 131: 0.9214285714285714
Joint optimizer lr: 2.6216691583781454e-11
Joint optimizer lr: 5.24333831675629e-10
Val acc before epoch 132: 0.9214285714285714
Joint optimizer lr: 1.8351684108647016e-11
Joint optimizer lr: 3.6703368217294027e-10
Val acc before epoch 133: 0.9214285714285714
Joint optimizer lr: 1.284617887605291e-11
Joint optimizer lr: 2.5692357752105815e-10
Val acc before epoch 134: 0.9214285714285714
Joint optimizer lr: 8.992325213237036e-12
Joint optimizer lr: 1.7984650426474068e-10
Val acc before epoch 135: 0.9214285714285714
Joint optimizer lr: 8.992325213237036e-12
Joint optimizer lr: 1.7984650426474068e-10
Val acc before epoch 136: 0.9214285714285714
Joint optimizer lr: 6.294627649265925e-12
Joint optimizer lr: 1.2589255298531846e-10
Val acc before epoch 137: 0.9214285714285714
Joint optimizer lr: 4.4062393544861475e-12
Joint optimizer lr: 8.812478708972292e-11
Val acc before epoch 138: 0.9214285714285714
Joint optimizer lr: 4.4062393544861475e-12
Joint optimizer lr: 8.812478708972292e-11
Val acc before epoch 139: 0.9214285714285714
Joint optimizer lr: 3.0843675481403032e-12
Joint optimizer lr: 6.168735096280604e-11
Val acc before epoch 140: 0.9214285714285714
Joint optimizer lr: 2.159057283698212e-12
Joint optimizer lr: 4.3181145673964224e-11
Val acc before epoch 141: 0.9214285714285714
Joint optimizer lr: 1.5113400985887482e-12
Joint optimizer lr: 3.0226801971774954e-11
Val acc before epoch 142: 0.9214285714285714
Joint optimizer lr: 1.5113400985887482e-12
Joint optimizer lr: 3.0226801971774954e-11
Val acc before epoch 143: 0.9214285714285714
Joint optimizer lr: 1.0579380690121237e-12
Joint optimizer lr: 2.1158761380242465e-11
Val acc before epoch 144: 0.9214285714285714
Joint optimizer lr: 7.405566483084865e-13
Joint optimizer lr: 1.4811132966169725e-11
Val acc before epoch 145: 0.9214285714285714
Joint optimizer lr: 7.405566483084865e-13
Joint optimizer lr: 1.4811132966169725e-11
Val acc before epoch 146: 0.9214285714285714
Joint optimizer lr: 5.183896538159405e-13
Joint optimizer lr: 1.0367793076318807e-11
Val acc before epoch 147: 0.9214285714285714
Joint optimizer lr: 3.6287275767115836e-13
Joint optimizer lr: 7.257455153423165e-12
Val acc before epoch 148: 0.9214285714285714
Joint optimizer lr: 2.5401093036981084e-13
Joint optimizer lr: 5.080218607396215e-12
Val acc before epoch 149: 0.9214285714285714
Joint optimizer lr: 2.5401093036981084e-13
Joint optimizer lr: 5.080218607396215e-12
Val acc before epoch 150: 0.9214285714285714
Push epoch at epoch 151.
Final validation accuracy before push 2: 0.9214285714285714
Push number 2












After push, before retraining last layer:
	Train acc: 0.6602564102564102
	Train Cluster: 0.8658369898796081
	Train Separation: 0.8950804591178894
(Directly after push 2) Val acc at iteration 0: 0.9
Retraining last layer: 
Last layer lr: 0.008
	Val acc at iteration 0: 0.9
	Val acc at iteration 1: 0.8928571428571429
	Val acc at iteration 2: 0.8785714285714286
	Val acc at iteration 3: 0.9214285714285714
	Val acc at iteration 4: 0.9071428571428571
	Val acc at iteration 5: 0.8928571428571429
	Val acc at iteration 6: 0.9142857142857143
	Val acc at iteration 7: 0.9214285714285714
	Val acc at iteration 8: 0.9142857142857143
	Val acc at iteration 9: 0.9285714285714286
	Val acc at iteration 10: 0.9285714285714286
	Val acc at iteration 11: 0.95
	Val acc at iteration 12: 0.9357142857142857
	Val acc at iteration 13: 0.95
	Val acc at iteration 14: 0.9571428571428572
	Val acc at iteration 15: 0.9357142857142857
	Val acc at iteration 16: 0.9428571428571428
	Val acc at iteration 17: 0.9571428571428572
	Val acc at iteration 18: 0.95
	Val acc at iteration 19: 0.9428571428571428
Val acc before epoch 151: 0.9428571428571428
Joint optimizer lr: 1.7780765125886757e-13
Joint optimizer lr: 3.55615302517735e-12
Val acc before epoch 152: 0.9428571428571428
Joint optimizer lr: 1.244653558812073e-13
Joint optimizer lr: 2.4893071176241448e-12
Val acc before epoch 153: 0.9428571428571428
Joint optimizer lr: 1.244653558812073e-13
Joint optimizer lr: 2.4893071176241448e-12
Val acc before epoch 154: 0.9428571428571428
Joint optimizer lr: 8.71257491168451e-14
Joint optimizer lr: 1.7425149823369013e-12
Val acc before epoch 155: 0.9428571428571428
Joint optimizer lr: 6.098802438179157e-14
Joint optimizer lr: 1.2197604876358308e-12
Val acc before epoch 156: 0.9428571428571428
Joint optimizer lr: 4.2691617067254095e-14
Joint optimizer lr: 8.538323413450815e-13
Val acc before epoch 157: 0.9428571428571428
Joint optimizer lr: 4.2691617067254095e-14
Joint optimizer lr: 8.538323413450815e-13
Val acc before epoch 158: 0.9428571428571428
Joint optimizer lr: 2.988413194707787e-14
Joint optimizer lr: 5.97682638941557e-13
Val acc before epoch 159: 0.9428571428571428
Joint optimizer lr: 2.0918892362954506e-14
Joint optimizer lr: 4.183778472590899e-13
Val acc before epoch 160: 0.9428571428571428
Joint optimizer lr: 2.0918892362954506e-14
Joint optimizer lr: 4.183778472590899e-13
Val acc before epoch 161: 0.9428571428571428
Joint optimizer lr: 1.4643224654068152e-14
Joint optimizer lr: 2.928644930813629e-13
Val acc before epoch 162: 0.9428571428571428
Joint optimizer lr: 1.0250257257847707e-14
Joint optimizer lr: 2.0500514515695402e-13
Val acc before epoch 163: 0.9428571428571428
Joint optimizer lr: 7.175180080493394e-15
Joint optimizer lr: 1.435036016098678e-13
Val acc before epoch 164: 0.9428571428571428
Joint optimizer lr: 7.175180080493394e-15
Joint optimizer lr: 1.435036016098678e-13
Val acc before epoch 165: 0.9428571428571428
Joint optimizer lr: 5.0226260563453755e-15
Joint optimizer lr: 1.0045252112690746e-13
Val acc before epoch 166: 0.9428571428571428
Joint optimizer lr: 3.5158382394417625e-15
Joint optimizer lr: 7.031676478883522e-14
Val acc before epoch 167: 0.9428571428571428
Joint optimizer lr: 3.5158382394417625e-15
Joint optimizer lr: 7.031676478883522e-14
Val acc before epoch 168: 0.9428571428571428
Joint optimizer lr: 2.4610867676092337e-15
Joint optimizer lr: 4.922173535218465e-14
Val acc before epoch 169: 0.9428571428571428
Joint optimizer lr: 1.7227607373264635e-15
Joint optimizer lr: 3.445521474652925e-14
Val acc before epoch 170: 0.9428571428571428
Joint optimizer lr: 1.2059325161285243e-15
Joint optimizer lr: 2.4118650322570474e-14
Val acc before epoch 171: 0.9428571428571428
Joint optimizer lr: 1.2059325161285243e-15
Joint optimizer lr: 2.4118650322570474e-14
Val acc before epoch 172: 0.9428571428571428
Joint optimizer lr: 8.44152761289967e-16
Joint optimizer lr: 1.6883055225799332e-14
Val acc before epoch 173: 0.9428571428571428
Joint optimizer lr: 5.909069329029768e-16
Joint optimizer lr: 1.1818138658059531e-14
Val acc before epoch 174: 0.9428571428571428
Joint optimizer lr: 5.909069329029768e-16
Joint optimizer lr: 1.1818138658059531e-14
Val acc before epoch 175: 0.9428571428571428
Joint optimizer lr: 4.136348530320837e-16
Joint optimizer lr: 8.272697060641672e-15
Val acc before epoch 176: 0.9428571428571428
Joint optimizer lr: 2.895443971224586e-16
Joint optimizer lr: 5.7908879424491694e-15
Val acc before epoch 177: 0.9428571428571428
Joint optimizer lr: 2.0268107798572099e-16
Joint optimizer lr: 4.0536215597144185e-15
Val acc before epoch 178: 0.9428571428571428
Joint optimizer lr: 2.0268107798572099e-16
Joint optimizer lr: 4.0536215597144185e-15
Val acc before epoch 179: 0.9428571428571428
Joint optimizer lr: 1.4187675459000467e-16
Joint optimizer lr: 2.8375350918000927e-15
Val acc before epoch 180: 0.9428571428571428
Joint optimizer lr: 9.931372821300326e-17
Joint optimizer lr: 1.986274564260065e-15
Val acc before epoch 181: 0.9428571428571428
Joint optimizer lr: 9.931372821300326e-17
Joint optimizer lr: 1.986274564260065e-15
Val acc before epoch 182: 0.9428571428571428
Joint optimizer lr: 6.951960974910229e-17
Joint optimizer lr: 1.3903921949820452e-15
Val acc before epoch 183: 0.9428571428571428
Joint optimizer lr: 4.8663726824371597e-17
Joint optimizer lr: 9.732745364874317e-16
Val acc before epoch 184: 0.9428571428571428
Joint optimizer lr: 3.406460877706012e-17
Joint optimizer lr: 6.812921755412021e-16
Val acc before epoch 185: 0.9428571428571428
Joint optimizer lr: 3.406460877706012e-17
Joint optimizer lr: 6.812921755412021e-16
Val acc before epoch 186: 0.9428571428571428
Joint optimizer lr: 2.384522614394208e-17
Joint optimizer lr: 4.769045228788415e-16
Val acc before epoch 187: 0.9428571428571428
Joint optimizer lr: 1.6691658300759455e-17
Joint optimizer lr: 3.33833166015189e-16
Val acc before epoch 188: 0.9428571428571428
Joint optimizer lr: 1.6691658300759455e-17
Joint optimizer lr: 3.33833166015189e-16
Val acc before epoch 189: 0.9428571428571428
Joint optimizer lr: 1.1684160810531618e-17
Joint optimizer lr: 2.336832162106323e-16
Val acc before epoch 190: 0.9428571428571428
Joint optimizer lr: 8.178912567372132e-18
Joint optimizer lr: 1.635782513474426e-16
Val acc before epoch 191: 0.9428571428571428
Joint optimizer lr: 5.7252387971604924e-18
Joint optimizer lr: 1.1450477594320981e-16
Val acc before epoch 192: 0.9428571428571428
Joint optimizer lr: 5.7252387971604924e-18
Joint optimizer lr: 1.1450477594320981e-16
Val acc before epoch 193: 0.9428571428571428
Joint optimizer lr: 4.007667158012344e-18
Joint optimizer lr: 8.015334316024687e-17
Val acc before epoch 194: 0.9428571428571428
Joint optimizer lr: 2.8053670106086408e-18
Joint optimizer lr: 5.61073402121728e-17
Val acc before epoch 195: 0.9428571428571428
Joint optimizer lr: 2.8053670106086408e-18
Joint optimizer lr: 5.61073402121728e-17
Val acc before epoch 196: 0.9428571428571428
Joint optimizer lr: 1.9637569074260485e-18
Joint optimizer lr: 3.927513814852096e-17
Val acc before epoch 197: 0.9428571428571428
Joint optimizer lr: 1.374629835198234e-18
Joint optimizer lr: 2.749259670396467e-17
Val acc before epoch 198: 0.9428571428571428
Joint optimizer lr: 9.622408846387637e-19
Joint optimizer lr: 1.924481769277527e-17
Val acc before epoch 199: 0.9428571428571428
Joint optimizer lr: 9.622408846387637e-19
Joint optimizer lr: 1.924481769277527e-17
Val acc before epoch 200: 0.9428571428571428
Joint optimizer lr: 6.735686192471345e-19
Joint optimizer lr: 1.3471372384942687e-17
Val acc before epoch 201: 0.9428571428571428
Joint optimizer lr: 4.714980334729941e-19
Joint optimizer lr: 9.429960669459881e-18
Val acc before epoch 202: 0.9428571428571428
Joint optimizer lr: 4.714980334729941e-19
Joint optimizer lr: 9.429960669459881e-18
Val acc before epoch 203: 0.9428571428571428
Joint optimizer lr: 3.300486234310959e-19
Joint optimizer lr: 6.600972468621916e-18
Val acc before epoch 204: 0.9428571428571428
Joint optimizer lr: 2.310340364017671e-19
Joint optimizer lr: 4.620680728035341e-18
Val acc before epoch 205: 0.9428571428571428
Joint optimizer lr: 1.6172382548123696e-19
Joint optimizer lr: 3.234476509624738e-18
Val acc before epoch 206: 0.9428571428571428
Joint optimizer lr: 1.6172382548123696e-19
Joint optimizer lr: 3.234476509624738e-18
Val acc before epoch 207: 0.9428571428571428
Joint optimizer lr: 1.1320667783686586e-19
Joint optimizer lr: 2.2641335567373164e-18
Val acc before epoch 208: 0.9428571428571428
Joint optimizer lr: 7.92446744858061e-20
Joint optimizer lr: 1.5848934897161213e-18
Val acc before epoch 209: 0.9428571428571428
Joint optimizer lr: 7.92446744858061e-20
Joint optimizer lr: 1.5848934897161213e-18
Val acc before epoch 210: 0.9428571428571428
Joint optimizer lr: 5.547127214006426e-20
Joint optimizer lr: 1.109425442801285e-18
Val acc before epoch 211: 0.9428571428571428
Joint optimizer lr: 3.882989049804498e-20
Joint optimizer lr: 7.765978099608994e-19
Val acc before epoch 212: 0.9428571428571428
Joint optimizer lr: 2.718092334863149e-20
Joint optimizer lr: 5.436184669726296e-19
Val acc before epoch 213: 0.9428571428571428
Joint optimizer lr: 2.718092334863149e-20
Joint optimizer lr: 5.436184669726296e-19
Val acc before epoch 214: 0.9428571428571428
Joint optimizer lr: 1.902664634404204e-20
Joint optimizer lr: 3.8053292688084067e-19
Val acc before epoch 215: 0.9428571428571428
Joint optimizer lr: 1.3318652440829426e-20
Joint optimizer lr: 2.6637304881658845e-19
Val acc before epoch 216: 0.9428571428571428
Joint optimizer lr: 1.3318652440829426e-20
Joint optimizer lr: 2.6637304881658845e-19
Val acc before epoch 217: 0.9428571428571428
Joint optimizer lr: 9.323056708580597e-21
Joint optimizer lr: 1.864611341716119e-19
Val acc before epoch 218: 0.9428571428571428
Joint optimizer lr: 6.526139696006418e-21
Joint optimizer lr: 1.3052279392012832e-19
Val acc before epoch 219: 0.9428571428571428
Joint optimizer lr: 4.568297787204492e-21
Joint optimizer lr: 9.136595574408982e-20
Val acc before epoch 220: 0.9428571428571428
Joint optimizer lr: 4.568297787204492e-21
Joint optimizer lr: 9.136595574408982e-20
Val acc before epoch 221: 0.9428571428571428
Joint optimizer lr: 3.1978084510431443e-21
Joint optimizer lr: 6.395616902086287e-20
Val acc before epoch 222: 0.9428571428571428
Joint optimizer lr: 2.238465915730201e-21
Joint optimizer lr: 4.476931831460401e-20
Val acc before epoch 223: 0.9428571428571428
Joint optimizer lr: 2.238465915730201e-21
Joint optimizer lr: 4.476931831460401e-20
Val acc before epoch 224: 0.9428571428571428
Joint optimizer lr: 1.5669261410111407e-21
Joint optimizer lr: 3.1338522820222805e-20
Val acc before epoch 225: 0.9428571428571428
Joint optimizer lr: 1.0968482987077983e-21
Joint optimizer lr: 2.1936965974155962e-20
Val acc before epoch 226: 0.9428571428571428
Joint optimizer lr: 7.677938090954588e-22
Joint optimizer lr: 1.5355876181909173e-20
Val acc before epoch 227: 0.9428571428571428
Joint optimizer lr: 7.677938090954588e-22
Joint optimizer lr: 1.5355876181909173e-20
Val acc before epoch 228: 0.9428571428571428
Joint optimizer lr: 5.374556663668211e-22
Joint optimizer lr: 1.074911332733642e-20
Val acc before epoch 229: 0.9428571428571428
Joint optimizer lr: 3.7621896645677475e-22
Joint optimizer lr: 7.524379329135494e-21
Val acc before epoch 230: 0.9428571428571428
Joint optimizer lr: 3.7621896645677475e-22
Joint optimizer lr: 7.524379329135494e-21
Val acc before epoch 231: 0.9428571428571428
Joint optimizer lr: 2.633532765197423e-22
Joint optimizer lr: 5.267065530394845e-21
Val acc before epoch 232: 0.9428571428571428
Joint optimizer lr: 1.8434729356381962e-22
Joint optimizer lr: 3.686945871276391e-21
Val acc before epoch 233: 0.9428571428571428
Joint optimizer lr: 1.2904310549467373e-22
Joint optimizer lr: 2.580862109893474e-21
Val acc before epoch 234: 0.9428571428571428
Joint optimizer lr: 1.2904310549467373e-22
Joint optimizer lr: 2.580862109893474e-21
Val acc before epoch 235: 0.9428571428571428
Joint optimizer lr: 9.03301738462716e-23
Joint optimizer lr: 1.8066034769254316e-21
Val acc before epoch 236: 0.9428571428571428
Joint optimizer lr: 6.323112169239011e-23
Joint optimizer lr: 1.264622433847802e-21
Val acc before epoch 237: 0.9428571428571428
Joint optimizer lr: 6.323112169239011e-23
Joint optimizer lr: 1.264622433847802e-21
Val acc before epoch 238: 0.9428571428571428
Joint optimizer lr: 4.4261785184673077e-23
Joint optimizer lr: 8.852357036934613e-22
Val acc before epoch 239: 0.9428571428571428
Joint optimizer lr: 3.098324962927115e-23
Joint optimizer lr: 6.196649925854229e-22
Val acc before epoch 240: 0.9428571428571428
Push epoch at epoch 241.
Final validation accuracy before push 3: 0.9428571428571428
Push number 3












After push, before retraining last layer:
	Train acc: 0.8589743589743589
	Train Cluster: 0.8638870596885682
	Train Separation: 0.8934193849563599
(Directly after push 3) Val acc at iteration 0: 0.9428571428571428
Retraining last layer: 
Last layer lr: 0.01
	Val acc at iteration 0: 0.9571428571428572
	Val acc at iteration 1: 0.9571428571428572
	Val acc at iteration 2: 0.9642857142857143
	Val acc at iteration 3: 0.9714285714285714
	Val acc at iteration 4: 0.9571428571428572
	Val acc at iteration 5: 0.9571428571428572
	Val acc at iteration 6: 0.9714285714285714
	Val acc at iteration 7: 0.9571428571428572
	Val acc at iteration 8: 0.9642857142857143
	Val acc at iteration 9: 0.9642857142857143
	Val acc at iteration 10: 0.9714285714285714
	Val acc at iteration 11: 0.9642857142857143
	Val acc at iteration 12: 0.9571428571428572
	Val acc at iteration 13: 0.95
	Val acc at iteration 14: 0.9714285714285714
	Val acc at iteration 15: 0.9428571428571428
	Val acc at iteration 16: 0.9714285714285714
	Val acc at iteration 17: 0.9714285714285714
	Val acc at iteration 18: 0.9571428571428572
	Val acc at iteration 19: 0.9714285714285714
Val acc before epoch 241: 0.9714285714285714
Joint optimizer lr: 2.1688274740489804e-23
Joint optimizer lr: 4.337654948097959e-22
Val acc before epoch 242: 0.9714285714285714
Joint optimizer lr: 2.1688274740489804e-23
Joint optimizer lr: 4.337654948097959e-22
Val acc before epoch 243: 0.9714285714285714
Joint optimizer lr: 1.5181792318342863e-23
Joint optimizer lr: 3.0363584636685712e-22
Val acc before epoch 244: 0.9714285714285714
Joint optimizer lr: 1.0627254622840003e-23
Joint optimizer lr: 2.125450924568e-22
Val acc before epoch 245: 0.9714285714285714
Joint optimizer lr: 1.0627254622840003e-23
Joint optimizer lr: 2.125450924568e-22
Val acc before epoch 246: 0.9714285714285714
Joint optimizer lr: 7.439078235988002e-24
Joint optimizer lr: 1.4878156471975998e-22
Val acc before epoch 247: 0.9714285714285714
Joint optimizer lr: 5.207354765191601e-24
Joint optimizer lr: 1.0414709530383198e-22
Val acc before epoch 248: 0.9714285714285714
Joint optimizer lr: 3.645148335634121e-24
Joint optimizer lr: 7.290296671268238e-23
Val acc before epoch 249: 0.9714285714285714
Joint optimizer lr: 3.645148335634121e-24
Joint optimizer lr: 7.290296671268238e-23
Val acc before epoch 250: 0.9714285714285714
Joint optimizer lr: 2.551603834943884e-24
Joint optimizer lr: 5.103207669887766e-23
Val acc before epoch 251: 0.9714285714285714
Joint optimizer lr: 1.7861226844607187e-24
Joint optimizer lr: 3.572245368921436e-23
Val acc before epoch 252: 0.9714285714285714
Joint optimizer lr: 1.7861226844607187e-24
Joint optimizer lr: 3.572245368921436e-23
Val acc before epoch 253: 0.9714285714285714
Joint optimizer lr: 1.250285879122503e-24
Joint optimizer lr: 2.500571758245005e-23
Val acc before epoch 254: 0.9714285714285714
Joint optimizer lr: 8.752001153857521e-25
Joint optimizer lr: 1.7504002307715035e-23
Val acc before epoch 255: 0.9714285714285714
Joint optimizer lr: 6.126400807700265e-25
Joint optimizer lr: 1.2252801615400524e-23
Val acc before epoch 256: 0.9714285714285714
Joint optimizer lr: 6.126400807700265e-25
Joint optimizer lr: 1.2252801615400524e-23
Val acc before epoch 257: 0.9714285714285714
Joint optimizer lr: 4.288480565390185e-25
Joint optimizer lr: 8.576961130780367e-24
Val acc before epoch 258: 0.9714285714285714
Joint optimizer lr: 3.0019363957731294e-25
Joint optimizer lr: 6.003872791546256e-24
Val acc before epoch 259: 0.9714285714285714
Joint optimizer lr: 3.0019363957731294e-25
Joint optimizer lr: 6.003872791546256e-24
Val acc before epoch 260: 0.9714285714285714
Joint optimizer lr: 2.1013554770411905e-25
Joint optimizer lr: 4.202710954082379e-24
Val acc before epoch 261: 0.9714285714285714
Joint optimizer lr: 1.4709488339288332e-25
Joint optimizer lr: 2.941897667857665e-24
Val acc before epoch 262: 0.9714285714285714
Joint optimizer lr: 1.0296641837501832e-25
Joint optimizer lr: 2.0593283675003653e-24
Val acc before epoch 263: 0.9714285714285714
Joint optimizer lr: 1.0296641837501832e-25
Joint optimizer lr: 2.0593283675003653e-24
Val acc before epoch 264: 0.9714285714285714
Joint optimizer lr: 7.207649286251282e-26
Joint optimizer lr: 1.4415298572502555e-24
Val acc before epoch 265: 0.9714285714285714
Joint optimizer lr: 5.045354500375897e-26
Joint optimizer lr: 1.0090709000751788e-24
Val acc before epoch 266: 0.9714285714285714
Joint optimizer lr: 5.045354500375897e-26
Joint optimizer lr: 1.0090709000751788e-24
Val acc before epoch 267: 0.9714285714285714
Joint optimizer lr: 3.531748150263128e-26
Joint optimizer lr: 7.063496300526251e-25
Val acc before epoch 268: 0.9714285714285714
Joint optimizer lr: 2.4722237051841894e-26
Joint optimizer lr: 4.944447410368376e-25
Val acc before epoch 269: 0.9714285714285714
Joint optimizer lr: 1.7305565936289323e-26
Joint optimizer lr: 3.461113187257863e-25
Val acc before epoch 270: 0.9714285714285714
Joint optimizer lr: 1.7305565936289323e-26
Joint optimizer lr: 3.461113187257863e-25
Val acc before epoch 271: 0.9714285714285714
Joint optimizer lr: 1.2113896155402526e-26
Joint optimizer lr: 2.422779231080504e-25
Val acc before epoch 272: 0.9714285714285714
Joint optimizer lr: 8.479727308781767e-27
Joint optimizer lr: 1.6959454617563525e-25
Val acc before epoch 273: 0.9714285714285714
Joint optimizer lr: 8.479727308781767e-27
Joint optimizer lr: 1.6959454617563525e-25
Val acc before epoch 274: 0.9714285714285714
Joint optimizer lr: 5.9358091161472364e-27
Joint optimizer lr: 1.1871618232294468e-25
Val acc before epoch 275: 0.9714285714285714
Joint optimizer lr: 4.155066381303065e-27
Joint optimizer lr: 8.310132762606127e-26
Val acc before epoch 276: 0.9714285714285714
Joint optimizer lr: 2.9085464669121453e-27
Joint optimizer lr: 5.817092933824288e-26
Val acc before epoch 277: 0.9714285714285714
Joint optimizer lr: 2.9085464669121453e-27
Joint optimizer lr: 5.817092933824288e-26
Val acc before epoch 278: 0.9714285714285714
Joint optimizer lr: 2.0359825268385016e-27
Joint optimizer lr: 4.071965053677002e-26
Val acc before epoch 279: 0.9714285714285714
Joint optimizer lr: 1.425187768786951e-27
Joint optimizer lr: 2.850375537573901e-26
Val acc before epoch 280: 0.9714285714285714
Joint optimizer lr: 1.425187768786951e-27
Joint optimizer lr: 2.850375537573901e-26
Val acc before epoch 281: 0.9714285714285714
Joint optimizer lr: 9.976314381508656e-28
Joint optimizer lr: 1.9952628763017308e-26
Val acc before epoch 282: 0.9714285714285714
Joint optimizer lr: 6.9834200670560585e-28
Joint optimizer lr: 1.3966840134112116e-26
Val acc before epoch 283: 0.9714285714285714
Joint optimizer lr: 4.888394046939241e-28
Joint optimizer lr: 9.77678809387848e-27
Val acc before epoch 284: 0.9714285714285714
Joint optimizer lr: 4.888394046939241e-28
Joint optimizer lr: 9.77678809387848e-27
Val acc before epoch 285: 0.9714285714285714
Joint optimizer lr: 3.4218758328574686e-28
Joint optimizer lr: 6.843751665714935e-27
Val acc before epoch 286: 0.9714285714285714
Joint optimizer lr: 2.395313083000228e-28
Joint optimizer lr: 4.790626166000454e-27
Val acc before epoch 287: 0.9714285714285714
Joint optimizer lr: 2.395313083000228e-28
Joint optimizer lr: 4.790626166000454e-27
Val acc before epoch 288: 0.9714285714285714
Joint optimizer lr: 1.6767191581001595e-28
Joint optimizer lr: 3.3534383162003175e-27
Val acc before epoch 289: 0.9714285714285714
Joint optimizer lr: 1.1737034106701115e-28
Joint optimizer lr: 2.347406821340222e-27
Val acc before epoch 290: 0.9714285714285714
Joint optimizer lr: 8.21592387469078e-29
Joint optimizer lr: 1.6431847749381556e-27
Val acc before epoch 291: 0.9714285714285714
Joint optimizer lr: 8.21592387469078e-29
Joint optimizer lr: 1.6431847749381556e-27
Val acc before epoch 292: 0.9714285714285714
Joint optimizer lr: 5.751146712283545e-29
Joint optimizer lr: 1.1502293424567088e-27
Val acc before epoch 293: 0.9714285714285714
Joint optimizer lr: 4.0258026985984815e-29
Joint optimizer lr: 8.051605397196961e-28
Val acc before epoch 294: 0.9714285714285714
Joint optimizer lr: 4.0258026985984815e-29
Joint optimizer lr: 8.051605397196961e-28
Val acc before epoch 295: 0.9714285714285714
Joint optimizer lr: 2.818061889018937e-29
Joint optimizer lr: 5.6361237780378725e-28
Val acc before epoch 296: 0.9714285714285714
Joint optimizer lr: 1.972643322313256e-29
Joint optimizer lr: 3.9452866446265106e-28
Val acc before epoch 297: 0.9714285714285714
Joint optimizer lr: 1.380850325619279e-29
Joint optimizer lr: 2.761700651238557e-28
Val acc before epoch 298: 0.9714285714285714
Joint optimizer lr: 1.380850325619279e-29
Joint optimizer lr: 2.761700651238557e-28
Val acc before epoch 299: 0.9714285714285714
Joint optimizer lr: 9.665952279334952e-30
Joint optimizer lr: 1.9331904558669898e-28
Val acc before epoch 300: 0.9714285714285714
Joint optimizer lr: 6.766166595534466e-30
Joint optimizer lr: 1.3532333191068929e-28
Val acc before epoch 301: 0.9714285714285714
Joint optimizer lr: 6.766166595534466e-30
Joint optimizer lr: 1.3532333191068929e-28
Val acc before epoch 302: 0.9714285714285714
Joint optimizer lr: 4.736316616874126e-30
Joint optimizer lr: 9.472633233748249e-29
Val acc before epoch 303: 0.9714285714285714
Joint optimizer lr: 3.3154216318118876e-30
Joint optimizer lr: 6.630843263623774e-29
Val acc before epoch 304: 0.9714285714285714
Joint optimizer lr: 2.3207951422683213e-30
Joint optimizer lr: 4.641590284536641e-29
Val acc before epoch 305: 0.9714285714285714
Joint optimizer lr: 2.3207951422683213e-30
Joint optimizer lr: 4.641590284536641e-29
Val acc before epoch 306: 0.9714285714285714
Joint optimizer lr: 1.624556599587825e-30
Joint optimizer lr: 3.2491131991756484e-29
Val acc before epoch 307: 0.9714285714285714
Joint optimizer lr: 1.1371896197114773e-30
Joint optimizer lr: 2.2743792394229536e-29
Val acc before epoch 308: 0.9714285714285714
Joint optimizer lr: 1.1371896197114773e-30
Joint optimizer lr: 2.2743792394229536e-29
Val acc before epoch 309: 0.9714285714285714
Joint optimizer lr: 7.960327337980341e-31
Joint optimizer lr: 1.5920654675960674e-29
Val acc before epoch 310: 0.9714285714285714
Joint optimizer lr: 5.572229136586238e-31
Joint optimizer lr: 1.1144458273172472e-29
Val acc before epoch 311: 0.9714285714285714
Joint optimizer lr: 3.900560395610366e-31
Joint optimizer lr: 7.801120791220729e-30
Val acc before epoch 312: 0.9714285714285714
Joint optimizer lr: 3.900560395610366e-31
Joint optimizer lr: 7.801120791220729e-30
Val acc before epoch 313: 0.9714285714285714
Joint optimizer lr: 2.7303922769272563e-31
Joint optimizer lr: 5.46078455385451e-30
Val acc before epoch 314: 0.9714285714285714
Joint optimizer lr: 1.9112745938490793e-31
Joint optimizer lr: 3.8225491876981565e-30
Val acc before epoch 315: 0.9714285714285714
Joint optimizer lr: 1.9112745938490793e-31
Joint optimizer lr: 3.8225491876981565e-30
Val acc before epoch 316: 0.9714285714285714
Joint optimizer lr: 1.3378922156943554e-31
Joint optimizer lr: 2.6757844313887095e-30
Val acc before epoch 317: 0.9714285714285714
Joint optimizer lr: 9.365245509860487e-32
Joint optimizer lr: 1.8730491019720966e-30
Val acc before epoch 318: 0.9714285714285714
Joint optimizer lr: 6.55567185690234e-32
Joint optimizer lr: 1.3111343713804676e-30
Val acc before epoch 319: 0.9714285714285714
Joint optimizer lr: 6.55567185690234e-32
Joint optimizer lr: 1.3111343713804676e-30
Val acc before epoch 320: 0.9714285714285714
Joint optimizer lr: 4.588970299831638e-32
Joint optimizer lr: 9.177940599663273e-31
Val acc before epoch 321: 0.9714285714285714
Joint optimizer lr: 3.2122792098821463e-32
Joint optimizer lr: 6.4245584197642905e-31
Val acc before epoch 322: 0.9714285714285714
Joint optimizer lr: 3.2122792098821463e-32
Joint optimizer lr: 6.4245584197642905e-31
Val acc before epoch 323: 0.9714285714285714
Joint optimizer lr: 2.2485954469175022e-32
Joint optimizer lr: 4.497190893835003e-31
Val acc before epoch 324: 0.9714285714285714
Joint optimizer lr: 1.5740168128422515e-32
Joint optimizer lr: 3.1480336256845018e-31
Val acc before epoch 325: 0.9714285714285714
Joint optimizer lr: 1.101811768989576e-32
Joint optimizer lr: 2.203623537979151e-31
Val acc before epoch 326: 0.9714285714285714
Joint optimizer lr: 1.101811768989576e-32
Joint optimizer lr: 2.203623537979151e-31
Val acc before epoch 327: 0.9714285714285714
Joint optimizer lr: 7.712682382927031e-33
Joint optimizer lr: 1.5425364765854057e-31
Val acc before epoch 328: 0.9714285714285714
Joint optimizer lr: 5.398877668048922e-33
Joint optimizer lr: 1.0797755336097838e-31
Val acc before epoch 329: 0.9714285714285714
Joint optimizer lr: 5.398877668048922e-33
Joint optimizer lr: 1.0797755336097838e-31
Val acc before epoch 330: 0.9714285714285714
Push epoch at epoch 331.
Final validation accuracy before push 4: 0.9714285714285714
Push number 4












After push, before retraining last layer:
	Train acc: 0.9166666666666666
	Train Cluster: 0.8599947810173034
	Train Separation: 0.8890954732894898
(Directly after push 4) Val acc at iteration 0: 0.9714285714285714
Retraining last layer: 
Last layer lr: 0.0005
	Val acc at iteration 0: 0.9714285714285714
	Val acc at iteration 1: 0.9714285714285714
	Val acc at iteration 2: 0.9714285714285714
	Val acc at iteration 3: 0.9785714285714285
	Val acc at iteration 4: 0.9857142857142858
	Val acc at iteration 5: 0.9857142857142858
	Val acc at iteration 6: 0.9857142857142858
	Val acc at iteration 7: 0.9857142857142858
	Val acc at iteration 8: 0.9857142857142858
	Val acc at iteration 9: 0.9785714285714285
	Val acc at iteration 10: 0.9785714285714285
	Val acc at iteration 11: 0.9857142857142858
	Val acc at iteration 12: 0.9857142857142858
	Val acc at iteration 13: 0.9857142857142858
	Val acc at iteration 14: 0.9857142857142858
	Val acc at iteration 15: 0.9857142857142858
	Val acc at iteration 16: 0.9785714285714285
	Val acc at iteration 17: 0.9785714285714285
	Val acc at iteration 18: 0.9785714285714285
	Val acc at iteration 19: 0.9785714285714285
Val acc before epoch 331: 0.9785714285714285
Joint optimizer lr: 3.779214367634245e-33
Joint optimizer lr: 7.558428735268486e-32
Val acc before epoch 332: 0.9785714285714285
Joint optimizer lr: 2.6454500573439713e-33
Joint optimizer lr: 5.29090011468794e-32
Val acc before epoch 333: 0.9785714285714285
Joint optimizer lr: 1.85181504014078e-33
Joint optimizer lr: 3.7036300802815577e-32
Val acc before epoch 334: 0.9785714285714285
Joint optimizer lr: 1.85181504014078e-33
Joint optimizer lr: 3.7036300802815577e-32
Val acc before epoch 335: 0.9785714285714285
Joint optimizer lr: 1.2962705280985459e-33
Joint optimizer lr: 2.5925410561970904e-32
Val acc before epoch 336: 0.9785714285714285
Joint optimizer lr: 9.07389369668982e-34
Joint optimizer lr: 1.8147787393379633e-32
Val acc before epoch 337: 0.9785714285714285
Joint optimizer lr: 9.07389369668982e-34
Joint optimizer lr: 1.8147787393379633e-32
Val acc before epoch 338: 0.9785714285714285
Joint optimizer lr: 6.351725587682874e-34
Joint optimizer lr: 1.2703451175365743e-32
Val acc before epoch 339: 0.9785714285714285
Joint optimizer lr: 4.446207911378012e-34
Joint optimizer lr: 8.892415822756019e-33
Val acc before epoch 340: 0.9785714285714285
Joint optimizer lr: 3.1123455379646084e-34
Joint optimizer lr: 6.224691075929213e-33
Val acc before epoch 341: 0.9785714285714285
Joint optimizer lr: 3.1123455379646084e-34
Joint optimizer lr: 6.224691075929213e-33
Val acc before epoch 342: 0.9785714285714285
Joint optimizer lr: 2.1786418765752256e-34
Joint optimizer lr: 4.357283753150448e-33
Val acc before epoch 343: 0.9785714285714285
Joint optimizer lr: 1.5250493136026578e-34
Joint optimizer lr: 3.0500986272053135e-33
Val acc before epoch 344: 0.9785714285714285
Joint optimizer lr: 1.5250493136026578e-34
Joint optimizer lr: 3.0500986272053135e-33
Val acc before epoch 345: 0.9785714285714285
Joint optimizer lr: 1.0675345195218605e-34
Joint optimizer lr: 2.1350690390437195e-33
Val acc before epoch 346: 0.9785714285714285
Joint optimizer lr: 7.472741636653023e-35
Joint optimizer lr: 1.4945483273306035e-33
Val acc before epoch 347: 0.9785714285714285
Joint optimizer lr: 5.230919145657116e-35
Joint optimizer lr: 1.0461838291314225e-33
Val acc before epoch 348: 0.9785714285714285
Joint optimizer lr: 5.230919145657116e-35
Joint optimizer lr: 1.0461838291314225e-33
Val acc before epoch 349: 0.9785714285714285
Joint optimizer lr: 3.661643401959981e-35
Joint optimizer lr: 7.323286803919956e-34
Val acc before epoch 350: 0.9785714285714285
Joint optimizer lr: 2.563150381371986e-35
Joint optimizer lr: 5.126300762743969e-34
Val acc before epoch 351: 0.9785714285714285
Joint optimizer lr: 2.563150381371986e-35
Joint optimizer lr: 5.126300762743969e-34
Val acc before epoch 352: 0.9785714285714285
Joint optimizer lr: 1.79420526696039e-35
Joint optimizer lr: 3.588410533920778e-34
Val acc before epoch 353: 0.9785714285714285
Joint optimizer lr: 1.255943686872273e-35
Joint optimizer lr: 2.5118873737445447e-34
Val acc before epoch 354: 0.9785714285714285
Joint optimizer lr: 8.79160580810591e-36
Joint optimizer lr: 1.7583211616211812e-34
Val acc before epoch 355: 0.9785714285714285
Joint optimizer lr: 8.79160580810591e-36
Joint optimizer lr: 1.7583211616211812e-34
Val acc before epoch 356: 0.9785714285714285
Joint optimizer lr: 6.154124065674137e-36
Joint optimizer lr: 1.2308248131348267e-34
Val acc before epoch 357: 0.9785714285714285
Joint optimizer lr: 4.3078868459718956e-36
Joint optimizer lr: 8.615773691943787e-35
Val acc before epoch 358: 0.9785714285714285
Joint optimizer lr: 4.3078868459718956e-36
Joint optimizer lr: 8.615773691943787e-35
Val acc before epoch 359: 0.9785714285714285
Joint optimizer lr: 3.0155207921803266e-36
Joint optimizer lr: 6.03104158436065e-35
Val acc before epoch 360: 0.9785714285714285
Joint optimizer lr: 2.1108645545262286e-36
Joint optimizer lr: 4.221729109052455e-35
Val acc before epoch 361: 0.9785714285714285
Joint optimizer lr: 1.4776051881683599e-36
Joint optimizer lr: 2.955210376336718e-35
Val acc before epoch 362: 0.9785714285714285
Joint optimizer lr: 1.4776051881683599e-36
Joint optimizer lr: 2.955210376336718e-35
Val acc before epoch 363: 0.9785714285714285
Joint optimizer lr: 1.0343236317178518e-36
Joint optimizer lr: 2.0686472634357027e-35
Val acc before epoch 364: 0.9785714285714285
Joint optimizer lr: 7.2402654220249625e-37
Joint optimizer lr: 1.4480530844049919e-35
Val acc before epoch 365: 0.9785714285714285
Joint optimizer lr: 7.2402654220249625e-37
Joint optimizer lr: 1.4480530844049919e-35
Val acc before epoch 366: 0.9785714285714285
Joint optimizer lr: 5.0681857954174735e-37
Joint optimizer lr: 1.0136371590834942e-35
Val acc before epoch 367: 0.9785714285714285
Joint optimizer lr: 3.547730056792231e-37
Joint optimizer lr: 7.095460113584459e-36
Val acc before epoch 368: 0.9785714285714285
Joint optimizer lr: 2.4834110397545616e-37
Joint optimizer lr: 4.966822079509121e-36
Val acc before epoch 369: 0.9785714285714285
Joint optimizer lr: 2.4834110397545616e-37
Joint optimizer lr: 4.966822079509121e-36
Val acc before epoch 370: 0.9785714285714285
Joint optimizer lr: 1.738387727828193e-37
Joint optimizer lr: 3.4767754556563846e-36
Val acc before epoch 371: 0.9785714285714285
Joint optimizer lr: 1.2168714094797351e-37
Joint optimizer lr: 2.433742818959469e-36
Val acc before epoch 372: 0.9785714285714285
Joint optimizer lr: 1.2168714094797351e-37
Joint optimizer lr: 2.433742818959469e-36
Val acc before epoch 373: 0.9785714285714285
Joint optimizer lr: 8.518099866358145e-38
Joint optimizer lr: 1.7036199732716283e-36
Val acc before epoch 374: 0.9785714285714285
Joint optimizer lr: 5.962669906450701e-38
Joint optimizer lr: 1.1925339812901397e-36
Val acc before epoch 375: 0.9785714285714285
Joint optimizer lr: 4.1738689345154906e-38
Joint optimizer lr: 8.347737869030978e-37
Val acc before epoch 376: 0.9785714285714285
Joint optimizer lr: 4.1738689345154906e-38
Joint optimizer lr: 8.347737869030978e-37
Val acc before epoch 377: 0.9785714285714285
Joint optimizer lr: 2.9217082541608434e-38
Joint optimizer lr: 5.843416508321684e-37
Val acc before epoch 378: 0.9785714285714285
Joint optimizer lr: 2.0451957779125902e-38
Joint optimizer lr: 4.090391555825179e-37
Val acc before epoch 379: 0.9785714285714285
Joint optimizer lr: 2.0451957779125902e-38
Joint optimizer lr: 4.090391555825179e-37
Val acc before epoch 380: 0.9785714285714285
Joint optimizer lr: 1.431637044538813e-38
Joint optimizer lr: 2.863274089077625e-37
Val acc before epoch 381: 0.9785714285714285
Joint optimizer lr: 1.002145931177169e-38
Joint optimizer lr: 2.0042918623543374e-37
Val acc before epoch 382: 0.9785714285714285
Joint optimizer lr: 7.015021518240183e-39
Joint optimizer lr: 1.4030043036480361e-37
Val acc before epoch 383: 0.9785714285714285
Joint optimizer lr: 7.015021518240183e-39
Joint optimizer lr: 1.4030043036480361e-37
Val acc before epoch 384: 0.9785714285714285
Joint optimizer lr: 4.910515062768128e-39
Joint optimizer lr: 9.821030125536253e-38
Val acc before epoch 385: 0.9785714285714285
Joint optimizer lr: 3.437360543937689e-39
Joint optimizer lr: 6.874721087875377e-38
Val acc before epoch 386: 0.9785714285714285
Joint optimizer lr: 3.437360543937689e-39
Joint optimizer lr: 6.874721087875377e-38
Val acc before epoch 387: 0.9785714285714285
Joint optimizer lr: 2.4061523807563825e-39
Joint optimizer lr: 4.812304761512764e-38
Val acc before epoch 388: 0.9785714285714285
Joint optimizer lr: 1.6843066665294678e-39
Joint optimizer lr: 3.368613333058934e-38
Val acc before epoch 389: 0.9785714285714285
Joint optimizer lr: 1.1790146665706274e-39
Joint optimizer lr: 2.3580293331412537e-38
Val acc before epoch 390: 0.9785714285714285
Joint optimizer lr: 1.1790146665706274e-39
Joint optimizer lr: 2.3580293331412537e-38
Val acc before epoch 391: 0.9785714285714285
Joint optimizer lr: 8.253102665994392e-40
Joint optimizer lr: 1.6506205331988775e-38
Val acc before epoch 392: 0.9785714285714285
Joint optimizer lr: 5.777171866196074e-40
Joint optimizer lr: 1.1554343732392142e-38
Val acc before epoch 393: 0.9785714285714285
Joint optimizer lr: 5.777171866196074e-40
Joint optimizer lr: 1.1554343732392142e-38
Val acc before epoch 394: 0.9785714285714285
Joint optimizer lr: 4.0440203063372515e-40
Joint optimizer lr: 8.088040612674498e-39
Val acc before epoch 395: 0.9785714285714285
Joint optimizer lr: 2.830814214436076e-40
Joint optimizer lr: 5.661628428872148e-39
Val acc before epoch 396: 0.9785714285714285
Joint optimizer lr: 1.9815699501052533e-40
Joint optimizer lr: 3.963139900210503e-39
Val acc before epoch 397: 0.9785714285714285
Joint optimizer lr: 1.9815699501052533e-40
Joint optimizer lr: 3.963139900210503e-39
Val acc before epoch 398: 0.9785714285714285
Joint optimizer lr: 1.3870989650736772e-40
Joint optimizer lr: 2.774197930147352e-39
Val acc before epoch 399: 0.9785714285714285
Joint optimizer lr: 9.70969275551574e-41
Joint optimizer lr: 1.941938551103146e-39
Val acc before epoch 400: 0.9785714285714285
Joint optimizer lr: 9.70969275551574e-41
Joint optimizer lr: 1.941938551103146e-39
Val acc before epoch 401: 0.9785714285714285
Joint optimizer lr: 6.796784928861018e-41
Joint optimizer lr: 1.3593569857722023e-39
Val acc before epoch 402: 0.9785714285714285
Joint optimizer lr: 4.757749450202712e-41
Joint optimizer lr: 9.515498900405415e-40
Val acc before epoch 403: 0.9785714285714285
Joint optimizer lr: 3.3304246151418983e-41
Joint optimizer lr: 6.66084923028379e-40
Val acc before epoch 404: 0.9785714285714285
Joint optimizer lr: 3.3304246151418983e-41
Joint optimizer lr: 6.66084923028379e-40
Val acc before epoch 405: 0.9785714285714285
Joint optimizer lr: 2.331297230599329e-41
Joint optimizer lr: 4.662594461198653e-40
Val acc before epoch 406: 0.9785714285714285
Joint optimizer lr: 1.63190806141953e-41
Joint optimizer lr: 3.263816122839057e-40
Val acc before epoch 407: 0.9785714285714285
Joint optimizer lr: 1.63190806141953e-41
Joint optimizer lr: 3.263816122839057e-40
Val acc before epoch 408: 0.9785714285714285
Joint optimizer lr: 1.142335642993671e-41
Joint optimizer lr: 2.2846712859873395e-40
Val acc before epoch 409: 0.9785714285714285
Joint optimizer lr: 7.996349500955697e-42
Joint optimizer lr: 1.5992699001911376e-40
Val acc before epoch 410: 0.9785714285714285
Joint optimizer lr: 5.597444650668988e-42
Joint optimizer lr: 1.1194889301337961e-40
Val acc before epoch 411: 0.9785714285714285
Joint optimizer lr: 5.597444650668988e-42
Joint optimizer lr: 1.1194889301337961e-40
Val acc before epoch 412: 0.9785714285714285
Joint optimizer lr: 3.918211255468291e-42
Joint optimizer lr: 7.836422510936573e-41
Val acc before epoch 413: 0.9785714285714285
Joint optimizer lr: 2.7427478788278037e-42
Joint optimizer lr: 5.485495757655601e-41
Val acc before epoch 414: 0.9785714285714285
Joint optimizer lr: 2.7427478788278037e-42
Joint optimizer lr: 5.485495757655601e-41
Val acc before epoch 415: 0.9785714285714285
Joint optimizer lr: 1.9199235151794624e-42
Joint optimizer lr: 3.8398470303589205e-41
Val acc before epoch 416: 0.9785714285714285
Joint optimizer lr: 1.3439464606256235e-42
Joint optimizer lr: 2.687892921251244e-41
Val acc before epoch 417: 0.9785714285714285
Joint optimizer lr: 9.407625224379364e-43
Joint optimizer lr: 1.881525044875871e-41
Val acc before epoch 418: 0.9785714285714285
Joint optimizer lr: 9.407625224379364e-43
Joint optimizer lr: 1.881525044875871e-41
Val acc before epoch 419: 0.9785714285714285
Stopping after epoch 420.
Final validation accuracy before push 5: 0.9785714285714285






After push, before retraining last layer:
	Train acc: 0.9358974358974359
	Train Cluster: 0.868050503730774
	TrainSeparation: 0.8908558487892151
(Directly after push 5) Val acc at iteration 0: 0.9785714285714285
Retraining last layer
Last layer lr: 0.0001
	Train acc at iteration 1: 0.9391025641025641
	Val acc at iteration 0: 0.9785714285714285
	Train acc at iteration 2: 0.9230769230769231
	Val acc at iteration 1: 0.9785714285714285
	Train acc at iteration 3: 0.9310897435897436
	Val acc at iteration 2: 0.9785714285714285
	Train acc at iteration 4: 0.9310897435897436
	Val acc at iteration 3: 0.9785714285714285
	Train acc at iteration 5: 0.9391025641025641
	Val acc at iteration 4: 0.9785714285714285
	Train acc at iteration 6: 0.9439102564102564
	Val acc at iteration 5: 0.9785714285714285
	Train acc at iteration 7: 0.9375
	Val acc at iteration 6: 0.9785714285714285
	Train acc at iteration 8: 0.9198717948717948
	Val acc at iteration 7: 0.9785714285714285
	Train acc at iteration 9: 0.9535256410256411
	Val acc at iteration 8: 0.9785714285714285
	Train acc at iteration 10: 0.9391025641025641
	Val acc at iteration 9: 0.9857142857142858
	Train acc at iteration 11: 0.9294871794871795
	Val acc at iteration 10: 0.9857142857142858
	Train acc at iteration 12: 0.9342948717948718
	Val acc at iteration 11: 0.9785714285714285
	Train acc at iteration 13: 0.9407051282051282
	Val acc at iteration 12: 0.9857142857142858
	Train acc at iteration 14: 0.9262820512820513
	Val acc at iteration 13: 0.9857142857142858
	Train acc at iteration 15: 0.9407051282051282
	Val acc at iteration 14: 0.9857142857142858
/usr/local/lib/python3.10/dist-packages/sklearn/metrics/_classification.py:1344: UndefinedMetricWarning: Precision is ill-defined and being set to 0.0 in labels with no predicted samples. Use `zero_division` parameter to control this behavior.
  _warn_prf(average, modifier, msg_start, len(result))
/usr/local/lib/python3.10/dist-packages/sklearn/metrics/_classification.py:1344: UndefinedMetricWarning: Precision is ill-defined and being set to 0.0 in labels with no predicted samples. Use `zero_division` parameter to control this behavior.
  _warn_prf(average, modifier, msg_start, len(result))
Getting final train, validation, and test accuracy after training.
Calculating metrics

Train Accuracy: 0.9423076923076923
 Train Precision: 0.9517526455026454
 Train Recall: 0.9423076923076923
 Train F1: 0.9406059396444013

Validation Accuracy: 0.9871794871794872
 Validation Precision: 0.9807692307692307
 Validation Recall: 0.9871794871794872
 Validation F1: 0.9829059829059827

Test Accuracy: 0.9542857142857143
 Test Precision: 0.9326923076923077
 Test Recall: 0.9519230769230769
 Test F1: 0.9391025641025641
Computing and storing results metrics
Traceback (most recent call last):
  File "/home/swaggoner/eDNA/protopnet/main.py", line 946, in <module>
    'load_existing_train_test': config['load_existing_train_test'], 
KeyError: 'load_existing_train_test'
