SLURM_JOB_ID: 1878232
SLURM_ARRAY_JOB_ID: 1878231
SLURM_ARRAY_TASK_ID: 1
SLURM_ARRAY_TASK_COUNT: 18
SLURM_ARRAY_TASK_MAX: 18
SLURM_ARRAY_TASK_MIN: 1
===========================================
/home/swaggoner/eDNA/protopnet
grtx-1.cluster
Thu Apr 18 21:51:51 EDT 2024
===========================================
13:4: not a valid test operator: (
13:4: not a valid test operator: 525.85.12

=============
== PyTorch ==
=============

NVIDIA Release 23.09 (build 69180607)
PyTorch Version 2.1.0a0+32f93b1

Container image Copyright (c) 2023, NVIDIA CORPORATION & AFFILIATES. All rights reserved.

Copyright (c) 2014-2023 Facebook Inc.
Copyright (c) 2011-2014 Idiap Research Institute (Ronan Collobert)
Copyright (c) 2012-2014 Deepmind Technologies    (Koray Kavukcuoglu)
Copyright (c) 2011-2012 NEC Laboratories America (Koray Kavukcuoglu)
Copyright (c) 2011-2013 NYU                      (Clement Farabet)
Copyright (c) 2006-2010 NEC Laboratories America (Ronan Collobert, Leon Bottou, Iain Melvin, Jason Weston)
Copyright (c) 2006      Idiap Research Institute (Samy Bengio)
Copyright (c) 2001-2004 Idiap Research Institute (Ronan Collobert, Samy Bengio, Johnny Mariethoz)
Copyright (c) 2015      Google Inc.
Copyright (c) 2015      Yangqing Jia
Copyright (c) 2013-2016 The Caffe contributors
All rights reserved.

Various files include modifications (c) NVIDIA CORPORATION & AFFILIATES.  All rights reserved.

This container image and its contents are governed by the NVIDIA Deep Learning Container License.
By pulling and using the container, you accept the terms and conditions of this license:
https://developer.nvidia.com/ngc/nvidia-deep-learning-container-license

WARNING: CUDA Minor Version Compatibility mode ENABLED.
  Using driver version 525.85.12 which has support for CUDA 12.0.  This container
  was built with CUDA 12.2 and will be run in Minor Version Compatibility mode.
  CUDA Forward Compatibility is preferred over Minor Version Compatibility for use
  with this container but was unavailable:
  [[]]
  See https://docs.nvidia.com/deploy/cuda-compatibility/ for details.

NOTE: Mellanox network driver detected, but NVIDIA peer memory driver not
      detected.  Multi-node communication performance may be reduced.

2024-04-18 21:52:17.672778: I tensorflow/tsl/cuda/cudart_stub.cc:28] Could not find cuda drivers on your machine, GPU will not be used.
2024-04-18 21:52:18.272875: E tensorflow/compiler/xla/stream_executor/cuda/cuda_dnn.cc:9342] Unable to register cuDNN factory: Attempting to register factory for plugin cuDNN when one has already been registered
2024-04-18 21:52:18.272926: E tensorflow/compiler/xla/stream_executor/cuda/cuda_fft.cc:609] Unable to register cuFFT factory: Attempting to register factory for plugin cuFFT when one has already been registered
2024-04-18 21:52:18.275961: E tensorflow/compiler/xla/stream_executor/cuda/cuda_blas.cc:1518] Unable to register cuBLAS factory: Attempting to register factory for plugin cuBLAS when one has already been registered
2024-04-18 21:52:18.638237: I tensorflow/core/platform/cpu_feature_guard.cc:182] This TensorFlow binary is optimized to use available CPU instructions in performance-critical operations.
To enable the following instructions: AVX2 FMA, in other operations, rebuild TensorFlow with the appropriate compiler flags.
0
comb_num: 1
arr_job_id: 1878231
job_id: -1
Oversampled shape: (748, 2)


Trial 1

training set size: 780
push set size: 748
test set size: 175
train batch size: 156
test batch size: 35
Hyperparameters: {'prototype_shape': [(468, 520, 1), (468, 520, 3), (468, 520, 5), (468, 520, 7), (468, 520, 9), (468, 520, 11), (468, 520, 13), (468, 520, 15), (468, 520, 17), (468, 520, 19), (468, 520, 21), (468, 520, 23), (468, 520, 25), (468, 520, 27), (468, 520, 29), (468, 520, 31), (468, 520, 33), (468, 520, 35)], 'latent_weight': [1], 'num_warm_epochs': [215], 'push_start': [35], 'push_gap': [45], 'num_pushes': [5], 'crs_ent_weight': [1], 'clst_weight': [-1], 'sep_weight': [0.3], 'l1_weight': [0], 'p0_warm_ptype_lr': [0.05], 'p0_warm_ptype_gamma': [0.75], 'p0_warm_ptype_step_size': [125], 'p1_last_layer_lr': [0.001], 'p1_last_layer_iterations': [80], 'p1_warm_ptype_lr': [0.05], 'p1_warm_ptype_gamma': [0.9], 'p1_warm_ptype_step_size': [50], 'p2_last_layer_lr': [0.008], 'p2_last_layer_iterations': [80], 'p2_warm_ptype_lr': [0.05], 'p2_warm_ptype_gamma': [0.9], 'p2_warm_ptype_step_size': [50], 'p3_last_layer_lr': [0.01], 'p3_last_layer_iterations': [80], 'p3_warm_ptype_lr': [0.025], 'p3_warm_ptype_gamma': [0.9], 'p3_warm_ptype_step_size': [50], 'p4_last_layer_lr': [0.0005], 'p4_last_layer_iterations': [80], 'p4_warm_ptype_lr': [0.02], 'p4_warm_ptype_gamma': [0.9], 'p4_warm_ptype_step_size': [50], 'p5_last_layer_lr': [0.0001], 'p5_last_layer_iterations': [80], 'joint_weight_decay': [5e-06], 'joint_lr_step_size': [10], 'joint_gamma': [0.7], 'joint_feature_lr': [0.0001], 'joint_ptype_lr': [0.02]}


Checking hyperparameters: {'prototype_shape': [(468, 520, 1), (468, 520, 3), (468, 520, 5), (468, 520, 7), (468, 520, 9), (468, 520, 11), (468, 520, 13), (468, 520, 15), (468, 520, 17), (468, 520, 19), (468, 520, 21), (468, 520, 23), (468, 520, 25), (468, 520, 27), (468, 520, 29), (468, 520, 31), (468, 520, 33), (468, 520, 35)]}


Performing combination number 1


Exploring 18 hyperparameter combinations for grid search.


Attempting combination 1/18:
prototype_shape: (468, 520, 1)
latent_weight: 1
num_warm_epochs: 215
push_start: 35
push_gap: 45
num_pushes: 5
crs_ent_weight: 1
clst_weight: -1
sep_weight: 0.3
l1_weight: 0
p0_warm_ptype_lr: 0.05
p0_warm_ptype_gamma: 0.75
p0_warm_ptype_step_size: 125
p1_last_layer_lr: 0.001
p1_last_layer_iterations: 80
p1_warm_ptype_lr: 0.05
p1_warm_ptype_gamma: 0.9
p1_warm_ptype_step_size: 50
p2_last_layer_lr: 0.008
p2_last_layer_iterations: 80
p2_warm_ptype_lr: 0.05
p2_warm_ptype_gamma: 0.9
p2_warm_ptype_step_size: 50
p3_last_layer_lr: 0.01
p3_last_layer_iterations: 80
p3_warm_ptype_lr: 0.025
p3_warm_ptype_gamma: 0.9
p3_warm_ptype_step_size: 50
p4_last_layer_lr: 0.0005
p4_last_layer_iterations: 80
p4_warm_ptype_lr: 0.02
p4_warm_ptype_gamma: 0.9
p4_warm_ptype_step_size: 50
p5_last_layer_lr: 0.0001
p5_last_layer_iterations: 80
joint_weight_decay: 5e-06
joint_lr_step_size: 10
joint_gamma: 0.7
joint_feature_lr: 0.0001
joint_ptype_lr: 0.02



End epoch: 259
Val acc before epoch 0: 0.017142857142857144
Warm optimizer lr: 0.05
Val acc before epoch 1: 0.02857142857142857
Warm optimizer lr: 0.05
Val acc before epoch 2: 0.04
Warm optimizer lr: 0.05
Val acc before epoch 3: 0.045714285714285714
Warm optimizer lr: 0.05
Val acc before epoch 4: 0.07428571428571429
Warm optimizer lr: 0.05
Val acc before epoch 5: 0.10285714285714286
Warm optimizer lr: 0.05
Val acc before epoch 6: 0.10857142857142857
Warm optimizer lr: 0.05
Val acc before epoch 7: 0.13142857142857142
Warm optimizer lr: 0.05
Val acc before epoch 8: 0.18285714285714286
Warm optimizer lr: 0.05
Val acc before epoch 9: 0.2
Warm optimizer lr: 0.05
Val acc before epoch 10: 0.2057142857142857
Warm optimizer lr: 0.05
Val acc before epoch 11: 0.21142857142857144
Warm optimizer lr: 0.05
Val acc before epoch 12: 0.18285714285714286
Warm optimizer lr: 0.05
Val acc before epoch 13: 0.2057142857142857
Warm optimizer lr: 0.05
Val acc before epoch 14: 0.2057142857142857
Warm optimizer lr: 0.05
Val acc before epoch 15: 0.25142857142857145
Warm optimizer lr: 0.05
Val acc before epoch 16: 0.22285714285714286
Warm optimizer lr: 0.05
Val acc before epoch 17: 0.26857142857142857
Warm optimizer lr: 0.05
Val acc before epoch 18: 0.24571428571428572
Warm optimizer lr: 0.05
Val acc before epoch 19: 0.3314285714285714
Warm optimizer lr: 0.05
Val acc before epoch 20: 0.2857142857142857
Warm optimizer lr: 0.05
Val acc before epoch 21: 0.29714285714285715
Warm optimizer lr: 0.05
Val acc before epoch 22: 0.3142857142857143
Warm optimizer lr: 0.05
Val acc before epoch 23: 0.3142857142857143
Warm optimizer lr: 0.05
Val acc before epoch 24: 0.36
Warm optimizer lr: 0.037500000000000006
Val acc before epoch 25: 0.3485714285714286
Warm optimizer lr: 0.05
Val acc before epoch 26: 0.32
Warm optimizer lr: 0.05
Val acc before epoch 27: 0.3657142857142857
Warm optimizer lr: 0.05
Val acc before epoch 28: 0.32571428571428573
Warm optimizer lr: 0.05
Val acc before epoch 29: 0.3657142857142857
Warm optimizer lr: 0.05
Val acc before epoch 30: 0.3485714285714286
Warm optimizer lr: 0.05
Val acc before epoch 31: 0.37142857142857144
Warm optimizer lr: 0.05
Val acc before epoch 32: 0.37142857142857144
Warm optimizer lr: 0.05
Val acc before epoch 33: 0.33714285714285713
Warm optimizer lr: 0.05
Val acc before epoch 34: 0.4114285714285714
Warm optimizer lr: 0.05
Val acc before epoch 35: 0.38857142857142857
Push epoch at epoch 36.
Final validation accuracy before push 1: 0.38857142857142857
Push number 1








After push, before retraining last layer:
	Train acc: 0.32051282051282054
	Train Cluster: 0.9466370940208435
	Train Separation: 0.9987354636192322
(Directly after push 1) Val acc at iteration 0: 0.3485714285714286
Retraining last layer: 
Last layer lr: 0.001
	Val acc at iteration 0: 0.3314285714285714
	Val acc at iteration 1: 0.24571428571428572
	Val acc at iteration 2: 0.29714285714285715
	Val acc at iteration 3: 0.2914285714285714
	Val acc at iteration 4: 0.28
	Val acc at iteration 5: 0.2914285714285714
	Val acc at iteration 6: 0.38857142857142857
	Val acc at iteration 7: 0.34285714285714286
	Val acc at iteration 8: 0.36
	Val acc at iteration 9: 0.37142857142857144
	Val acc at iteration 10: 0.37714285714285717
	Val acc at iteration 11: 0.4228571428571429
	Val acc at iteration 12: 0.38285714285714284
	Val acc at iteration 13: 0.37142857142857144
	Val acc at iteration 14: 0.35428571428571426
	Val acc at iteration 15: 0.44
	Val acc at iteration 16: 0.38285714285714284
	Val acc at iteration 17: 0.41714285714285715
	Val acc at iteration 18: 0.4742857142857143
	Val acc at iteration 19: 0.4
	Val acc at iteration 20: 0.46285714285714286
	Val acc at iteration 21: 0.4057142857142857
	Val acc at iteration 22: 0.42857142857142855
	Val acc at iteration 23: 0.44571428571428573
	Val acc at iteration 24: 0.49714285714285716
	Val acc at iteration 25: 0.5028571428571429
	Val acc at iteration 26: 0.4857142857142857
	Val acc at iteration 27: 0.5028571428571429
	Val acc at iteration 28: 0.4514285714285714
	Val acc at iteration 29: 0.45714285714285713
	Val acc at iteration 30: 0.5028571428571429
	Val acc at iteration 31: 0.4514285714285714
	Val acc at iteration 32: 0.48
	Val acc at iteration 33: 0.5257142857142857
	Val acc at iteration 34: 0.4857142857142857
	Val acc at iteration 35: 0.5314285714285715
	Val acc at iteration 36: 0.4742857142857143
	Val acc at iteration 37: 0.5028571428571429
	Val acc at iteration 38: 0.5371428571428571
	Val acc at iteration 39: 0.49142857142857144
	Val acc at iteration 40: 0.5428571428571428
	Val acc at iteration 41: 0.5257142857142857
	Val acc at iteration 42: 0.5142857142857142
	Val acc at iteration 43: 0.48
	Val acc at iteration 44: 0.5485714285714286
	Val acc at iteration 45: 0.4685714285714286
	Val acc at iteration 46: 0.5428571428571428
	Val acc at iteration 47: 0.52
	Val acc at iteration 48: 0.5371428571428571
	Val acc at iteration 49: 0.5828571428571429
	Val acc at iteration 50: 0.5542857142857143
	Val acc at iteration 51: 0.5828571428571429
	Val acc at iteration 52: 0.5485714285714286
	Val acc at iteration 53: 0.6114285714285714
	Val acc at iteration 54: 0.5942857142857143
	Val acc at iteration 55: 0.6057142857142858
	Val acc at iteration 56: 0.6
	Val acc at iteration 57: 0.5885714285714285
	Val acc at iteration 58: 0.5542857142857143
	Val acc at iteration 59: 0.5714285714285714
	Val acc at iteration 60: 0.6171428571428571
	Val acc at iteration 61: 0.6171428571428571
	Val acc at iteration 62: 0.6228571428571429
	Val acc at iteration 63: 0.6171428571428571
	Val acc at iteration 64: 0.6
	Val acc at iteration 65: 0.6114285714285714
	Val acc at iteration 66: 0.6228571428571429
	Val acc at iteration 67: 0.6171428571428571
	Val acc at iteration 68: 0.6
	Val acc at iteration 69: 0.6114285714285714
	Val acc at iteration 70: 0.6285714285714286
	Val acc at iteration 71: 0.5771428571428572
	Val acc at iteration 72: 0.6228571428571429
	Val acc at iteration 73: 0.5942857142857143
	Val acc at iteration 74: 0.6057142857142858
	Val acc at iteration 75: 0.6457142857142857
	Val acc at iteration 76: 0.5771428571428572
	Val acc at iteration 77: 0.6457142857142857
	Val acc at iteration 78: 0.6057142857142858
	Val acc at iteration 79: 0.6
Val acc before epoch 36: 0.6742857142857143
Warm optimizer lr: 0.05
Val acc before epoch 37: 0.8057142857142857
Warm optimizer lr: 0.05
Val acc before epoch 38: 0.7714285714285715
Warm optimizer lr: 0.05
Val acc before epoch 39: 0.7942857142857143
Warm optimizer lr: 0.05
Val acc before epoch 40: 0.7714285714285715
Warm optimizer lr: 0.05
Val acc before epoch 41: 0.76
Warm optimizer lr: 0.05
Val acc before epoch 42: 0.7942857142857143
Warm optimizer lr: 0.05
Val acc before epoch 43: 0.7657142857142857
Warm optimizer lr: 0.05
Val acc before epoch 44: 0.7714285714285715
Warm optimizer lr: 0.05
Val acc before epoch 45: 0.8
Warm optimizer lr: 0.05
Val acc before epoch 46: 0.8
Warm optimizer lr: 0.05
Val acc before epoch 47: 0.8342857142857143
Warm optimizer lr: 0.05
Val acc before epoch 48: 0.8285714285714286
Warm optimizer lr: 0.05
Val acc before epoch 49: 0.8171428571428572
Warm optimizer lr: 0.05
Val acc before epoch 50: 0.7828571428571428
Warm optimizer lr: 0.037500000000000006
Val acc before epoch 51: 0.8514285714285714
Warm optimizer lr: 0.05
Val acc before epoch 52: 0.8
Warm optimizer lr: 0.05
Val acc before epoch 53: 0.7885714285714286
Warm optimizer lr: 0.05
Val acc before epoch 54: 0.8228571428571428
Warm optimizer lr: 0.05
Val acc before epoch 55: 0.8571428571428571
Warm optimizer lr: 0.05
Val acc before epoch 56: 0.8114285714285714
Warm optimizer lr: 0.05
Val acc before epoch 57: 0.7942857142857143
Warm optimizer lr: 0.05
Val acc before epoch 58: 0.8514285714285714
Warm optimizer lr: 0.05
Val acc before epoch 59: 0.8285714285714286
Warm optimizer lr: 0.05
Val acc before epoch 60: 0.8171428571428572
Warm optimizer lr: 0.05
Val acc before epoch 61: 0.8285714285714286
Warm optimizer lr: 0.05
Val acc before epoch 62: 0.8628571428571429
Warm optimizer lr: 0.05
Val acc before epoch 63: 0.7714285714285715
Warm optimizer lr: 0.05
Val acc before epoch 64: 0.8285714285714286
Warm optimizer lr: 0.05
Val acc before epoch 65: 0.8342857142857143
Warm optimizer lr: 0.05
Val acc before epoch 66: 0.8171428571428572
Warm optimizer lr: 0.05
Val acc before epoch 67: 0.8342857142857143
Warm optimizer lr: 0.05
Val acc before epoch 68: 0.8457142857142858
Warm optimizer lr: 0.05
Val acc before epoch 69: 0.8685714285714285
Warm optimizer lr: 0.05
Val acc before epoch 70: 0.7828571428571428
Warm optimizer lr: 0.05
Val acc before epoch 71: 0.8
Warm optimizer lr: 0.05
Val acc before epoch 72: 0.84
Warm optimizer lr: 0.05
Val acc before epoch 73: 0.8057142857142857
Warm optimizer lr: 0.05
Val acc before epoch 74: 0.8457142857142858
Warm optimizer lr: 0.05
Val acc before epoch 75: 0.8457142857142858
Warm optimizer lr: 0.037500000000000006
Val acc before epoch 76: 0.8057142857142857
Warm optimizer lr: 0.05
Val acc before epoch 77: 0.7828571428571428
Warm optimizer lr: 0.05
Val acc before epoch 78: 0.7771428571428571
Warm optimizer lr: 0.05
Val acc before epoch 79: 0.8457142857142858
Warm optimizer lr: 0.05
Val acc before epoch 80: 0.8228571428571428
Push epoch at epoch 81.
Final validation accuracy before push 2: 0.8228571428571428
Push number 2








After push, before retraining last layer:
	Train acc: 0.5977564102564102
	Train Cluster: 0.9410954475402832
	Train Separation: 0.99845951795578
(Directly after push 2) Val acc at iteration 0: 0.7485714285714286
Retraining last layer: 
Last layer lr: 0.008
	Val acc at iteration 0: 0.6571428571428571
	Val acc at iteration 1: 0.76
	Val acc at iteration 2: 0.7371428571428571
	Val acc at iteration 3: 0.6571428571428571
	Val acc at iteration 4: 0.8228571428571428
	Val acc at iteration 5: 0.8057142857142857
	Val acc at iteration 6: 0.7371428571428571
	Val acc at iteration 7: 0.8228571428571428
	Val acc at iteration 8: 0.8285714285714286
	Val acc at iteration 9: 0.7942857142857143
	Val acc at iteration 10: 0.8457142857142858
	Val acc at iteration 11: 0.8285714285714286
	Val acc at iteration 12: 0.8742857142857143
	Val acc at iteration 13: 0.8685714285714285
	Val acc at iteration 14: 0.8571428571428571
	Val acc at iteration 15: 0.8628571428571429
	Val acc at iteration 16: 0.9028571428571428
	Val acc at iteration 17: 0.8285714285714286
	Val acc at iteration 18: 0.8971428571428571
	Val acc at iteration 19: 0.8742857142857143
	Val acc at iteration 20: 0.8742857142857143
	Val acc at iteration 21: 0.9142857142857143
	Val acc at iteration 22: 0.9142857142857143
	Val acc at iteration 23: 0.8971428571428571
	Val acc at iteration 24: 0.8914285714285715
	Val acc at iteration 25: 0.9142857142857143
	Val acc at iteration 26: 0.84
	Val acc at iteration 27: 0.8742857142857143
	Val acc at iteration 28: 0.8742857142857143
	Val acc at iteration 29: 0.8857142857142857
	Val acc at iteration 30: 0.9028571428571428
	Val acc at iteration 31: 0.9028571428571428
	Val acc at iteration 32: 0.9028571428571428
	Val acc at iteration 33: 0.8742857142857143
	Val acc at iteration 34: 0.8914285714285715
	Val acc at iteration 35: 0.9142857142857143
	Val acc at iteration 36: 0.92
	Val acc at iteration 37: 0.9085714285714286
	Val acc at iteration 38: 0.92
	Val acc at iteration 39: 0.9085714285714286
	Val acc at iteration 40: 0.8857142857142857
	Val acc at iteration 41: 0.8971428571428571
	Val acc at iteration 42: 0.8971428571428571
	Val acc at iteration 43: 0.9028571428571428
	Val acc at iteration 44: 0.8857142857142857
	Val acc at iteration 45: 0.9257142857142857
	Val acc at iteration 46: 0.9085714285714286
	Val acc at iteration 47: 0.9314285714285714
	Val acc at iteration 48: 0.88
	Val acc at iteration 49: 0.9314285714285714
	Val acc at iteration 50: 0.9257142857142857
	Val acc at iteration 51: 0.92
	Val acc at iteration 52: 0.9142857142857143
	Val acc at iteration 53: 0.9371428571428572
	Val acc at iteration 54: 0.92
	Val acc at iteration 55: 0.9257142857142857
	Val acc at iteration 56: 0.9257142857142857
	Val acc at iteration 57: 0.9142857142857143
	Val acc at iteration 58: 0.92
	Val acc at iteration 59: 0.9428571428571428
	Val acc at iteration 60: 0.9371428571428572
	Val acc at iteration 61: 0.9428571428571428
	Val acc at iteration 62: 0.92
	Val acc at iteration 63: 0.9371428571428572
	Val acc at iteration 64: 0.9542857142857143
	Saved, since above 95.00%
	Val acc at iteration 65: 0.9428571428571428
	Val acc at iteration 66: 0.92
	Val acc at iteration 67: 0.96
	Saved, since accuracy 96.00% is higher than existing accuracy 95.43%
	Val acc at iteration 68: 0.9257142857142857
	Val acc at iteration 69: 0.8914285714285715
	Val acc at iteration 70: 0.9542857142857143
	Val acc at iteration 71: 0.9314285714285714
	Val acc at iteration 72: 0.9371428571428572
	Val acc at iteration 73: 0.9428571428571428
	Val acc at iteration 74: 0.9314285714285714
	Val acc at iteration 75: 0.9485714285714286
	Val acc at iteration 76: 0.9371428571428572
	Val acc at iteration 77: 0.9257142857142857
	Val acc at iteration 78: 0.9371428571428572
	Val acc at iteration 79: 0.9257142857142857
Val acc before epoch 81: 0.92
Warm optimizer lr: 0.05
Val acc before epoch 82: 0.9485714285714286
Warm optimizer lr: 0.05
Val acc before epoch 83: 0.9657142857142857
Warm optimizer lr: 0.05
Val acc before epoch 84: 0.96
Warm optimizer lr: 0.05
Val acc before epoch 85: 0.9314285714285714
Warm optimizer lr: 0.05
Val acc before epoch 86: 0.9771428571428571
Warm optimizer lr: 0.05
Val acc before epoch 87: 0.9714285714285714
Warm optimizer lr: 0.05
Val acc before epoch 88: 0.9542857142857143
Warm optimizer lr: 0.05
Val acc before epoch 89: 0.9657142857142857
Warm optimizer lr: 0.05
Val acc before epoch 90: 0.96
Warm optimizer lr: 0.05
Val acc before epoch 91: 0.9657142857142857
Warm optimizer lr: 0.05
Val acc before epoch 92: 0.9428571428571428
Warm optimizer lr: 0.05
Val acc before epoch 93: 0.9428571428571428
Warm optimizer lr: 0.05
Val acc before epoch 94: 0.96
Warm optimizer lr: 0.05
Val acc before epoch 95: 0.96
Warm optimizer lr: 0.05
Val acc before epoch 96: 0.9428571428571428
Warm optimizer lr: 0.05
Val acc before epoch 97: 0.9657142857142857
Warm optimizer lr: 0.05
Val acc before epoch 98: 0.9485714285714286
Warm optimizer lr: 0.05
Val acc before epoch 99: 0.9428571428571428
Warm optimizer lr: 0.05
Val acc before epoch 100: 0.9485714285714286
Warm optimizer lr: 0.05
Val acc before epoch 101: 0.9771428571428571
Warm optimizer lr: 0.037500000000000006
Val acc before epoch 102: 0.9485714285714286
Warm optimizer lr: 0.05
Val acc before epoch 103: 0.9428571428571428
Warm optimizer lr: 0.05
Val acc before epoch 104: 0.96
Warm optimizer lr: 0.05
Val acc before epoch 105: 0.9542857142857143
Warm optimizer lr: 0.05
Val acc before epoch 106: 0.9714285714285714
Warm optimizer lr: 0.05
Val acc before epoch 107: 0.9657142857142857
Warm optimizer lr: 0.05
Val acc before epoch 108: 0.96
Warm optimizer lr: 0.05
Val acc before epoch 109: 0.9542857142857143
Warm optimizer lr: 0.05
Val acc before epoch 110: 0.9657142857142857
Warm optimizer lr: 0.05
Val acc before epoch 111: 0.9428571428571428
Warm optimizer lr: 0.05
Val acc before epoch 112: 0.96
Warm optimizer lr: 0.05
Val acc before epoch 113: 0.9542857142857143
Warm optimizer lr: 0.05
Val acc before epoch 114: 0.9542857142857143
Warm optimizer lr: 0.05
Val acc before epoch 115: 0.9371428571428572
Warm optimizer lr: 0.05
Val acc before epoch 116: 0.9542857142857143
Warm optimizer lr: 0.05
Val acc before epoch 117: 0.9542857142857143
Warm optimizer lr: 0.05
Val acc before epoch 118: 0.9371428571428572
Warm optimizer lr: 0.05
Val acc before epoch 119: 0.96
Warm optimizer lr: 0.05
Val acc before epoch 120: 0.9485714285714286
Warm optimizer lr: 0.05
Val acc before epoch 121: 0.9371428571428572
Warm optimizer lr: 0.05
Val acc before epoch 122: 0.9542857142857143
Warm optimizer lr: 0.05
Val acc before epoch 123: 0.9485714285714286
Warm optimizer lr: 0.05
Val acc before epoch 124: 0.9657142857142857
Warm optimizer lr: 0.05
Val acc before epoch 125: 0.96
Push epoch at epoch 126.
Final validation accuracy before push 3: 0.96
Push number 3








After push, before retraining last layer:
	Train acc: 0.8926282051282052
	Train Cluster: 0.9459968209266663
	Train Separation: 0.9984661698341369
(Directly after push 3) Val acc at iteration 0: 0.9142857142857143
Retraining last layer: 
Last layer lr: 0.01
	Val acc at iteration 0: 0.9257142857142857
	Val acc at iteration 1: 0.9542857142857143
	Val acc at iteration 2: 0.9314285714285714
	Val acc at iteration 3: 0.9314285714285714
	Val acc at iteration 4: 0.9542857142857143
	Val acc at iteration 5: 0.9371428571428572
	Val acc at iteration 6: 0.9371428571428572
	Val acc at iteration 7: 0.92
	Val acc at iteration 8: 0.96
	Val acc at iteration 9: 0.9428571428571428
	Val acc at iteration 10: 0.9371428571428572
	Val acc at iteration 11: 0.9371428571428572
	Val acc at iteration 12: 0.9371428571428572
	Val acc at iteration 13: 0.9314285714285714
	Val acc at iteration 14: 0.9428571428571428
	Val acc at iteration 15: 0.9428571428571428
	Val acc at iteration 16: 0.9314285714285714
	Val acc at iteration 17: 0.9257142857142857
	Val acc at iteration 18: 0.9485714285714286
	Val acc at iteration 19: 0.96
	Val acc at iteration 20: 0.9314285714285714
	Val acc at iteration 21: 0.9085714285714286
	Val acc at iteration 22: 0.9542857142857143
	Val acc at iteration 23: 0.9257142857142857
	Val acc at iteration 24: 0.9485714285714286
	Val acc at iteration 25: 0.9142857142857143
	Val acc at iteration 26: 0.9428571428571428
	Val acc at iteration 27: 0.9485714285714286
	Val acc at iteration 28: 0.9542857142857143
	Val acc at iteration 29: 0.9485714285714286
	Val acc at iteration 30: 0.9428571428571428
	Val acc at iteration 31: 0.9314285714285714
	Val acc at iteration 32: 0.9428571428571428
	Val acc at iteration 33: 0.9542857142857143
	Val acc at iteration 34: 0.9542857142857143
	Val acc at iteration 35: 0.9257142857142857
	Val acc at iteration 36: 0.9142857142857143
	Val acc at iteration 37: 0.96
	Val acc at iteration 38: 0.9257142857142857
	Val acc at iteration 39: 0.9485714285714286
	Val acc at iteration 40: 0.96
	Val acc at iteration 41: 0.9257142857142857
	Val acc at iteration 42: 0.96
	Val acc at iteration 43: 0.92
	Val acc at iteration 44: 0.9657142857142857
	Saved, since accuracy 96.57% is higher than existing accuracy 96.00%
	Val acc at iteration 45: 0.9428571428571428
	Val acc at iteration 46: 0.9485714285714286
	Val acc at iteration 47: 0.9371428571428572
	Val acc at iteration 48: 0.9771428571428571
	Saved, since accuracy 97.71% is higher than existing accuracy 96.57%
	Val acc at iteration 49: 0.9485714285714286
	Val acc at iteration 50: 0.9371428571428572
	Val acc at iteration 51: 0.9542857142857143
	Val acc at iteration 52: 0.9428571428571428
	Val acc at iteration 53: 0.9542857142857143
	Val acc at iteration 54: 0.9371428571428572
	Val acc at iteration 55: 0.96
	Val acc at iteration 56: 0.9314285714285714
	Val acc at iteration 57: 0.9485714285714286
	Val acc at iteration 58: 0.9485714285714286
	Val acc at iteration 59: 0.96
	Val acc at iteration 60: 0.9314285714285714
	Val acc at iteration 61: 0.96
	Val acc at iteration 62: 0.9485714285714286
	Val acc at iteration 63: 0.9485714285714286
	Val acc at iteration 64: 0.96
	Val acc at iteration 65: 0.96
	Val acc at iteration 66: 0.9428571428571428
	Val acc at iteration 67: 0.9428571428571428
	Val acc at iteration 68: 0.96
	Val acc at iteration 69: 0.9371428571428572
	Val acc at iteration 70: 0.9428571428571428
	Val acc at iteration 71: 0.9485714285714286
	Val acc at iteration 72: 0.9428571428571428
	Val acc at iteration 73: 0.9771428571428571
	Saved, since accuracy 97.71% is higher than existing accuracy 97.71%
	Val acc at iteration 74: 0.9257142857142857
	Val acc at iteration 75: 0.9542857142857143
	Val acc at iteration 76: 0.9485714285714286
	Val acc at iteration 77: 0.9314285714285714
	Val acc at iteration 78: 0.96
	Val acc at iteration 79: 0.9314285714285714
Val acc before epoch 126: 0.9371428571428572
Warm optimizer lr: 0.025
Val acc before epoch 127: 0.9542857142857143
Warm optimizer lr: 0.018750000000000003
Val acc before epoch 128: 0.96
Warm optimizer lr: 0.025
Val acc before epoch 129: 0.96
Warm optimizer lr: 0.025
Val acc before epoch 130: 0.9657142857142857
Warm optimizer lr: 0.025
Val acc before epoch 131: 0.9428571428571428
Warm optimizer lr: 0.025
Val acc before epoch 132: 0.9657142857142857
Warm optimizer lr: 0.025
Val acc before epoch 133: 0.9657142857142857
Warm optimizer lr: 0.025
Val acc before epoch 134: 0.9657142857142857
Warm optimizer lr: 0.025
Val acc before epoch 135: 0.9771428571428571
Warm optimizer lr: 0.025
Val acc before epoch 136: 0.96
Warm optimizer lr: 0.025
Val acc before epoch 137: 0.9771428571428571
Warm optimizer lr: 0.025
Val acc before epoch 138: 0.9542857142857143
Warm optimizer lr: 0.025
Val acc before epoch 139: 0.9542857142857143
Warm optimizer lr: 0.025
Val acc before epoch 140: 0.96
Warm optimizer lr: 0.025
Val acc before epoch 141: 0.9542857142857143
Warm optimizer lr: 0.025
Val acc before epoch 142: 0.9657142857142857
Warm optimizer lr: 0.025
Val acc before epoch 143: 0.9542857142857143
Warm optimizer lr: 0.025
Val acc before epoch 144: 0.96
Warm optimizer lr: 0.025
Val acc before epoch 145: 0.9714285714285714
Warm optimizer lr: 0.025
Val acc before epoch 146: 0.96
Warm optimizer lr: 0.025
Val acc before epoch 147: 0.9485714285714286
Warm optimizer lr: 0.025
Val acc before epoch 148: 0.9657142857142857
Warm optimizer lr: 0.025
Val acc before epoch 149: 0.9714285714285714
Warm optimizer lr: 0.025
Val acc before epoch 150: 0.9542857142857143
Warm optimizer lr: 0.025
Val acc before epoch 151: 0.9657142857142857
Warm optimizer lr: 0.025
Val acc before epoch 152: 0.9714285714285714
Warm optimizer lr: 0.018750000000000003
Val acc before epoch 153: 0.96
Warm optimizer lr: 0.025
Val acc before epoch 154: 0.96
Warm optimizer lr: 0.025
Val acc before epoch 155: 0.9657142857142857
Warm optimizer lr: 0.025
Val acc before epoch 156: 0.96
Warm optimizer lr: 0.025
Val acc before epoch 157: 0.9657142857142857
Warm optimizer lr: 0.025
Val acc before epoch 158: 0.9771428571428571
Warm optimizer lr: 0.025
Val acc before epoch 159: 0.9771428571428571
Warm optimizer lr: 0.025
Val acc before epoch 160: 0.9657142857142857
Warm optimizer lr: 0.025
Val acc before epoch 161: 0.96
Warm optimizer lr: 0.025
Val acc before epoch 162: 0.9542857142857143
Warm optimizer lr: 0.025
Val acc before epoch 163: 0.9657142857142857
Warm optimizer lr: 0.025
Val acc before epoch 164: 0.9714285714285714
Warm optimizer lr: 0.025
Val acc before epoch 165: 0.96
Warm optimizer lr: 0.025
Val acc before epoch 166: 0.96
Warm optimizer lr: 0.025
Val acc before epoch 167: 0.9657142857142857
Warm optimizer lr: 0.025
Val acc before epoch 168: 0.9771428571428571
Warm optimizer lr: 0.025
Val acc before epoch 169: 0.96
Warm optimizer lr: 0.025
Val acc before epoch 170: 0.96
Push epoch at epoch 171.
Final validation accuracy before push 4: 0.96
Push number 4








After push, before retraining last layer:
	Train acc: 0.9342948717948718
	Train Cluster: 0.9471187472343445
	Train Separation: 0.9979243636131286
(Directly after push 4) Val acc at iteration 0: 0.9485714285714286
Retraining last layer: 
Last layer lr: 0.0005
	Val acc at iteration 0: 0.9657142857142857
	Val acc at iteration 1: 0.9485714285714286
	Val acc at iteration 2: 0.96
	Val acc at iteration 3: 0.9485714285714286
	Val acc at iteration 4: 0.96
	Val acc at iteration 5: 0.9771428571428571
	Saved, since accuracy 97.71% is higher than existing accuracy 97.71%
	Val acc at iteration 6: 0.9485714285714286
	Val acc at iteration 7: 0.9771428571428571
	Saved, since accuracy 97.71% is higher than existing accuracy 97.71%
	Val acc at iteration 8: 0.9485714285714286
	Val acc at iteration 9: 0.9657142857142857
	Val acc at iteration 10: 0.9714285714285714
	Val acc at iteration 11: 0.96
	Val acc at iteration 12: 0.9542857142857143
	Val acc at iteration 13: 0.9657142857142857
	Val acc at iteration 14: 0.9485714285714286
	Val acc at iteration 15: 0.9485714285714286
	Val acc at iteration 16: 0.9428571428571428
	Val acc at iteration 17: 0.9485714285714286
	Val acc at iteration 18: 0.9371428571428572
	Val acc at iteration 19: 0.9428571428571428
	Val acc at iteration 20: 0.9428571428571428
	Val acc at iteration 21: 0.96
	Val acc at iteration 22: 0.9542857142857143
	Val acc at iteration 23: 0.9314285714285714
	Val acc at iteration 24: 0.9657142857142857
	Val acc at iteration 25: 0.96
	Val acc at iteration 26: 0.9542857142857143
	Val acc at iteration 27: 0.9485714285714286
	Val acc at iteration 28: 0.9257142857142857
	Val acc at iteration 29: 0.9542857142857143
	Val acc at iteration 30: 0.9657142857142857
	Val acc at iteration 31: 0.9485714285714286
	Val acc at iteration 32: 0.9542857142857143
	Val acc at iteration 33: 0.9485714285714286
	Val acc at iteration 34: 0.96
	Val acc at iteration 35: 0.9485714285714286
	Val acc at iteration 36: 0.9714285714285714
	Val acc at iteration 37: 0.9542857142857143
	Val acc at iteration 38: 0.9485714285714286
	Val acc at iteration 39: 0.9485714285714286
	Val acc at iteration 40: 0.9542857142857143
	Val acc at iteration 41: 0.9485714285714286
	Val acc at iteration 42: 0.9657142857142857
	Val acc at iteration 43: 0.9657142857142857
	Val acc at iteration 44: 0.9371428571428572
	Val acc at iteration 45: 0.9485714285714286
	Val acc at iteration 46: 0.96
	Val acc at iteration 47: 0.9542857142857143
	Val acc at iteration 48: 0.9428571428571428
	Val acc at iteration 49: 0.9714285714285714
	Val acc at iteration 50: 0.96
	Val acc at iteration 51: 0.9714285714285714
	Val acc at iteration 52: 0.96
	Val acc at iteration 53: 0.96
	Val acc at iteration 54: 0.9485714285714286
	Val acc at iteration 55: 0.9485714285714286
	Val acc at iteration 56: 0.9485714285714286
	Val acc at iteration 57: 0.96
	Val acc at iteration 58: 0.9714285714285714
	Val acc at iteration 59: 0.9657142857142857
	Val acc at iteration 60: 0.9371428571428572
	Val acc at iteration 61: 0.9542857142857143
	Val acc at iteration 62: 0.9542857142857143
	Val acc at iteration 63: 0.96
	Val acc at iteration 64: 0.9657142857142857
	Val acc at iteration 65: 0.9714285714285714
	Val acc at iteration 66: 0.9657142857142857
	Val acc at iteration 67: 0.92
	Val acc at iteration 68: 0.96
	Val acc at iteration 69: 0.9771428571428571
	Saved, since accuracy 97.71% is higher than existing accuracy 97.71%
	Val acc at iteration 70: 0.9542857142857143
	Val acc at iteration 71: 0.9657142857142857
	Val acc at iteration 72: 0.9542857142857143
	Val acc at iteration 73: 0.9714285714285714
	Val acc at iteration 74: 0.9714285714285714
	Val acc at iteration 75: 0.9657142857142857
	Val acc at iteration 76: 0.9657142857142857
	Val acc at iteration 77: 0.96
	Val acc at iteration 78: 0.96
	Val acc at iteration 79: 0.9657142857142857
Val acc before epoch 171: 0.9485714285714286
Warm optimizer lr: 0.025
Val acc before epoch 172: 0.96
Warm optimizer lr: 0.025
Val acc before epoch 173: 0.9771428571428571
Warm optimizer lr: 0.025
Val acc before epoch 174: 0.9542857142857143
Warm optimizer lr: 0.025
Val acc before epoch 175: 0.96
Warm optimizer lr: 0.025
Val acc before epoch 176: 0.9714285714285714
Warm optimizer lr: 0.025
Val acc before epoch 177: 0.9771428571428571
Warm optimizer lr: 0.025
Val acc before epoch 178: 0.9771428571428571
Warm optimizer lr: 0.018750000000000003
Val acc before epoch 179: 0.96
Warm optimizer lr: 0.018750000000000003
Val acc before epoch 180: 0.9542857142857143
Warm optimizer lr: 0.018750000000000003
Val acc before epoch 181: 0.9771428571428571
Warm optimizer lr: 0.018750000000000003
Val acc before epoch 182: 0.9714285714285714
Warm optimizer lr: 0.018750000000000003
Val acc before epoch 183: 0.9771428571428571
Warm optimizer lr: 0.018750000000000003
Val acc before epoch 184: 0.9657142857142857
Warm optimizer lr: 0.018750000000000003
Val acc before epoch 185: 0.9771428571428571
Warm optimizer lr: 0.018750000000000003
Val acc before epoch 186: 0.96
Warm optimizer lr: 0.018750000000000003
Val acc before epoch 187: 0.9485714285714286
Warm optimizer lr: 0.018750000000000003
Val acc before epoch 188: 0.9542857142857143
Warm optimizer lr: 0.018750000000000003
Val acc before epoch 189: 0.9657142857142857
Warm optimizer lr: 0.018750000000000003
Val acc before epoch 190: 0.9542857142857143
Warm optimizer lr: 0.018750000000000003
Val acc before epoch 191: 0.9828571428571429
Warm optimizer lr: 0.018750000000000003
Val acc before epoch 192: 0.9657142857142857
Warm optimizer lr: 0.018750000000000003
Val acc before epoch 193: 0.96
Warm optimizer lr: 0.018750000000000003
Val acc before epoch 194: 0.9657142857142857
Warm optimizer lr: 0.018750000000000003
Val acc before epoch 195: 0.9542857142857143
Warm optimizer lr: 0.018750000000000003
Val acc before epoch 196: 0.9828571428571429
Warm optimizer lr: 0.018750000000000003
Val acc before epoch 197: 0.96
Warm optimizer lr: 0.018750000000000003
Val acc before epoch 198: 0.96
Warm optimizer lr: 0.018750000000000003
Val acc before epoch 199: 0.9542857142857143
Warm optimizer lr: 0.018750000000000003
Val acc before epoch 200: 0.9485714285714286
Warm optimizer lr: 0.018750000000000003
Val acc before epoch 201: 0.96
Warm optimizer lr: 0.018750000000000003
Val acc before epoch 202: 0.9485714285714286
Warm optimizer lr: 0.018750000000000003
Val acc before epoch 203: 0.9428571428571428
Warm optimizer lr: 0.014062500000000002
Val acc before epoch 204: 0.9714285714285714
Warm optimizer lr: 0.014062500000000002
Val acc before epoch 205: 0.9657142857142857
Warm optimizer lr: 0.014062500000000002
Val acc before epoch 206: 0.9542857142857143
Warm optimizer lr: 0.014062500000000002
Val acc before epoch 207: 0.9657142857142857
Warm optimizer lr: 0.014062500000000002
Val acc before epoch 208: 0.9714285714285714
Warm optimizer lr: 0.014062500000000002
Val acc before epoch 209: 0.9657142857142857
Warm optimizer lr: 0.014062500000000002
Val acc before epoch 210: 0.9657142857142857
Warm optimizer lr: 0.014062500000000002
Val acc before epoch 211: 0.9542857142857143
Warm optimizer lr: 0.014062500000000002
Val acc before epoch 212: 0.9542857142857143
Warm optimizer lr: 0.014062500000000002
Val acc before epoch 213: 0.9771428571428571
Warm optimizer lr: 0.014062500000000002
Val acc before epoch 214: 0.9714285714285714
Warm optimizer lr: 0.014062500000000002
Val acc before epoch 215: 0.96
Push epoch at epoch 216.
Final validation accuracy before push 5: 0.96
Push number 5








After push, before retraining last layer:
	Train acc: 0.9599358974358975
	Train Cluster: 0.9428202629089355
	Train Separation: 0.9981976270675659
(Directly after push 5) Val acc at iteration 0: 0.9771428571428571
Retraining last layer: 
Last layer lr: 0.0001
	Val acc at iteration 0: 0.9657142857142857
	Val acc at iteration 1: 0.9485714285714286
	Val acc at iteration 2: 0.96
	Val acc at iteration 3: 0.9714285714285714
	Val acc at iteration 4: 0.9542857142857143
	Val acc at iteration 5: 0.9542857142857143
	Val acc at iteration 6: 0.96
	Val acc at iteration 7: 0.96
	Val acc at iteration 8: 0.9771428571428571
	Saved, since accuracy 97.71% is higher than existing accuracy 97.71%
	Val acc at iteration 9: 0.9657142857142857
	Val acc at iteration 10: 0.9657142857142857
	Val acc at iteration 11: 0.9657142857142857
	Val acc at iteration 12: 0.9542857142857143
	Val acc at iteration 13: 0.96
	Val acc at iteration 14: 0.9542857142857143
	Val acc at iteration 15: 0.96
	Val acc at iteration 16: 0.9542857142857143
	Val acc at iteration 17: 0.9657142857142857
	Val acc at iteration 18: 0.9657142857142857
	Val acc at iteration 19: 0.9714285714285714
	Val acc at iteration 20: 0.9657142857142857
	Val acc at iteration 21: 0.9428571428571428
	Val acc at iteration 22: 0.9542857142857143
	Val acc at iteration 23: 0.9657142857142857
	Val acc at iteration 24: 0.9371428571428572
	Val acc at iteration 25: 0.9542857142857143
	Val acc at iteration 26: 0.9714285714285714
	Val acc at iteration 27: 0.9714285714285714
	Val acc at iteration 28: 0.9657142857142857
	Val acc at iteration 29: 0.9542857142857143
	Val acc at iteration 30: 0.9714285714285714
	Val acc at iteration 31: 0.9657142857142857
	Val acc at iteration 32: 0.96
	Val acc at iteration 33: 0.9714285714285714
	Val acc at iteration 34: 0.96
	Val acc at iteration 35: 0.96
	Val acc at iteration 36: 0.9485714285714286
	Val acc at iteration 37: 0.9657142857142857
	Val acc at iteration 38: 0.9428571428571428
	Val acc at iteration 39: 0.96
	Val acc at iteration 40: 0.9485714285714286
	Val acc at iteration 41: 0.9428571428571428
	Val acc at iteration 42: 0.96
	Val acc at iteration 43: 0.9428571428571428
	Val acc at iteration 44: 0.96
	Val acc at iteration 45: 0.9428571428571428
	Val acc at iteration 46: 0.9657142857142857
	Val acc at iteration 47: 0.96
	Val acc at iteration 48: 0.9657142857142857
	Val acc at iteration 49: 0.9657142857142857
	Val acc at iteration 50: 0.96
	Val acc at iteration 51: 0.96
	Val acc at iteration 52: 0.9485714285714286
	Val acc at iteration 53: 0.9542857142857143
	Val acc at iteration 54: 0.9542857142857143
	Val acc at iteration 55: 0.9657142857142857
	Val acc at iteration 56: 0.9485714285714286
	Val acc at iteration 57: 0.9542857142857143
	Val acc at iteration 58: 0.96
	Val acc at iteration 59: 0.9542857142857143
	Val acc at iteration 60: 0.9714285714285714
	Val acc at iteration 61: 0.9542857142857143
	Val acc at iteration 62: 0.96
	Val acc at iteration 63: 0.96
	Val acc at iteration 64: 0.9657142857142857
	Val acc at iteration 65: 0.9657142857142857
	Val acc at iteration 66: 0.96
	Val acc at iteration 67: 0.9542857142857143
	Val acc at iteration 68: 0.9485714285714286
	Val acc at iteration 69: 0.9657142857142857
	Val acc at iteration 70: 0.9657142857142857
	Val acc at iteration 71: 0.9657142857142857
	Val acc at iteration 72: 0.96
	Val acc at iteration 73: 0.9542857142857143
	Val acc at iteration 74: 0.9714285714285714
	Val acc at iteration 75: 0.9485714285714286
	Val acc at iteration 76: 0.9657142857142857
	Val acc at iteration 77: 0.9657142857142857
	Val acc at iteration 78: 0.9542857142857143
	Val acc at iteration 79: 0.9485714285714286
Val acc before epoch 216: 0.9657142857142857
Joint optimizer lr: 0.0001
Joint optimizer lr: 0.02
Val acc before epoch 217: 0.96
Joint optimizer lr: 7e-05
Joint optimizer lr: 0.013999999999999999
Val acc before epoch 218: 0.9714285714285714
Joint optimizer lr: 7e-05
Joint optimizer lr: 0.013999999999999999
Val acc before epoch 219: 0.96
Joint optimizer lr: 4.899999999999999e-05
Joint optimizer lr: 0.009799999999999998
Val acc before epoch 220: 0.9714285714285714
Joint optimizer lr: 4.899999999999999e-05
Joint optimizer lr: 0.009799999999999998
Val acc before epoch 221: 0.9657142857142857
Joint optimizer lr: 3.4299999999999993e-05
Joint optimizer lr: 0.006859999999999998
Val acc before epoch 222: 0.9714285714285714
Joint optimizer lr: 3.4299999999999993e-05
Joint optimizer lr: 0.006859999999999998
Val acc before epoch 223: 0.9657142857142857
Joint optimizer lr: 2.4009999999999995e-05
Joint optimizer lr: 0.004801999999999998
Val acc before epoch 224: 0.9542857142857143
Joint optimizer lr: 2.4009999999999995e-05
Joint optimizer lr: 0.004801999999999998
Val acc before epoch 225: 0.9657142857142857
Joint optimizer lr: 1.6806999999999997e-05
Joint optimizer lr: 0.0033613999999999983
Val acc before epoch 226: 0.9428571428571428
Joint optimizer lr: 1.6806999999999997e-05
Joint optimizer lr: 0.0033613999999999983
Val acc before epoch 227: 0.9428571428571428
Joint optimizer lr: 1.1764899999999996e-05
Joint optimizer lr: 0.002352979999999999
Val acc before epoch 228: 0.96
Joint optimizer lr: 1.1764899999999996e-05
Joint optimizer lr: 0.002352979999999999
Val acc before epoch 229: 0.96
Joint optimizer lr: 8.235429999999996e-06
Joint optimizer lr: 0.0016470859999999992
Val acc before epoch 230: 0.9542857142857143
Joint optimizer lr: 8.235429999999996e-06
Joint optimizer lr: 0.0016470859999999992
Val acc before epoch 231: 0.9657142857142857
Joint optimizer lr: 5.764800999999997e-06
Joint optimizer lr: 0.0011529601999999994
Val acc before epoch 232: 0.9542857142857143
Joint optimizer lr: 5.764800999999997e-06
Joint optimizer lr: 0.0011529601999999994
Val acc before epoch 233: 0.9657142857142857
Joint optimizer lr: 4.035360699999998e-06
Joint optimizer lr: 0.0008070721399999995
Val acc before epoch 234: 0.9485714285714286
Joint optimizer lr: 4.035360699999998e-06
Joint optimizer lr: 0.0008070721399999995
Val acc before epoch 235: 0.96
Joint optimizer lr: 2.8247524899999986e-06
Joint optimizer lr: 0.0005649504979999996
Val acc before epoch 236: 0.96
Joint optimizer lr: 2.8247524899999986e-06
Joint optimizer lr: 0.0005649504979999996
Val acc before epoch 237: 0.96
Joint optimizer lr: 1.977326742999999e-06
Joint optimizer lr: 0.0003954653485999997
Val acc before epoch 238: 0.96
Joint optimizer lr: 1.977326742999999e-06
Joint optimizer lr: 0.0003954653485999997
Val acc before epoch 239: 0.9714285714285714
Joint optimizer lr: 1.3841287200999992e-06
Joint optimizer lr: 0.00027682574401999976
Val acc before epoch 240: 0.9771428571428571
Joint optimizer lr: 1.3841287200999992e-06
Joint optimizer lr: 0.00027682574401999976
Val acc before epoch 241: 0.9714285714285714
Joint optimizer lr: 9.688901040699995e-07
Joint optimizer lr: 0.00019377802081399983
Val acc before epoch 242: 0.9428571428571428
Joint optimizer lr: 9.688901040699995e-07
Joint optimizer lr: 0.00019377802081399983
Val acc before epoch 243: 0.96
Joint optimizer lr: 6.782230728489996e-07
Joint optimizer lr: 0.00013564461456979987
Val acc before epoch 244: 0.9771428571428571
Joint optimizer lr: 6.782230728489996e-07
Joint optimizer lr: 0.00013564461456979987
Val acc before epoch 245: 0.9714285714285714
Joint optimizer lr: 4.747561509942997e-07
Joint optimizer lr: 9.49512301988599e-05
Val acc before epoch 246: 0.96
Joint optimizer lr: 4.747561509942997e-07
Joint optimizer lr: 9.49512301988599e-05
Val acc before epoch 247: 0.9657142857142857
Joint optimizer lr: 3.3232930569600976e-07
Joint optimizer lr: 6.646586113920192e-05
Val acc before epoch 248: 0.9657142857142857
Joint optimizer lr: 3.3232930569600976e-07
Joint optimizer lr: 6.646586113920192e-05
Val acc before epoch 249: 0.96
Joint optimizer lr: 2.326305139872068e-07
Joint optimizer lr: 4.6526102797441344e-05
Val acc before epoch 250: 0.96
Joint optimizer lr: 2.326305139872068e-07
Joint optimizer lr: 4.6526102797441344e-05
Val acc before epoch 251: 0.9542857142857143
Joint optimizer lr: 1.6284135979104476e-07
Joint optimizer lr: 3.256827195820894e-05
Val acc before epoch 252: 0.9657142857142857
Joint optimizer lr: 1.6284135979104476e-07
Joint optimizer lr: 3.256827195820894e-05
Val acc before epoch 253: 0.9657142857142857
Joint optimizer lr: 1.1398895185373132e-07
Joint optimizer lr: 2.2797790370746256e-05
Val acc before epoch 254: 0.9542857142857143
Joint optimizer lr: 1.1398895185373132e-07
Joint optimizer lr: 2.2797790370746256e-05
Val acc before epoch 255: 0.9714285714285714
Joint optimizer lr: 7.979226629761192e-08
Joint optimizer lr: 1.595845325952238e-05
Val acc before epoch 256: 0.96
Joint optimizer lr: 7.979226629761192e-08
Joint optimizer lr: 1.595845325952238e-05
Val acc before epoch 257: 0.9485714285714286
Joint optimizer lr: 5.5854586408328346e-08
Joint optimizer lr: 1.1170917281665665e-05
Val acc before epoch 258: 0.9542857142857143
Joint optimizer lr: 5.5854586408328346e-08
Joint optimizer lr: 1.1170917281665665e-05
Val acc before epoch 259: 0.96
Stopping after epoch 260.
Final validation accuracy before push 6: 0.96




After push, before retraining last layer:
	Train acc: 0.9551282051282052
	Train Cluster: 0.942586350440979
	TrainSeparation: 0.9984238386154175
(Directly after push 6) Val acc at iteration 0: 0.96
Retraining last layer
Last layer lr: 0.0001
	Train acc at iteration 1: 0.9375
	Val acc at iteration 0: 0.9657142857142857
	Train acc at iteration 2: 0.9310897435897436
	Val acc at iteration 1: 0.9542857142857143
	Train acc at iteration 3: 0.9022435897435898
	Val acc at iteration 2: 0.9714285714285714
	Train acc at iteration 4: 0.9246794871794872
	Val acc at iteration 3: 0.9657142857142857
	Train acc at iteration 5: 0.9407051282051282
	Val acc at iteration 4: 0.9657142857142857
	Train acc at iteration 6: 0.9326923076923077
	Val acc at iteration 5: 0.96
	Train acc at iteration 7: 0.9230769230769231
	Val acc at iteration 6: 0.9542857142857143
	Train acc at iteration 8: 0.9423076923076923
	Val acc at iteration 7: 0.9542857142857143
	Train acc at iteration 9: 0.907051282051282
	Val acc at iteration 8: 0.9371428571428572
	Train acc at iteration 10: 0.907051282051282
	Val acc at iteration 9: 0.9542857142857143
	Train acc at iteration 11: 0.9391025641025641
	Val acc at iteration 10: 0.9428571428571428
	Train acc at iteration 12: 0.9294871794871795
	Val acc at iteration 11: 0.9714285714285714
	Train acc at iteration 13: 0.9214743589743589
	Val acc at iteration 12: 0.9542857142857143
	Train acc at iteration 14: 0.9358974358974359
	Val acc at iteration 13: 0.9657142857142857
	Train acc at iteration 15: 0.9358974358974359
	Val acc at iteration 14: 0.96
	Train acc at iteration 16: 0.9358974358974359
	Val acc at iteration 15: 0.9657142857142857
	Train acc at iteration 17: 0.9262820512820513
	Val acc at iteration 16: 0.9542857142857143
	Train acc at iteration 18: 0.9375
	Val acc at iteration 17: 0.9428571428571428
	Train acc at iteration 19: 0.9342948717948718
	Val acc at iteration 18: 0.9714285714285714
	Train acc at iteration 20: 0.9326923076923077
	Val acc at iteration 19: 0.9542857142857143
	Train acc at iteration 21: 0.9278846153846154
	Val acc at iteration 20: 0.96
	Train acc at iteration 22: 0.9214743589743589
	Val acc at iteration 21: 0.9371428571428572
	Train acc at iteration 23: 0.9262820512820513
	Val acc at iteration 22: 0.96
	Train acc at iteration 24: 0.9358974358974359
	Val acc at iteration 23: 0.96
	Train acc at iteration 25: 0.9294871794871795
	Val acc at iteration 24: 0.9657142857142857
	Train acc at iteration 26: 0.907051282051282
	Val acc at iteration 25: 0.9657142857142857
	Train acc at iteration 27: 0.9358974358974359
	Val acc at iteration 26: 0.9657142857142857
	Train acc at iteration 28: 0.9294871794871795
	Val acc at iteration 27: 0.96
	Train acc at iteration 29: 0.9278846153846154
	Val acc at iteration 28: 0.9714285714285714
	Train acc at iteration 30: 0.9230769230769231
	Val acc at iteration 29: 0.96
	Train acc at iteration 31: 0.9439102564102564
	Val acc at iteration 30: 0.9485714285714286
	Train acc at iteration 32: 0.9342948717948718
	Val acc at iteration 31: 0.9542857142857143
	Train acc at iteration 33: 0.9326923076923077
	Val acc at iteration 32: 0.96
	Train acc at iteration 34: 0.9150641025641025
	Val acc at iteration 33: 0.9714285714285714
	Train acc at iteration 35: 0.9487179487179487
	Val acc at iteration 34: 0.9485714285714286
	Train acc at iteration 36: 0.9182692307692307
	Val acc at iteration 35: 0.9314285714285714
	Train acc at iteration 37: 0.907051282051282
	Val acc at iteration 36: 0.9542857142857143
	Train acc at iteration 38: 0.9294871794871795
	Val acc at iteration 37: 0.9371428571428572
	Train acc at iteration 39: 0.9262820512820513
	Val acc at iteration 38: 0.9485714285714286
	Train acc at iteration 40: 0.9551282051282052
	Val acc at iteration 39: 0.9371428571428572
	Train acc at iteration 41: 0.9214743589743589
	Val acc at iteration 40: 0.9714285714285714
	Train acc at iteration 42: 0.9182692307692307
	Val acc at iteration 41: 0.9714285714285714
	Train acc at iteration 43: 0.9150641025641025
	Val acc at iteration 42: 0.9771428571428571
	Saved, since accuracy 97.71% is higher than existing accuracy 97.71%
	Train acc at iteration 44: 0.9214743589743589
	Val acc at iteration 43: 0.9657142857142857
	Train acc at iteration 45: 0.9423076923076923
	Val acc at iteration 44: 0.9428571428571428
	Train acc at iteration 46: 0.9022435897435898
	Val acc at iteration 45: 0.9657142857142857
	Train acc at iteration 47: 0.9198717948717948
	Val acc at iteration 46: 0.9542857142857143
	Train acc at iteration 48: 0.9342948717948718
	Val acc at iteration 47: 0.9542857142857143
	Train acc at iteration 49: 0.9375
	Val acc at iteration 48: 0.9542857142857143
	Train acc at iteration 50: 0.9166666666666666
	Val acc at iteration 49: 0.9485714285714286
	Train acc at iteration 51: 0.9230769230769231
	Val acc at iteration 50: 0.9485714285714286
	Train acc at iteration 52: 0.9423076923076923
	Val acc at iteration 51: 0.9485714285714286
	Train acc at iteration 53: 0.9230769230769231
	Val acc at iteration 52: 0.96
	Train acc at iteration 54: 0.9342948717948718
	Val acc at iteration 53: 0.9657142857142857
	Train acc at iteration 55: 0.9423076923076923
	Val acc at iteration 54: 0.9657142857142857
	Train acc at iteration 56: 0.9358974358974359
	Val acc at iteration 55: 0.9657142857142857
	Train acc at iteration 57: 0.8974358974358975
	Val acc at iteration 56: 0.9657142857142857
	Train acc at iteration 58: 0.9342948717948718
	Val acc at iteration 57: 0.9657142857142857
	Train acc at iteration 59: 0.9310897435897436
	Val acc at iteration 58: 0.9485714285714286
	Train acc at iteration 60: 0.9118589743589743
	Val acc at iteration 59: 0.9657142857142857
	Train acc at iteration 61: 0.9182692307692307
	Val acc at iteration 60: 0.9485714285714286
	Train acc at iteration 62: 0.9166666666666666
	Val acc at iteration 61: 0.9714285714285714
	Train acc at iteration 63: 0.9375
	Val acc at iteration 62: 0.9542857142857143
	Train acc at iteration 64: 0.9262820512820513
	Val acc at iteration 63: 0.96
	Train acc at iteration 65: 0.9230769230769231
	Val acc at iteration 64: 0.96
	Train acc at iteration 66: 0.9166666666666666
	Val acc at iteration 65: 0.96
	Train acc at iteration 67: 0.9198717948717948
	Val acc at iteration 66: 0.9542857142857143
	Train acc at iteration 68: 0.9358974358974359
	Val acc at iteration 67: 0.9542857142857143
	Train acc at iteration 69: 0.9230769230769231
	Val acc at iteration 68: 0.9428571428571428
	Train acc at iteration 70: 0.9342948717948718
	Val acc at iteration 69: 0.9657142857142857
	Train acc at iteration 71: 0.9166666666666666
	Val acc at iteration 70: 0.9714285714285714
	Train acc at iteration 72: 0.9342948717948718
	Val acc at iteration 71: 0.96
	Train acc at iteration 73: 0.9134615384615384
	Val acc at iteration 72: 0.9714285714285714
	Train acc at iteration 74: 0.9326923076923077
	Val acc at iteration 73: 0.96
	Train acc at iteration 75: 0.9278846153846154
	Val acc at iteration 74: 0.9657142857142857
	Train acc at iteration 76: 0.9358974358974359
	Val acc at iteration 75: 0.96
	Train acc at iteration 77: 0.9439102564102564
	Val acc at iteration 76: 0.9771428571428571
	Saved, since accuracy 97.71% is higher than existing accuracy 97.71%
	Train acc at iteration 78: 0.9246794871794872
	Val acc at iteration 77: 0.9542857142857143
	Train acc at iteration 79: 0.9326923076923077
	Val acc at iteration 78: 0.9542857142857143
	Train acc at iteration 80: 0.9310897435897436
	Val acc at iteration 79: 0.9314285714285714
Finished search.
