SLURM_JOB_ID: 1877651
SLURM_ARRAY_JOB_ID: 1877627
SLURM_ARRAY_TASK_ID: 9
SLURM_ARRAY_TASK_COUNT: 11
SLURM_ARRAY_TASK_MAX: 11
SLURM_ARRAY_TASK_MIN: 1
===========================================
/home/swaggoner/eDNA/protopnet
grtx-1.cluster
Thu Apr 18 11:58:40 EDT 2024
===========================================
13:4: not a valid test operator: (
13:4: not a valid test operator: 525.85.12

=============
== PyTorch ==
=============

NVIDIA Release 23.09 (build 69180607)
PyTorch Version 2.1.0a0+32f93b1

Container image Copyright (c) 2023, NVIDIA CORPORATION & AFFILIATES. All rights reserved.

Copyright (c) 2014-2023 Facebook Inc.
Copyright (c) 2011-2014 Idiap Research Institute (Ronan Collobert)
Copyright (c) 2012-2014 Deepmind Technologies    (Koray Kavukcuoglu)
Copyright (c) 2011-2012 NEC Laboratories America (Koray Kavukcuoglu)
Copyright (c) 2011-2013 NYU                      (Clement Farabet)
Copyright (c) 2006-2010 NEC Laboratories America (Ronan Collobert, Leon Bottou, Iain Melvin, Jason Weston)
Copyright (c) 2006      Idiap Research Institute (Samy Bengio)
Copyright (c) 2001-2004 Idiap Research Institute (Ronan Collobert, Samy Bengio, Johnny Mariethoz)
Copyright (c) 2015      Google Inc.
Copyright (c) 2015      Yangqing Jia
Copyright (c) 2013-2016 The Caffe contributors
All rights reserved.

Various files include modifications (c) NVIDIA CORPORATION & AFFILIATES.  All rights reserved.

This container image and its contents are governed by the NVIDIA Deep Learning Container License.
By pulling and using the container, you accept the terms and conditions of this license:
https://developer.nvidia.com/ngc/nvidia-deep-learning-container-license

WARNING: CUDA Minor Version Compatibility mode ENABLED.
  Using driver version 525.85.12 which has support for CUDA 12.0.  This container
  was built with CUDA 12.2 and will be run in Minor Version Compatibility mode.
  CUDA Forward Compatibility is preferred over Minor Version Compatibility for use
  with this container but was unavailable:
  [[]]
  See https://docs.nvidia.com/deploy/cuda-compatibility/ for details.

NOTE: Mellanox network driver detected, but NVIDIA peer memory driver not
      detected.  Multi-node communication performance may be reduced.

2024-04-18 11:58:53.739726: I tensorflow/tsl/cuda/cudart_stub.cc:28] Could not find cuda drivers on your machine, GPU will not be used.
2024-04-18 11:58:54.350445: E tensorflow/compiler/xla/stream_executor/cuda/cuda_dnn.cc:9342] Unable to register cuDNN factory: Attempting to register factory for plugin cuDNN when one has already been registered
2024-04-18 11:58:54.350512: E tensorflow/compiler/xla/stream_executor/cuda/cuda_fft.cc:609] Unable to register cuFFT factory: Attempting to register factory for plugin cuFFT when one has already been registered
2024-04-18 11:58:54.353557: E tensorflow/compiler/xla/stream_executor/cuda/cuda_blas.cc:1518] Unable to register cuBLAS factory: Attempting to register factory for plugin cuBLAS when one has already been registered
2024-04-18 11:58:54.724332: I tensorflow/core/platform/cpu_feature_guard.cc:182] This TensorFlow binary is optimized to use available CPU instructions in performance-critical operations.
To enable the following instructions: AVX2 FMA, in other operations, rebuild TensorFlow with the appropriate compiler flags.
0
comb_num: 9
arr_job_id: 1877627
job_id: -1
Oversampled shape: (748, 2)


Trial 1

training set size: 780
push set size: 748
test set size: 175
train batch size: 156
test batch size: 35
Hyperparameters: {'prototype_shape': [(468, 520, 5)], 'latent_weight': [0, 0.1, 0.2, 0.3, 0.4, 0.5, 0.6, 0.7, 0.8, 0.9, 1], 'num_warm_epochs': [215], 'push_start': [35], 'push_gap': [45], 'num_pushes': [5], 'crs_ent_weight': [1], 'clst_weight': [-1], 'sep_weight': [0.3], 'l1_weight': [5e-06], 'p0_warm_ptype_lr': [0.05], 'p0_warm_ptype_gamma': [0.75], 'p0_warm_ptype_step_size': [125], 'p1_last_layer_lr': [0.001], 'p1_last_layer_iterations': [80], 'p1_warm_ptype_lr': [0.05], 'p1_warm_ptype_gamma': [0.9], 'p1_warm_ptype_step_size': [50], 'p2_last_layer_lr': [0.008], 'p2_last_layer_iterations': [80], 'p2_warm_ptype_lr': [0.05], 'p2_warm_ptype_gamma': [0.9], 'p2_warm_ptype_step_size': [50], 'p3_last_layer_lr': [0.01], 'p3_last_layer_iterations': [80], 'p3_warm_ptype_lr': [0.025], 'p3_warm_ptype_gamma': [0.9], 'p3_warm_ptype_step_size': [50], 'p4_last_layer_lr': [0.0005], 'p4_last_layer_iterations': [80], 'p4_warm_ptype_lr': [0.02], 'p4_warm_ptype_gamma': [0.9], 'p4_warm_ptype_step_size': [50], 'p5_last_layer_lr': [0.0001], 'p5_last_layer_iterations': [80], 'joint_weight_decay': [5e-06], 'joint_lr_step_size': [25], 'joint_gamma': [0.9], 'joint_feature_lr': [0.0001], 'joint_ptype_lr': [0.01]}


Checking hyperparameters: {'latent_weight': [0, 0.1, 0.2, 0.3, 0.4, 0.5, 0.6, 0.7, 0.8, 0.9, 1]}


Performing combination number 9


Exploring 11 hyperparameter combinations for grid search.


Attempting combination 9/11:
prototype_shape: (468, 520, 5)
latent_weight: 0.8
num_warm_epochs: 215
push_start: 35
push_gap: 45
num_pushes: 5
crs_ent_weight: 1
clst_weight: -1
sep_weight: 0.3
l1_weight: 5e-06
p0_warm_ptype_lr: 0.05
p0_warm_ptype_gamma: 0.75
p0_warm_ptype_step_size: 125
p1_last_layer_lr: 0.001
p1_last_layer_iterations: 80
p1_warm_ptype_lr: 0.05
p1_warm_ptype_gamma: 0.9
p1_warm_ptype_step_size: 50
p2_last_layer_lr: 0.008
p2_last_layer_iterations: 80
p2_warm_ptype_lr: 0.05
p2_warm_ptype_gamma: 0.9
p2_warm_ptype_step_size: 50
p3_last_layer_lr: 0.01
p3_last_layer_iterations: 80
p3_warm_ptype_lr: 0.025
p3_warm_ptype_gamma: 0.9
p3_warm_ptype_step_size: 50
p4_last_layer_lr: 0.0005
p4_last_layer_iterations: 80
p4_warm_ptype_lr: 0.02
p4_warm_ptype_gamma: 0.9
p4_warm_ptype_step_size: 50
p5_last_layer_lr: 0.0001
p5_last_layer_iterations: 80
joint_weight_decay: 5e-06
joint_lr_step_size: 25
joint_gamma: 0.9
joint_feature_lr: 0.0001
joint_ptype_lr: 0.01



End epoch: 259
Val acc before epoch 0: 0.0
Warm optimizer lr: 0.05
Val acc before epoch 1: 0.10285714285714286
Warm optimizer lr: 0.05
Val acc before epoch 2: 0.18285714285714286
Warm optimizer lr: 0.05
Val acc before epoch 3: 0.32571428571428573
Warm optimizer lr: 0.05
Val acc before epoch 4: 0.37714285714285717
Warm optimizer lr: 0.05
Val acc before epoch 5: 0.4228571428571429
Warm optimizer lr: 0.05
Val acc before epoch 6: 0.42857142857142855
Warm optimizer lr: 0.05
Val acc before epoch 7: 0.5257142857142857
Warm optimizer lr: 0.05
Val acc before epoch 8: 0.5371428571428571
Warm optimizer lr: 0.05
Val acc before epoch 9: 0.5142857142857142
Warm optimizer lr: 0.05
Val acc before epoch 10: 0.6057142857142858
Warm optimizer lr: 0.05
Val acc before epoch 11: 0.5885714285714285
Warm optimizer lr: 0.05
Val acc before epoch 12: 0.6057142857142858
Warm optimizer lr: 0.05
Val acc before epoch 13: 0.6
Warm optimizer lr: 0.05
Val acc before epoch 14: 0.6514285714285715
Warm optimizer lr: 0.05
Val acc before epoch 15: 0.6628571428571428
Warm optimizer lr: 0.05
Val acc before epoch 16: 0.6342857142857142
Warm optimizer lr: 0.05
Val acc before epoch 17: 0.64
Warm optimizer lr: 0.05
Val acc before epoch 18: 0.6571428571428571
Warm optimizer lr: 0.05
Val acc before epoch 19: 0.6685714285714286
Warm optimizer lr: 0.05
Val acc before epoch 20: 0.6514285714285715
Warm optimizer lr: 0.05
Val acc before epoch 21: 0.7428571428571429
Warm optimizer lr: 0.05
Val acc before epoch 22: 0.6685714285714286
Warm optimizer lr: 0.05
Val acc before epoch 23: 0.6971428571428572
Warm optimizer lr: 0.05
Val acc before epoch 24: 0.7028571428571428
Warm optimizer lr: 0.037500000000000006
Val acc before epoch 25: 0.6685714285714286
Warm optimizer lr: 0.05
Val acc before epoch 26: 0.6742857142857143
Warm optimizer lr: 0.05
Val acc before epoch 27: 0.7542857142857143
Warm optimizer lr: 0.05
Val acc before epoch 28: 0.7485714285714286
Warm optimizer lr: 0.05
Val acc before epoch 29: 0.7314285714285714
Warm optimizer lr: 0.05
Val acc before epoch 30: 0.7371428571428571
Warm optimizer lr: 0.05
Val acc before epoch 31: 0.7485714285714286
Warm optimizer lr: 0.05
Val acc before epoch 32: 0.7485714285714286
Warm optimizer lr: 0.05
Val acc before epoch 33: 0.7314285714285714
Warm optimizer lr: 0.05
Val acc before epoch 34: 0.7257142857142858
Warm optimizer lr: 0.05
Val acc before epoch 35: 0.7771428571428571
Push epoch at epoch 36.
Final validation accuracy before push 1: 0.7771428571428571
Push number 1








After push, before retraining last layer:
	Train acc: 0.5544871794871795
	Train Cluster: 0.8707290172576905
	Train Separation: 0.9197712540626526
(Directly after push 1) Val acc at iteration 0: 0.4857142857142857
Retraining last layer: 
Last layer lr: 0.001
	Val acc at iteration 0: 0.5028571428571429
	Val acc at iteration 1: 0.48
	Val acc at iteration 2: 0.5657142857142857
	Val acc at iteration 3: 0.4857142857142857
	Val acc at iteration 4: 0.5714285714285714
	Val acc at iteration 5: 0.5714285714285714
	Val acc at iteration 6: 0.56
	Val acc at iteration 7: 0.5942857142857143
	Val acc at iteration 8: 0.5314285714285715
	Val acc at iteration 9: 0.6171428571428571
	Val acc at iteration 10: 0.56
	Val acc at iteration 11: 0.6342857142857142
	Val acc at iteration 12: 0.6228571428571429
	Val acc at iteration 13: 0.6
	Val acc at iteration 14: 0.6628571428571428
	Val acc at iteration 15: 0.6114285714285714
	Val acc at iteration 16: 0.6571428571428571
	Val acc at iteration 17: 0.6857142857142857
	Val acc at iteration 18: 0.6342857142857142
	Val acc at iteration 19: 0.6514285714285715
	Val acc at iteration 20: 0.6857142857142857
	Val acc at iteration 21: 0.6685714285714286
	Val acc at iteration 22: 0.6742857142857143
	Val acc at iteration 23: 0.6971428571428572
	Val acc at iteration 24: 0.6685714285714286
	Val acc at iteration 25: 0.6971428571428572
	Val acc at iteration 26: 0.6571428571428571
	Val acc at iteration 27: 0.6685714285714286
	Val acc at iteration 28: 0.7257142857142858
	Val acc at iteration 29: 0.6514285714285715
	Val acc at iteration 30: 0.68
	Val acc at iteration 31: 0.68
	Val acc at iteration 32: 0.7314285714285714
	Val acc at iteration 33: 0.68
	Val acc at iteration 34: 0.7485714285714286
	Val acc at iteration 35: 0.6628571428571428
	Val acc at iteration 36: 0.7028571428571428
	Val acc at iteration 37: 0.6971428571428572
	Val acc at iteration 38: 0.72
	Val acc at iteration 39: 0.7085714285714285
	Val acc at iteration 40: 0.7657142857142857
	Val acc at iteration 41: 0.7085714285714285
	Val acc at iteration 42: 0.7485714285714286
	Val acc at iteration 43: 0.7485714285714286
	Val acc at iteration 44: 0.6914285714285714
	Val acc at iteration 45: 0.72
	Val acc at iteration 46: 0.7371428571428571
	Val acc at iteration 47: 0.7257142857142858
	Val acc at iteration 48: 0.7085714285714285
	Val acc at iteration 49: 0.7942857142857143
	Val acc at iteration 50: 0.76
	Val acc at iteration 51: 0.76
	Val acc at iteration 52: 0.7257142857142858
	Val acc at iteration 53: 0.7657142857142857
	Val acc at iteration 54: 0.7371428571428571
	Val acc at iteration 55: 0.7314285714285714
	Val acc at iteration 56: 0.8
	Val acc at iteration 57: 0.72
	Val acc at iteration 58: 0.76
	Val acc at iteration 59: 0.8
	Val acc at iteration 60: 0.7771428571428571
	Val acc at iteration 61: 0.8
	Val acc at iteration 62: 0.8171428571428572
	Val acc at iteration 63: 0.7828571428571428
	Val acc at iteration 64: 0.8228571428571428
	Val acc at iteration 65: 0.7771428571428571
	Val acc at iteration 66: 0.7828571428571428
	Val acc at iteration 67: 0.7885714285714286
	Val acc at iteration 68: 0.8057142857142857
	Val acc at iteration 69: 0.7657142857142857
	Val acc at iteration 70: 0.8171428571428572
	Val acc at iteration 71: 0.8171428571428572
	Val acc at iteration 72: 0.7885714285714286
	Val acc at iteration 73: 0.7771428571428571
	Val acc at iteration 74: 0.7942857142857143
	Val acc at iteration 75: 0.8057142857142857
	Val acc at iteration 76: 0.7657142857142857
	Val acc at iteration 77: 0.8
	Val acc at iteration 78: 0.8228571428571428
	Val acc at iteration 79: 0.8342857142857143
Val acc before epoch 36: 0.7657142857142857
Warm optimizer lr: 0.05
Val acc before epoch 37: 0.8285714285714286
Warm optimizer lr: 0.05
Val acc before epoch 38: 0.8628571428571429
Warm optimizer lr: 0.05
Val acc before epoch 39: 0.8571428571428571
Warm optimizer lr: 0.05
Val acc before epoch 40: 0.8685714285714285
Warm optimizer lr: 0.05
Val acc before epoch 41: 0.8742857142857143
Warm optimizer lr: 0.05
Val acc before epoch 42: 0.8857142857142857
Warm optimizer lr: 0.05
Val acc before epoch 43: 0.8857142857142857
Warm optimizer lr: 0.05
Val acc before epoch 44: 0.8571428571428571
Warm optimizer lr: 0.05
Val acc before epoch 45: 0.9257142857142857
Warm optimizer lr: 0.05
Val acc before epoch 46: 0.8742857142857143
Warm optimizer lr: 0.05
Val acc before epoch 47: 0.8971428571428571
Warm optimizer lr: 0.05
Val acc before epoch 48: 0.8857142857142857
Warm optimizer lr: 0.05
Val acc before epoch 49: 0.88
Warm optimizer lr: 0.05
Val acc before epoch 50: 0.88
Warm optimizer lr: 0.037500000000000006
Val acc before epoch 51: 0.8914285714285715
Warm optimizer lr: 0.05
Val acc before epoch 52: 0.8914285714285715
Warm optimizer lr: 0.05
Val acc before epoch 53: 0.8685714285714285
Warm optimizer lr: 0.05
Val acc before epoch 54: 0.9028571428571428
Warm optimizer lr: 0.05
Val acc before epoch 55: 0.88
Warm optimizer lr: 0.05
Val acc before epoch 56: 0.8914285714285715
Warm optimizer lr: 0.05
Val acc before epoch 57: 0.8571428571428571
Warm optimizer lr: 0.05
Val acc before epoch 58: 0.8971428571428571
Warm optimizer lr: 0.05
Val acc before epoch 59: 0.9028571428571428
Warm optimizer lr: 0.05
Val acc before epoch 60: 0.88
Warm optimizer lr: 0.05
Val acc before epoch 61: 0.9028571428571428
Warm optimizer lr: 0.05
Val acc before epoch 62: 0.8971428571428571
Warm optimizer lr: 0.05
Val acc before epoch 63: 0.8685714285714285
Warm optimizer lr: 0.05
Val acc before epoch 64: 0.9085714285714286
Warm optimizer lr: 0.05
Val acc before epoch 65: 0.9028571428571428
Warm optimizer lr: 0.05
Val acc before epoch 66: 0.8857142857142857
Warm optimizer lr: 0.05
Val acc before epoch 67: 0.8457142857142858
Warm optimizer lr: 0.05
Val acc before epoch 68: 0.9028571428571428
Warm optimizer lr: 0.05
Val acc before epoch 69: 0.8914285714285715
Warm optimizer lr: 0.05
Val acc before epoch 70: 0.8857142857142857
Warm optimizer lr: 0.05
Val acc before epoch 71: 0.88
Warm optimizer lr: 0.05
Val acc before epoch 72: 0.8914285714285715
Warm optimizer lr: 0.05
Val acc before epoch 73: 0.9142857142857143
Warm optimizer lr: 0.05
Val acc before epoch 74: 0.8971428571428571
Warm optimizer lr: 0.05
Val acc before epoch 75: 0.92
Warm optimizer lr: 0.037500000000000006
Val acc before epoch 76: 0.9371428571428572
Warm optimizer lr: 0.05
Val acc before epoch 77: 0.8857142857142857
Warm optimizer lr: 0.05
Val acc before epoch 78: 0.9085714285714286
Warm optimizer lr: 0.05
Val acc before epoch 79: 0.8971428571428571
Warm optimizer lr: 0.05
Val acc before epoch 80: 0.8971428571428571
Push epoch at epoch 81.
Final validation accuracy before push 2: 0.8971428571428571
Push number 2








After push, before retraining last layer:
	Train acc: 0.8237179487179487
	Train Cluster: 0.8800713300704956
	Train Separation: 0.9162019729614258
(Directly after push 2) Val acc at iteration 0: 0.76
Retraining last layer: 
Last layer lr: 0.008
	Val acc at iteration 0: 0.7828571428571428
	Val acc at iteration 1: 0.7714285714285715
	Val acc at iteration 2: 0.7428571428571429
	Val acc at iteration 3: 0.7942857142857143
	Val acc at iteration 4: 0.8171428571428572
	Val acc at iteration 5: 0.7942857142857143
	Val acc at iteration 6: 0.7485714285714286
	Val acc at iteration 7: 0.8342857142857143
	Val acc at iteration 8: 0.8285714285714286
	Val acc at iteration 9: 0.8
	Val acc at iteration 10: 0.8228571428571428
	Val acc at iteration 11: 0.7771428571428571
	Val acc at iteration 12: 0.8514285714285714
	Val acc at iteration 13: 0.8685714285714285
	Val acc at iteration 14: 0.84
	Val acc at iteration 15: 0.8685714285714285
	Val acc at iteration 16: 0.8457142857142858
	Val acc at iteration 17: 0.8971428571428571
	Val acc at iteration 18: 0.9085714285714286
	Val acc at iteration 19: 0.8742857142857143
	Val acc at iteration 20: 0.88
	Val acc at iteration 21: 0.9028571428571428
	Val acc at iteration 22: 0.8342857142857143
	Val acc at iteration 23: 0.9085714285714286
	Val acc at iteration 24: 0.9142857142857143
	Val acc at iteration 25: 0.9085714285714286
	Val acc at iteration 26: 0.8742857142857143
	Val acc at iteration 27: 0.8857142857142857
	Val acc at iteration 28: 0.88
	Val acc at iteration 29: 0.8914285714285715
	Val acc at iteration 30: 0.8857142857142857
	Val acc at iteration 31: 0.92
	Val acc at iteration 32: 0.9142857142857143
	Val acc at iteration 33: 0.9028571428571428
	Val acc at iteration 34: 0.9085714285714286
	Val acc at iteration 35: 0.92
	Val acc at iteration 36: 0.8971428571428571
	Val acc at iteration 37: 0.9428571428571428
	Val acc at iteration 38: 0.8971428571428571
	Val acc at iteration 39: 0.9257142857142857
	Val acc at iteration 40: 0.92
	Val acc at iteration 41: 0.92
	Val acc at iteration 42: 0.9428571428571428
	Val acc at iteration 43: 0.9371428571428572
	Val acc at iteration 44: 0.92
	Val acc at iteration 45: 0.9314285714285714
	Val acc at iteration 46: 0.9257142857142857
	Val acc at iteration 47: 0.9428571428571428
	Val acc at iteration 48: 0.8914285714285715
	Val acc at iteration 49: 0.9485714285714286
	Val acc at iteration 50: 0.9257142857142857
	Val acc at iteration 51: 0.9485714285714286
	Val acc at iteration 52: 0.92
	Val acc at iteration 53: 0.9542857142857143
	Saved, since above 95.00%
	Val acc at iteration 54: 0.9314285714285714
	Val acc at iteration 55: 0.9257142857142857
	Val acc at iteration 56: 0.9485714285714286
	Val acc at iteration 57: 0.9314285714285714
	Val acc at iteration 58: 0.9371428571428572
	Val acc at iteration 59: 0.9371428571428572
	Val acc at iteration 60: 0.9314285714285714
	Val acc at iteration 61: 0.9314285714285714
	Val acc at iteration 62: 0.9485714285714286
	Val acc at iteration 63: 0.9371428571428572
	Val acc at iteration 64: 0.9542857142857143
	Val acc at iteration 65: 0.9485714285714286
	Val acc at iteration 66: 0.9657142857142857
	Saved, since accuracy 96.57% is higher than existing accuracy 95.43%
	Val acc at iteration 67: 0.9542857142857143
	Val acc at iteration 68: 0.9371428571428572
	Val acc at iteration 69: 0.9371428571428572
	Val acc at iteration 70: 0.9428571428571428
	Val acc at iteration 71: 0.9542857142857143
	Val acc at iteration 72: 0.9257142857142857
	Val acc at iteration 73: 0.9542857142857143
	Val acc at iteration 74: 0.9371428571428572
	Val acc at iteration 75: 0.9257142857142857
	Val acc at iteration 76: 0.9657142857142857
	Saved, since accuracy 96.57% is higher than existing accuracy 96.57%
	Val acc at iteration 77: 0.9542857142857143
	Val acc at iteration 78: 0.9542857142857143
	Val acc at iteration 79: 0.9257142857142857
Val acc before epoch 81: 0.9542857142857143
Warm optimizer lr: 0.05
Val acc before epoch 82: 0.96
Warm optimizer lr: 0.05
Val acc before epoch 83: 0.96
Warm optimizer lr: 0.05
Val acc before epoch 84: 0.9714285714285714
Warm optimizer lr: 0.05
Val acc before epoch 85: 0.9657142857142857
Warm optimizer lr: 0.05
Val acc before epoch 86: 0.96
Warm optimizer lr: 0.05
Val acc before epoch 87: 0.9657142857142857
Warm optimizer lr: 0.05
Val acc before epoch 88: 0.96
Warm optimizer lr: 0.05
Val acc before epoch 89: 0.9714285714285714
Warm optimizer lr: 0.05
Val acc before epoch 90: 0.9657142857142857
Warm optimizer lr: 0.05
Val acc before epoch 91: 0.9657142857142857
Warm optimizer lr: 0.05
Val acc before epoch 92: 0.9714285714285714
Warm optimizer lr: 0.05
Val acc before epoch 93: 0.9714285714285714
Warm optimizer lr: 0.05
Val acc before epoch 94: 0.9657142857142857
Warm optimizer lr: 0.05
Val acc before epoch 95: 0.9885714285714285
Warm optimizer lr: 0.05
Val acc before epoch 96: 0.9714285714285714
Warm optimizer lr: 0.05
Val acc before epoch 97: 0.9657142857142857
Warm optimizer lr: 0.05
Val acc before epoch 98: 0.9714285714285714
Warm optimizer lr: 0.05
Val acc before epoch 99: 0.9657142857142857
Warm optimizer lr: 0.05
Val acc before epoch 100: 0.9771428571428571
Warm optimizer lr: 0.05
Val acc before epoch 101: 0.9542857142857143
Warm optimizer lr: 0.037500000000000006
Val acc before epoch 102: 0.9542857142857143
Warm optimizer lr: 0.05
Val acc before epoch 103: 0.96
Warm optimizer lr: 0.05
Val acc before epoch 104: 0.9657142857142857
Warm optimizer lr: 0.05
Val acc before epoch 105: 0.9771428571428571
Warm optimizer lr: 0.05
Val acc before epoch 106: 0.9657142857142857
Warm optimizer lr: 0.05
Val acc before epoch 107: 0.9714285714285714
Warm optimizer lr: 0.05
Val acc before epoch 108: 0.9714285714285714
Warm optimizer lr: 0.05
Val acc before epoch 109: 0.96
Warm optimizer lr: 0.05
Val acc before epoch 110: 0.9657142857142857
Warm optimizer lr: 0.05
Val acc before epoch 111: 0.9714285714285714
Warm optimizer lr: 0.05
Val acc before epoch 112: 0.9828571428571429
Warm optimizer lr: 0.05
Val acc before epoch 113: 0.9771428571428571
Warm optimizer lr: 0.05
Val acc before epoch 114: 0.96
Warm optimizer lr: 0.05
Val acc before epoch 115: 0.9657142857142857
Warm optimizer lr: 0.05
Val acc before epoch 116: 0.9771428571428571
Warm optimizer lr: 0.05
Val acc before epoch 117: 0.9542857142857143
Warm optimizer lr: 0.05
Val acc before epoch 118: 0.9542857142857143
Warm optimizer lr: 0.05
Val acc before epoch 119: 0.9714285714285714
Warm optimizer lr: 0.05
Val acc before epoch 120: 0.9714285714285714
Warm optimizer lr: 0.05
Val acc before epoch 121: 0.9771428571428571
Warm optimizer lr: 0.05
Val acc before epoch 122: 0.9714285714285714
Warm optimizer lr: 0.05
Val acc before epoch 123: 0.9657142857142857
Warm optimizer lr: 0.05
Val acc before epoch 124: 0.9714285714285714
Warm optimizer lr: 0.05
Val acc before epoch 125: 0.9771428571428571
Push epoch at epoch 126.
Final validation accuracy before push 3: 0.9771428571428571
Push number 3








After push, before retraining last layer:
	Train acc: 0.9583333333333334
	Train Cluster: 0.8810429573059082
	Train Separation: 0.9157334923744201
(Directly after push 3) Val acc at iteration 0: 0.96
Retraining last layer: 
Last layer lr: 0.01
	Val acc at iteration 0: 0.9657142857142857
	Saved, since accuracy 96.57% is higher than existing accuracy 96.57%
	Val acc at iteration 1: 0.9371428571428572
	Val acc at iteration 2: 0.9542857142857143
	Val acc at iteration 3: 0.9542857142857143
	Val acc at iteration 4: 0.9428571428571428
	Val acc at iteration 5: 0.9257142857142857
	Val acc at iteration 6: 0.96
	Val acc at iteration 7: 0.9257142857142857
	Val acc at iteration 8: 0.9428571428571428
	Val acc at iteration 9: 0.9542857142857143
	Val acc at iteration 10: 0.9542857142857143
	Val acc at iteration 11: 0.9771428571428571
	Saved, since accuracy 97.71% is higher than existing accuracy 96.57%
	Val acc at iteration 12: 0.9371428571428572
	Val acc at iteration 13: 0.9485714285714286
	Val acc at iteration 14: 0.9428571428571428
	Val acc at iteration 15: 0.9371428571428572
	Val acc at iteration 16: 0.9428571428571428
	Val acc at iteration 17: 0.9485714285714286
	Val acc at iteration 18: 0.9428571428571428
	Val acc at iteration 19: 0.9542857142857143
	Val acc at iteration 20: 0.9485714285714286
	Val acc at iteration 21: 0.9428571428571428
	Val acc at iteration 22: 0.9485714285714286
	Val acc at iteration 23: 0.9771428571428571
	Saved, since accuracy 97.71% is higher than existing accuracy 97.71%
	Val acc at iteration 24: 0.9428571428571428
	Val acc at iteration 25: 0.9542857142857143
	Val acc at iteration 26: 0.9314285714285714
	Val acc at iteration 27: 0.9314285714285714
	Val acc at iteration 28: 0.96
	Val acc at iteration 29: 0.9771428571428571
	Saved, since accuracy 97.71% is higher than existing accuracy 97.71%
	Val acc at iteration 30: 0.9657142857142857
	Val acc at iteration 31: 0.9714285714285714
	Val acc at iteration 32: 0.96
	Val acc at iteration 33: 0.9485714285714286
	Val acc at iteration 34: 0.9371428571428572
	Val acc at iteration 35: 0.9485714285714286
	Val acc at iteration 36: 0.9485714285714286
	Val acc at iteration 37: 0.9485714285714286
	Val acc at iteration 38: 0.9428571428571428
	Val acc at iteration 39: 0.9485714285714286
	Val acc at iteration 40: 0.9257142857142857
	Val acc at iteration 41: 0.9428571428571428
	Val acc at iteration 42: 0.9542857142857143
	Val acc at iteration 43: 0.96
	Val acc at iteration 44: 0.9428571428571428
	Val acc at iteration 45: 0.9485714285714286
	Val acc at iteration 46: 0.96
	Val acc at iteration 47: 0.9771428571428571
	Saved, since accuracy 97.71% is higher than existing accuracy 97.71%
	Val acc at iteration 48: 0.96
	Val acc at iteration 49: 0.9314285714285714
	Val acc at iteration 50: 0.9428571428571428
	Val acc at iteration 51: 0.9657142857142857
	Val acc at iteration 52: 0.9542857142857143
	Val acc at iteration 53: 0.96
	Val acc at iteration 54: 0.9542857142857143
	Val acc at iteration 55: 0.9657142857142857
	Val acc at iteration 56: 0.9657142857142857
	Val acc at iteration 57: 0.9657142857142857
	Val acc at iteration 58: 0.9485714285714286
	Val acc at iteration 59: 0.9657142857142857
	Val acc at iteration 60: 0.9485714285714286
	Val acc at iteration 61: 0.9657142857142857
	Val acc at iteration 62: 0.9542857142857143
	Val acc at iteration 63: 0.96
	Val acc at iteration 64: 0.96
	Val acc at iteration 65: 0.96
	Val acc at iteration 66: 0.9714285714285714
	Val acc at iteration 67: 0.9428571428571428
	Val acc at iteration 68: 0.96
	Val acc at iteration 69: 0.9542857142857143
	Val acc at iteration 70: 0.9657142857142857
	Val acc at iteration 71: 0.9714285714285714
	Val acc at iteration 72: 0.9714285714285714
	Val acc at iteration 73: 0.9542857142857143
	Val acc at iteration 74: 0.96
	Val acc at iteration 75: 0.9485714285714286
	Val acc at iteration 76: 0.9714285714285714
	Val acc at iteration 77: 0.9771428571428571
	Saved, since accuracy 97.71% is higher than existing accuracy 97.71%
	Val acc at iteration 78: 0.96
	Val acc at iteration 79: 0.9657142857142857
Val acc before epoch 126: 0.9714285714285714
Warm optimizer lr: 0.025
Val acc before epoch 127: 0.9828571428571429
Warm optimizer lr: 0.018750000000000003
Val acc before epoch 128: 0.96
Warm optimizer lr: 0.025
Val acc before epoch 129: 0.9771428571428571
Warm optimizer lr: 0.025
Val acc before epoch 130: 0.9714285714285714
Warm optimizer lr: 0.025
Val acc before epoch 131: 0.9714285714285714
Warm optimizer lr: 0.025
Val acc before epoch 132: 0.9428571428571428
Warm optimizer lr: 0.025
Val acc before epoch 133: 0.9714285714285714
Warm optimizer lr: 0.025
Val acc before epoch 134: 0.9771428571428571
Warm optimizer lr: 0.025
Val acc before epoch 135: 0.9657142857142857
Warm optimizer lr: 0.025
Val acc before epoch 136: 0.9657142857142857
Warm optimizer lr: 0.025
Val acc before epoch 137: 0.9714285714285714
Warm optimizer lr: 0.025
Val acc before epoch 138: 0.9714285714285714
Warm optimizer lr: 0.025
Val acc before epoch 139: 0.9771428571428571
Warm optimizer lr: 0.025
Val acc before epoch 140: 0.9771428571428571
Warm optimizer lr: 0.025
Val acc before epoch 141: 0.9771428571428571
Warm optimizer lr: 0.025
Val acc before epoch 142: 0.9828571428571429
Warm optimizer lr: 0.025
Val acc before epoch 143: 0.9771428571428571
Warm optimizer lr: 0.025
Val acc before epoch 144: 0.9714285714285714
Warm optimizer lr: 0.025
Val acc before epoch 145: 0.9714285714285714
Warm optimizer lr: 0.025
Val acc before epoch 146: 0.9828571428571429
Warm optimizer lr: 0.025
Val acc before epoch 147: 0.9771428571428571
Warm optimizer lr: 0.025
Val acc before epoch 148: 0.9714285714285714
Warm optimizer lr: 0.025
Val acc before epoch 149: 0.9828571428571429
Warm optimizer lr: 0.025
Val acc before epoch 150: 0.9828571428571429
Warm optimizer lr: 0.025
Val acc before epoch 151: 0.9714285714285714
Warm optimizer lr: 0.025
Val acc before epoch 152: 0.9828571428571429
Warm optimizer lr: 0.018750000000000003
Val acc before epoch 153: 0.9771428571428571
Warm optimizer lr: 0.025
Val acc before epoch 154: 0.9714285714285714
Warm optimizer lr: 0.025
Val acc before epoch 155: 0.9828571428571429
Warm optimizer lr: 0.025
Val acc before epoch 156: 0.9828571428571429
Warm optimizer lr: 0.025
Val acc before epoch 157: 0.9828571428571429
Warm optimizer lr: 0.025
Val acc before epoch 158: 0.9771428571428571
Warm optimizer lr: 0.025
Val acc before epoch 159: 0.9714285714285714
Warm optimizer lr: 0.025
Val acc before epoch 160: 0.9771428571428571
Warm optimizer lr: 0.025
Val acc before epoch 161: 0.9771428571428571
Warm optimizer lr: 0.025
Val acc before epoch 162: 0.9828571428571429
Warm optimizer lr: 0.025
Val acc before epoch 163: 0.9714285714285714
Warm optimizer lr: 0.025
Val acc before epoch 164: 0.9828571428571429
Warm optimizer lr: 0.025
Val acc before epoch 165: 0.9771428571428571
Warm optimizer lr: 0.025
Val acc before epoch 166: 0.9714285714285714
Warm optimizer lr: 0.025
Val acc before epoch 167: 0.9714285714285714
Warm optimizer lr: 0.025
Val acc before epoch 168: 0.9657142857142857
Warm optimizer lr: 0.025
Val acc before epoch 169: 0.9771428571428571
Warm optimizer lr: 0.025
Val acc before epoch 170: 0.9828571428571429
Push epoch at epoch 171.
Final validation accuracy before push 4: 0.9828571428571429
Push number 4








After push, before retraining last layer:
	Train acc: 0.969551282051282
	Train Cluster: 0.8807422876358032
	Train Separation: 0.9151760220527649
(Directly after push 4) Val acc at iteration 0: 0.9542857142857143
Retraining last layer: 
Last layer lr: 0.0005
	Val acc at iteration 0: 0.9828571428571429
	Saved, since accuracy 98.29% is higher than existing accuracy 97.71%
	Val acc at iteration 1: 0.9657142857142857
	Val acc at iteration 2: 0.9542857142857143
	Val acc at iteration 3: 0.9828571428571429
	Val acc at iteration 4: 0.96
	Val acc at iteration 5: 0.9714285714285714
	Val acc at iteration 6: 0.9771428571428571
	Val acc at iteration 7: 0.9771428571428571
	Val acc at iteration 8: 0.9657142857142857
	Val acc at iteration 9: 0.9771428571428571
	Val acc at iteration 10: 0.9657142857142857
	Val acc at iteration 11: 0.9657142857142857
	Val acc at iteration 12: 0.9657142857142857
	Val acc at iteration 13: 0.9542857142857143
	Val acc at iteration 14: 0.9657142857142857
	Val acc at iteration 15: 0.9542857142857143
	Val acc at iteration 16: 0.9714285714285714
	Val acc at iteration 17: 0.9714285714285714
	Val acc at iteration 18: 0.9714285714285714
	Val acc at iteration 19: 0.9714285714285714
	Val acc at iteration 20: 0.9771428571428571
	Val acc at iteration 21: 0.9714285714285714
	Val acc at iteration 22: 0.9771428571428571
	Val acc at iteration 23: 0.9714285714285714
	Val acc at iteration 24: 0.9771428571428571
	Val acc at iteration 25: 0.9714285714285714
	Val acc at iteration 26: 0.96
	Val acc at iteration 27: 0.9771428571428571
	Val acc at iteration 28: 0.9828571428571429
	Val acc at iteration 29: 0.96
	Val acc at iteration 30: 0.96
	Val acc at iteration 31: 0.9657142857142857
	Val acc at iteration 32: 0.96
	Val acc at iteration 33: 0.9771428571428571
	Val acc at iteration 34: 0.9657142857142857
	Val acc at iteration 35: 0.9828571428571429
	Val acc at iteration 36: 0.96
	Val acc at iteration 37: 0.9428571428571428
	Val acc at iteration 38: 0.9657142857142857
	Val acc at iteration 39: 0.9714285714285714
	Val acc at iteration 40: 0.9771428571428571
	Val acc at iteration 41: 0.9771428571428571
	Val acc at iteration 42: 0.9771428571428571
	Val acc at iteration 43: 0.96
	Val acc at iteration 44: 0.9771428571428571
	Val acc at iteration 45: 0.9714285714285714
	Val acc at iteration 46: 0.9828571428571429
	Val acc at iteration 47: 0.9657142857142857
	Val acc at iteration 48: 0.9542857142857143
	Val acc at iteration 49: 0.9657142857142857
	Val acc at iteration 50: 0.9714285714285714
	Val acc at iteration 51: 0.9714285714285714
	Val acc at iteration 52: 0.9657142857142857
	Val acc at iteration 53: 0.9714285714285714
	Val acc at iteration 54: 0.9657142857142857
	Val acc at iteration 55: 0.96
	Val acc at iteration 56: 0.9714285714285714
	Val acc at iteration 57: 0.9428571428571428
	Val acc at iteration 58: 0.9771428571428571
	Val acc at iteration 59: 0.9771428571428571
	Val acc at iteration 60: 0.9771428571428571
	Val acc at iteration 61: 0.9771428571428571
	Val acc at iteration 62: 0.9714285714285714
	Val acc at iteration 63: 0.9771428571428571
	Val acc at iteration 64: 0.9714285714285714
	Val acc at iteration 65: 0.9714285714285714
	Val acc at iteration 66: 0.9714285714285714
	Val acc at iteration 67: 0.9657142857142857
	Val acc at iteration 68: 0.96
	Val acc at iteration 69: 0.9657142857142857
	Val acc at iteration 70: 0.9771428571428571
	Val acc at iteration 71: 0.9771428571428571
	Val acc at iteration 72: 0.96
	Val acc at iteration 73: 0.9714285714285714
	Val acc at iteration 74: 0.9714285714285714
	Val acc at iteration 75: 0.96
	Val acc at iteration 76: 0.9771428571428571
	Val acc at iteration 77: 0.9657142857142857
	Val acc at iteration 78: 0.9771428571428571
	Val acc at iteration 79: 0.9714285714285714
Val acc before epoch 171: 0.96
Warm optimizer lr: 0.025
Val acc before epoch 172: 0.9885714285714285
Warm optimizer lr: 0.025
Val acc before epoch 173: 0.9771428571428571
Warm optimizer lr: 0.025
Val acc before epoch 174: 0.9657142857142857
Warm optimizer lr: 0.025
Val acc before epoch 175: 0.9771428571428571
Warm optimizer lr: 0.025
Val acc before epoch 176: 0.9828571428571429
Warm optimizer lr: 0.025
Val acc before epoch 177: 0.9771428571428571
Warm optimizer lr: 0.025
Val acc before epoch 178: 0.9828571428571429
Warm optimizer lr: 0.018750000000000003
Val acc before epoch 179: 0.96
Warm optimizer lr: 0.018750000000000003
Val acc before epoch 180: 0.9771428571428571
Warm optimizer lr: 0.018750000000000003
Val acc before epoch 181: 0.9771428571428571
Warm optimizer lr: 0.018750000000000003
Val acc before epoch 182: 0.9714285714285714
Warm optimizer lr: 0.018750000000000003
Val acc before epoch 183: 0.9828571428571429
Warm optimizer lr: 0.018750000000000003
Val acc before epoch 184: 0.9714285714285714
Warm optimizer lr: 0.018750000000000003
Val acc before epoch 185: 0.9771428571428571
Warm optimizer lr: 0.018750000000000003
Val acc before epoch 186: 0.9714285714285714
Warm optimizer lr: 0.018750000000000003
Val acc before epoch 187: 0.9714285714285714
Warm optimizer lr: 0.018750000000000003
Val acc before epoch 188: 0.9657142857142857
Warm optimizer lr: 0.018750000000000003
Val acc before epoch 189: 0.9657142857142857
Warm optimizer lr: 0.018750000000000003
Val acc before epoch 190: 0.9714285714285714
Warm optimizer lr: 0.018750000000000003
Val acc before epoch 191: 0.9714285714285714
Warm optimizer lr: 0.018750000000000003
Val acc before epoch 192: 0.9771428571428571
Warm optimizer lr: 0.018750000000000003
Val acc before epoch 193: 0.9714285714285714
Warm optimizer lr: 0.018750000000000003
Val acc before epoch 194: 0.9714285714285714
Warm optimizer lr: 0.018750000000000003
Val acc before epoch 195: 0.9771428571428571
Warm optimizer lr: 0.018750000000000003
Val acc before epoch 196: 0.9714285714285714
Warm optimizer lr: 0.018750000000000003
Val acc before epoch 197: 0.9657142857142857
Warm optimizer lr: 0.018750000000000003
Val acc before epoch 198: 0.9714285714285714
Warm optimizer lr: 0.018750000000000003
Val acc before epoch 199: 0.9771428571428571
Warm optimizer lr: 0.018750000000000003
Val acc before epoch 200: 0.9771428571428571
Warm optimizer lr: 0.018750000000000003
Val acc before epoch 201: 0.9714285714285714
Warm optimizer lr: 0.018750000000000003
Val acc before epoch 202: 0.9828571428571429
Warm optimizer lr: 0.018750000000000003
Val acc before epoch 203: 0.9714285714285714
Warm optimizer lr: 0.014062500000000002
Val acc before epoch 204: 0.9657142857142857
Warm optimizer lr: 0.014062500000000002
Val acc before epoch 205: 0.9771428571428571
Warm optimizer lr: 0.014062500000000002
Val acc before epoch 206: 0.9771428571428571
Warm optimizer lr: 0.014062500000000002
Val acc before epoch 207: 0.9771428571428571
Warm optimizer lr: 0.014062500000000002
Val acc before epoch 208: 0.9657142857142857
Warm optimizer lr: 0.014062500000000002
Val acc before epoch 209: 0.9714285714285714
Warm optimizer lr: 0.014062500000000002
Val acc before epoch 210: 0.9714285714285714
Warm optimizer lr: 0.014062500000000002
Val acc before epoch 211: 0.96
Warm optimizer lr: 0.014062500000000002
Val acc before epoch 212: 0.9714285714285714
Warm optimizer lr: 0.014062500000000002
Val acc before epoch 213: 0.9714285714285714
Warm optimizer lr: 0.014062500000000002
Val acc before epoch 214: 0.9714285714285714
Warm optimizer lr: 0.014062500000000002
Val acc before epoch 215: 0.9771428571428571
Push epoch at epoch 216.
Final validation accuracy before push 5: 0.9771428571428571
Push number 5








After push, before retraining last layer:
	Train acc: 0.9823717948717948
	Train Cluster: 0.8851340889930726
	Train Separation: 0.9098492503166199
(Directly after push 5) Val acc at iteration 0: 0.96
Retraining last layer: 
Last layer lr: 0.0001
	Val acc at iteration 0: 0.9714285714285714
	Val acc at iteration 1: 0.9771428571428571
	Val acc at iteration 2: 0.9771428571428571
	Val acc at iteration 3: 0.9714285714285714
	Val acc at iteration 4: 0.9771428571428571
	Val acc at iteration 5: 0.9714285714285714
	Val acc at iteration 6: 0.9714285714285714
	Val acc at iteration 7: 0.9657142857142857
	Val acc at iteration 8: 0.9771428571428571
	Val acc at iteration 9: 0.9542857142857143
	Val acc at iteration 10: 0.9771428571428571
	Val acc at iteration 11: 0.96
	Val acc at iteration 12: 0.9714285714285714
	Val acc at iteration 13: 0.9657142857142857
	Val acc at iteration 14: 0.96
	Val acc at iteration 15: 0.9771428571428571
	Val acc at iteration 16: 0.9542857142857143
	Val acc at iteration 17: 0.9714285714285714
	Val acc at iteration 18: 0.9657142857142857
	Val acc at iteration 19: 0.9771428571428571
	Val acc at iteration 20: 0.9714285714285714
	Val acc at iteration 21: 0.96
	Val acc at iteration 22: 0.96
	Val acc at iteration 23: 0.9657142857142857
	Val acc at iteration 24: 0.9714285714285714
	Val acc at iteration 25: 0.9714285714285714
	Val acc at iteration 26: 0.9657142857142857
	Val acc at iteration 27: 0.9714285714285714
	Val acc at iteration 28: 0.9657142857142857
	Val acc at iteration 29: 0.9485714285714286
	Val acc at iteration 30: 0.9771428571428571
	Val acc at iteration 31: 0.9771428571428571
	Val acc at iteration 32: 0.9657142857142857
	Val acc at iteration 33: 0.9771428571428571
	Val acc at iteration 34: 0.9657142857142857
	Val acc at iteration 35: 0.9714285714285714
	Val acc at iteration 36: 0.9828571428571429
	Val acc at iteration 37: 0.96
	Val acc at iteration 38: 0.9657142857142857
	Val acc at iteration 39: 0.96
	Val acc at iteration 40: 0.96
	Val acc at iteration 41: 0.9771428571428571
	Val acc at iteration 42: 0.96
	Val acc at iteration 43: 0.9828571428571429
	Val acc at iteration 44: 0.9657142857142857
	Val acc at iteration 45: 0.9828571428571429
	Val acc at iteration 46: 0.9885714285714285
	Saved, since accuracy 98.86% is higher than existing accuracy 98.29%
	Val acc at iteration 47: 0.9714285714285714
	Val acc at iteration 48: 0.9771428571428571
	Val acc at iteration 49: 0.9771428571428571
	Val acc at iteration 50: 0.9828571428571429
	Val acc at iteration 51: 0.9714285714285714
	Val acc at iteration 52: 0.9714285714285714
	Val acc at iteration 53: 0.9657142857142857
	Val acc at iteration 54: 0.9714285714285714
	Val acc at iteration 55: 0.9714285714285714
	Val acc at iteration 56: 0.9542857142857143
	Val acc at iteration 57: 0.9714285714285714
	Val acc at iteration 58: 0.9714285714285714
	Val acc at iteration 59: 0.9771428571428571
	Val acc at iteration 60: 0.96
	Val acc at iteration 61: 0.9828571428571429
	Val acc at iteration 62: 0.9714285714285714
	Val acc at iteration 63: 0.9485714285714286
	Val acc at iteration 64: 0.9714285714285714
	Val acc at iteration 65: 0.9428571428571428
	Val acc at iteration 66: 0.9714285714285714
	Val acc at iteration 67: 0.9657142857142857
	Val acc at iteration 68: 0.9657142857142857
	Val acc at iteration 69: 0.9657142857142857
	Val acc at iteration 70: 0.9714285714285714
	Val acc at iteration 71: 0.9714285714285714
	Val acc at iteration 72: 0.9657142857142857
	Val acc at iteration 73: 0.9657142857142857
	Val acc at iteration 74: 0.9542857142857143
	Val acc at iteration 75: 0.9657142857142857
	Val acc at iteration 76: 0.9714285714285714
	Val acc at iteration 77: 0.96
	Val acc at iteration 78: 0.9657142857142857
	Val acc at iteration 79: 0.9828571428571429
Val acc before epoch 216: 0.96
Joint optimizer lr: 0.0001
Joint optimizer lr: 0.01
Val acc before epoch 217: 0.9714285714285714
Joint optimizer lr: 0.0001
Joint optimizer lr: 0.01
Val acc before epoch 218: 0.9771428571428571
Joint optimizer lr: 0.0001
Joint optimizer lr: 0.01
Val acc before epoch 219: 0.9657142857142857
Joint optimizer lr: 0.0001
Joint optimizer lr: 0.01
Val acc before epoch 220: 0.9714285714285714
Joint optimizer lr: 9e-05
Joint optimizer lr: 0.009000000000000001
Val acc before epoch 221: 0.9771428571428571
Joint optimizer lr: 9e-05
Joint optimizer lr: 0.009000000000000001
Val acc before epoch 222: 0.9714285714285714
Joint optimizer lr: 9e-05
Joint optimizer lr: 0.009000000000000001
Val acc before epoch 223: 0.9657142857142857
Joint optimizer lr: 9e-05
Joint optimizer lr: 0.009000000000000001
Val acc before epoch 224: 0.9714285714285714
Joint optimizer lr: 9e-05
Joint optimizer lr: 0.009000000000000001
Val acc before epoch 225: 0.96
Joint optimizer lr: 8.1e-05
Joint optimizer lr: 0.008100000000000001
Val acc before epoch 226: 0.9657142857142857
Joint optimizer lr: 8.1e-05
Joint optimizer lr: 0.008100000000000001
Val acc before epoch 227: 0.9657142857142857
Joint optimizer lr: 8.1e-05
Joint optimizer lr: 0.008100000000000001
Val acc before epoch 228: 0.9714285714285714
Joint optimizer lr: 8.1e-05
Joint optimizer lr: 0.008100000000000001
Val acc before epoch 229: 0.96
Joint optimizer lr: 8.1e-05
Joint optimizer lr: 0.008100000000000001
Val acc before epoch 230: 0.9657142857142857
Joint optimizer lr: 7.290000000000001e-05
Joint optimizer lr: 0.007290000000000001
Val acc before epoch 231: 0.9714285714285714
Joint optimizer lr: 7.290000000000001e-05
Joint optimizer lr: 0.007290000000000001
Val acc before epoch 232: 0.9828571428571429
Joint optimizer lr: 7.290000000000001e-05
Joint optimizer lr: 0.007290000000000001
Val acc before epoch 233: 0.96
Joint optimizer lr: 7.290000000000001e-05
Joint optimizer lr: 0.007290000000000001
Val acc before epoch 234: 0.9771428571428571
Joint optimizer lr: 7.290000000000001e-05
Joint optimizer lr: 0.007290000000000001
Val acc before epoch 235: 0.9771428571428571
Joint optimizer lr: 6.561000000000002e-05
Joint optimizer lr: 0.006561000000000002
Val acc before epoch 236: 0.9714285714285714
Joint optimizer lr: 6.561000000000002e-05
Joint optimizer lr: 0.006561000000000002
Val acc before epoch 237: 0.9657142857142857
Joint optimizer lr: 6.561000000000002e-05
Joint optimizer lr: 0.006561000000000002
Val acc before epoch 238: 0.9771428571428571
Joint optimizer lr: 6.561000000000002e-05
Joint optimizer lr: 0.006561000000000002
Val acc before epoch 239: 0.9714285714285714
Joint optimizer lr: 6.561000000000002e-05
Joint optimizer lr: 0.006561000000000002
Val acc before epoch 240: 0.9771428571428571
Joint optimizer lr: 5.904900000000002e-05
Joint optimizer lr: 0.005904900000000002
Val acc before epoch 241: 0.9714285714285714
Joint optimizer lr: 5.904900000000002e-05
Joint optimizer lr: 0.005904900000000002
Val acc before epoch 242: 0.9771428571428571
Joint optimizer lr: 5.904900000000002e-05
Joint optimizer lr: 0.005904900000000002
Val acc before epoch 243: 0.9828571428571429
Joint optimizer lr: 5.904900000000002e-05
Joint optimizer lr: 0.005904900000000002
Val acc before epoch 244: 0.9714285714285714
Joint optimizer lr: 5.904900000000002e-05
Joint optimizer lr: 0.005904900000000002
Val acc before epoch 245: 0.9828571428571429
Joint optimizer lr: 5.314410000000002e-05
Joint optimizer lr: 0.005314410000000002
Val acc before epoch 246: 0.9657142857142857
Joint optimizer lr: 5.314410000000002e-05
Joint optimizer lr: 0.005314410000000002
Val acc before epoch 247: 0.9828571428571429
Joint optimizer lr: 5.314410000000002e-05
Joint optimizer lr: 0.005314410000000002
Val acc before epoch 248: 0.9828571428571429
Joint optimizer lr: 5.314410000000002e-05
Joint optimizer lr: 0.005314410000000002
Val acc before epoch 249: 0.9657142857142857
Joint optimizer lr: 5.314410000000002e-05
Joint optimizer lr: 0.005314410000000002
Val acc before epoch 250: 0.9771428571428571
Joint optimizer lr: 4.782969000000002e-05
Joint optimizer lr: 0.004782969000000002
Val acc before epoch 251: 0.9771428571428571
Joint optimizer lr: 4.782969000000002e-05
Joint optimizer lr: 0.004782969000000002
Val acc before epoch 252: 0.9714285714285714
Joint optimizer lr: 4.782969000000002e-05
Joint optimizer lr: 0.004782969000000002
Val acc before epoch 253: 0.9771428571428571
Joint optimizer lr: 4.782969000000002e-05
Joint optimizer lr: 0.004782969000000002
Val acc before epoch 254: 0.9771428571428571
Joint optimizer lr: 4.782969000000002e-05
Joint optimizer lr: 0.004782969000000002
Val acc before epoch 255: 0.9714285714285714
Joint optimizer lr: 4.304672100000002e-05
Joint optimizer lr: 0.004304672100000002
Val acc before epoch 256: 0.9828571428571429
Joint optimizer lr: 4.304672100000002e-05
Joint optimizer lr: 0.004304672100000002
Val acc before epoch 257: 0.9771428571428571
Joint optimizer lr: 4.304672100000002e-05
Joint optimizer lr: 0.004304672100000002
Val acc before epoch 258: 0.9714285714285714
Joint optimizer lr: 4.304672100000002e-05
Joint optimizer lr: 0.004304672100000002
Val acc before epoch 259: 0.9771428571428571
Stopping after epoch 260.
Final validation accuracy before push 6: 0.9771428571428571




After push, before retraining last layer:
	Train acc: 0.9903846153846154
	Train Cluster: 0.8843544960021973
	TrainSeparation: 0.9144878268241883
(Directly after push 6) Val acc at iteration 0: 0.9714285714285714
Retraining last layer
Last layer lr: 0.0001
	Train acc at iteration 1: 0.9727564102564102
	Val acc at iteration 0: 0.9714285714285714
	Train acc at iteration 2: 0.9759615384615384
	Val acc at iteration 1: 0.9657142857142857
	Train acc at iteration 3: 0.9759615384615384
	Val acc at iteration 2: 0.9714285714285714
	Train acc at iteration 4: 0.9743589743589743
	Val acc at iteration 3: 0.9771428571428571
	Train acc at iteration 5: 0.9759615384615384
	Val acc at iteration 4: 0.9771428571428571
	Train acc at iteration 6: 0.9807692307692307
	Val acc at iteration 5: 0.9714285714285714
	Train acc at iteration 7: 0.9807692307692307
	Val acc at iteration 6: 0.9657142857142857
	Train acc at iteration 8: 0.9759615384615384
	Val acc at iteration 7: 0.9657142857142857
	Train acc at iteration 9: 0.9823717948717948
	Val acc at iteration 8: 0.9714285714285714
	Train acc at iteration 10: 0.9839743589743589
	Val acc at iteration 9: 0.9714285714285714
	Train acc at iteration 11: 0.9839743589743589
	Val acc at iteration 10: 0.9714285714285714
	Train acc at iteration 12: 0.967948717948718
	Val acc at iteration 11: 0.9657142857142857
	Train acc at iteration 13: 0.9759615384615384
	Val acc at iteration 12: 0.9714285714285714
	Train acc at iteration 14: 0.9775641025641025
	Val acc at iteration 13: 0.96
	Train acc at iteration 15: 0.9791666666666666
	Val acc at iteration 14: 0.9714285714285714
	Train acc at iteration 16: 0.9807692307692307
	Val acc at iteration 15: 0.9828571428571429
	Train acc at iteration 17: 0.9727564102564102
	Val acc at iteration 16: 0.9771428571428571
	Train acc at iteration 18: 0.969551282051282
	Val acc at iteration 17: 0.9657142857142857
	Train acc at iteration 19: 0.969551282051282
	Val acc at iteration 18: 0.9714285714285714
	Train acc at iteration 20: 0.9711538461538461
	Val acc at iteration 19: 0.9657142857142857
	Train acc at iteration 21: 0.9599358974358975
	Val acc at iteration 20: 0.9828571428571429
	Train acc at iteration 22: 0.9727564102564102
	Val acc at iteration 21: 0.9714285714285714
	Train acc at iteration 23: 0.967948717948718
	Val acc at iteration 22: 0.9657142857142857
	Train acc at iteration 24: 0.9791666666666666
	Val acc at iteration 23: 0.9714285714285714
	Train acc at iteration 25: 0.9791666666666666
	Val acc at iteration 24: 0.9657142857142857
	Train acc at iteration 26: 0.9647435897435898
	Val acc at iteration 25: 0.9657142857142857
	Train acc at iteration 27: 0.9791666666666666
	Val acc at iteration 26: 0.9771428571428571
	Train acc at iteration 28: 0.9711538461538461
	Val acc at iteration 27: 0.9657142857142857
	Train acc at iteration 29: 0.9759615384615384
	Val acc at iteration 28: 0.9714285714285714
	Train acc at iteration 30: 0.9631410256410257
	Val acc at iteration 29: 0.9714285714285714
	Train acc at iteration 31: 0.969551282051282
	Val acc at iteration 30: 0.96
	Train acc at iteration 32: 0.9631410256410257
	Val acc at iteration 31: 0.9542857142857143
	Train acc at iteration 33: 0.9743589743589743
	Val acc at iteration 32: 0.96
	Train acc at iteration 34: 0.9807692307692307
	Val acc at iteration 33: 0.9771428571428571
	Train acc at iteration 35: 0.9791666666666666
	Val acc at iteration 34: 0.9485714285714286
	Train acc at iteration 36: 0.9791666666666666
	Val acc at iteration 35: 0.9657142857142857
	Train acc at iteration 37: 0.9855769230769231
	Val acc at iteration 36: 0.9714285714285714
	Train acc at iteration 38: 0.9775641025641025
	Val acc at iteration 37: 0.9828571428571429
	Train acc at iteration 39: 0.9759615384615384
	Val acc at iteration 38: 0.9771428571428571
	Train acc at iteration 40: 0.9823717948717948
	Val acc at iteration 39: 0.9771428571428571
	Train acc at iteration 41: 0.9743589743589743
	Val acc at iteration 40: 0.9771428571428571
	Train acc at iteration 42: 0.9807692307692307
	Val acc at iteration 41: 0.9771428571428571
	Train acc at iteration 43: 0.9791666666666666
	Val acc at iteration 42: 0.9714285714285714
	Train acc at iteration 44: 0.969551282051282
	Val acc at iteration 43: 0.96
	Train acc at iteration 45: 0.9615384615384616
	Val acc at iteration 44: 0.9771428571428571
	Train acc at iteration 46: 0.9775641025641025
	Val acc at iteration 45: 0.9771428571428571
	Train acc at iteration 47: 0.9727564102564102
	Val acc at iteration 46: 0.9657142857142857
	Train acc at iteration 48: 0.9759615384615384
	Val acc at iteration 47: 0.9771428571428571
	Train acc at iteration 49: 0.9823717948717948
	Val acc at iteration 48: 0.9714285714285714
	Train acc at iteration 50: 0.9791666666666666
	Val acc at iteration 49: 0.9657142857142857
	Train acc at iteration 51: 0.9791666666666666
	Val acc at iteration 50: 0.96
	Train acc at iteration 52: 0.9791666666666666
	Val acc at iteration 51: 0.9657142857142857
	Train acc at iteration 53: 0.9791666666666666
	Val acc at iteration 52: 0.96
	Train acc at iteration 54: 0.9711538461538461
	Val acc at iteration 53: 0.9657142857142857
	Train acc at iteration 55: 0.9711538461538461
	Val acc at iteration 54: 0.9714285714285714
	Train acc at iteration 56: 0.9711538461538461
	Val acc at iteration 55: 0.96
	Train acc at iteration 57: 0.9759615384615384
	Val acc at iteration 56: 0.9771428571428571
	Train acc at iteration 58: 0.9791666666666666
	Val acc at iteration 57: 0.9714285714285714
	Train acc at iteration 59: 0.969551282051282
	Val acc at iteration 58: 0.9771428571428571
	Train acc at iteration 60: 0.9759615384615384
	Val acc at iteration 59: 0.9542857142857143
	Train acc at iteration 61: 0.9647435897435898
	Val acc at iteration 60: 0.9714285714285714
	Train acc at iteration 62: 0.9791666666666666
	Val acc at iteration 61: 0.9771428571428571
	Train acc at iteration 63: 0.969551282051282
	Val acc at iteration 62: 0.9714285714285714
	Train acc at iteration 64: 0.9663461538461539
	Val acc at iteration 63: 0.9714285714285714
	Train acc at iteration 65: 0.9727564102564102
	Val acc at iteration 64: 0.9657142857142857
	Train acc at iteration 66: 0.9791666666666666
	Val acc at iteration 65: 0.9828571428571429
	Train acc at iteration 67: 0.9599358974358975
	Val acc at iteration 66: 0.9714285714285714
	Train acc at iteration 68: 0.969551282051282
	Val acc at iteration 67: 0.96
	Train acc at iteration 69: 0.9791666666666666
	Val acc at iteration 68: 0.9542857142857143
	Train acc at iteration 70: 0.9759615384615384
	Val acc at iteration 69: 0.96
	Train acc at iteration 71: 0.9823717948717948
	Val acc at iteration 70: 0.9714285714285714
	Train acc at iteration 72: 0.9663461538461539
	Val acc at iteration 71: 0.9428571428571428
	Train acc at iteration 73: 0.9615384615384616
	Val acc at iteration 72: 0.9657142857142857
	Train acc at iteration 74: 0.9647435897435898
	Val acc at iteration 73: 0.9714285714285714
	Train acc at iteration 75: 0.9759615384615384
	Val acc at iteration 74: 0.9657142857142857
	Train acc at iteration 76: 0.9807692307692307
	Val acc at iteration 75: 0.9714285714285714
	Train acc at iteration 77: 0.9775641025641025
	Val acc at iteration 76: 0.9657142857142857
	Train acc at iteration 78: 0.9743589743589743
	Val acc at iteration 77: 0.9714285714285714
	Train acc at iteration 79: 0.9791666666666666
	Val acc at iteration 78: 0.9828571428571429
	Train acc at iteration 80: 0.967948717948718
	Val acc at iteration 79: 0.9714285714285714
Finished search.
