SLURM_JOB_ID: 1857973
SLURM_ARRAY_JOB_ID: 1857478
SLURM_ARRAY_TASK_ID: 28
SLURM_ARRAY_TASK_COUNT: 35
SLURM_ARRAY_TASK_MAX: 35
SLURM_ARRAY_TASK_MIN: 1
===========================================
/home/swaggoner/eDNA/protopnet
grtx-1.cluster
Sun Apr  7 23:22:13 EDT 2024
===========================================
13:4: not a valid test operator: (
13:4: not a valid test operator: 525.85.12

=============
== PyTorch ==
=============

NVIDIA Release 23.09 (build 69180607)
PyTorch Version 2.1.0a0+32f93b1

Container image Copyright (c) 2023, NVIDIA CORPORATION & AFFILIATES. All rights reserved.

Copyright (c) 2014-2023 Facebook Inc.
Copyright (c) 2011-2014 Idiap Research Institute (Ronan Collobert)
Copyright (c) 2012-2014 Deepmind Technologies    (Koray Kavukcuoglu)
Copyright (c) 2011-2012 NEC Laboratories America (Koray Kavukcuoglu)
Copyright (c) 2011-2013 NYU                      (Clement Farabet)
Copyright (c) 2006-2010 NEC Laboratories America (Ronan Collobert, Leon Bottou, Iain Melvin, Jason Weston)
Copyright (c) 2006      Idiap Research Institute (Samy Bengio)
Copyright (c) 2001-2004 Idiap Research Institute (Ronan Collobert, Samy Bengio, Johnny Mariethoz)
Copyright (c) 2015      Google Inc.
Copyright (c) 2015      Yangqing Jia
Copyright (c) 2013-2016 The Caffe contributors
All rights reserved.

Various files include modifications (c) NVIDIA CORPORATION & AFFILIATES.  All rights reserved.

This container image and its contents are governed by the NVIDIA Deep Learning Container License.
By pulling and using the container, you accept the terms and conditions of this license:
https://developer.nvidia.com/ngc/nvidia-deep-learning-container-license

WARNING: CUDA Minor Version Compatibility mode ENABLED.
  Using driver version 525.85.12 which has support for CUDA 12.0.  This container
  was built with CUDA 12.2 and will be run in Minor Version Compatibility mode.
  CUDA Forward Compatibility is preferred over Minor Version Compatibility for use
  with this container but was unavailable:
  [[]]
  See https://docs.nvidia.com/deploy/cuda-compatibility/ for details.

NOTE: Mellanox network driver detected, but NVIDIA peer memory driver not
      detected.  Multi-node communication performance may be reduced.

2024-04-07 23:22:29.084322: I tensorflow/tsl/cuda/cudart_stub.cc:28] Could not find cuda drivers on your machine, GPU will not be used.
2024-04-07 23:22:29.712655: E tensorflow/compiler/xla/stream_executor/cuda/cuda_dnn.cc:9342] Unable to register cuDNN factory: Attempting to register factory for plugin cuDNN when one has already been registered
2024-04-07 23:22:29.712755: E tensorflow/compiler/xla/stream_executor/cuda/cuda_fft.cc:609] Unable to register cuFFT factory: Attempting to register factory for plugin cuFFT when one has already been registered
2024-04-07 23:22:29.716566: E tensorflow/compiler/xla/stream_executor/cuda/cuda_blas.cc:1518] Unable to register cuBLAS factory: Attempting to register factory for plugin cuBLAS when one has already been registered
2024-04-07 23:22:30.122345: I tensorflow/core/platform/cpu_feature_guard.cc:182] This TensorFlow binary is optimized to use available CPU instructions in performance-critical operations.
To enable the following instructions: AVX2 FMA, in other operations, rebuild TensorFlow with the appropriate compiler flags.
0
comb_num: 28
arr_job_id: 1857478
job_id: -1
Oversampled shape: (748, 2)


Trial 1

training set size: 780
push set size: 748
test set size: 175
train batch size: 156
test batch size: 94
Hyperparameters: {'prototype_shape': [(468, 520, 15)], 'latent_weight': [0.95], 'num_warm_epochs': [125], 'push_start': [35], 'push_gap': [45], 'num_pushes': [5], 'crs_ent_weight': [1], 'clst_weight': [-1], 'sep_weight': [0.3], 'l1_weight': [5e-06], 'p0_warm_ptype_lr': [0.05], 'p0_warm_ptype_gamma': [0.75], 'p0_warm_ptype_step_size': [125], 'p1_last_layer_lr': [0.001], 'p1_last_layer_iterations': [80], 'p1_warm_ptype_lr': [0.05], 'p1_warm_ptype_gamma': [0.9], 'p1_warm_ptype_step_size': [50], 'p2_last_layer_lr': [0.005], 'p2_last_layer_iterations': [80], 'p2_warm_ptype_lr': [0.05], 'p2_warm_ptype_gamma': [0.9], 'p2_warm_ptype_step_size': [50], 'p3_last_layer_lr': [0.01], 'p3_last_layer_iterations': [80], 'p3_warm_ptype_lr': [0.025], 'p3_warm_ptype_gamma': [0.9], 'p3_warm_ptype_step_size': [50], 'p4_last_layer_lr': [0.0005], 'p4_last_layer_iterations': [80], 'p4_warm_ptype_lr': [0.02], 'p4_warm_ptype_gamma': [0.9], 'p4_warm_ptype_step_size': [50], 'p5_last_layer_lr': [0.0001], 'p5_last_layer_iterations': [80], 'joint_weight_decay': [0.0001], 'joint_lr_step_size': [10], 'joint_gamma': [0.9], 'joint_feature_lr': [5e-06, 1e-05, 5e-05, 0.0001, 0.0005], 'joint_ptype_lr': [0.5, 0.1, 0.05, 0.05, 0.01, 0.005, 0.001]}


Checking hyperparameters: {'joint_feature_lr': [5e-06, 1e-05, 5e-05, 0.0001, 0.0005], 'joint_ptype_lr': [0.5, 0.1, 0.05, 0.05, 0.01, 0.005, 0.001]}


Performing combination number 28


Exploring 35 hyperparameter combinations for grid search.


Attempting combination 29/35:
prototype_shape: (468, 520, 15)
latent_weight: 0.95
num_warm_epochs: 125
push_start: 35
push_gap: 45
num_pushes: 5
crs_ent_weight: 1
clst_weight: -1
sep_weight: 0.3
l1_weight: 5e-06
p0_warm_ptype_lr: 0.05
p0_warm_ptype_gamma: 0.75
p0_warm_ptype_step_size: 125
p1_last_layer_lr: 0.001
p1_last_layer_iterations: 80
p1_warm_ptype_lr: 0.05
p1_warm_ptype_gamma: 0.9
p1_warm_ptype_step_size: 50
p2_last_layer_lr: 0.005
p2_last_layer_iterations: 80
p2_warm_ptype_lr: 0.05
p2_warm_ptype_gamma: 0.9
p2_warm_ptype_step_size: 50
p3_last_layer_lr: 0.01
p3_last_layer_iterations: 80
p3_warm_ptype_lr: 0.025
p3_warm_ptype_gamma: 0.9
p3_warm_ptype_step_size: 50
p4_last_layer_lr: 0.0005
p4_last_layer_iterations: 80
p4_warm_ptype_lr: 0.02
p4_warm_ptype_gamma: 0.9
p4_warm_ptype_step_size: 50
p5_last_layer_lr: 0.0001
p5_last_layer_iterations: 80
joint_weight_decay: 0.0001
joint_lr_step_size: 10
joint_gamma: 0.9
joint_feature_lr: 0.0005
joint_ptype_lr: 0.5



End epoch: 259
Val acc before epoch 0: 0.010638297872340425
Warm optimizer lr: 0.05
Val acc before epoch 1: 0.2127659574468085
Warm optimizer lr: 0.05
Val acc before epoch 2: 0.4787234042553192
Warm optimizer lr: 0.05
Val acc before epoch 3: 0.6170212765957447
Warm optimizer lr: 0.05
Val acc before epoch 4: 0.7021276595744681
Warm optimizer lr: 0.05
Val acc before epoch 5: 0.8191489361702128
Warm optimizer lr: 0.05
Val acc before epoch 6: 0.8085106382978723
Warm optimizer lr: 0.05
Val acc before epoch 7: 0.851063829787234
Warm optimizer lr: 0.05
Val acc before epoch 8: 0.8829787234042553
Warm optimizer lr: 0.05
Val acc before epoch 9: 0.9042553191489362
Warm optimizer lr: 0.05
Val acc before epoch 10: 0.8936170212765957
Warm optimizer lr: 0.05
Val acc before epoch 11: 0.9042553191489362
Warm optimizer lr: 0.05
Val acc before epoch 12: 0.8829787234042553
Warm optimizer lr: 0.05
Val acc before epoch 13: 0.8723404255319149
Warm optimizer lr: 0.05
Val acc before epoch 14: 0.8829787234042553
Warm optimizer lr: 0.05
Val acc before epoch 15: 0.9148936170212766
Warm optimizer lr: 0.05
Val acc before epoch 16: 0.9148936170212766
Warm optimizer lr: 0.05
Val acc before epoch 17: 0.9148936170212766
Warm optimizer lr: 0.05
Val acc before epoch 18: 0.925531914893617
Warm optimizer lr: 0.05
Val acc before epoch 19: 0.8723404255319149
Warm optimizer lr: 0.05
Val acc before epoch 20: 0.9042553191489362
Warm optimizer lr: 0.05
Val acc before epoch 21: 0.925531914893617
Warm optimizer lr: 0.05
Val acc before epoch 22: 0.9042553191489362
Warm optimizer lr: 0.05
Val acc before epoch 23: 0.9042553191489362
Warm optimizer lr: 0.05
Val acc before epoch 24: 0.9042553191489362
Warm optimizer lr: 0.037500000000000006
Val acc before epoch 25: 0.8723404255319149
Warm optimizer lr: 0.05
Val acc before epoch 26: 0.9148936170212766
Warm optimizer lr: 0.05
Val acc before epoch 27: 0.925531914893617
Warm optimizer lr: 0.05
Val acc before epoch 28: 0.8936170212765957
Warm optimizer lr: 0.05
Val acc before epoch 29: 0.8936170212765957
Warm optimizer lr: 0.05
Val acc before epoch 30: 0.8936170212765957
Warm optimizer lr: 0.05
Val acc before epoch 31: 0.925531914893617
Warm optimizer lr: 0.05
Val acc before epoch 32: 0.8936170212765957
Warm optimizer lr: 0.05
Val acc before epoch 33: 0.8936170212765957
Warm optimizer lr: 0.05
Val acc before epoch 34: 0.9042553191489362
Warm optimizer lr: 0.05
Val acc before epoch 35: 0.9361702127659575
Push epoch at epoch 36.
Final validation accuracy before push 1: 0.9361702127659575
Push number 1





After push, before retraining last layer:
	Train acc: 0.7948717948717948
	Train Cluster: 0.7576404333114624
	Train Separation: 0.6406609773635864
(Directly after push 1) Val acc at iteration 0: 0.6914893617021277
Retraining last layer: 
Last layer lr: 0.001
	Val acc at iteration 0: 0.6170212765957447
	Val acc at iteration 1: 0.6914893617021277
	Val acc at iteration 2: 0.7553191489361702
	Val acc at iteration 3: 0.7021276595744681
	Val acc at iteration 4: 0.723404255319149
	Val acc at iteration 5: 0.6914893617021277
	Val acc at iteration 6: 0.7127659574468085
	Val acc at iteration 7: 0.7021276595744681
	Val acc at iteration 8: 0.6914893617021277
	Val acc at iteration 9: 0.648936170212766
	Val acc at iteration 10: 0.7340425531914894
	Val acc at iteration 11: 0.723404255319149
	Val acc at iteration 12: 0.7340425531914894
	Val acc at iteration 13: 0.6808510638297872
	Val acc at iteration 14: 0.7446808510638298
	Val acc at iteration 15: 0.6914893617021277
	Val acc at iteration 16: 0.7553191489361702
	Val acc at iteration 17: 0.648936170212766
	Val acc at iteration 18: 0.7127659574468085
	Val acc at iteration 19: 0.7446808510638298
	Val acc at iteration 20: 0.8085106382978723
	Val acc at iteration 21: 0.7446808510638298
	Val acc at iteration 22: 0.7978723404255319
	Val acc at iteration 23: 0.7340425531914894
	Val acc at iteration 24: 0.7553191489361702
	Val acc at iteration 25: 0.7127659574468085
	Val acc at iteration 26: 0.7659574468085106
	Val acc at iteration 27: 0.7553191489361702
	Val acc at iteration 28: 0.8085106382978723
	Val acc at iteration 29: 0.7872340425531915
	Val acc at iteration 30: 0.7659574468085106
	Val acc at iteration 31: 0.723404255319149
	Val acc at iteration 32: 0.7340425531914894
	Val acc at iteration 33: 0.7553191489361702
	Val acc at iteration 34: 0.776595744680851
	Val acc at iteration 35: 0.7978723404255319
	Val acc at iteration 36: 0.7978723404255319
	Val acc at iteration 37: 0.7659574468085106
	Val acc at iteration 38: 0.7872340425531915
	Val acc at iteration 39: 0.776595744680851
	Val acc at iteration 40: 0.8085106382978723
	Val acc at iteration 41: 0.851063829787234
	Val acc at iteration 42: 0.7553191489361702
	Val acc at iteration 43: 0.6808510638297872
	Val acc at iteration 44: 0.8297872340425532
	Val acc at iteration 45: 0.7872340425531915
	Val acc at iteration 46: 0.7553191489361702
	Val acc at iteration 47: 0.8191489361702128
	Val acc at iteration 48: 0.8191489361702128
	Val acc at iteration 49: 0.8404255319148937
	Val acc at iteration 50: 0.7978723404255319
	Val acc at iteration 51: 0.776595744680851
	Val acc at iteration 52: 0.7978723404255319
	Val acc at iteration 53: 0.8297872340425532
	Val acc at iteration 54: 0.8617021276595744
	Val acc at iteration 55: 0.851063829787234
	Val acc at iteration 56: 0.7872340425531915
	Val acc at iteration 57: 0.776595744680851
	Val acc at iteration 58: 0.7659574468085106
	Val acc at iteration 59: 0.8297872340425532
	Val acc at iteration 60: 0.8297872340425532
	Val acc at iteration 61: 0.7872340425531915
	Val acc at iteration 62: 0.7978723404255319
	Val acc at iteration 63: 0.7872340425531915
	Val acc at iteration 64: 0.8404255319148937
	Val acc at iteration 65: 0.8297872340425532
	Val acc at iteration 66: 0.851063829787234
	Val acc at iteration 67: 0.7340425531914894
	Val acc at iteration 68: 0.776595744680851
	Val acc at iteration 69: 0.8617021276595744
	Val acc at iteration 70: 0.8404255319148937
	Val acc at iteration 71: 0.8617021276595744
	Val acc at iteration 72: 0.851063829787234
	Val acc at iteration 73: 0.8191489361702128
	Val acc at iteration 74: 0.8085106382978723
	Val acc at iteration 75: 0.8404255319148937
	Val acc at iteration 76: 0.851063829787234
	Val acc at iteration 77: 0.8404255319148937
	Val acc at iteration 78: 0.8723404255319149
	Val acc at iteration 79: 0.7978723404255319
Val acc before epoch 36: 0.8191489361702128
Warm optimizer lr: 0.05
Val acc before epoch 37: 0.8723404255319149
Warm optimizer lr: 0.05
Val acc before epoch 38: 0.851063829787234
Warm optimizer lr: 0.05
Val acc before epoch 39: 0.8829787234042553
Warm optimizer lr: 0.05
Val acc before epoch 40: 0.9148936170212766
Warm optimizer lr: 0.05
Val acc before epoch 41: 0.8829787234042553
Warm optimizer lr: 0.05
Val acc before epoch 42: 0.925531914893617
Warm optimizer lr: 0.05
Val acc before epoch 43: 0.9361702127659575
Warm optimizer lr: 0.05
Val acc before epoch 44: 0.9042553191489362
Warm optimizer lr: 0.05
Val acc before epoch 45: 0.8936170212765957
Warm optimizer lr: 0.05
Val acc before epoch 46: 0.8829787234042553
Warm optimizer lr: 0.05
Val acc before epoch 47: 0.8829787234042553
Warm optimizer lr: 0.05
Val acc before epoch 48: 0.9148936170212766
Warm optimizer lr: 0.05
Val acc before epoch 49: 0.9468085106382979
Warm optimizer lr: 0.05
Val acc before epoch 50: 0.9361702127659575
Warm optimizer lr: 0.037500000000000006
Val acc before epoch 51: 0.9148936170212766
Warm optimizer lr: 0.05
Val acc before epoch 52: 0.9468085106382979
Warm optimizer lr: 0.05
Val acc before epoch 53: 0.8829787234042553
Warm optimizer lr: 0.05
Val acc before epoch 54: 0.925531914893617
Warm optimizer lr: 0.05
Val acc before epoch 55: 0.8723404255319149
Warm optimizer lr: 0.05
Val acc before epoch 56: 0.9148936170212766
Warm optimizer lr: 0.05
Val acc before epoch 57: 0.9042553191489362
Warm optimizer lr: 0.05
Val acc before epoch 58: 0.9042553191489362
Warm optimizer lr: 0.05
Val acc before epoch 59: 0.8936170212765957
Warm optimizer lr: 0.05
Val acc before epoch 60: 0.9148936170212766
Warm optimizer lr: 0.05
Val acc before epoch 61: 0.9148936170212766
Warm optimizer lr: 0.05
Val acc before epoch 62: 0.9361702127659575
Warm optimizer lr: 0.05
Val acc before epoch 63: 0.9361702127659575
Warm optimizer lr: 0.05
Val acc before epoch 64: 0.9148936170212766
Warm optimizer lr: 0.05
Val acc before epoch 65: 0.925531914893617
Warm optimizer lr: 0.05
Val acc before epoch 66: 0.8936170212765957
Warm optimizer lr: 0.05
Val acc before epoch 67: 0.9361702127659575
Warm optimizer lr: 0.05
Val acc before epoch 68: 0.9574468085106383
Warm optimizer lr: 0.05
Val acc before epoch 69: 0.8936170212765957
Warm optimizer lr: 0.05
Val acc before epoch 70: 0.9361702127659575
Warm optimizer lr: 0.05
Val acc before epoch 71: 0.8723404255319149
Warm optimizer lr: 0.05
Val acc before epoch 72: 0.9361702127659575
Warm optimizer lr: 0.05
Val acc before epoch 73: 0.8936170212765957
Warm optimizer lr: 0.05
Val acc before epoch 74: 0.9042553191489362
Warm optimizer lr: 0.05
Val acc before epoch 75: 0.9361702127659575
Warm optimizer lr: 0.037500000000000006
Val acc before epoch 76: 0.9148936170212766
Warm optimizer lr: 0.05
Val acc before epoch 77: 0.8936170212765957
Warm optimizer lr: 0.05
Val acc before epoch 78: 0.9680851063829787
Warm optimizer lr: 0.05
Val acc before epoch 79: 0.925531914893617
Warm optimizer lr: 0.05
Val acc before epoch 80: 0.9361702127659575
Push epoch at epoch 81.
Final validation accuracy before push 2: 0.9361702127659575
Push number 2





After push, before retraining last layer:
	Train acc: 0.8173076923076923
	Train Cluster: 0.7552712559700012
	Train Separation: 0.6392444133758545
(Directly after push 2) Val acc at iteration 0: 0.7978723404255319
Retraining last layer: 
Last layer lr: 0.005
	Val acc at iteration 0: 0.8085106382978723
	Val acc at iteration 1: 0.8297872340425532
	Val acc at iteration 2: 0.7659574468085106
	Val acc at iteration 3: 0.8617021276595744
	Val acc at iteration 4: 0.8191489361702128
	Val acc at iteration 5: 0.8404255319148937
	Val acc at iteration 6: 0.8404255319148937
	Val acc at iteration 7: 0.8085106382978723
	Val acc at iteration 8: 0.8829787234042553
	Val acc at iteration 9: 0.851063829787234
	Val acc at iteration 10: 0.8191489361702128
	Val acc at iteration 11: 0.8404255319148937
	Val acc at iteration 12: 0.8297872340425532
	Val acc at iteration 13: 0.851063829787234
	Val acc at iteration 14: 0.8404255319148937
	Val acc at iteration 15: 0.8723404255319149
	Val acc at iteration 16: 0.8723404255319149
	Val acc at iteration 17: 0.8723404255319149
	Val acc at iteration 18: 0.9042553191489362
	Val acc at iteration 19: 0.8404255319148937
	Val acc at iteration 20: 0.8617021276595744
	Val acc at iteration 21: 0.851063829787234
	Val acc at iteration 22: 0.8829787234042553
	Val acc at iteration 23: 0.9042553191489362
	Val acc at iteration 24: 0.9042553191489362
	Val acc at iteration 25: 0.8936170212765957
	Val acc at iteration 26: 0.9148936170212766
	Val acc at iteration 27: 0.8829787234042553
	Val acc at iteration 28: 0.8723404255319149
	Val acc at iteration 29: 0.8617021276595744
	Val acc at iteration 30: 0.8723404255319149
	Val acc at iteration 31: 0.8723404255319149
	Val acc at iteration 32: 0.8723404255319149
	Val acc at iteration 33: 0.9042553191489362
	Val acc at iteration 34: 0.8617021276595744
	Val acc at iteration 35: 0.9042553191489362
	Val acc at iteration 36: 0.925531914893617
	Val acc at iteration 37: 0.8829787234042553
	Val acc at iteration 38: 0.8404255319148937
	Val acc at iteration 39: 0.8829787234042553
	Val acc at iteration 40: 0.8617021276595744
	Val acc at iteration 41: 0.9148936170212766
	Val acc at iteration 42: 0.8936170212765957
	Val acc at iteration 43: 0.9148936170212766
	Val acc at iteration 44: 0.9042553191489362
	Val acc at iteration 45: 0.9042553191489362
	Val acc at iteration 46: 0.8617021276595744
	Val acc at iteration 47: 0.9042553191489362
	Val acc at iteration 48: 0.8723404255319149
	Val acc at iteration 49: 0.9042553191489362
	Val acc at iteration 50: 0.9148936170212766
	Val acc at iteration 51: 0.9148936170212766
	Val acc at iteration 52: 0.9148936170212766
	Val acc at iteration 53: 0.925531914893617
	Val acc at iteration 54: 0.9468085106382979
	Val acc at iteration 55: 0.9042553191489362
	Val acc at iteration 56: 0.9148936170212766
	Val acc at iteration 57: 0.9361702127659575
	Val acc at iteration 58: 0.8936170212765957
	Val acc at iteration 59: 0.9148936170212766
	Val acc at iteration 60: 0.9148936170212766
	Val acc at iteration 61: 0.8829787234042553
	Val acc at iteration 62: 0.9361702127659575
	Val acc at iteration 63: 0.8829787234042553
	Val acc at iteration 64: 0.9468085106382979
	Val acc at iteration 65: 0.9468085106382979
	Val acc at iteration 66: 0.9361702127659575
	Val acc at iteration 67: 0.9148936170212766
	Val acc at iteration 68: 0.925531914893617
	Val acc at iteration 69: 0.9574468085106383
	Val acc at iteration 70: 0.9148936170212766
	Val acc at iteration 71: 0.9361702127659575
	Val acc at iteration 72: 0.8829787234042553
	Val acc at iteration 73: 0.9042553191489362
	Val acc at iteration 74: 0.9042553191489362
	Val acc at iteration 75: 0.9148936170212766
	Val acc at iteration 76: 0.9042553191489362
	Val acc at iteration 77: 0.8723404255319149
	Val acc at iteration 78: 0.9042553191489362
	Val acc at iteration 79: 0.925531914893617
Val acc before epoch 81: 0.925531914893617
Warm optimizer lr: 0.05
Val acc before epoch 82: 0.8829787234042553
Warm optimizer lr: 0.05
Val acc before epoch 83: 0.925531914893617
Warm optimizer lr: 0.05
Val acc before epoch 84: 0.9574468085106383
Warm optimizer lr: 0.05
Val acc before epoch 85: 0.9361702127659575
Warm optimizer lr: 0.05
Val acc before epoch 86: 0.9574468085106383
Warm optimizer lr: 0.05
Val acc before epoch 87: 0.925531914893617
Warm optimizer lr: 0.05
Val acc before epoch 88: 0.9361702127659575
Warm optimizer lr: 0.05
Val acc before epoch 89: 0.9468085106382979
Warm optimizer lr: 0.05
Val acc before epoch 90: 0.9680851063829787
Warm optimizer lr: 0.05
Val acc before epoch 91: 0.9574468085106383
Warm optimizer lr: 0.05
Val acc before epoch 92: 0.9468085106382979
Warm optimizer lr: 0.05
Val acc before epoch 93: 0.9468085106382979
Warm optimizer lr: 0.05
Val acc before epoch 94: 0.925531914893617
Warm optimizer lr: 0.05
Val acc before epoch 95: 0.9574468085106383
Warm optimizer lr: 0.05
Val acc before epoch 96: 0.9361702127659575
Warm optimizer lr: 0.05
Val acc before epoch 97: 0.9361702127659575
Warm optimizer lr: 0.05
Val acc before epoch 98: 0.925531914893617
Warm optimizer lr: 0.05
Val acc before epoch 99: 0.9468085106382979
Warm optimizer lr: 0.05
Val acc before epoch 100: 0.9680851063829787
Warm optimizer lr: 0.05
Val acc before epoch 101: 0.9680851063829787
Warm optimizer lr: 0.037500000000000006
Val acc before epoch 102: 0.9574468085106383
Warm optimizer lr: 0.05
Val acc before epoch 103: 0.9680851063829787
Warm optimizer lr: 0.05
Val acc before epoch 104: 0.9787234042553191
Warm optimizer lr: 0.05
Val acc before epoch 105: 0.9361702127659575
Warm optimizer lr: 0.05
Val acc before epoch 106: 0.925531914893617
Warm optimizer lr: 0.05
Val acc before epoch 107: 0.9680851063829787
Warm optimizer lr: 0.05
Val acc before epoch 108: 0.9574468085106383
Warm optimizer lr: 0.05
Val acc before epoch 109: 0.9680851063829787
Warm optimizer lr: 0.05
Val acc before epoch 110: 0.9361702127659575
Warm optimizer lr: 0.05
Val acc before epoch 111: 0.9468085106382979
Warm optimizer lr: 0.05
Val acc before epoch 112: 0.9468085106382979
Warm optimizer lr: 0.05
Val acc before epoch 113: 0.925531914893617
Warm optimizer lr: 0.05
Val acc before epoch 114: 0.9468085106382979
Warm optimizer lr: 0.05
Val acc before epoch 115: 0.9680851063829787
Warm optimizer lr: 0.05
Val acc before epoch 116: 0.9574468085106383
Warm optimizer lr: 0.05
Val acc before epoch 117: 0.9361702127659575
Warm optimizer lr: 0.05
Val acc before epoch 118: 0.925531914893617
Warm optimizer lr: 0.05
Val acc before epoch 119: 0.9680851063829787
Warm optimizer lr: 0.05
Val acc before epoch 120: 0.9680851063829787
Warm optimizer lr: 0.05
Val acc before epoch 121: 0.9468085106382979
Warm optimizer lr: 0.05
Val acc before epoch 122: 0.9468085106382979
Warm optimizer lr: 0.05
Val acc before epoch 123: 0.9361702127659575
Warm optimizer lr: 0.05
Val acc before epoch 124: 0.9468085106382979
Warm optimizer lr: 0.05
Val acc before epoch 125: 0.9787234042553191
Push epoch at epoch 126.
Final validation accuracy before push 3: 0.9787234042553191
Push number 3





After push, before retraining last layer:
	Train acc: 0.9407051282051282
	Train Cluster: 0.7579984188079834
	Train Separation: 0.6416106820106506
(Directly after push 3) Val acc at iteration 0: 0.9148936170212766
Retraining last layer: 
Last layer lr: 0.01
	Val acc at iteration 0: 0.9148936170212766
	Val acc at iteration 1: 0.8723404255319149
	Val acc at iteration 2: 0.9361702127659575
	Val acc at iteration 3: 0.9361702127659575
	Val acc at iteration 4: 0.8936170212765957
	Val acc at iteration 5: 0.925531914893617
	Val acc at iteration 6: 0.9042553191489362
	Val acc at iteration 7: 0.925531914893617
	Val acc at iteration 8: 0.9042553191489362
	Val acc at iteration 9: 0.8936170212765957
	Val acc at iteration 10: 0.9148936170212766
	Val acc at iteration 11: 0.9148936170212766
	Val acc at iteration 12: 0.9148936170212766
	Val acc at iteration 13: 0.9042553191489362
	Val acc at iteration 14: 0.9574468085106383
	Val acc at iteration 15: 0.9361702127659575
	Val acc at iteration 16: 0.8723404255319149
	Val acc at iteration 17: 0.8936170212765957
	Val acc at iteration 18: 0.9468085106382979
	Val acc at iteration 19: 0.9042553191489362
	Val acc at iteration 20: 0.8936170212765957
	Val acc at iteration 21: 0.9361702127659575
	Val acc at iteration 22: 0.925531914893617
	Val acc at iteration 23: 0.925531914893617
	Val acc at iteration 24: 0.9787234042553191
	Val acc at iteration 25: 0.9574468085106383
	Val acc at iteration 26: 0.9148936170212766
	Val acc at iteration 27: 0.9042553191489362
	Val acc at iteration 28: 0.9468085106382979
	Val acc at iteration 29: 0.925531914893617
	Val acc at iteration 30: 0.9361702127659575
	Val acc at iteration 31: 0.9361702127659575
	Val acc at iteration 32: 0.9148936170212766
	Val acc at iteration 33: 0.925531914893617
	Val acc at iteration 34: 0.9148936170212766
	Val acc at iteration 35: 0.9361702127659575
	Val acc at iteration 36: 0.9361702127659575
	Val acc at iteration 37: 0.925531914893617
	Val acc at iteration 38: 0.925531914893617
	Val acc at iteration 39: 0.925531914893617
	Val acc at iteration 40: 0.9148936170212766
	Val acc at iteration 41: 0.9361702127659575
	Val acc at iteration 42: 0.9574468085106383
	Val acc at iteration 43: 0.9361702127659575
	Val acc at iteration 44: 0.925531914893617
	Val acc at iteration 45: 0.9468085106382979
	Val acc at iteration 46: 0.925531914893617
	Val acc at iteration 47: 0.9361702127659575
	Val acc at iteration 48: 0.9361702127659575
	Val acc at iteration 49: 0.9680851063829787
	Val acc at iteration 50: 0.9574468085106383
	Val acc at iteration 51: 0.9680851063829787
	Val acc at iteration 52: 0.9468085106382979
	Val acc at iteration 53: 0.9361702127659575
	Val acc at iteration 54: 0.9468085106382979
	Val acc at iteration 55: 0.9361702127659575
	Val acc at iteration 56: 0.925531914893617
	Val acc at iteration 57: 0.9148936170212766
	Val acc at iteration 58: 0.925531914893617
	Val acc at iteration 59: 0.9468085106382979
	Val acc at iteration 60: 0.9574468085106383
	Val acc at iteration 61: 0.9468085106382979
	Val acc at iteration 62: 0.9574468085106383
	Val acc at iteration 63: 0.9148936170212766
	Val acc at iteration 64: 0.9680851063829787
	Val acc at iteration 65: 0.9361702127659575
	Val acc at iteration 66: 0.9148936170212766
	Val acc at iteration 67: 0.9361702127659575
	Val acc at iteration 68: 0.9361702127659575
	Val acc at iteration 69: 0.9468085106382979
	Val acc at iteration 70: 0.9468085106382979
	Val acc at iteration 71: 0.9148936170212766
	Val acc at iteration 72: 0.9468085106382979
	Val acc at iteration 73: 0.9361702127659575
	Val acc at iteration 74: 0.9574468085106383
	Val acc at iteration 75: 0.8936170212765957
	Val acc at iteration 76: 0.9574468085106383
	Val acc at iteration 77: 0.9574468085106383
	Val acc at iteration 78: 0.9361702127659575
	Val acc at iteration 79: 0.9361702127659575
Val acc before epoch 126: 0.9468085106382979
Joint optimizer lr: 0.0005
Joint optimizer lr: 0.5
Val acc before epoch 127: 0.8723404255319149
Joint optimizer lr: 0.00045000000000000004
Joint optimizer lr: 0.45
Val acc before epoch 128: 0.925531914893617
Joint optimizer lr: 0.00045000000000000004
Joint optimizer lr: 0.45
Val acc before epoch 129: 0.9148936170212766
Joint optimizer lr: 0.00040500000000000003
Joint optimizer lr: 0.405
Val acc before epoch 130: 0.9468085106382979
Joint optimizer lr: 0.00040500000000000003
Joint optimizer lr: 0.405
Val acc before epoch 131: 0.9680851063829787
Joint optimizer lr: 0.0003645
Joint optimizer lr: 0.36450000000000005
Val acc before epoch 132: 0.9468085106382979
Joint optimizer lr: 0.0003645
Joint optimizer lr: 0.36450000000000005
Val acc before epoch 133: 0.9468085106382979
Joint optimizer lr: 0.00032805000000000003
Joint optimizer lr: 0.32805000000000006
Val acc before epoch 134: 0.9574468085106383
Joint optimizer lr: 0.00032805000000000003
Joint optimizer lr: 0.32805000000000006
Val acc before epoch 135: 0.9361702127659575
Joint optimizer lr: 0.000295245
Joint optimizer lr: 0.2952450000000001
Val acc before epoch 136: 0.9680851063829787
Joint optimizer lr: 0.000295245
Joint optimizer lr: 0.2952450000000001
Val acc before epoch 137: 0.9574468085106383
Joint optimizer lr: 0.0002657205
Joint optimizer lr: 0.2657205000000001
Val acc before epoch 138: 0.9574468085106383
Joint optimizer lr: 0.0002657205
Joint optimizer lr: 0.2657205000000001
Val acc before epoch 139: 0.9787234042553191
Joint optimizer lr: 0.00023914845
Joint optimizer lr: 0.23914845000000007
Val acc before epoch 140: 0.9574468085106383
Joint optimizer lr: 0.00023914845
Joint optimizer lr: 0.23914845000000007
Val acc before epoch 141: 0.9787234042553191
Joint optimizer lr: 0.000215233605
Joint optimizer lr: 0.21523360500000008
Val acc before epoch 142: 0.9680851063829787
Joint optimizer lr: 0.000215233605
Joint optimizer lr: 0.21523360500000008
Val acc before epoch 143: 0.9361702127659575
Joint optimizer lr: 0.0001937102445
Joint optimizer lr: 0.19371024450000007
Val acc before epoch 144: 0.9680851063829787
Joint optimizer lr: 0.0001937102445
Joint optimizer lr: 0.19371024450000007
Val acc before epoch 145: 0.9787234042553191
Joint optimizer lr: 0.00017433922005
Joint optimizer lr: 0.17433922005000008
Val acc before epoch 146: 0.9574468085106383
Joint optimizer lr: 0.00017433922005
Joint optimizer lr: 0.17433922005000008
Val acc before epoch 147: 0.9787234042553191
Joint optimizer lr: 0.00015690529804500002
Joint optimizer lr: 0.15690529804500009
Val acc before epoch 148: 0.9680851063829787
Joint optimizer lr: 0.00015690529804500002
Joint optimizer lr: 0.15690529804500009
Val acc before epoch 149: 0.9468085106382979
Joint optimizer lr: 0.00014121476824050002
Joint optimizer lr: 0.14121476824050008
Val acc before epoch 150: 0.9574468085106383
Joint optimizer lr: 0.00014121476824050002
Joint optimizer lr: 0.14121476824050008
Val acc before epoch 151: 0.9574468085106383
Joint optimizer lr: 0.00012709329141645002
Joint optimizer lr: 0.12709329141645007
Val acc before epoch 152: 0.9361702127659575
Joint optimizer lr: 0.00012709329141645002
Joint optimizer lr: 0.12709329141645007
Val acc before epoch 153: 0.9468085106382979
Joint optimizer lr: 0.00011438396227480502
Joint optimizer lr: 0.11438396227480506
Val acc before epoch 154: 0.9893617021276596
Joint optimizer lr: 0.00011438396227480502
Joint optimizer lr: 0.11438396227480506
Val acc before epoch 155: 0.9574468085106383
Joint optimizer lr: 0.00010294556604732453
Joint optimizer lr: 0.10294556604732455
Val acc before epoch 156: 0.9574468085106383
Joint optimizer lr: 0.00010294556604732453
Joint optimizer lr: 0.10294556604732455
Val acc before epoch 157: 0.9680851063829787
Joint optimizer lr: 9.265100944259208e-05
Joint optimizer lr: 0.0926510094425921
Val acc before epoch 158: 0.9680851063829787
Joint optimizer lr: 9.265100944259208e-05
Joint optimizer lr: 0.0926510094425921
Val acc before epoch 159: 0.9680851063829787
Joint optimizer lr: 8.338590849833288e-05
Joint optimizer lr: 0.08338590849833288
Val acc before epoch 160: 0.9574468085106383
Joint optimizer lr: 8.338590849833288e-05
Joint optimizer lr: 0.08338590849833288
Val acc before epoch 161: 0.9680851063829787
Joint optimizer lr: 7.50473176484996e-05
Joint optimizer lr: 0.0750473176484996
Val acc before epoch 162: 0.9787234042553191
Joint optimizer lr: 7.50473176484996e-05
Joint optimizer lr: 0.0750473176484996
Val acc before epoch 163: 0.9680851063829787
Joint optimizer lr: 6.754258588364964e-05
Joint optimizer lr: 0.06754258588364964
Val acc before epoch 164: 0.9680851063829787
Joint optimizer lr: 6.754258588364964e-05
Joint optimizer lr: 0.06754258588364964
Val acc before epoch 165: 0.9574468085106383
Joint optimizer lr: 6.078832729528468e-05
Joint optimizer lr: 0.06078832729528468
Val acc before epoch 166: 0.9893617021276596
Joint optimizer lr: 6.078832729528468e-05
Joint optimizer lr: 0.06078832729528468
Val acc before epoch 167: 0.9680851063829787
Joint optimizer lr: 5.4709494565756215e-05
Joint optimizer lr: 0.05470949456575622
Val acc before epoch 168: 0.9680851063829787
Joint optimizer lr: 5.4709494565756215e-05
Joint optimizer lr: 0.05470949456575622
Val acc before epoch 169: 0.9787234042553191
Joint optimizer lr: 4.923854510918059e-05
Joint optimizer lr: 0.0492385451091806
Val acc before epoch 170: 0.9787234042553191
Push epoch at epoch 171.
Final validation accuracy before push 4: 0.9787234042553191
Push number 4





After push, before retraining last layer:
	Train acc: 0.9599358974358975
	Train Cluster: 0.7805071592330932
	Train Separation: 0.661288046836853
(Directly after push 4) Val acc at iteration 0: 0.9361702127659575
Retraining last layer: 
Last layer lr: 0.0005
	Val acc at iteration 0: 0.9468085106382979
	Val acc at iteration 1: 0.9361702127659575
	Val acc at iteration 2: 0.9574468085106383
	Val acc at iteration 3: 0.9680851063829787
	Val acc at iteration 4: 0.9361702127659575
	Val acc at iteration 5: 0.9574468085106383
	Val acc at iteration 6: 0.9361702127659575
	Val acc at iteration 7: 0.9574468085106383
	Val acc at iteration 8: 0.9680851063829787
	Val acc at iteration 9: 0.9574468085106383
	Val acc at iteration 10: 0.9574468085106383
	Val acc at iteration 11: 0.9574468085106383
	Val acc at iteration 12: 0.9787234042553191
	Val acc at iteration 13: 0.9680851063829787
	Val acc at iteration 14: 0.9680851063829787
	Val acc at iteration 15: 0.9680851063829787
	Val acc at iteration 16: 0.9468085106382979
	Val acc at iteration 17: 0.9361702127659575
	Val acc at iteration 18: 0.9680851063829787
	Val acc at iteration 19: 0.9893617021276596
	Val acc at iteration 20: 0.9787234042553191
	Val acc at iteration 21: 0.9574468085106383
	Val acc at iteration 22: 0.9787234042553191
	Val acc at iteration 23: 0.9787234042553191
	Val acc at iteration 24: 0.9680851063829787
	Val acc at iteration 25: 0.9787234042553191
	Val acc at iteration 26: 0.9787234042553191
	Val acc at iteration 27: 0.9361702127659575
	Val acc at iteration 28: 0.9468085106382979
	Val acc at iteration 29: 0.9468085106382979
	Val acc at iteration 30: 0.9680851063829787
	Val acc at iteration 31: 0.9468085106382979
	Val acc at iteration 32: 0.9574468085106383
	Val acc at iteration 33: 0.9574468085106383
	Val acc at iteration 34: 0.9468085106382979
	Val acc at iteration 35: 0.9361702127659575
	Val acc at iteration 36: 0.9787234042553191
	Val acc at iteration 37: 0.9893617021276596
	Val acc at iteration 38: 0.9680851063829787
	Val acc at iteration 39: 0.9468085106382979
	Val acc at iteration 40: 0.9680851063829787
	Val acc at iteration 41: 0.9574468085106383
	Val acc at iteration 42: 0.9361702127659575
	Val acc at iteration 43: 0.9468085106382979
	Val acc at iteration 44: 0.9574468085106383
	Val acc at iteration 45: 0.9574468085106383
	Val acc at iteration 46: 0.9680851063829787
	Val acc at iteration 47: 0.9468085106382979
	Val acc at iteration 48: 0.9787234042553191
	Val acc at iteration 49: 0.9574468085106383
	Val acc at iteration 50: 0.9574468085106383
	Val acc at iteration 51: 0.9361702127659575
	Val acc at iteration 52: 0.9787234042553191
	Val acc at iteration 53: 0.9574468085106383
	Val acc at iteration 54: 0.9787234042553191
	Val acc at iteration 55: 0.9468085106382979
	Val acc at iteration 56: 0.9574468085106383
	Val acc at iteration 57: 0.9574468085106383
	Val acc at iteration 58: 0.9680851063829787
	Val acc at iteration 59: 0.9787234042553191
	Val acc at iteration 60: 0.9680851063829787
	Val acc at iteration 61: 0.9574468085106383
	Val acc at iteration 62: 0.9680851063829787
	Val acc at iteration 63: 0.9361702127659575
	Val acc at iteration 64: 0.9787234042553191
	Val acc at iteration 65: 0.9680851063829787
	Val acc at iteration 66: 0.9468085106382979
	Val acc at iteration 67: 0.9680851063829787
	Val acc at iteration 68: 0.9574468085106383
	Val acc at iteration 69: 0.9468085106382979
	Val acc at iteration 70: 0.9468085106382979
	Val acc at iteration 71: 0.9680851063829787
	Val acc at iteration 72: 0.9680851063829787
	Val acc at iteration 73: 0.9468085106382979
	Val acc at iteration 74: 0.9787234042553191
	Val acc at iteration 75: 0.9787234042553191
	Val acc at iteration 76: 0.9787234042553191
	Val acc at iteration 77: 0.9468085106382979
	Val acc at iteration 78: 0.9680851063829787
	Val acc at iteration 79: 0.925531914893617
Val acc before epoch 171: 0.9893617021276596
Joint optimizer lr: 4.923854510918059e-05
Joint optimizer lr: 0.0492385451091806
Val acc before epoch 172: 0.925531914893617
Joint optimizer lr: 4.431469059826253e-05
Joint optimizer lr: 0.04431469059826254
Val acc before epoch 173: 0.9787234042553191
Joint optimizer lr: 4.431469059826253e-05
Joint optimizer lr: 0.04431469059826254
Val acc before epoch 174: 0.9787234042553191
Joint optimizer lr: 3.988322153843628e-05
Joint optimizer lr: 0.039883221538436285
Val acc before epoch 175: 0.9680851063829787
Joint optimizer lr: 3.988322153843628e-05
Joint optimizer lr: 0.039883221538436285
Val acc before epoch 176: 0.9574468085106383
Joint optimizer lr: 3.589489938459265e-05
Joint optimizer lr: 0.03589489938459266
Val acc before epoch 177: 0.9680851063829787
Joint optimizer lr: 3.589489938459265e-05
Joint optimizer lr: 0.03589489938459266
Val acc before epoch 178: 0.9680851063829787
Joint optimizer lr: 3.230540944613339e-05
Joint optimizer lr: 0.032305409446133394
Val acc before epoch 179: 0.9787234042553191
Joint optimizer lr: 3.230540944613339e-05
Joint optimizer lr: 0.032305409446133394
Val acc before epoch 180: 0.9468085106382979
Joint optimizer lr: 2.907486850152005e-05
Joint optimizer lr: 0.029074868501520055
Val acc before epoch 181: 0.9680851063829787
Joint optimizer lr: 2.907486850152005e-05
Joint optimizer lr: 0.029074868501520055
Val acc before epoch 182: 0.9468085106382979
Joint optimizer lr: 2.6167381651368046e-05
Joint optimizer lr: 0.02616738165136805
Val acc before epoch 183: 0.9574468085106383
Joint optimizer lr: 2.6167381651368046e-05
Joint optimizer lr: 0.02616738165136805
Val acc before epoch 184: 0.9787234042553191
Joint optimizer lr: 2.3550643486231242e-05
Joint optimizer lr: 0.023550643486231246
Val acc before epoch 185: 0.9680851063829787
Joint optimizer lr: 2.3550643486231242e-05
Joint optimizer lr: 0.023550643486231246
Val acc before epoch 186: 0.9680851063829787
Joint optimizer lr: 2.119557913760812e-05
Joint optimizer lr: 0.021195579137608122
Val acc before epoch 187: 0.9680851063829787
Joint optimizer lr: 2.119557913760812e-05
Joint optimizer lr: 0.021195579137608122
Val acc before epoch 188: 0.9787234042553191
Joint optimizer lr: 1.9076021223847307e-05
Joint optimizer lr: 0.01907602122384731
Val acc before epoch 189: 0.9680851063829787
Joint optimizer lr: 1.9076021223847307e-05
Joint optimizer lr: 0.01907602122384731
Val acc before epoch 190: 0.9574468085106383
Joint optimizer lr: 1.7168419101462575e-05
Joint optimizer lr: 0.01716841910146258
Val acc before epoch 191: 0.9787234042553191
Joint optimizer lr: 1.7168419101462575e-05
Joint optimizer lr: 0.01716841910146258
Val acc before epoch 192: 0.9787234042553191
Joint optimizer lr: 1.545157719131632e-05
Joint optimizer lr: 0.015451577191316321
Val acc before epoch 193: 0.9574468085106383
Joint optimizer lr: 1.545157719131632e-05
Joint optimizer lr: 0.015451577191316321
Val acc before epoch 194: 0.9787234042553191
Joint optimizer lr: 1.3906419472184688e-05
Joint optimizer lr: 0.01390641947218469
Val acc before epoch 195: 0.9680851063829787
Joint optimizer lr: 1.3906419472184688e-05
Joint optimizer lr: 0.01390641947218469
Val acc before epoch 196: 0.9574468085106383
Joint optimizer lr: 1.251577752496622e-05
Joint optimizer lr: 0.012515777524966222
Val acc before epoch 197: 0.9468085106382979
Joint optimizer lr: 1.251577752496622e-05
Joint optimizer lr: 0.012515777524966222
Val acc before epoch 198: 0.9787234042553191
Joint optimizer lr: 1.1264199772469598e-05
Joint optimizer lr: 0.0112641997724696
Val acc before epoch 199: 0.9680851063829787
Joint optimizer lr: 1.1264199772469598e-05
Joint optimizer lr: 0.0112641997724696
Val acc before epoch 200: 0.9893617021276596
Joint optimizer lr: 1.0137779795222638e-05
Joint optimizer lr: 0.010137779795222639
Val acc before epoch 201: 0.9680851063829787
Joint optimizer lr: 1.0137779795222638e-05
Joint optimizer lr: 0.010137779795222639
Val acc before epoch 202: 0.9680851063829787
Joint optimizer lr: 9.124001815700374e-06
Joint optimizer lr: 0.009124001815700375
Val acc before epoch 203: 0.9680851063829787
Joint optimizer lr: 9.124001815700374e-06
Joint optimizer lr: 0.009124001815700375
Val acc before epoch 204: 0.9574468085106383
Joint optimizer lr: 8.211601634130337e-06
Joint optimizer lr: 0.008211601634130337
Val acc before epoch 205: 0.9574468085106383
Joint optimizer lr: 8.211601634130337e-06
Joint optimizer lr: 0.008211601634130337
Val acc before epoch 206: 0.9680851063829787
Joint optimizer lr: 7.390441470717303e-06
Joint optimizer lr: 0.007390441470717304
Val acc before epoch 207: 0.9680851063829787
Joint optimizer lr: 7.390441470717303e-06
Joint optimizer lr: 0.007390441470717304
Val acc before epoch 208: 0.9787234042553191
Joint optimizer lr: 6.651397323645573e-06
Joint optimizer lr: 0.006651397323645574
Val acc before epoch 209: 0.9787234042553191
Joint optimizer lr: 6.651397323645573e-06
Joint optimizer lr: 0.006651397323645574
Val acc before epoch 210: 0.9680851063829787
Joint optimizer lr: 5.986257591281016e-06
Joint optimizer lr: 0.005986257591281016
Val acc before epoch 211: 0.9680851063829787
Joint optimizer lr: 5.986257591281016e-06
Joint optimizer lr: 0.005986257591281016
Val acc before epoch 212: 0.9680851063829787
Joint optimizer lr: 5.387631832152914e-06
Joint optimizer lr: 0.005387631832152915
Val acc before epoch 213: 0.9574468085106383
Joint optimizer lr: 5.387631832152914e-06
Joint optimizer lr: 0.005387631832152915
Val acc before epoch 214: 0.9680851063829787
Joint optimizer lr: 4.848868648937623e-06
Joint optimizer lr: 0.004848868648937623
Val acc before epoch 215: 0.9574468085106383
Push epoch at epoch 216.
Final validation accuracy before push 5: 0.9574468085106383
Push number 5





After push, before retraining last layer:
	Train acc: 0.9727564102564102
	Train Cluster: 0.780103862285614
	Train Separation: 0.6711048722267151
(Directly after push 5) Val acc at iteration 0: 0.9680851063829787
Retraining last layer: 
Last layer lr: 0.0001
	Val acc at iteration 0: 0.9361702127659575
	Val acc at iteration 1: 0.9680851063829787
	Val acc at iteration 2: 0.9787234042553191
	Val acc at iteration 3: 0.9574468085106383
	Val acc at iteration 4: 0.9680851063829787
	Val acc at iteration 5: 0.9468085106382979
	Val acc at iteration 6: 0.9468085106382979
	Val acc at iteration 7: 0.9468085106382979
	Val acc at iteration 8: 0.9787234042553191
	Val acc at iteration 9: 0.9680851063829787
	Val acc at iteration 10: 0.925531914893617
	Val acc at iteration 11: 0.9574468085106383
	Val acc at iteration 12: 0.9680851063829787
	Val acc at iteration 13: 0.9468085106382979
	Val acc at iteration 14: 0.9680851063829787
	Val acc at iteration 15: 0.9680851063829787
	Val acc at iteration 16: 0.9574468085106383
	Val acc at iteration 17: 0.9893617021276596
	Val acc at iteration 18: 0.9787234042553191
	Val acc at iteration 19: 0.9468085106382979
	Val acc at iteration 20: 0.9574468085106383
	Val acc at iteration 21: 0.925531914893617
	Val acc at iteration 22: 0.9680851063829787
	Val acc at iteration 23: 0.9680851063829787
	Val acc at iteration 24: 0.9680851063829787
	Val acc at iteration 25: 0.9361702127659575
	Val acc at iteration 26: 0.9361702127659575
	Val acc at iteration 27: 0.9574468085106383
	Val acc at iteration 28: 0.9787234042553191
	Val acc at iteration 29: 0.9680851063829787
	Val acc at iteration 30: 0.9680851063829787
	Val acc at iteration 31: 0.9680851063829787
	Val acc at iteration 32: 0.9574468085106383
	Val acc at iteration 33: 0.9468085106382979
	Val acc at iteration 34: 0.9574468085106383
	Val acc at iteration 35: 0.9893617021276596
	Val acc at iteration 36: 0.9680851063829787
	Val acc at iteration 37: 0.9361702127659575
	Val acc at iteration 38: 0.9361702127659575
	Val acc at iteration 39: 0.9787234042553191
	Val acc at iteration 40: 0.9893617021276596
	Val acc at iteration 41: 0.9787234042553191
	Val acc at iteration 42: 0.9893617021276596
	Val acc at iteration 43: 0.9787234042553191
	Val acc at iteration 44: 0.9468085106382979
	Val acc at iteration 45: 0.9787234042553191
	Val acc at iteration 46: 0.9680851063829787
	Val acc at iteration 47: 0.9574468085106383
	Val acc at iteration 48: 0.9787234042553191
	Val acc at iteration 49: 0.9680851063829787
	Val acc at iteration 50: 0.9680851063829787
	Val acc at iteration 51: 0.9893617021276596
	Val acc at iteration 52: 0.9680851063829787
	Val acc at iteration 53: 0.9574468085106383
	Val acc at iteration 54: 0.9787234042553191
	Val acc at iteration 55: 0.9680851063829787
	Val acc at iteration 56: 0.9680851063829787
	Val acc at iteration 57: 0.9574468085106383
	Val acc at iteration 58: 0.9361702127659575
	Val acc at iteration 59: 0.9787234042553191
	Val acc at iteration 60: 0.925531914893617
	Val acc at iteration 61: 0.9361702127659575
	Val acc at iteration 62: 0.9787234042553191
	Val acc at iteration 63: 0.9787234042553191
	Val acc at iteration 64: 0.9893617021276596
	Val acc at iteration 65: 0.9574468085106383
	Val acc at iteration 66: 0.9787234042553191
	Val acc at iteration 67: 0.9680851063829787
	Val acc at iteration 68: 0.9680851063829787
	Val acc at iteration 69: 0.9787234042553191
	Val acc at iteration 70: 0.9574468085106383
	Val acc at iteration 71: 0.9468085106382979
	Val acc at iteration 72: 0.9574468085106383
	Val acc at iteration 73: 0.9680851063829787
	Val acc at iteration 74: 0.9787234042553191
	Val acc at iteration 75: 0.9787234042553191
	Val acc at iteration 76: 0.9680851063829787
	Val acc at iteration 77: 0.9361702127659575
	Val acc at iteration 78: 0.9468085106382979
	Val acc at iteration 79: 0.9574468085106383
Val acc before epoch 216: 0.9680851063829787
Joint optimizer lr: 4.848868648937623e-06
Joint optimizer lr: 0.004848868648937623
Val acc before epoch 217: 0.9361702127659575
Joint optimizer lr: 4.363981784043861e-06
Joint optimizer lr: 0.004363981784043861
Val acc before epoch 218: 0.9680851063829787
Joint optimizer lr: 4.363981784043861e-06
Joint optimizer lr: 0.004363981784043861
Val acc before epoch 219: 0.9574468085106383
Joint optimizer lr: 3.927583605639475e-06
Joint optimizer lr: 0.003927583605639475
Val acc before epoch 220: 0.9893617021276596
Joint optimizer lr: 3.927583605639475e-06
Joint optimizer lr: 0.003927583605639475
Val acc before epoch 221: 0.9787234042553191
Joint optimizer lr: 3.534825245075528e-06
Joint optimizer lr: 0.0035348252450755277
Val acc before epoch 222: 0.9574468085106383
Joint optimizer lr: 3.534825245075528e-06
Joint optimizer lr: 0.0035348252450755277
Val acc before epoch 223: 0.9680851063829787
Joint optimizer lr: 3.1813427205679753e-06
Joint optimizer lr: 0.003181342720567975
Val acc before epoch 224: 0.9787234042553191
Joint optimizer lr: 3.1813427205679753e-06
Joint optimizer lr: 0.003181342720567975
Val acc before epoch 225: 0.9787234042553191
Joint optimizer lr: 2.8632084485111777e-06
Joint optimizer lr: 0.0028632084485111773
Val acc before epoch 226: 0.9680851063829787
Joint optimizer lr: 2.8632084485111777e-06
Joint optimizer lr: 0.0028632084485111773
Val acc before epoch 227: 0.9574468085106383
Joint optimizer lr: 2.57688760366006e-06
Joint optimizer lr: 0.00257688760366006
Val acc before epoch 228: 0.9468085106382979
Joint optimizer lr: 2.57688760366006e-06
Joint optimizer lr: 0.00257688760366006
Val acc before epoch 229: 0.9574468085106383
Joint optimizer lr: 2.319198843294054e-06
Joint optimizer lr: 0.0023191988432940537
Val acc before epoch 230: 0.9468085106382979
Joint optimizer lr: 2.319198843294054e-06
Joint optimizer lr: 0.0023191988432940537
Val acc before epoch 231: 0.9574468085106383
Joint optimizer lr: 2.087278958964649e-06
Joint optimizer lr: 0.0020872789589646483
Val acc before epoch 232: 0.9787234042553191
Joint optimizer lr: 2.087278958964649e-06
Joint optimizer lr: 0.0020872789589646483
Val acc before epoch 233: 0.9680851063829787
Joint optimizer lr: 1.8785510630681842e-06
Joint optimizer lr: 0.0018785510630681835
Val acc before epoch 234: 0.9468085106382979
Joint optimizer lr: 1.8785510630681842e-06
Joint optimizer lr: 0.0018785510630681835
Val acc before epoch 235: 0.9787234042553191
Joint optimizer lr: 1.6906959567613658e-06
Joint optimizer lr: 0.001690695956761365
Val acc before epoch 236: 0.9680851063829787
Joint optimizer lr: 1.6906959567613658e-06
Joint optimizer lr: 0.001690695956761365
Val acc before epoch 237: 0.9361702127659575
Joint optimizer lr: 1.5216263610852293e-06
Joint optimizer lr: 0.0015216263610852287
Val acc before epoch 238: 0.9574468085106383
Joint optimizer lr: 1.5216263610852293e-06
Joint optimizer lr: 0.0015216263610852287
Val acc before epoch 239: 0.9574468085106383
Joint optimizer lr: 1.3694637249767064e-06
Joint optimizer lr: 0.0013694637249767059
Val acc before epoch 240: 0.9680851063829787
Joint optimizer lr: 1.3694637249767064e-06
Joint optimizer lr: 0.0013694637249767059
Val acc before epoch 241: 0.9680851063829787
Joint optimizer lr: 1.2325173524790358e-06
Joint optimizer lr: 0.0012325173524790354
Val acc before epoch 242: 0.9361702127659575
Joint optimizer lr: 1.2325173524790358e-06
Joint optimizer lr: 0.0012325173524790354
Val acc before epoch 243: 0.9574468085106383
Joint optimizer lr: 1.1092656172311322e-06
Joint optimizer lr: 0.0011092656172311318
Val acc before epoch 244: 0.9574468085106383
Joint optimizer lr: 1.1092656172311322e-06
Joint optimizer lr: 0.0011092656172311318
Val acc before epoch 245: 0.9787234042553191
Joint optimizer lr: 9.98339055508019e-07
Joint optimizer lr: 0.0009983390555080185
Val acc before epoch 246: 0.9574468085106383
Joint optimizer lr: 9.98339055508019e-07
Joint optimizer lr: 0.0009983390555080185
Val acc before epoch 247: 0.9680851063829787
Joint optimizer lr: 8.985051499572171e-07
Joint optimizer lr: 0.0008985051499572167
Val acc before epoch 248: 0.9574468085106383
Joint optimizer lr: 8.985051499572171e-07
Joint optimizer lr: 0.0008985051499572167
Val acc before epoch 249: 0.9680851063829787
Joint optimizer lr: 8.086546349614954e-07
Joint optimizer lr: 0.0008086546349614951
Val acc before epoch 250: 0.9574468085106383
Joint optimizer lr: 8.086546349614954e-07
Joint optimizer lr: 0.0008086546349614951
Val acc before epoch 251: 0.9680851063829787
Joint optimizer lr: 7.277891714653459e-07
Joint optimizer lr: 0.0007277891714653456
Val acc before epoch 252: 0.9574468085106383
Joint optimizer lr: 7.277891714653459e-07
Joint optimizer lr: 0.0007277891714653456
Val acc before epoch 253: 0.9787234042553191
Joint optimizer lr: 6.550102543188112e-07
Joint optimizer lr: 0.000655010254318811
Val acc before epoch 254: 0.9787234042553191
Joint optimizer lr: 6.550102543188112e-07
Joint optimizer lr: 0.000655010254318811
Val acc before epoch 255: 0.9680851063829787
Joint optimizer lr: 5.895092288869302e-07
Joint optimizer lr: 0.0005895092288869299
Val acc before epoch 256: 0.9680851063829787
Joint optimizer lr: 5.895092288869302e-07
Joint optimizer lr: 0.0005895092288869299
Val acc before epoch 257: 0.9893617021276596
Joint optimizer lr: 5.305583059982371e-07
Joint optimizer lr: 0.0005305583059982369
Val acc before epoch 258: 0.9574468085106383
Joint optimizer lr: 5.305583059982371e-07
Joint optimizer lr: 0.0005305583059982369
Val acc before epoch 259: 0.9680851063829787
Stopping after epoch 260.
Final validation accuracy before push 6: 0.9680851063829787





After push, before retraining last layer:
	Train acc: 0.9759615384615384
	Train Cluster: 0.785506546497345
	TrainSeparation: 0.667331314086914
(Directly after push 6) Val acc at iteration 0: 0.9468085106382979
Retraining last layer
Last layer lr: 0.0001
	Train acc at iteration 1: 0.9519230769230769
	Val acc at iteration 0: 0.9574468085106383
	Train acc at iteration 2: 0.9615384615384616
	Val acc at iteration 1: 0.9574468085106383
	Train acc at iteration 3: 0.9711538461538461
	Val acc at iteration 2: 0.9680851063829787
	Train acc at iteration 4: 0.9759615384615384
	Val acc at iteration 3: 0.9680851063829787
	Train acc at iteration 5: 0.969551282051282
	Val acc at iteration 4: 0.9574468085106383
	Train acc at iteration 6: 0.9727564102564102
	Val acc at iteration 5: 0.9680851063829787
	Train acc at iteration 7: 0.9567307692307693
	Val acc at iteration 6: 0.9361702127659575
	Train acc at iteration 8: 0.9663461538461539
	Val acc at iteration 7: 0.9468085106382979
	Train acc at iteration 9: 0.9631410256410257
	Val acc at iteration 8: 0.9574468085106383
	Train acc at iteration 10: 0.969551282051282
	Val acc at iteration 9: 0.9468085106382979
	Train acc at iteration 11: 0.9567307692307693
	Val acc at iteration 10: 0.9893617021276596
	Train acc at iteration 12: 0.9663461538461539
	Val acc at iteration 11: 0.9680851063829787
	Train acc at iteration 13: 0.969551282051282
	Val acc at iteration 12: 0.9468085106382979
	Train acc at iteration 14: 0.967948717948718
	Val acc at iteration 13: 0.9468085106382979
	Train acc at iteration 15: 0.967948717948718
	Val acc at iteration 14: 0.9787234042553191
	Train acc at iteration 16: 0.9711538461538461
	Val acc at iteration 15: 0.9574468085106383
	Train acc at iteration 17: 0.9775641025641025
	Val acc at iteration 16: 0.9361702127659575
	Train acc at iteration 18: 0.967948717948718
	Val acc at iteration 17: 0.9361702127659575
	Train acc at iteration 19: 0.967948717948718
	Val acc at iteration 18: 0.9574468085106383
	Train acc at iteration 20: 0.969551282051282
	Val acc at iteration 19: 0.9680851063829787
	Train acc at iteration 21: 0.9583333333333334
	Val acc at iteration 20: 0.9468085106382979
	Train acc at iteration 22: 0.9631410256410257
	Val acc at iteration 21: 0.9893617021276596
	Train acc at iteration 23: 0.9647435897435898
	Val acc at iteration 22: 0.9893617021276596
	Train acc at iteration 24: 0.9599358974358975
	Val acc at iteration 23: 0.9574468085106383
	Train acc at iteration 25: 0.9743589743589743
	Val acc at iteration 24: 0.9787234042553191
	Train acc at iteration 26: 0.9615384615384616
	Val acc at iteration 25: 0.9680851063829787
	Train acc at iteration 27: 0.9775641025641025
	Val acc at iteration 26: 0.9680851063829787
	Train acc at iteration 28: 0.969551282051282
	Val acc at iteration 27: 0.9468085106382979
	Train acc at iteration 29: 0.9743589743589743
	Val acc at iteration 28: 0.9574468085106383
	Train acc at iteration 30: 0.9759615384615384
	Val acc at iteration 29: 0.9574468085106383
	Train acc at iteration 31: 0.9599358974358975
	Val acc at iteration 30: 0.9893617021276596
	Train acc at iteration 32: 0.9647435897435898
	Val acc at iteration 31: 0.9680851063829787
	Train acc at iteration 33: 0.9663461538461539
	Val acc at iteration 32: 0.9468085106382979
	Train acc at iteration 34: 0.9551282051282052
	Val acc at iteration 33: 0.9787234042553191
	Train acc at iteration 35: 0.9583333333333334
	Val acc at iteration 34: 0.9361702127659575
	Train acc at iteration 36: 0.9551282051282052
	Val acc at iteration 35: 0.9680851063829787
	Train acc at iteration 37: 0.9759615384615384
	Val acc at iteration 36: 0.9787234042553191
	Train acc at iteration 38: 0.9727564102564102
	Val acc at iteration 37: 0.9468085106382979
	Train acc at iteration 39: 0.9711538461538461
	Val acc at iteration 38: 0.9787234042553191
	Train acc at iteration 40: 0.9663461538461539
	Val acc at iteration 39: 0.9574468085106383
	Train acc at iteration 41: 0.9743589743589743
	Val acc at iteration 40: 0.9893617021276596
	Train acc at iteration 42: 0.9759615384615384
	Val acc at iteration 41: 0.9574468085106383
	Train acc at iteration 43: 0.9599358974358975
	Val acc at iteration 42: 0.9361702127659575
	Train acc at iteration 44: 0.9647435897435898
	Val acc at iteration 43: 0.9574468085106383
	Train acc at iteration 45: 0.9663461538461539
	Val acc at iteration 44: 0.9680851063829787
	Train acc at iteration 46: 0.9727564102564102
	Val acc at iteration 45: 0.9787234042553191
	Train acc at iteration 47: 0.967948717948718
	Val acc at iteration 46: 0.9574468085106383
	Train acc at iteration 48: 0.969551282051282
	Val acc at iteration 47: 0.9361702127659575
	Train acc at iteration 49: 0.9759615384615384
	Val acc at iteration 48: 0.9893617021276596
	Train acc at iteration 50: 0.9711538461538461
	Val acc at iteration 49: 0.9468085106382979
	Train acc at iteration 51: 0.9599358974358975
	Val acc at iteration 50: 0.9680851063829787
	Train acc at iteration 52: 0.9615384615384616
	Val acc at iteration 51: 0.9574468085106383
	Train acc at iteration 53: 0.9663461538461539
	Val acc at iteration 52: 0.9893617021276596
	Train acc at iteration 54: 0.9599358974358975
	Val acc at iteration 53: 0.9361702127659575
	Train acc at iteration 55: 0.9615384615384616
	Val acc at iteration 54: 0.9680851063829787
	Train acc at iteration 56: 0.9599358974358975
	Val acc at iteration 55: 0.9468085106382979
	Train acc at iteration 57: 0.9791666666666666
	Val acc at iteration 56: 0.9574468085106383
	Train acc at iteration 58: 0.9615384615384616
	Val acc at iteration 57: 1.0
	Train acc at iteration 59: 0.9727564102564102
	Val acc at iteration 58: 0.9680851063829787
	Train acc at iteration 60: 0.9663461538461539
	Val acc at iteration 59: 0.9574468085106383
	Train acc at iteration 61: 0.9647435897435898
	Val acc at iteration 60: 0.9574468085106383
	Train acc at iteration 62: 0.9647435897435898
	Val acc at iteration 61: 0.9574468085106383
	Train acc at iteration 63: 0.967948717948718
	Val acc at iteration 62: 0.9787234042553191
	Train acc at iteration 64: 0.9711538461538461
	Val acc at iteration 63: 0.9574468085106383
	Train acc at iteration 65: 0.9615384615384616
	Val acc at iteration 64: 0.9787234042553191
	Train acc at iteration 66: 0.9647435897435898
	Val acc at iteration 65: 0.9787234042553191
	Train acc at iteration 67: 0.9535256410256411
	Val acc at iteration 66: 0.9361702127659575
	Train acc at iteration 68: 0.9711538461538461
	Val acc at iteration 67: 0.9468085106382979
	Train acc at iteration 69: 0.9711538461538461
	Val acc at iteration 68: 0.9361702127659575
	Train acc at iteration 70: 0.9647435897435898
	Val acc at iteration 69: 0.9787234042553191
	Train acc at iteration 71: 0.9711538461538461
	Val acc at iteration 70: 0.9574468085106383
	Train acc at iteration 72: 0.9647435897435898
	Val acc at iteration 71: 0.9680851063829787
	Train acc at iteration 73: 0.967948717948718
	Val acc at iteration 72: 0.9574468085106383
	Train acc at iteration 74: 0.967948717948718
	Val acc at iteration 73: 0.9574468085106383
	Train acc at iteration 75: 0.9663461538461539
	Val acc at iteration 74: 0.9893617021276596
	Train acc at iteration 76: 0.9727564102564102
	Val acc at iteration 75: 0.9468085106382979
	Train acc at iteration 77: 0.967948717948718
	Val acc at iteration 76: 0.9787234042553191
	Train acc at iteration 78: 0.969551282051282
	Val acc at iteration 77: 0.9468085106382979
	Train acc at iteration 79: 0.969551282051282
	Val acc at iteration 78: 0.9680851063829787
	Train acc at iteration 80: 0.9711538461538461
	Val acc at iteration 79: 0.9574468085106383
Finished search.
